frame,quat_w,quat_x,quat_y,quat_z,euler_x,euler_y,euler_z
13001,-0.6589391,0.2492962,-0.03901359,0.7086103,344.1422,24.881,262.32
13002,-0.6662172,0.2521214,-0.03564519,0.7009414,343.3835,24.73439,263.4222
13003,-0.6270903,0.2502072,-0.02525887,0.7372355,343.9449,24.6366,257.2408
13004,-0.6320847,0.25154,-0.02392375,0.7325463,343.5643,24.56731,257.977
13005,-0.6353219,0.2485869,-0.02413499,0.730745,343.7044,24.23397,258.4873
13006,-0.5920212,0.2482952,-0.01921332,0.7664798,344.6605,24.72585,251.9828
13007,-0.5918417,0.2469872,-0.01794779,0.7670716,344.6437,24.51765,251.9489
13008,-0.5909448,0.2466173,-0.01742941,0.7678936,344.6505,24.46413,251.8145
13009,-0.5856993,0.2454251,-0.01533499,0.7723262,344.7041,24.308,251.0373
13010,-0.5820785,0.2430682,-0.01546144,0.7757987,344.9905,24.14836,250.5332
13011,-0.5795642,0.2419091,-0.01602852,0.7780286,345.199,24.1144,250.1875
13012,-0.5719234,0.2405882,-0.01301369,0.7841247,345.239,23.92704,249.068
13013,-0.5398184,0.2389251,-0.009327054,0.8071084,345.9424,24.07702,244.5393
13014,-0.5262774,0.2327254,-0.00976041,0.8177873,346.7623,23.67722,242.739
13015,-0.5203096,0.2336291,-0.009684652,0.8213414,346.8671,23.85568,241.9217
13016,-0.5139581,0.2316776,-0.01061577,0.8258693,347.2551,23.79872,241.0937
13017,-0.5139914,0.2278969,-0.01132843,0.8268903,347.5528,23.44629,241.1371
13018,-0.510095,0.2290479,-0.0114879,0.8289803,347.6064,23.62899,240.6082
13019,-0.4946634,0.2216025,-0.009945869,0.8402985,348.3155,22.97648,238.5859
13020,-0.481588,0.2215719,-0.009094477,0.8478776,348.5805,23.09497,236.8519
13021,-0.4777984,0.2196254,-0.01203205,0.8504875,349.0818,23.08983,236.4173
13022,-0.4778051,0.2175542,-0.01531222,0.8509631,349.5233,23.04283,236.486
13023,-0.4772906,0.217075,-0.01555699,0.8513696,349.5879,23.0111,236.4263
13024,-0.451488,0.2142833,-0.0138077,0.8660548,350.2368,22.90895,233.0846
13025,-0.4461844,0.2100081,-0.01653534,0.8697947,350.872,22.64115,232.4825
13026,-0.443696,0.2093283,-0.01780903,0.8712051,351.0991,22.65478,232.1921
13027,-0.4418507,0.205925,-0.02669354,0.872726,352.2192,22.74189,232.138
13028,-0.4421466,0.206526,-0.02442521,0.8725005,351.9517,22.69259,232.1304
13029,-0.4241525,0.2055831,-0.02713166,0.8815295,352.729,22.86716,229.9171
13030,-0.4245893,0.2025699,-0.0328877,0.8818208,353.4531,22.81249,230.0986
13031,-0.412858,0.2011271,-0.04314896,0.8872623,354.8649,23.21082,228.8514
13032,-0.4118999,0.1995994,-0.04901461,0.8877479,355.5606,23.32548,228.8642
13033,-0.4113554,0.1975511,-0.05537055,0.8880848,356.3202,23.40682,228.944
13034,-0.408899,0.1977912,-0.0548362,0.8891982,356.3172,23.41678,228.6273
13035,-0.4065146,0.1943101,-0.05934611,0.8907681,357.0048,23.26349,228.4438
13036,-0.4069681,0.1932959,-0.06711076,0.8902303,357.8313,23.51976,228.6834
13037,-0.4021305,0.1917126,-0.07265942,0.8923329,358.5953,23.62197,228.2237
13038,-0.4070028,0.1862119,-0.0777249,0.8908607,359.2498,23.27097,228.9535
13039,-0.4059962,0.1860445,-0.07879101,0.8912612,359.3915,23.30518,228.8559
13040,-0.4178286,0.1819374,-0.08716783,0.8858442,0.1373347,23.27719,230.5322
13041,-0.416887,0.1787749,-0.09110948,0.8865349,0.7153912,23.13978,230.5163
13042,-0.4182071,0.1781889,-0.09814008,0.8852798,1.416675,23.43455,230.866
13043,-0.4311847,0.1760783,-0.1015436,0.8790706,1.529024,23.40825,232.5727
13044,-0.4327326,0.1760978,-0.101631,0.8782957,1.496593,23.41734,232.7687
13045,-0.4321604,0.1754716,-0.1064772,0.8781286,2.02512,23.60655,232.8303
13046,-0.439623,0.1749581,-0.1096264,0.8741302,2.167688,23.73761,233.8537
13047,-0.4403875,0.1740634,-0.1132792,0.8734578,2.555006,23.8441,234.053
13048,-0.4390374,0.1745388,-0.1174759,0.8734884,2.978974,24.11818,234.0071
13049,-0.4394752,0.1723613,-0.1174637,0.8737023,3.081685,23.89208,234.0572
13050,-0.4374948,0.1723113,-0.1172966,0.8747278,3.120415,23.87134,233.8036
13051,-0.4375899,0.1698249,-0.1209598,0.8746676,3.610415,23.81241,233.9184
13052,-0.4344012,0.1642433,-0.1226368,0.8770862,4.153625,23.30948,233.5535
13053,-0.4331481,0.162015,-0.1235161,0.8779964,4.389735,23.11952,233.416
13054,-0.4321209,0.1619378,-0.1259379,0.8781729,4.659673,23.23876,233.3593
13055,-0.4318418,0.1633956,-0.1278506,0.8777636,4.779597,23.49407,233.3869
13056,-0.4317141,0.1581579,-0.132861,0.8780417,5.552459,23.2226,233.5064
13057,-0.4315647,0.1544664,-0.1362415,0.8782542,6.083908,23.02411,233.5782
13058,-0.4342711,0.1506647,-0.1452969,0.8761266,7.107901,23.15507,234.1906
13059,-0.4302642,0.1477717,-0.1505094,0.8777148,7.876998,23.11793,233.8426
13060,-0.4302109,0.1476024,-0.1524109,0.8774413,8.074633,23.20794,233.8983
13061,-0.4280017,0.1462599,-0.1586273,0.8776447,8.814607,23.40358,233.8234
13062,-0.4345574,0.1478878,-0.1665771,0.8726634,9.334619,24.09769,234.9402
13063,-0.4471692,0.1368575,-0.1701763,0.8673811,9.951737,23.30103,236.6027
13064,-0.443116,0.1368782,-0.1776565,0.8679579,10.78306,23.71296,236.3613
13065,-0.4478772,0.1313835,-0.1820688,0.8654453,11.3881,23.47456,237.0977
13066,-0.447881,0.1322429,-0.1830155,0.8651127,11.43171,23.62179,237.1406
13067,-0.4441492,0.131934,-0.1873214,0.8661615,11.96443,23.81093,236.8269
13068,-0.4417505,0.1288261,-0.1935174,0.8664938,12.79981,23.84557,236.7397
13069,-0.44039,0.1273507,-0.1952586,0.8670137,13.08614,23.78353,236.6228
13070,-0.4462709,0.124163,-0.2060622,0.8619539,14.14706,24.2307,237.7968
13071,-0.4459912,0.1229066,-0.2031834,0.8629615,13.94842,23.91085,237.6287
13072,-0.4591923,0.1178823,-0.2070365,0.8557934,14.24682,23.8498,239.4569
13073,-0.4574984,0.1162413,-0.2109014,0.8559812,14.7555,23.91259,239.3878
13074,-0.4579703,0.111003,-0.2157708,0.8552104,15.50881,23.71184,239.6135
13075,-0.4642137,0.107307,-0.2222318,0.8506492,16.16807,23.88495,240.6856
13076,-0.4650159,0.1077302,-0.2219362,0.8502346,16.09335,23.92184,240.7817
13077,-0.4641398,0.1055961,-0.2281915,0.8493248,16.83369,24.1238,240.9335
13078,-0.46376,0.1039256,-0.2321809,0.8486568,17.31896,24.22689,241.0543
13079,-0.4663402,0.1010285,-0.2371628,0.8462115,17.88771,24.33687,241.6049
13080,-0.4789325,0.09737584,-0.241213,0.838426,18.13189,24.51548,243.4435
13081,-0.5117714,0.08463198,-0.2462001,0.8187265,18.4524,24.31458,248.0258
13082,-0.5119435,0.08557957,-0.2474268,0.8181504,18.49615,24.50656,248.1217
13083,-0.5264493,0.08257627,-0.2496483,0.8085222,18.46637,24.70218,250.2156
13084,-0.5330536,0.07912976,-0.2555038,0.8026894,19.01523,24.99136,251.4263
13085,-0.5318148,0.07739148,-0.2593672,0.8024414,19.50797,25.11521,251.4543
13086,-0.5320063,0.07774547,-0.2620906,0.8013949,19.71575,25.37892,251.6378
13087,-0.576747,0.06475198,-0.2575008,0.7725694,18.85555,24.80891,257.6682
13088,-0.5738693,0.06536084,-0.2618143,0.7732111,19.26017,25.17459,257.5044
13089,-0.6119417,0.06075764,-0.2585302,0.744982,18.10989,25.35002,262.906
13090,-0.6284447,0.04973856,-0.2599634,0.7314387,18.52864,24.91966,265.466
13091,-0.6346497,0.05157596,-0.262159,0.7251431,18.34513,25.42823,266.5581
13092,-0.641919,0.05078697,-0.2616896,0.7189431,18.12419,25.48944,267.6532
13093,-0.6654806,0.04172036,-0.2566168,0.6996734,17.67201,24.8179,271.0484
13094,-0.6798446,0.04273319,-0.2550091,0.6862622,16.97187,25.07755,273.2628
13095,-0.687431,0.03977892,-0.2516289,0.6801023,16.71291,24.68993,274.2967
13096,-0.7041811,0.03600705,-0.2467593,0.6647875,16.10354,24.30217,276.7858
13097,-0.731169,0.02752298,-0.242107,0.6371961,15.56261,23.82384,281.1596
13098,-0.742258,0.02409562,-0.2409928,0.6248161,15.38965,23.72161,283.071
13099,-0.7460378,0.023727,-0.234471,0.6228065,14.87183,23.11343,283.346
13100,-0.7544012,0.02354184,-0.2287992,0.6147972,14.22972,22.70602,284.5148
13101,-0.7610864,0.01916188,-0.2216431,0.6093069,13.94141,21.81918,285.3401
13102,-0.7764839,0.01421642,-0.2164843,0.5916126,13.53692,21.29079,287.9475
13103,-0.7934744,0.009411693,-0.2147298,0.5693865,13.27309,21.1696,291.1657
13104,-0.801537,0.003728181,-0.2070069,0.5609571,13.07741,20.18038,292.3643
13105,-0.8107638,0.001335651,-0.203667,0.5487989,12.79002,19.88648,294.0638
13106,-0.8107601,-0.002663553,-0.1934692,0.5524769,12.59708,18.5684,293.524
13107,-0.8327659,-0.009565681,-0.1913452,0.5194193,12.39844,18.42887,298.1131
13108,-0.8370554,-0.00651902,-0.1947433,0.5112445,12.12449,19.06511,299.2132
13109,-0.8508066,-0.01616156,-0.1834531,0.4921503,12.00949,17.63113,301.7746
13110,-0.8559121,-0.01877004,-0.1759345,0.485911,11.71876,16.79513,302.5677
13111,-0.870615,-0.02788125,-0.1722771,0.4599705,11.9485,16.28408,306.018
13112,-0.8758576,-0.030495,-0.1710422,0.4502091,11.97167,16.1534,307.2967
13113,-0.8810338,-0.03391403,-0.1670662,0.4412689,11.95838,15.68318,308.4445
13114,-0.8861059,-0.0372383,-0.1638086,0.4319683,11.97673,15.30018,309.6369
13115,-0.8853564,-0.03834158,-0.1663597,0.4324332,12.22615,15.51445,309.6073
13116,-0.9003475,-0.04705165,-0.1582474,0.4026395,12.2489,14.6445,313.3911
13117,-0.9037965,-0.05285932,-0.1603065,0.393268,12.80508,14.74533,314.6332
13118,-0.9139433,-0.05751808,-0.1557064,0.3703444,12.73643,14.36603,317.4945
13119,-0.9169745,-0.0601403,-0.1558377,0.3622921,12.89774,14.38824,318.5174
13120,-0.9204185,-0.06433101,-0.1523124,0.3542491,13.08145,13.94909,319.5059
13121,-0.92255,-0.06825116,-0.1514246,0.3483018,13.38028,13.78731,320.2577
13122,-0.926631,-0.07169662,-0.1487552,0.3377674,13.49508,13.51507,321.5516
13123,-0.9317592,-0.08123944,-0.1517558,0.3196797,14.3839,13.78796,323.8747
13124,-0.9352067,-0.08267464,-0.1496473,0.3100957,14.32641,13.64859,325.0344
13125,-0.9352044,-0.08602351,-0.1479493,0.3100061,14.63317,13.34883,325.0424
13126,-0.9409384,-0.09204142,-0.1480409,0.2902539,15.0196,13.48131,327.4981
13127,-0.9410226,-0.09660281,-0.1477489,0.2886434,15.49203,13.33733,327.7172
13128,-0.942,-0.100036,-0.1478273,0.2842112,15.81285,13.31835,328.2796
13129,-0.9457737,-0.104112,-0.1442904,0.2717593,15.9833,13.00553,329.7706
13130,-0.9480666,-0.1065503,-0.145511,0.2619991,16.15764,13.24565,330.992
13131,-0.9484681,-0.1092217,-0.1442028,0.2601625,16.39268,13.05553,331.2108
13132,-0.9527612,-0.118121,-0.1459699,0.2387186,17.14396,13.41866,333.8995
13133,-0.9551792,-0.1205434,-0.1429249,0.2295092,17.21069,13.17413,334.9806
13134,-0.9577406,-0.1253528,-0.1431158,0.2157258,17.56927,13.34529,336.684
13135,-0.963124,-0.1279128,-0.1412346,0.1899567,17.46052,13.54744,339.7754
13136,-0.9640449,-0.1307437,-0.1416145,0.1829453,17.69206,13.67345,340.6476
13137,-0.9655207,-0.1321914,-0.1421911,0.1734275,17.7333,13.89455,341.8121
13138,-0.9674045,-0.1378319,-0.144479,0.1557463,18.16066,14.41892,344.0248
13139,-0.9746288,-0.1444565,-0.1355534,0.1041942,18.04903,14.25528,350.0713
13140,-0.9748473,-0.1471812,-0.1364134,0.09696412,18.26502,14.4786,350.9791
13141,-0.975664,-0.1488226,-0.137748,0.08341032,18.2631,14.88654,352.6333
13142,-0.9780157,-0.1574045,-0.1326095,0.03352796,18.46833,15.20922,358.5601
13143,-0.9776634,-0.1592879,-0.1334464,0.03152575,18.65529,15.35509,358.843
13144,-0.9776099,-0.1656545,-0.1267148,-0.02794714,18.47001,15.72213,5.846979
13145,-0.9759518,-0.1704296,-0.1282452,-0.04500097,18.73067,16.29112,7.984656
13146,-0.9718603,-0.176942,-0.1238356,-0.09404273,18.70127,16.81328,13.84214
13147,-0.9705631,-0.1775468,-0.1211314,-0.1086821,18.56082,16.78266,15.54016
13148,-0.9687384,-0.1809081,-0.1208769,-0.1191933,18.76515,17.03111,16.86329
13149,-0.9633518,-0.1834775,-0.1179887,-0.1561028,18.46166,17.46085,21.26782
13150,-0.9494455,-0.1895423,-0.112069,-0.223758,18.04521,18.24175,29.44277
13151,-0.9479996,-0.1919814,-0.1102668,-0.2286506,18.2746,18.21759,30.0751
13152,-0.9467553,-0.1933749,-0.111211,-0.2321481,18.33199,18.44661,30.5564
13153,-0.9332111,-0.1959045,-0.1023225,-0.2833172,17.91833,18.50439,36.71821
13154,-0.9348842,-0.1960447,-0.1062199,-0.2761804,17.93189,18.818,35.91135
13155,-0.9262431,-0.1973629,-0.104827,-0.3035343,17.57625,19.23115,39.28904
13156,-0.919015,-0.1982968,-0.099657,-0.3258194,17.42968,19.1125,41.9985
13157,-0.9172438,-0.1975138,-0.09977251,-0.3312064,17.23227,19.18493,42.64196
13158,-0.9018273,-0.1980947,-0.09399083,-0.3723328,16.69654,19.32925,47.73111
13159,-0.8943014,-0.1970729,-0.09255159,-0.390924,16.26759,19.44787,50.02894
13160,-0.886274,-0.1916627,-0.08771184,-0.4124203,15.5086,18.99058,52.51849
13161,-0.8770034,-0.1888466,-0.08421949,-0.4337155,14.96231,18.81211,55.12111
13162,-0.8700616,-0.1907822,-0.08249757,-0.446978,14.96538,18.97374,56.89672
13163,-0.8654457,-0.1868703,-0.08340004,-0.4573049,14.31033,18.98772,58.10961
13164,-0.8616313,-0.1831264,-0.08115089,-0.4663378,13.87989,18.66202,59.13842
13165,-0.85584,-0.1788106,-0.07996988,-0.4787166,13.26768,18.45325,60.60583
13166,-0.84667,-0.17459,-0.07350668,-0.4972576,12.85806,17.80459,62.8746
13167,-0.832754,-0.1775076,-0.06961331,-0.5197751,12.90139,17.95386,65.98835
13168,-0.8267806,-0.1740973,-0.06943014,-0.5303807,12.37045,17.85451,67.31103
13169,-0.8226475,-0.1710877,-0.06690994,-0.5380551,12.0923,17.50997,68.24267
13170,-0.8231496,-0.1664609,-0.06094089,-0.539446,12.02249,16.63045,68.24066
13171,-0.8178054,-0.1619513,-0.0603376,-0.5489314,11.45784,16.38626,69.3961
13172,-0.8145841,-0.158537,-0.05897063,-0.5548347,11.11889,16.09316,70.09635
13173,-0.811805,-0.1587736,-0.05565146,-0.5591661,11.27682,15.8543,70.69287
13174,-0.8092787,-0.1567421,-0.05465567,-0.5634828,11.07542,15.67245,71.22623
13175,-0.8098066,-0.1547517,-0.05350396,-0.5633849,10.97329,15.41965,71.14294
13176,-0.8218725,-0.1477215,-0.05010089,-0.5478998,10.83118,14.39799,68.7508
13177,-0.8201133,-0.1456254,-0.04792461,-0.5512811,10.72054,14.08829,69.1466
13178,-0.8189211,-0.1464198,-0.04673946,-0.5529422,10.84332,14.05248,69.39545
13179,-0.8172747,-0.14494,-0.04449973,-0.5559445,10.803,13.77526,69.75912
13180,-0.8177229,-0.1446899,-0.04287386,-0.5554782,10.89452,13.59747,69.67917
13181,-0.8176132,-0.1395604,-0.03605071,-0.5574334,10.83732,12.61731,69.77251
13182,-0.8392336,-0.1347717,-0.04133096,-0.5251814,10.53274,12.38894,65.22198
13183,-0.8401759,-0.1322124,-0.04026106,-0.5244079,10.36608,12.10727,65.0442
13184,-0.8443648,-0.1337473,-0.04054642,-0.5172193,10.59819,12.14666,64.11029
13185,-0.8486158,-0.1305551,-0.04030979,-0.5110596,10.39194,11.84262,63.19574
13186,-0.8565272,-0.1267967,-0.03984591,-0.4986946,10.2223,11.41212,61.44248
13187,-0.8589591,-0.1228451,-0.03724718,-0.4956927,10.02695,10.87436,60.93404
13188,-0.8594527,-0.1208825,-0.03691673,-0.4953442,9.85833,10.71706,60.84082
13189,-0.860252,-0.1196333,-0.03424975,-0.4944506,9.901791,10.36465,60.67863
13190,-0.8605902,-0.11717,-0.03281415,-0.4945493,9.742138,10.07248,60.62936
13191,-0.8614991,-0.113185,-0.03245899,-0.493918,9.378363,9.788247,60.45818
13192,-0.8717943,-0.1065321,-0.03353721,-0.4769706,8.844636,9.324579,58.09008
13193,-0.8726333,-0.1064468,-0.03293502,-0.4754951,8.885311,9.243926,57.89141
13194,-0.8729702,-0.1046003,-0.03348252,-0.475248,8.673347,9.189895,57.82645
13195,-0.8731554,-0.1047485,-0.03358519,-0.4748681,8.686403,9.205064,57.77999
13196,-0.8665063,-0.1016119,-0.03123838,-0.4877152,8.373403,8.911174,59.39981
13197,-0.8647103,-0.1013835,-0.0337601,-0.4907727,8.175033,9.178971,59.81214
13198,-0.8648879,-0.09786166,-0.03419966,-0.4911442,7.798218,9.017467,59.79779
13199,-0.8600764,-0.09854729,-0.03195614,-0.4995357,7.908408,8.910904,60.91357
13200,-0.8529018,-0.09920596,-0.02792853,-0.5117977,8.084787,8.666624,62.54674
13201,-0.8487503,-0.093704,-0.02547285,-0.5198018,7.618759,8.158263,63.5134
13202,-0.8456261,-0.09678681,-0.03002113,-0.5240684,7.598166,8.833724,64.16407
13203,-0.841431,-0.09381583,-0.02752817,-0.5314459,7.389833,8.468484,65.1007
13204,-0.8362202,-0.09531923,-0.02815345,-0.5393122,7.414623,8.694304,66.20364
13205,-0.8308699,-0.09494953,-0.02781329,-0.5476006,7.314766,8.71037,67.33312
13206,-0.8282576,-0.09542453,-0.02723098,-0.551491,7.356164,8.720116,67.87656
13207,-0.823418,-0.09790607,-0.02639347,-0.5583017,7.571548,8.866447,68.86472
13208,-0.8199235,-0.09762953,-0.0292981,-0.5633256,7.301393,9.168053,69.56795
13209,-0.8189627,-0.09592402,-0.03084999,-0.5649312,7.022558,9.213399,69.76339
13210,-0.8186737,-0.09690928,-0.0313161,-0.565156,7.081277,9.325854,69.81536
13211,-0.7893384,-0.1107666,-0.02855098,-0.6032087,8.072168,10.39841,75.50951
13212,-0.7741909,-0.1083634,-0.02514821,-0.6230999,7.842375,10.11498,78.35214
13213,-0.7660837,-0.1149,-0.02181593,-0.6320112,8.538277,10.40844,79.82367
13214,-0.741681,-0.118926,-0.01528436,-0.6599488,8.988514,10.47904,84.15141
13215,-0.7332649,-0.1204117,-0.01171768,-0.6690938,9.259538,10.4089,85.60526
13215,-0.7349583,-0.1171266,-0.009619862,-0.6678512,9.167253,9.950286,85.32211
13216,-0.7308611,-0.1235971,-0.003497958,-0.6712329,10.13503,10.00587,86.01913
13217,-0.710061,-0.129824,-0.008236468,-0.6920198,9.960327,11.20424,89.50502
13218,-0.693868,-0.1366856,-0.006830573,-0.7069778,10.37124,11.89471,92.15573
13219,-0.6787348,-0.1391441,-0.004260272,-0.7210686,10.5294,12.12141,94.58559
13220,-0.6604489,-0.1455532,0.003092736,-0.7366221,11.3509,12.38894,97.47775
13221,-0.6489643,-0.1426913,0.008500934,-0.74727,11.41465,11.90589,99.249
13222,-0.6366354,-0.1440456,0.01628527,-0.7574174,12.00977,11.64742,101.133
13223,-0.6318872,-0.1501793,0.02024534,-0.760102,12.7425,11.99558,101.8695
13224,-0.6311255,-0.1525839,0.02222836,-0.7602006,13.08493,12.08526,101.9916
13225,-0.6385598,-0.1540054,0.02218264,-0.7536789,13.30416,12.08907,100.8687
13226,-0.6343706,-0.1545571,0.02367577,-0.7570505,13.41135,12.10448,101.5058
13227,-0.6336659,-0.1554186,0.03020239,-0.7572322,14.04639,11.72266,101.6027
13228,-0.6296763,-0.1563358,0.03098884,-0.7603333,14.12307,11.82377,102.2095
13229,-0.6243153,-0.1555322,0.03754446,-0.7646115,14.57316,11.37984,102.9956
13230,-0.625631,-0.1543816,0.04289871,-0.7634867,14.99157,10.86374,102.7686
13231,-0.6296299,-0.15354,0.04345092,-0.7603315,15.03571,10.66718,102.1555
13232,-0.6290168,-0.1535504,0.04798201,-0.7605643,15.4358,10.35161,102.2225
13233,-0.6382831,-0.1529554,0.05117086,-0.7527158,15.80069,9.870268,100.7789
13234,-0.6382561,-0.1537314,0.05322462,-0.7524381,16.04168,9.789303,100.7701
13235,-0.6394483,-0.1566871,0.05707249,-0.7505317,16.62198,9.746028,100.5655
13236,-0.6413953,-0.1555592,0.05967912,-0.7489004,16.79435,9.404921,100.2346
13237,-0.6405633,-0.1574171,0.06066301,-0.7491453,17.0114,9.519034,100.362
13238,-0.6459069,-0.1580952,0.0628022,-0.7442218,17.31993,9.294569,99.50952
13239,-0.6502364,-0.158587,0.06325656,-0.7402982,17.45133,9.20108,98.82664
13240,-0.6550364,-0.1574879,0.06431565,-0.7361987,17.5188,8.905586,98.05241
13241,-0.6580459,-0.1602948,0.06530389,-0.7328143,17.8589,9.005491,97.57198
13242,-0.6611359,-0.1608632,0.06610417,-0.7298307,18.0107,8.916389,97.07053
13243,-0.6620827,-0.1597618,0.06628561,-0.7291976,17.95209,8.780805,96.91321
13244,-0.6632121,-0.1616927,0.06744638,-0.7276375,18.21756,8.832179,96.72301
13245,-0.6630686,-0.1632037,0.07001221,-0.7271885,18.5574,8.768351,96.71658
13246,-0.6632749,-0.1636869,0.06940919,-0.7269496,18.5452,8.853065,96.69304
13247,-0.663054,-0.1631007,0.0706439,-0.7271637,18.60418,8.710011,96.70995
13248,-0.6616431,-0.16645,0.06983218,-0.7277682,18.77812,9.10774,96.95863
13249,-0.6622016,-0.1670371,0.07020515,-0.7270893,18.86354,9.115832,96.86561
13250,-0.6157142,-0.1565709,0.1000598,-0.7657479,20.24572,7.137297,103.6725
13251,-0.6150024,-0.1583679,0.0986252,-0.7661363,20.2376,7.431327,103.8178
13252,-0.6607877,-0.1653824,0.08322901,-0.7273797,19.85516,7.981448,96.89202
13253,-0.662102,-0.1632281,0.08326557,-0.7266667,19.70394,7.750562,96.67159
13254,-0.6627202,-0.1654086,0.08205181,-0.7257476,19.77559,8.022724,96.59879
13255,-0.6385914,-0.1612871,0.09580818,-0.7463299,20.4263,7.257299,100.2058
13256,-0.6383952,-0.1624873,0.0960021,-0.7462126,20.53247,7.357549,100.2395
13257,-0.6414963,-0.1662217,0.0948607,-0.742869,20.74438,7.69731,99.78714
13258,-0.6484115,-0.1689584,0.09131137,-0.7366668,20.71019,8.020878,98.75969
13259,-0.6497101,-0.1704029,0.0933758,-0.7349291,21.01879,7.951708,98.52119
13260,-0.6790441,-0.1720005,0.08307433,-0.7088116,20.57051,8.043885,93.91945
13261,-0.6803796,-0.1762515,0.08255905,-0.7065431,20.88533,8.414305,93.71494
13262,-0.6841841,-0.1772251,0.08380234,-0.7024675,21.11531,8.278493,93.05637
13263,-0.6847529,-0.1774921,0.08459577,-0.7017504,21.21119,8.217985,92.94607
13264,-0.6890476,-0.1772756,0.08378544,-0.6976869,21.17481,8.131868,92.23634
13265,-0.7028319,-0.1777005,0.08176646,-0.6839329,21.2005,7.899501,89.91908
13266,-0.7084379,-0.1816793,0.08014116,-0.6772635,21.46731,8.187879,88.9771
13267,-0.7237278,-0.1842165,0.07494083,-0.6608074,21.44993,8.339314,86.37813
13268,-0.7280957,-0.1867044,0.07320452,-0.6554841,21.58284,8.544713,85.62321
13269,-0.7288226,-0.1850241,0.07279608,-0.655198,21.4132,8.421457,85.50494
13270,-0.6990983,-0.1836587,0.08932331,-0.6852391,22.28455,7.876848,90.40658
13271,-0.6960015,-0.1853065,0.09220576,-0.6875622,22.6277,7.875195,90.87903
13272,-0.6973833,-0.1849139,0.09438547,-0.6859699,22.793,7.607304,90.59016
13273,-0.7000101,-0.1848582,0.09674826,-0.6829738,23.01414,7.306635,90.0779
13274,-0.7000872,-0.1856916,0.09781286,-0.6825169,23.1736,7.281627,90.03871
13275,-0.6999004,-0.1861524,0.09752798,-0.6826237,23.18655,7.351718,90.07825
13276,-0.6969787,-0.1898468,0.1021905,-0.6839124,23.8546,7.36429,90.47336
13277,-0.6637838,-0.1838791,0.1221368,-0.7146064,24.75074,6.36371,95.62085
13278,-0.6640199,-0.1832605,0.1259408,-0.7138853,25.03627,5.980445,95.47414
13279,-0.6561561,-0.1841097,0.1313181,-0.7199435,25.51152,5.899789,96.64468
13280,-0.6508166,-0.1862343,0.1336549,-0.7238032,25.84184,6.099137,97.47912
13281,-0.649615,-0.1874161,0.1356701,-0.7242026,26.10399,6.084796,97.62719
13282,-0.6487129,-0.1897188,0.1367415,-0.7242101,26.3725,6.23997,97.75843
13283,-0.6746361,-0.197026,0.1259549,-0.7001303,26.24505,6.783429,93.70789
13284,-0.6752272,-0.1992059,0.1266549,-0.6988161,26.48961,6.890365,93.59071
13285,-0.6773797,-0.1946326,0.1297094,-0.6974601,26.39868,6.137877,93.11442
13286,-0.6768604,-0.1990406,0.1300457,-0.6966572,26.78474,6.51443,93.20414
13287,-0.6774298,-0.2007445,0.1303242,-0.6955618,26.95417,6.615391,93.10031
13288,-0.6785741,-0.2018319,0.1317034,-0.6938699,27.17345,6.541517,92.85965
13289,-0.6810006,-0.206764,0.1323001,-0.6899158,27.65617,6.815002,92.42451
13290,-0.6821812,-0.2073775,0.1330931,-0.688411,27.78684,6.746791,92.19151
13291,-0.6838284,-0.2063215,0.133615,-0.6869915,27.75953,6.537025,91.88136
13292,-0.6841762,-0.2078366,0.1343348,-0.6860475,27.95084,6.588534,91.7979
13293,-0.6848385,-0.2079491,0.1356256,-0.6850979,28.07694,6.453376,91.63691
13294,-0.6873432,-0.2090944,0.1385239,-0.6816525,28.44334,6.178363,91.09093
13295,-0.6892945,-0.2109612,0.139677,-0.6788659,28.71628,6.144479,90.70082
13296,-0.6948162,-0.2108607,0.1376643,-0.6736593,28.58725,6.066164,89.77541
13297,-0.695244,-0.2143112,0.1369525,-0.6722727,28.825,6.404129,89.72269
13298,-0.6942412,-0.2186556,0.1363181,-0.6720389,29.13188,6.878544,89.92741
13299,-0.6783724,-0.2209082,0.1442519,-0.6857127,29.83783,7.101971,92.51108
13300,-0.6789954,-0.2217537,0.1453792,-0.6845843,30.01244,7.044389,92.36024
13301,-0.6765201,-0.2231249,0.1454129,-0.6865792,30.10405,7.280681,92.80601
13302,-0.6767905,-0.2225127,0.1461553,-0.6863537,30.12031,7.146716,92.72923
13303,-0.6769243,-0.2223888,0.1463045,-0.6862302,30.12431,7.115881,92.69952
13304,-0.676956,-0.2219595,0.1475438,-0.6860726,30.19636,6.964387,92.64748
13305,-0.6837742,-0.2273971,0.1448659,-0.678054,30.49282,7.351829,91.52507
13306,-0.6931146,-0.2304635,0.1410744,-0.668264,30.53238,7.502127,89.95879
13307,-0.7322119,-0.2260399,0.1274577,-0.6297035,29.4418,6.462944,83.0909
13308,-0.7503015,-0.2235066,0.1246926,-0.6095443,29.17023,5.6101,79.64161
13309,-0.7531697,-0.2255553,0.1248422,-0.6052064,29.39801,5.596241,79.03607
13310,-0.758039,-0.2280787,0.1236813,-0.5983812,29.59079,5.639063,78.06429
13311,-0.7638219,-0.226905,0.1216452,-0.5918555,29.38151,5.449938,76.97122
13312,-0.7665207,-0.2286461,0.1203867,-0.5879406,29.47767,5.557169,76.44122
13313,-0.7698917,-0.2285467,0.1191499,-0.5838121,29.40861,5.493166,75.78897
13314,-0.7795919,-0.2241894,0.1113831,-0.5740815,28.51823,5.468753,74.12572
13315,-0.7810541,-0.2259483,0.110186,-0.5716301,28.61535,5.634857,73.83675
13316,-0.7801055,-0.2261187,0.1115172,-0.5725992,28.7182,5.559356,73.98172
13317,-0.7827277,-0.2261889,0.1115534,-0.5689744,28.75275,5.416699,73.41708
13318,-0.7853594,-0.2251319,0.1097883,-0.5661033,28.54978,5.385869,72.94096
13319,-0.7844963,-0.2313578,0.1047907,-0.5657368,28.78777,6.378091,73.23272
13320,-0.7940498,-0.2300526,0.09941018,-0.5537857,28.38867,6.325457,71.38677
13321,-0.7995952,-0.2271156,0.09816134,-0.5472025,28.07515,5.957499,70.26231
13322,-0.7943751,-0.2276338,0.09995544,-0.5542202,28.19332,6.090687,71.33633
13323,-0.7910798,-0.2325114,0.09544891,-0.5576925,28.31588,7.068013,72.15095
13324,-0.7945907,-0.2344572,0.0946773,-0.551989,28.49725,7.083594,71.3751
13325,-0.7975446,-0.2302975,0.09220719,-0.5498943,27.9534,6.90519,70.89192
13326,-0.8003128,-0.2293422,0.09152594,-0.5463742,27.84659,6.762254,70.32101
13327,-0.7998562,-0.2284195,0.09144807,-0.5474414,27.74454,6.735496,70.44262
13328,-0.8022238,-0.2293679,0.08918899,-0.543942,27.71255,6.904592,69.98296
13329,-0.8037629,-0.2305857,0.08754781,-0.5414158,27.74077,7.070978,69.67663
13330,-0.8053901,-0.2276871,0.08609715,-0.540456,27.37532,6.948288,69.42124
13331,-0.806146,-0.226852,0.08413106,-0.5399896,27.16866,7.060252,69.33964
13332,-0.8063446,-0.2270579,0.08269644,-0.5398283,27.09438,7.213106,69.34288
13333,-0.808085,-0.2288644,0.08448395,-0.5361736,27.41808,7.04565,68.85022
13334,-0.8091466,-0.2252151,0.08623797,-0.5358389,27.18617,6.57147,68.61784
13335,-0.8109316,-0.2247104,0.08718351,-0.5331926,27.2208,6.341934,68.18732
13336,-0.8102064,-0.2247168,0.08553666,-0.5345575,27.10241,6.556399,68.41389
13337,-0.8122641,-0.2234973,0.08559579,-0.53193,27.00959,6.361562,67.96875
13338,-0.8125176,-0.2231024,0.08581793,-0.5316727,26.98796,6.299563,67.91076
13339,-0.8135806,-0.2234933,0.0821017,-0.5304685,26.79273,6.659562,67.79785
13340,-0.8129643,-0.2256511,0.08013996,-0.5307997,26.87009,7.034794,67.96502
13341,-0.8145962,-0.2256621,0.078949,-0.5284666,26.81368,7.072504,67.63454
13342,-0.8168221,-0.2266189,0.07526362,-0.5251485,26.69647,7.399829,67.23341
13343,-0.8198932,-0.2215993,0.07445517,-0.5226141,26.18035,7.010582,66.66036
13344,-0.8389871,-0.2209729,0.06338623,-0.493208,25.67792,7.113812,62.52253
13345,-0.8417393,-0.2174373,0.06485519,-0.4898877,25.44183,6.604257,61.89078
13346,-0.8438697,-0.2173582,0.06384185,-0.4863781,25.40073,6.591189,61.4024
13347,-0.8455451,-0.2176211,0.06333628,-0.4834079,25.42006,6.566961,60.99688
13348,-0.8463991,-0.2180957,0.06368193,-0.4816509,25.50163,6.507484,60.75895
13349,-0.8484749,-0.2143996,0.06164259,-0.4799204,25.02365,6.411416,60.41153
13350,-0.8496229,-0.2139538,0.06051722,-0.4782286,24.92566,6.445636,60.17386
13351,-0.8510771,-0.2125521,0.06094995,-0.4762086,24.82488,6.242696,59.83246
13352,-0.8518085,-0.2137661,0.05920437,-0.4745749,24.8579,6.45673,59.67214
13353,-0.8524293,-0.2137577,0.0586246,-0.4735347,24.83132,6.484713,59.53447
13354,-0.8536723,-0.2129978,0.05760843,-0.4717593,24.70934,6.485501,59.27412
13355,-0.8539062,-0.2125922,0.05738705,-0.471546,24.65724,6.475025,59.23352
13356,-0.8549063,-0.2113796,0.05671081,-0.4703593,24.50474,6.428848,59.03565
13357,-0.8556801,-0.2103567,0.05668917,-0.4694126,24.40709,6.334495,58.86827
13358,-0.8565567,-0.2089701,0.05638143,-0.4684693,24.25607,6.24674,58.69405
13359,-0.8566041,-0.2085019,0.05461115,-0.4688008,24.10503,6.411545,58.75218
13360,-0.8570675,-0.208113,0.05289736,-0.4683229,23.97135,6.551476,58.69886
13361,-0.8574522,-0.2080345,0.0527344,-0.4676716,23.95907,6.544177,58.60789
13362,-0.8574275,-0.2069034,0.05100116,-0.4684101,23.74008,6.673121,58.69942
13363,-0.8570942,-0.2062022,0.04961222,-0.4694773,23.58149,6.803367,58.8456
13364,-0.8567608,-0.2065224,0.04885364,-0.4700244,23.56601,6.91964,58.94403
13365,-0.8566505,-0.2056303,0.04806143,-0.4706979,23.42518,6.96294,59.01961
13366,-0.8561829,-0.2050821,0.04608709,-0.4719834,23.24602,7.169465,59.20931
13367,-0.856108,-0.204104,0.04531512,-0.4726177,23.0979,7.203201,59.2759
13368,-0.8561969,-0.2036608,0.0449113,-0.4726863,23.02952,7.217877,59.27642
13369,-0.8568074,-0.2019951,0.04489812,-0.4722958,22.86445,7.098442,59.16675
13370,-0.8563223,-0.20198,0.04451719,-0.4732172,22.83337,7.162838,59.29973
13371,-0.856115,-0.2012466,0.04417536,-0.4739362,22.73397,7.170053,59.38015
13372,-0.8559418,-0.2009281,0.0436832,-0.4744298,22.66948,7.213863,59.44514
13373,-0.8561301,-0.2000856,0.04339269,-0.4744725,22.56776,7.189658,59.42732
13374,-0.8563026,-0.1990723,0.04321215,-0.4746039,22.4545,7.145312,59.41475
13375,-0.8558093,-0.1981111,0.04168299,-0.4760305,22.25785,7.279503,59.60248
13376,-0.8568807,-0.1978505,0.04181314,-0.4741968,22.25464,7.199076,59.33794
13377,-0.8580313,-0.196505,0.04077467,-0.4727638,22.07182,7.18012,59.11047
13378,-0.8595717,-0.1944329,0.04057768,-0.4708353,21.86796,7.014471,58.78067
13379,-0.8595692,-0.193521,0.03935409,-0.4713193,21.70242,7.095339,58.83547
13380,-0.8602195,-0.191602,0.03863406,-0.4709763,21.47104,7.037249,58.73788
13381,-0.8604244,-0.1912965,0.03828284,-0.4707548,21.4221,7.048275,58.70266
13382,-0.86045,-0.1903417,0.03779098,-0.4711345,21.2949,7.047708,58.73191
13383,-0.8595585,-0.190322,0.03587937,-0.4729159,21.16909,7.290188,59.00189
13384,-0.8596466,-0.190874,0.03574833,-0.4725432,21.22022,7.329833,58.96961
13385,-0.860688,-0.1917644,0.03510538,-0.4703301,21.29198,7.396981,58.70185
13386,-0.8611002,-0.1913484,0.03437778,-0.4697986,21.21333,7.432019,58.6256
13387,-0.8608228,-0.1912325,0.03307173,-0.4704474,21.12178,7.576508,58.72854
13388,-0.8611259,-0.1897917,0.03124535,-0.4706008,20.87175,7.676847,58.72873
13389,-0.8612715,-0.1886918,0.02971312,-0.4708759,20.67166,7.771608,58.75224
13390,-0.8624408,-0.185261,0.02711812,-0.4702541,20.18534,7.805166,58.59507
13391,-0.8625247,-0.1849444,0.02523997,-0.4703294,20.04636,7.980785,58.6195
13392,-0.8634042,-0.1859782,0.02292413,-0.4684228,20.03689,8.240135,58.42047
13393,-0.8689731,-0.183414,0.01845753,-0.4592434,19.61612,8.325014,57.15364
13394,-0.8705022,-0.1830864,0.01770994,-0.4564995,19.56787,8.318779,56.78282
13395,-0.8718464,-0.1811393,0.01760128,-0.4547117,19.38161,8.169014,56.48591
13396,-0.8725642,-0.1800348,0.01555747,-0.4538472,19.16594,8.294605,56.3634
13397,-0.8752416,-0.1772844,0.01486444,-0.4497795,18.88713,8.108746,55.74744
13398,-0.8779573,-0.1800817,0.01410648,-0.4433538,19.19089,8.212699,54.97674
13399,-0.8959157,-0.1780698,0.000482589,-0.4069718,18.63051,8.745239,50.29726
13400,-0.9062282,-0.1719871,-0.004257202,-0.3862033,17.96469,8.497366,47.50965
13401,-0.9134229,-0.1738154,-0.009641498,-0.3679048,18.08572,8.804956,45.28081
13402,-0.9231085,-0.1691812,-0.01906514,-0.3447973,17.40944,9.157884,42.36814
13403,-0.9247966,-0.169282,-0.01884019,-0.3402058,17.47464,9.049454,41.78783
13404,-0.9269369,-0.1676735,-0.01963907,-0.3350942,17.31853,8.965896,41.11874
13405,-0.9347221,-0.168429,-0.03294051,-0.3111936,17.11957,10.02765,38.34103
13406,-0.939987,-0.1661344,-0.03389838,-0.2960995,16.99293,9.759533,36.43066
13407,-0.9486353,-0.1625513,-0.04901671,-0.2669561,16.39353,10.80137,32.99475
13408,-0.9524925,-0.1603568,-0.05565012,-0.2528774,16.10104,11.23031,31.33035
13409,-0.9572529,-0.1575268,-0.06864202,-0.2326815,15.64299,12.2746,29.01655
13410,-0.9612597,-0.1564885,-0.07687819,-0.2134973,15.54681,12.8718,26.80886
13411,-0.9663736,-0.1520491,-0.08152932,-0.1906728,15.23518,12.90943,24.05677
13412,-0.9783321,-0.13852,-0.08804315,-0.126202,14.40738,12.35468,16.26834
13413,-0.9798373,-0.1360903,-0.09299117,-0.1129207,14.2227,12.6915,14.73779
13414,-0.9820921,-0.1288939,-0.1003467,-0.09387413,13.55221,13.15799,12.4904
13415,-0.9836599,-0.1267095,-0.108235,-0.06814107,13.56378,13.69809,9.56214
13416,-0.9846589,-0.1224345,-0.1167573,-0.04271562,13.36406,14.30494,6.652534
13417,-0.9850551,-0.1167952,-0.1250845,-0.01947278,13.01628,14.92756,3.977475
13418,-0.9850492,-0.1153032,-0.1279701,-0.002641443,13.09008,15.03832,2.042497
13419,-0.9848334,-0.1168924,-0.1281287,0.004749369,13.38281,14.96766,1.21332
13420,-0.9841686,-0.1138267,-0.1338488,0.02324468,13.31308,15.38462,359.1002
13421,-0.9825867,-0.1147077,-0.1397335,0.04289876,13.73368,15.81613,356.9169
13422,-0.9817495,-0.1146547,-0.1425283,0.05203836,13.88408,16.0207,355.8949
13423,-0.9801359,-0.1159796,-0.1428832,0.07393762,14.38761,15.75075,353.3725
13424,-0.9795539,-0.1133718,-0.1447785,0.08161015,14.22547,15.87379,352.4683
13425,-0.977816,-0.1131701,-0.1483257,0.09522592,14.45195,16.0986,350.9299
13426,-0.9764947,-0.117808,-0.1485818,0.1024847,15.10166,15.99465,350.1511
13427,-0.9764011,-0.1209655,-0.1440626,0.106087,15.47322,15.38329,349.7005
13428,-0.9759745,-0.1258175,-0.1457251,0.1020198,15.98126,15.61545,350.2704
13429,-0.9759505,-0.1259551,-0.1461724,0.1014382,15.99222,15.67726,350.348
13430,-0.9756998,-0.1277436,-0.1460303,0.1018175,16.20147,15.64401,350.3254
13431,-0.9747598,-0.1332023,-0.147452,0.1017764,16.83968,15.78396,350.4294
13432,-0.9747626,-0.1347804,-0.146053,0.1016905,17.00541,15.60997,350.4364
13433,-0.9743652,-0.1385799,-0.145743,0.1008322,17.42434,15.56803,350.5836
13434,-0.9742355,-0.1410028,-0.1451581,0.09956223,17.67662,15.50864,350.7558
13435,-0.9760621,-0.1429572,-0.1423133,0.08132116,17.59077,15.48878,352.8856
13436,-0.9762612,-0.146078,-0.1429113,0.0717766,17.80244,15.72653,354.0684
13437,-0.976714,-0.1479755,-0.1439739,0.05834884,17.80996,16.09685,355.7009
13438,-0.9767708,-0.152396,-0.1412194,0.05245504,18.21159,15.87829,356.413
13439,-0.9768684,-0.1555467,-0.1391324,0.04664307,18.47413,15.74156,357.1085
13440,-0.9772952,-0.1564537,-0.1379927,0.03707677,18.42334,15.78697,358.2308
13441,-0.9778198,-0.1575482,-0.1358183,0.02450613,18.34658,15.76548,359.6904
13442,-0.978022,-0.1600996,-0.1329278,0.01309465,18.46004,15.64624,1.023879
13443,-0.9781871,-0.1612433,-0.1309565,-0.001111008,18.37054,15.6842,2.681835
13444,-0.9781415,-0.1623729,-0.1293124,-0.01235251,18.32778,15.70685,3.996413
13445,-0.9777535,-0.1636085,-0.1303599,-0.01538812,18.41669,15.90168,4.39744
13446,-0.9780582,-0.1619581,-0.1294783,-0.02017227,18.15479,15.86789,4.914207
13447,-0.9777855,-0.1633618,-0.1299858,-0.0187679,18.33586,15.91747,4.784371
13448,-0.9778866,-0.1626907,-0.1299612,-0.0194902,18.24737,15.92092,4.856631
13449,-0.9777809,-0.1639782,-0.1291879,-0.01913795,18.40457,15.83502,4.823977
13450,-0.9775054,-0.1648438,-0.1295732,-0.0228183,18.44282,15.95975,5.28194
13451,-0.9774244,-0.1648547,-0.1292174,-0.02770394,18.36723,16.00874,5.851767
13452,-0.9775078,-0.165795,-0.1266736,-0.03073175,18.44209,15.77126,6.177632
13453,-0.9775164,-0.164966,-0.1254716,-0.03879182,18.22682,15.76746,7.090062
13454,-0.9773874,-0.1636916,-0.1260867,-0.04495756,17.97748,15.93792,7.804309
13455,-0.9772269,-0.1634654,-0.1262094,-0.04876499,17.88914,16.01893,8.250943
13456,-0.9780339,-0.1589676,-0.1262829,-0.04724273,17.39872,15.93829,7.985096
13457,-0.9781021,-0.1583497,-0.126436,-0.0474948,17.32276,15.95262,8.005524
13458,-0.9783988,-0.1567499,-0.1263375,-0.04694965,17.14944,15.90978,7.908725
13459,-0.9786867,-0.1542733,-0.1272648,-0.04664768,16.86378,15.98216,7.841977
13460,-0.9791061,-0.1510839,-0.1282271,-0.04563881,16.50805,16.03798,7.679095
13461,-0.9793528,-0.1486964,-0.1289297,-0.04620194,16.22075,16.1,7.711213
13462,-0.9789952,-0.1486659,-0.1255529,-0.06085559,16.01,15.93672,9.369453
13463,-0.9789325,-0.147251,-0.1242887,-0.06753388,15.75415,15.87284,10.1028
13464,-0.9783052,-0.1474522,-0.1233821,-0.07716074,15.63249,15.92105,11.21879
13465,-0.9783757,-0.1419041,-0.1229328,-0.08678738,14.85259,15.92305,12.22708
13466,-0.9788427,-0.1385247,-0.1187418,-0.09261989,14.42971,15.45772,12.77927
13467,-0.9775306,-0.1392813,-0.1185124,-0.1048318,14.327,15.62118,14.21754
13468,-0.9774592,-0.1344253,-0.1184561,-0.1116773,13.6702,15.61804,14.91942
13469,-0.9775249,-0.1306355,-0.1175125,-0.1164925,13.18055,15.4988,15.39333
13470,-0.97737,-0.1280336,-0.1172993,-0.1208151,12.82238,15.47879,15.84325
13471,-0.9774402,-0.1220457,-0.1159681,-0.127542,12.06395,15.28726,16.49348
13472,-0.9764174,-0.1225854,-0.1131749,-0.1370166,12.02716,15.08896,17.57452
13473,-0.9754543,-0.1200962,-0.1105243,-0.1478192,11.63179,14.85615,18.75559
13474,-0.9750402,-0.1165105,-0.1105283,-0.1533157,11.14621,14.83851,19.32805
13475,-0.9756546,-0.1108419,-0.1122842,-0.1523307,10.49082,14.90215,19.1239
13476,-0.9749323,-0.1083918,-0.1101901,-0.1600515,10.14135,14.68549,19.95599
13477,-0.9739788,-0.1075783,-0.1059212,-0.1690363,10.00586,14.26741,20.9469
13478,-0.9726409,-0.1037564,-0.1042711,-0.1798112,9.458732,14.09083,22.11954
13479,-0.9718487,-0.1007243,-0.1055159,-0.1850173,9.017319,14.20519,22.68346
13480,-0.9711664,-0.09749085,-0.1049874,-0.1905499,8.589202,14.11143,23.26673
13481,-0.9707007,-0.0951557,-0.103536,-0.194849,8.301819,13.92244,23.7157
13482,-0.9696558,-0.09046469,-0.1038253,-0.2020011,7.671517,13.88925,24.47119
13483,-0.9658943,-0.0918361,-0.09923038,-0.2208343,7.676573,13.55352,26.67016
13484,-0.963095,-0.09098352,-0.09556639,-0.2346002,7.493385,13.22183,28.2498
13485,-0.960279,-0.09134826,-0.09656075,-0.2453483,7.357363,13.42583,29.53171
13486,-0.9575428,-0.08921961,-0.09782282,-0.2560905,6.935977,13.5771,30.7728
13487,-0.9561611,-0.08551174,-0.09624094,-0.2630236,6.482442,13.32655,31.51943
13488,-0.9550426,-0.08452034,-0.09399468,-0.26817,6.374575,13.07747,32.10022
13489,-0.9525305,-0.0835804,-0.0932568,-0.2774948,6.169445,13.02353,33.18908
13490,-0.9510406,-0.08066977,-0.09235954,-0.2836969,5.798844,12.86096,33.87397
13491,-0.9483745,-0.07867404,-0.0929822,-0.2928322,5.437999,12.91152,34.9343
13492,-0.9444109,-0.07005882,-0.09254873,-0.3075949,4.323837,12.62268,36.55934
13493,-0.9408385,-0.0740335,-0.09024978,-0.318115,4.697068,12.57129,37.88036
13494,-0.9402787,-0.07451288,-0.0913851,-0.3193317,4.689819,12.71965,38.03941
13494,-0.9409318,-0.06963034,-0.09090689,-0.3186457,4.192095,12.47579,37.87566
13495,-0.9383866,-0.06746903,-0.09059402,-0.3266059,3.867363,12.39116,38.80095
13496,-0.9376682,-0.06419525,-0.08982778,-0.3295276,3.507903,12.19041,39.10102
13497,-0.9355968,-0.06289797,-0.09026802,-0.3354911,3.274864,12.20779,39.80445
13498,-0.9328293,-0.06153524,-0.09121868,-0.343107,2.99267,12.28058,40.71041
13499,-0.9302947,-0.06194404,-0.09099677,-0.3499063,2.956154,12.29471,41.54345
13500,-0.9289379,-0.06205356,-0.08951119,-0.3538527,2.977296,12.15168,42.02284
13501,-0.9256343,-0.06081563,-0.09201846,-0.3619882,2.634635,12.39246,43.00409
13502,-0.9254341,-0.06147344,-0.09290606,-0.362162,2.664362,12.51633,43.0373
13503,-0.9250028,-0.06078959,-0.0913229,-0.3637782,2.637598,12.32178,43.22147
13504,-0.9239588,-0.06022032,-0.09030968,-0.3667668,2.581303,12.19695,43.57718
13505,-0.9220343,-0.06005538,-0.09133455,-0.3713548,2.459383,12.31155,44.14011
13506,-0.9205476,-0.05774972,-0.09173304,-0.3752897,2.147363,12.2621,44.59026
13507,-0.9214755,-0.05639671,-0.09134364,-0.3733079,2.048058,12.15652,44.3258
13508,-0.9294212,-0.05114202,-0.09452036,-0.3530254,1.623337,12.23327,41.77089
13509,-0.927633,-0.05211028,-0.09231597,-0.3581331,1.750981,12.04577,42.40511
13510,-0.9243639,-0.04748258,-0.09243193,-0.3670874,1.141474,11.87533,43.43719
13511,-0.9225276,-0.04608218,-0.09239522,-0.3718637,0.9343823,11.81627,44.00465
13512,-0.9208761,-0.04572186,-0.09249246,-0.3759548,0.8401212,11.8148,44.50317
13513,-0.9221365,-0.04138161,-0.09135342,-0.3736396,0.4613783,11.5025,44.16097
13514,-0.9216943,-0.03655063,-0.09109282,-0.3752943,359.9429,11.26541,44.30458
13515,-0.9197688,-0.03646487,-0.09178093,-0.3798316,359.8485,11.33448,44.86272
13516,-0.9184682,-0.03449887,-0.09095979,-0.3833437,359.6353,11.15951,45.27304
13517,-0.9175959,-0.02869195,-0.08864436,-0.3864415,359.0915,10.65403,45.59165
13518,-0.9151102,-0.02737494,-0.08841974,-0.3924361,358.8943,10.56481,46.32098
13519,-0.9120877,-0.02746709,-0.092208,-0.3985467,358.6595,10.9615,47.07827
13520,-0.9088281,-0.02952901,-0.09022164,-0.4062262,358.8754,10.8372,48.06051
13521,-0.9094545,-0.02591263,-0.09284511,-0.4044762,358.397,10.94772,47.80021
13522,-0.9095078,-0.02292234,-0.09154558,-0.4048328,358.1418,10.67161,47.81528
13523,-0.9083121,-0.01930586,-0.09398022,-0.4071416,357.6241,10.75487,48.06396
13524,-0.9082279,-0.01872198,-0.09408551,-0.4073326,357.5561,10.73832,48.08195
13525,-0.9092585,-0.01561412,-0.09548897,-0.4048299,357.196,10.7494,47.73635
13526,-0.9184278,-0.01107542,-0.09650365,-0.3834774,356.9235,10.72094,45.03591
13527,-0.9219075,-0.005549729,-0.09710529,-0.3750018,356.4111,10.57757,43.93743
13528,-0.923992,-0.002372801,-0.09718838,-0.3698483,356.1293,10.47301,43.27483
13529,-0.9217309,-0.002150193,-0.09972095,-0.3747844,355.941,10.71418,43.87346
13530,-0.9165403,-0.0007400513,-0.1011169,-0.3869484,355.5898,10.74745,45.36231
13531,-0.9168682,-0.001951993,-0.1017526,-0.3859994,355.7003,10.87257,45.25259
13532,-0.9171997,-0.002920985,-0.1020177,-0.3851343,355.8009,10.94701,45.15275
13533,-0.9153562,0.0001744628,-0.1020714,-0.3894928,355.4211,10.79673,45.6675
13534,-0.9144049,0.003374994,-0.1024009,-0.3916205,355.0448,10.67984,45.90543
13535,-0.9142828,0.003912047,-0.1025435,-0.3918632,354.9791,10.66999,45.93095
13536,-0.9141428,0.003909722,-0.1028849,-0.3921001,354.9612,10.70514,45.95915
13537,-0.9138966,0.004608676,-0.1034604,-0.3925149,354.8569,10.7332,46.0032
13538,-0.9140606,0.006525084,-0.1050188,-0.391691,354.5948,10.81918,45.87973
13539,-0.9176356,0.0105069,-0.1114369,-0.381335,354.0147,11.39552,44.53418
13540,-0.9188704,0.01325206,-0.1129074,-0.3778272,353.7036,11.45972,44.07119
13541,-0.919426,0.01282674,-0.1136706,-0.3762586,353.7351,11.57023,43.87655
13542,-0.9323555,0.02395995,-0.1128194,-0.3426533,352.9928,11.26898,39.66596
13543,-0.9336208,0.02364475,-0.1135738,-0.3389607,353.0418,11.39051,39.21313
13544,-0.934386,0.02597347,-0.1139403,-0.3365502,352.8059,11.36137,38.89978
13545,-0.9353728,0.0289669,-0.1155163,-0.3330089,352.4654,11.45061,38.43671
13546,-0.9352875,0.03017542,-0.1176781,-0.3323835,352.2603,11.6484,38.33783
13547,-0.9354684,0.03219569,-0.1195004,-0.3310318,351.9896,11.7859,38.1463
13548,-0.9390455,0.03543165,-0.1212347,-0.3197506,351.7164,11.9579,36.73896
13549,-0.9406106,0.04021569,-0.1234603,-0.3136752,351.193,12.09286,35.95036
13550,-0.9452274,0.04521924,-0.1198102,-0.3002432,350.9423,11.64571,34.31837
13551,-0.9473847,0.04862917,-0.1227548,-0.2915969,350.5765,11.9481,33.2275
13552,-0.9516013,0.04888261,-0.1253502,-0.27632,350.6592,12.38005,31.3685
13553,-0.9547621,0.05261336,-0.1244364,-0.2649092,350.4217,12.28086,29.98168
13554,-0.9555364,0.05420241,-0.126073,-0.2609949,350.2474,12.46009,29.48703
13555,-0.95638,0.05742545,-0.1267594,-0.2568496,349.9238,12.49164,28.96017
13556,-0.9572986,0.06029572,-0.1268553,-0.2526889,349.6563,12.46913,28.44008
13557,-0.9629858,0.07078242,-0.1297051,-0.2254439,348.7665,12.83531,25.08481
13558,-0.9652523,0.07053301,-0.1324584,-0.213934,348.8815,13.28805,23.69438
13559,-0.965968,0.07211597,-0.1319656,-0.2104532,348.763,13.23731,23.27365
13560,-0.9661972,0.07736018,-0.1322814,-0.2073166,348.2092,13.20066,22.85154
13561,-0.9684805,0.08178158,-0.1357343,-0.1921813,347.8437,13.69703,20.98207
13562,-0.9745463,0.09246757,-0.1346451,-0.1535585,347.1982,13.88673,16.34341
13563,-0.9752583,0.09341864,-0.1348433,-0.1481941,347.1629,13.96674,15.70149
13564,-0.9751706,0.09770421,-0.1366317,-0.1443194,346.7033,14.17243,15.17637
13565,-0.9755127,0.09958024,-0.1357502,-0.1415305,346.5434,14.08408,14.84025
13566,-0.9753618,0.1051469,-0.1363608,-0.1379107,345.9526,14.14084,14.34493
13567,-0.9757886,0.1080015,-0.1371789,-0.1317359,345.7049,14.29443,13.57569
13568,-0.9776812,0.1158852,-0.1423967,-0.102144,345.1857,15.2792,9.930749
13569,-0.9791989,0.1215878,-0.1378003,-0.08600701,344.8219,14.94853,8.036452
13570,-0.9795569,0.1266518,-0.1387493,-0.07194777,344.4493,15.26223,6.305433
13571,-0.9799153,0.1355146,-0.1378688,-0.0489299,343.7949,15.51966,3.494311
13572,-0.9794761,0.1393215,-0.1387691,-0.04426642,343.4286,15.70908,2.873497
13573,-0.9795821,0.1467632,-0.1367017,-0.0138679,343.0627,16.0043,359.224
13574,-0.979087,0.150484,-0.1365562,0.009781234,343.0221,16.41925,356.3881
13575,-0.9786205,0.1541962,-0.1345637,0.0204516,342.7648,16.40109,355.1033
13576,-0.977109,0.1591119,-0.1365032,0.03617286,342.4785,16.96615,353.1263
13577,-0.9751741,0.1637246,-0.1354977,0.0622094,342.3945,17.37505,349.9888
13578,-0.9729549,0.170422,-0.1340891,0.07959465,341.9239,17.63846,347.819
13579,-0.9705636,0.1730768,-0.1306256,0.1048224,342.0264,17.74109,344.8439
13580,-0.96797,0.1783306,-0.1333691,0.1159536,341.681,18.39353,343.3473
13581,-0.965157,0.1835011,-0.1287277,0.135014,341.3701,18.33156,341.0413
13582,-0.961509,0.1871556,-0.1241522,0.1583019,341.301,18.33711,338.2571
13583,-0.9558965,0.1918499,-0.1202106,0.1870966,341.2285,18.5753,334.7543
13584,-0.9549191,0.1936611,-0.1217167,0.1892353,341.1074,18.85437,334.4172
13585,-0.953214,0.1944663,-0.1206369,0.1975164,341.1507,18.91663,333.4187
13586,-0.9478101,0.1979094,-0.1225622,0.2178683,341.2308,19.66133,330.8283
13587,-0.9456176,0.2022811,-0.1202178,0.2245837,340.8184,19.68954,329.9205
13588,-0.9410169,0.201963,-0.1160741,0.2454082,341.1477,19.60809,327.4802
13589,-0.9383054,0.2046697,-0.1160303,0.2534373,341.0179,19.87524,326.4145
13590,-0.9382123,0.2051418,-0.1074865,0.2571406,340.7522,18.98853,326.0973
13591,-0.9360348,0.2061629,-0.1083263,0.2638208,340.8044,19.26375,325.2315
13592,-0.9324418,0.2054783,-0.1047494,0.278134,341.039,19.11175,323.5612
13593,-0.9310074,0.207194,-0.103837,0.2819822,340.8988,19.16379,323.0453
13594,-0.9301732,0.2078014,-0.1034701,0.2844125,340.8692,19.19927,322.7315
13595,-0.9258322,0.2082443,-0.1006498,0.2988961,341.0083,19.19303,320.9758
13596,-0.9241756,0.2092329,-0.09896004,0.3038555,340.9377,19.15078,320.3549
13597,-0.9202428,0.2071929,-0.0975298,0.3173522,341.3714,19.15976,318.7745
13598,-0.9185408,0.2070386,-0.0934937,0.3235381,341.3462,18.82483,318.0732
13599,-0.917246,0.2055433,-0.09289318,0.3283029,341.5744,18.77627,317.5409
13600,-0.9152732,0.2056888,-0.0904156,0.3343535,341.5751,18.62845,316.8176
13601,-0.9145828,0.2076861,-0.08912516,0.3353528,341.3301,18.6093,316.6413
13602,-0.9133679,0.2070169,-0.08806485,0.3393347,341.4339,18.53671,316.182
13603,-0.9115852,0.2063112,-0.08370176,0.3456042,341.4408,18.14367,315.4853
13604,-0.9117764,0.2049291,-0.08566675,0.3454406,341.6685,18.28355,315.5254
13605,-0.9120301,0.2067003,-0.08428681,0.3440521,341.3954,18.19761,315.6579
13606,-0.9052162,0.2089675,-0.08426914,0.3602985,341.4823,18.6446,313.5266
13607,-0.8957902,0.2092033,-0.07583144,0.3847644,341.5516,18.23575,310.5245
13608,-0.8921647,0.208499,-0.07162476,0.3942591,341.6058,17.93518,309.3903
13609,-0.8886285,0.2112372,-0.06914428,0.4011702,341.3404,17.9744,308.4297
13610,-0.885956,0.2128026,-0.06881046,0.4062786,341.2672,18.13956,307.7132
13611,-0.8831421,0.215355,-0.06799474,0.411168,341.0669,18.31195,306.9902
13612,-0.8835272,0.2171962,-0.07029927,0.4089788,340.9559,18.62417,307.1708
13613,-0.8834648,0.2232608,-0.07182544,0.4055689,340.3529,19.08957,307.3481
13614,-0.8830699,0.2255702,-0.07325256,0.4048951,340.1798,19.37122,307.3203
13615,-0.8831312,0.2293476,-0.0738878,0.4025168,339.7812,19.62312,307.4623
13616,-0.8823571,0.2323658,-0.07315549,0.4026171,339.4422,19.73762,307.3318
13617,-0.8693805,0.238754,-0.07165796,0.4266609,339.2685,20.55224,303.9209
13618,-0.8666182,0.2429945,-0.07120588,0.4299496,338.9037,20.86971,303.2977
13619,-0.8589906,0.2482835,-0.0677405,0.442608,338.4951,21.18091,301.412
13620,-0.8584613,0.2537721,-0.07375142,0.4395508,338.2306,22.12154,301.4677
13621,-0.8459055,0.2606103,-0.0693365,0.4601289,337.8461,22.681,298.4152
13622,-0.8446842,0.2611408,-0.06878924,0.4621496,337.8161,22.71627,298.1211
13623,-0.8433407,0.2654584,-0.06729487,0.4623634,337.3243,22.89569,297.882
13624,-0.8425473,0.2681597,-0.06827241,0.4621077,337.1216,23.19535,297.7576
13625,-0.841906,0.2705791,-0.06813839,0.461886,336.8799,23.36166,297.657
13626,-0.8412426,0.2744052,-0.06743169,0.4609403,336.4519,23.55988,297.5828
13627,-0.840148,0.2752225,-0.0682137,0.4623321,336.4605,23.74148,297.3366
13628,-0.8317075,0.2793067,-0.06940451,0.4747985,336.5033,24.52535,295.382
13629,-0.818917,0.2758887,-0.05263495,0.50049,336.4735,23.27961,292.2242
13630,-0.8180627,0.2769752,-0.05194637,0.5013581,336.3544,23.32597,292.0468
13631,-0.8155193,0.2777666,-0.05195656,0.5050491,336.3864,23.49685,291.4818
13632,-0.8152665,0.2784415,-0.05098265,0.5051848,336.2657,23.4614,291.4337
13633,-0.8146281,0.2781267,-0.05070794,0.5064144,336.3104,23.44284,291.2824
13634,-0.8142809,0.2773517,-0.05061564,0.5074062,336.4019,23.39685,291.1897
13635,-0.8139184,0.2790251,-0.04943153,0.5071868,336.1674,23.41494,291.1345
13636,-0.812408,0.2782661,-0.04487771,0.5104384,336.0263,22.99794,290.7711
13637,-0.8118578,0.2780815,-0.04511937,0.5113922,336.0852,23.03349,290.6443
13638,-0.8097199,0.2770243,-0.0454084,0.5153149,336.3077,23.08476,290.1481
13639,-0.7987221,0.2769207,-0.03978261,0.5327057,336.423,23.03196,287.7279
13640,-0.7945096,0.2752374,-0.03761348,0.5399852,336.6257,22.8883,286.8006
13641,-0.7912104,0.274244,-0.03270301,0.5456254,336.5292,22.49983,286.0867
13642,-0.7879887,0.2716915,-0.03024852,0.5516726,336.7462,22.21978,285.3805
13643,-0.7816055,0.2745017,-0.0291793,0.559366,336.6429,22.59353,284.0914
13644,-0.7538544,0.269326,-0.01845562,0.5990214,337.4211,22.30793,278.5498
13645,-0.744582,0.2686641,-0.01440424,0.6109091,337.5123,22.2401,276.7887
13646,-0.7408293,0.2671201,-0.01089022,0.6161984,337.5201,21.94596,276.0815
13647,-0.7378165,0.2654016,-0.007613182,0.6205894,337.5309,21.63111,275.5182
13648,-0.7369534,0.265696,-0.007868767,0.6214851,337.5529,21.70787,275.3593
13649,-0.71908,0.2606416,-0.005951405,0.6441698,338.4584,21.72874,272.1085
13650,-0.7159319,0.2597721,-0.004455209,0.648028,338.5195,21.6333,271.5491
13651,-0.7093761,0.2583117,-7.802248E-05,0.6557902,338.5076,21.36044,270.3959
13652,-0.699365,0.2548715,-0.0007945001,0.667779,339.1799,21.43004,268.665
13653,-0.6795234,0.2482354,0.00730291,0.6903434,339.6688,20.78866,265.3272
13654,-0.6757176,0.251275,0.004789203,0.6929964,339.7437,21.36606,264.6934
13655,-0.6542914,0.2476134,0.01486975,0.7144015,339.8018,20.86945,261.2133
13656,-0.6493548,0.2459053,0.01330081,0.7195083,340.2145,20.95928,260.4371
13657,-0.6462108,0.2446775,0.01322931,0.7227515,340.4062,20.93278,259.9456
13658,-0.6450564,0.2433695,0.01037103,0.7242695,340.7921,21.0476,259.7776
13659,-0.6433968,0.2430955,0.008334935,0.725862,341.0396,21.21157,259.525
13660,-0.6401696,0.2414322,0.008150756,0.7292647,341.2764,21.14898,259.0295
13661,-0.637778,0.2418071,0.007052839,0.7312448,341.4125,21.32211,258.6597
13662,-0.6293137,0.2395417,0.004942626,0.7392968,342.013,21.45953,257.3754
13663,-0.6260692,0.2400128,0.002911419,0.7419049,342.2509,21.72206,256.8879
13664,-0.6188258,0.2376228,0.003953159,0.7487153,342.5416,21.58476,255.7956
13665,-0.6145661,0.2362377,0.002460957,0.7526582,342.8981,21.64774,255.1718
13666,-0.6115711,0.2362562,0.0002584755,0.7550919,343.1801,21.86408,254.7386
13667,-0.6148094,0.2347747,0.001342624,0.7529202,343.0998,21.57784,255.2247
13668,-0.6072905,0.2347792,-0.003459424,0.7589896,343.7453,22.06176,254.1394
13669,-0.6072024,0.2328286,-0.006512076,0.7596406,344.1658,22.08019,254.1643
13670,-0.6071458,0.2315776,-0.008832216,0.7600448,344.468,22.11659,254.1842
13671,-0.5890518,0.2312687,-0.008069813,0.7742531,344.9322,22.37814,251.5306
13672,-0.5803039,0.2307661,-0.008667439,0.7809733,345.2684,22.52566,250.2792
13673,-0.5726211,0.2303249,-0.01111487,0.7867224,345.742,22.7714,249.213
13674,-0.5809776,0.2289576,-0.02194542,0.7807444,346.5986,23.18714,250.5469
13675,-0.5847584,0.2326798,-0.02244291,0.7767974,346.2754,23.52404,251.0726
13676,-0.5918596,0.2340362,-0.02719465,0.7708372,346.402,23.84928,252.1505
13677,-0.595698,0.233283,-0.03099746,0.7679598,346.6839,23.96345,252.7625
13678,-0.5973268,0.2350188,-0.03728917,0.7658829,347.0766,24.52276,253.0827
13679,-0.5930386,0.2331908,-0.0426622,0.7694851,347.8234,24.76508,252.5596
13680,-0.5825006,0.2292415,-0.04105937,0.7787526,348.2807,24.4248,251.0475
13681,-0.5806783,0.2291515,-0.04124433,0.7801291,348.3593,24.45314,250.7925
13682,-0.5802159,0.2280566,-0.0433614,0.7806791,348.6418,24.48871,250.7682
13683,-0.5812565,0.2273948,-0.04767719,0.7798457,349.0479,24.68939,250.994
13684,-0.5808995,0.2267585,-0.05000073,0.7801515,349.3137,24.78234,250.9883
13685,-0.580586,0.2231036,-0.05344576,0.7812096,349.8889,24.65284,251.0237
13686,-0.5805596,0.2222838,-0.05159146,0.7815875,349.7787,24.45269,250.9891
13687,-0.5801845,0.2212918,-0.05322906,0.7820377,350.0071,24.46677,250.9707
13688,-0.5800963,0.2191026,-0.05519098,0.7825833,350.339,24.38202,251.0041
13689,-0.5796775,0.2172913,-0.05684897,0.7832797,350.627,24.31832,250.9838
13690,-0.5812346,0.2165831,-0.06204984,0.7819259,351.0986,24.57243,251.3073
13691,-0.5819426,0.2150342,-0.06319624,0.7817349,351.2879,24.49007,251.4355
13692,-0.5817677,0.2144688,-0.06457052,0.7819082,351.4562,24.52729,251.4407
13693,-0.5823199,0.2120243,-0.06789625,0.781882,351.9083,24.5042,251.5951
13694,-0.5817556,0.2108599,-0.06859559,0.7825555,352.0691,24.44306,251.5341
13695,-0.5814488,0.2091193,-0.07148001,0.7829925,352.4583,24.46796,251.5575
13696,-0.5811521,0.2072334,-0.07317469,0.7835574,352.7502,24.4005,251.558
13697,-0.5791529,0.2061182,-0.07339543,0.7853092,352.9075,24.32419,251.2859
13698,-0.5770134,0.2057152,-0.07542697,0.7867959,353.1824,24.43632,251.0325
13699,-0.5768625,0.2049136,-0.07684271,0.7869787,353.3694,24.45316,251.0452
13700,-0.5754495,0.2025257,-0.08114402,0.7881986,353.963,24.51621,250.9522
13701,-0.5747901,0.2005907,-0.08221203,0.7890635,354.2116,24.40435,250.8899
13702,-0.5742822,0.1995498,-0.08288668,0.7896264,354.3589,24.35173,250.8374
13703,-0.570564,0.1995741,-0.08488165,0.7920998,354.6483,24.50888,250.3686
13704,-0.5694381,0.1997008,-0.0860057,0.7927566,354.7747,24.60172,250.2393
13705,-0.5692326,0.1986889,-0.08858591,0.7928742,355.0822,24.67429,250.2756
13706,-0.5647936,0.1955411,-0.09130092,0.796515,355.6737,24.57096,249.7369
13707,-0.5645856,0.1959334,-0.09322396,0.7963434,355.8271,24.73586,249.7558
13708,-0.5638399,0.1946416,-0.0944564,0.797043,356.0479,24.69484,249.6869
13709,-0.5636715,0.1944579,-0.09523816,0.7971138,356.1359,24.72902,249.684
13710,-0.5635326,0.1932803,-0.09743848,0.7972324,356.418,24.75988,249.7235
13711,-0.5627043,0.1909193,-0.1011484,0.7979241,356.9364,24.77843,249.7106
13712,-0.5621173,0.19015,-0.102094,0.798401,357.091,24.76827,249.6564
13713,-0.5625601,0.189939,-0.1018735,0.7981674,357.0721,24.73187,249.7114
13714,-0.562517,0.1897558,-0.1024636,0.7981659,357.1389,24.75318,249.7215
13715,-0.562634,0.1889093,-0.1061596,0.7978011,357.5249,24.91511,249.8385
13716,-0.5624675,0.1878355,-0.1056894,0.7982345,357.56,24.78075,249.804
13717,-0.5620016,0.1870213,-0.1067797,0.7986085,357.7269,24.7755,249.7708
13718,-0.5630023,0.1848347,-0.1075903,0.7983038,357.9171,24.61576,249.9322
13719,-0.5625105,0.1841489,-0.1078254,0.7987772,357.9991,24.56638,249.8719
13720,-0.5829094,0.1819984,-0.1127981,0.7838176,357.9741,24.64973,252.8322
13721,-0.5817694,0.1775407,-0.1124371,0.7857364,358.2875,24.20536,252.6662
13722,-0.5814734,0.1753117,-0.110433,0.7867396,358.2743,23.85732,252.5711
13723,-0.5808877,0.1744797,-0.1100953,0.7874043,358.3194,23.75655,252.4807
13724,-0.5802257,0.1725821,-0.1082661,0.7885634,358.3082,23.45288,252.3401
13725,-0.5792401,0.1706172,-0.1096442,0.7895244,358.5948,23.36285,252.2412
13726,-0.5789278,0.1683121,-0.1085362,0.7904011,358.6645,23.06927,252.1691
13727,-0.5783489,0.1666759,-0.1101421,0.7909492,358.9365,23.02501,252.1326
13728,-0.5770417,0.1638688,-0.1131476,0.7920654,359.4341,22.96635,252.0338
13729,-0.57705,0.1644839,-0.1135185,0.7918788,359.4244,23.04999,252.045
13730,-0.5774927,0.1648689,-0.114861,0.7912821,359.5046,23.17826,252.1438
13731,-0.5759189,0.1647801,-0.1190864,0.7918229,359.9307,23.46081,252.0449
13732,-0.5759606,0.164059,-0.1201444,0.7917824,0.07296351,23.4654,252.0811
13733,-0.5762074,0.1642431,-0.1233229,0.7910757,0.3345727,23.70224,252.2083
13734,-0.5764834,0.1640751,-0.1249162,0.7906595,0.4789521,23.79674,252.2938
13735,-0.5774559,0.1640881,-0.1262085,0.7897413,0.5636218,23.88821,252.4675
13736,-0.5794346,0.1641815,-0.1318514,0.787347,0.99475,24.29257,252.9153
13737,-0.5818638,0.1634319,-0.1369691,0.7848339,1.421415,24.58586,253.4151
13738,-0.5827506,0.1631043,-0.1367896,0.7842751,1.401778,24.54388,253.5329
13739,-0.5831696,0.1616812,-0.1403964,0.7836207,1.802814,24.66738,253.7074
13740,-0.5825588,0.1577162,-0.1377668,0.7853479,1.869998,24.10788,253.5342
13741,-0.5811073,0.1554283,-0.1386473,0.7867233,2.149845,23.95266,253.3584
13742,-0.5803987,0.1531183,-0.1389077,0.7876529,2.354537,23.75282,253.2661
13743,-0.5987835,0.1458975,-0.1432301,0.7743757,2.699963,23.44872,255.9862
13743,-0.5985696,0.1464727,-0.1428801,0.774497,2.634942,23.47531,255.9448
13744,-0.5964947,0.1469196,-0.1459434,0.7754413,2.92723,23.73388,255.7525
13745,-0.5959119,0.1460693,-0.1457026,0.7760952,2.9847,23.6359,255.6612
13746,-0.5949526,0.14543,-0.1471308,0.7766815,3.181532,23.67801,255.5727
13747,-0.5944737,0.1445597,-0.1490142,0.7768517,3.419719,23.7339,255.5677
13748,-0.5931051,0.1431016,-0.1544733,0.7771014,4.033181,23.9948,255.5612
13749,-0.5927556,0.1431675,-0.1552459,0.7772019,4.10521,24.05614,255.5391
13750,-0.5926957,0.1434942,-0.1557602,0.7770845,4.127767,24.1239,255.5492
13751,-0.5940965,0.1431422,-0.1609174,0.775026,4.551196,24.48062,255.9318
13752,-0.5932283,0.141246,-0.1630747,0.7755879,4.897604,24.46204,255.8853
13753,-0.5932723,0.1412547,-0.16421,0.7753131,4.992381,24.54777,255.9335
13754,-0.594716,0.1399011,-0.1696749,0.773273,5.509293,24.84222,256.3413
13755,-0.60137,0.1398407,-0.170303,0.7679816,5.358498,24.92693,257.3108
13756,-0.6029259,0.1376958,-0.1710729,0.7669774,5.530604,24.80051,257.5591
13757,-0.6019785,0.1358127,-0.1727076,0.7676907,5.834728,24.74784,257.4841
13758,-0.6359258,0.1297588,-0.1754639,0.7402524,5.43642,24.65472,262.5184
13759,-0.6337004,0.1254653,-0.1779878,0.7422956,6.040086,24.46552,262.2857
13760,-0.6323761,0.1245295,-0.1795533,0.743205,6.280201,24.49922,262.1522
13761,-0.6331952,0.1247623,-0.1799144,0.7423809,6.265297,24.55497,262.2881
13762,-0.6350649,0.1235446,-0.1836479,0.7400696,6.598248,24.7648,262.7169
13763,-0.6343596,0.1228858,-0.1843874,0.7406001,6.730944,24.76144,262.6424
13764,-0.6342334,0.1225311,-0.185006,0.7406126,6.811826,24.7796,262.6491
13765,-0.634402,0.1216049,-0.1864005,0.7402712,6.989124,24.81346,262.7316
13766,-0.6348411,0.1217254,-0.1869872,0.7397268,7.012523,24.8755,262.8215
13767,-0.6335576,0.1192144,-0.1872524,0.7411677,7.268108,24.66671,262.6395
13768,-0.6327534,0.1181803,-0.1878031,0.7418805,7.41741,24.61398,262.5424
13769,-0.6320937,0.1171535,-0.1888194,0.7423477,7.598779,24.60096,262.4866
13770,-0.6311765,0.1137626,-0.1878901,0.7438897,7.812427,24.22022,262.3067
13771,-0.6289852,0.1149116,-0.1882422,0.7454783,7.822552,24.32833,261.9996
13772,-0.6291873,0.1142102,-0.1896842,0.7450501,7.985887,24.38602,262.0898
13773,-0.6281021,0.1127196,-0.1913508,0.7457661,8.268207,24.38029,261.9989
13774,-0.6270077,0.1113227,-0.1893821,0.7473975,8.249673,24.08652,261.7509
13775,-0.6255953,0.1101619,-0.1903074,0.7485173,8.456769,24.0452,261.5805
13776,-0.6595263,0.09890893,-0.1896378,0.7206107,8.212444,23.37582,266.6332
13777,-0.6599618,0.09927836,-0.190404,0.7199589,8.22879,23.47649,266.7335
13778,-0.660695,0.09553653,-0.1907359,0.7197047,8.528772,23.19793,266.858
13779,-0.6695086,0.0935216,-0.1914132,0.711599,8.464226,23.18451,268.2481
13780,-0.6720608,0.09232521,-0.1916688,0.7092769,8.499228,23.13564,268.6562
13781,-0.6770869,0.08809891,-0.1937936,0.7044403,8.843187,23.02926,269.5364
13782,-0.6760015,0.08638802,-0.1895368,0.7068487,8.693621,22.5059,269.1772
13783,-0.6741697,0.08730483,-0.1901108,0.7083297,8.719993,22.61016,268.9156
13784,-0.672604,0.08679551,-0.189196,0.7101235,8.739778,22.47108,268.6308
13785,-0.6846923,0.0798749,-0.1913944,0.6987023,9.095235,22.23885,270.6308
13786,-0.703891,0.07371843,-0.1893105,0.6806354,8.85436,21.79479,273.6325
13787,-0.7046517,0.07165962,-0.18997,0.6798841,9.051664,21.70147,273.7882
13788,-0.7056047,0.07157722,-0.1888823,0.6792072,8.94985,21.60881,273.8954
13789,-0.7141203,0.06813961,-0.1906808,0.6700972,9.104152,21.61069,275.3843
13790,-0.7215927,0.06433648,-0.1862091,0.6636951,8.877517,21.00366,276.4354
13791,-0.7322755,0.06102422,-0.187649,0.651795,8.930959,21.02167,278.316
13792,-0.7431374,0.05609253,-0.1880156,0.6397271,9.043737,20.83216,280.219
13793,-0.7419437,0.05601278,-0.1866903,0.6415052,8.998521,20.68561,279.9503
13794,-0.7436658,0.05406117,-0.1858875,0.6399097,9.061558,20.48936,280.2184
13795,-0.7541744,0.04457024,-0.1793447,0.6301351,9.136978,19.32239,281.7991
13796,-0.7534606,0.04114228,-0.1755117,0.6322975,9.204172,18.70157,281.5126
13797,-0.7547104,0.03908214,-0.1730379,0.6316193,9.183492,18.33602,281.6331
13798,-0.7555768,0.03705159,-0.1727679,0.6307791,9.321033,18.1762,281.7819
13799,-0.7887797,0.02585253,-0.1677515,0.5907773,9.057383,17.39221,287.7235
13800,-0.8067903,0.01813772,-0.1649297,0.5670615,9.078287,16.87798,291.1458
13801,-0.8185529,0.01186797,-0.1647289,0.5501771,9.313193,16.64939,293.5529
13802,-0.819665,0.0120694,-0.1648728,0.5484712,9.269022,16.69466,293.7867
13803,-0.824492,0.009171963,-0.1599635,0.542716,9.120135,16.0954,294.5829
13804,-0.8290634,0.007699966,-0.1559192,0.5369207,8.897364,15.66735,295.3705
13805,-0.8311219,0.00581336,-0.1543588,0.534206,8.93162,15.42749,295.7502
13806,-0.8377522,0.002386421,-0.1523443,0.5243633,8.9614,15.12593,297.1059
13807,-0.8413433,0.001453221,-0.150236,0.5192,8.833274,14.91356,297.8002
13808,-0.8708305,-0.01065958,-0.1494883,0.4681818,9.122204,14.68968,304.6509
13809,-0.8746491,-0.01475826,-0.14841,0.4612437,9.364981,14.4374,305.5792
13810,-0.8779986,-0.01514019,-0.1470762,0.4552559,9.235961,14.34093,306.3495
13811,-0.8818842,-0.01851079,-0.1460112,0.4479045,9.407023,14.13646,307.3174
13812,-0.8850833,-0.01997966,-0.1455125,0.4416497,9.433249,14.07681,308.1296
13813,-0.9027859,-0.02938943,-0.1418906,0.4049458,9.670437,13.63532,312.8415
13814,-0.9052755,-0.03124124,-0.1431108,0.3987728,9.828594,13.74975,313.641
13815,-0.907904,-0.03265314,-0.1419173,0.3930694,9.83774,13.62036,314.3581
13816,-0.9124966,-0.03617337,-0.1419698,0.3819503,10.04764,13.59553,315.7746
13817,-0.9130158,-0.03637187,-0.1423208,0.3805576,10.06345,13.6404,315.9526
13818,-0.9161097,-0.04077092,-0.1401616,0.3734107,10.33347,13.30238,316.8561
13819,-0.9206381,-0.04127325,-0.1419592,0.3613443,10.28751,13.61177,318.3717
13820,-0.9239448,-0.04503638,-0.1427839,0.3520094,10.58796,13.66021,319.5595
13821,-0.9252701,-0.04580413,-0.1398872,0.3495842,10.51932,13.33945,319.8385
13822,-0.9265838,-0.04839106,-0.1375802,0.3466594,10.66484,13.02054,320.1962
13823,-0.9290231,-0.04749852,-0.139649,0.3393497,10.54654,13.3643,321.107
13824,-0.9290536,-0.04767525,-0.1413803,0.3385235,10.62072,13.55847,321.2252
13825,-0.9295062,-0.04702753,-0.1408144,0.3376065,10.51567,13.52981,321.3277
13826,-0.9301225,-0.04674636,-0.1394919,0.3364956,10.41848,13.40611,321.45
13827,-0.9295473,-0.04660831,-0.1401691,0.3378198,10.44858,13.47141,321.2927
13828,-0.9300165,-0.0437641,-0.1438607,0.3353478,10.24685,14.01019,321.6055
13829,-0.9287249,-0.0417975,-0.1432051,0.3394339,10.07017,13.9656,321.0834
13830,-0.9285154,-0.04050143,-0.1440584,0.3398029,9.969003,14.10355,321.0347
13831,-0.9281651,-0.04032362,-0.1425353,0.3414198,9.914747,13.92503,320.8223
13832,-0.9279875,-0.04007253,-0.1436792,0.3414525,9.932791,14.06017,320.8258
13833,-0.928093,-0.03919238,-0.1434579,0.3413611,9.827951,14.06925,320.8277
13834,-0.9282191,-0.03874804,-0.1431018,0.3412185,9.764056,14.04788,320.8385
13835,-0.9281735,-0.03859696,-0.143266,0.3412904,9.755261,14.07083,320.8297
13836,-0.9282605,-0.03819497,-0.1450978,0.3403239,9.768649,14.29772,320.9597
13837,-0.9281097,-0.03831145,-0.1451045,0.3407193,9.787483,14.29009,320.9124
13838,-0.928057,-0.03862606,-0.1449822,0.3408796,9.819057,14.26334,320.8945
13839,-0.9276073,-0.03951082,-0.1432302,0.3427375,9.873981,14.01802,320.6599
13840,-0.9276624,-0.04033951,-0.1432738,0.3424733,9.960999,13.99483,320.6995
13841,-0.9277831,-0.03974424,-0.1434042,0.342161,9.897305,14.03457,320.7339
13842,-0.9277018,-0.03961816,-0.1433584,0.3424154,9.885738,14.03153,320.7013
13843,-0.9272966,-0.04144484,-0.144756,0.3427087,10.1416,14.11487,320.6924
13844,-0.9270548,-0.04253064,-0.1446455,0.3432763,10.26279,14.05627,320.6307
13845,-0.926888,-0.04316567,-0.1454992,0.3432863,10.36482,14.12683,320.6421
13846,-0.9370912,-0.04798532,-0.1428572,0.3148797,10.36387,13.97277,324.1269
13847,-0.9365698,-0.04953737,-0.1441769,0.3155887,10.59069,14.05983,324.0659
13848,-0.9363858,-0.05026437,-0.1438306,0.3161772,10.66612,13.99008,323.9972
13849,-0.9360254,-0.05224273,-0.1437078,0.3169785,10.88892,13.90035,323.9147
13850,-0.9360658,-0.05202783,-0.1447516,0.3164191,10.89486,14.03051,323.991
13851,-0.9376549,-0.05509946,-0.1425645,0.3121588,11.08903,13.73225,324.5127
13852,-0.9428816,-0.05786577,-0.1422642,0.295613,11.14143,13.80162,326.538
13853,-0.9425714,-0.0598843,-0.1424408,0.2961147,11.37608,13.75239,326.4954
13854,-0.9422432,-0.06131507,-0.1429571,0.2966171,11.55768,13.75963,326.4513
13855,-0.9423965,-0.06089983,-0.1435007,0.2959521,11.52072,13.84183,326.5341
13856,-0.9422141,-0.06253533,-0.1433775,0.2962518,11.70045,13.7732,326.5095
13857,-0.94209,-0.06377377,-0.1437821,0.296186,11.84904,13.78088,326.5314
13858,-0.941953,-0.06307173,-0.1447162,0.2963174,11.80521,13.9064,326.5199
13859,-0.9419777,-0.06314658,-0.1451814,0.2959949,11.8243,13.96047,326.5645
13860,-0.9475302,-0.06819591,-0.1432296,0.2775274,12.04827,13.81793,328.8151
13861,-0.9472381,-0.06919438,-0.142702,0.2785471,12.15667,13.71633,328.6943
13862,-0.9466355,-0.07152054,-0.1443162,0.2791757,12.47343,13.82374,328.655
13863,-0.9465659,-0.07170018,-0.1440584,0.2794989,12.48982,13.78507,328.6144
13864,-0.9464811,-0.07145114,-0.1435339,0.2801184,12.45468,13.72476,328.5317
13865,-0.9464582,-0.07136195,-0.1437094,0.2801287,12.45052,13.74714,328.5317
13866,-0.9465708,-0.07079628,-0.1439368,0.2797748,12.39013,13.79401,328.5726
13867,-0.9503758,-0.07646093,-0.1461435,0.2637835,12.85202,14.0959,330.5708
13868,-0.9502318,-0.07621361,-0.1460584,0.2644202,12.83139,14.08439,330.4911
13869,-0.9502938,-0.07671584,-0.1446503,0.2648259,12.85118,13.90468,330.4296
13870,-0.9500999,-0.07727924,-0.1446455,0.2653599,12.92129,13.88163,330.3698
13871,-0.9501982,-0.07797,-0.1438677,0.2652289,12.97287,13.77582,330.3817
13872,-0.9498782,-0.079214,-0.1446038,0.2656061,13.13831,13.82077,330.355
13873,-0.9498035,-0.07898224,-0.1444154,0.2660443,13.11327,13.79961,330.2981
13874,-0.9498175,-0.07934158,-0.1444783,0.2658525,13.15228,13.79959,330.3248
13875,-0.9497733,-0.07869299,-0.1456067,0.2655879,13.11015,13.94971,330.3653
13876,-0.9496815,-0.07904088,-0.1455574,0.2658401,13.15095,13.93116,330.3371
13877,-0.9496717,-0.079445,-0.1451331,0.2659859,13.18524,13.8697,330.3175
13878,-0.9498625,-0.07916567,-0.1457353,0.2650575,13.15872,13.95878,330.4345
13879,-0.9524307,-0.0819035,-0.1445254,0.2554995,13.28925,13.87896,331.5914
13880,-0.953062,-0.08345139,-0.1436126,0.2531489,13.40185,13.7669,331.8747
13881,-0.9530506,-0.08472066,-0.1445135,0.2522562,13.55596,13.85016,332.0036
13882,-0.9547229,-0.08450747,-0.1433709,0.2465923,13.41901,13.80363,332.6672
13883,-0.9561571,-0.08517715,-0.1417158,0.2417131,13.37919,13.66471,333.2364
13884,-0.9561871,-0.0860337,-0.1438057,0.240051,13.50735,13.90741,333.4692
13885,-0.9559451,-0.08665504,-0.1445596,0.2403384,13.60114,13.97518,333.4498
13886,-0.9566535,-0.08637652,-0.143492,0.2382503,13.5114,13.88825,333.6837
13887,-0.9572825,-0.08823861,-0.1415042,0.2362222,13.63828,13.64363,333.916
13888,-0.9572761,-0.08899212,-0.1422155,0.2355374,13.73161,13.71749,334.0135
13889,-0.9579773,-0.0879194,-0.1436283,0.2322082,13.60064,13.95238,334.4212
13890,-0.9582781,-0.08855197,-0.1439176,0.2305416,13.65487,13.99467,334.6296
13891,-0.9593382,-0.08865239,-0.1434349,0.2263572,13.59341,13.99549,335.1239
13892,-0.9595339,-0.08946344,-0.1445413,0.2244972,13.68505,14.13143,335.3676
13893,-0.960134,-0.08944508,-0.1428493,0.2230169,13.61957,13.95712,335.5217
13894,-0.9605317,-0.08919057,-0.1432975,0.2211104,13.57452,14.04117,335.7526
13895,-0.9603992,-0.0916286,-0.1431569,0.22078,13.84006,13.97675,335.8118
13896,-0.9609642,-0.0903478,-0.1431776,0.2188275,13.66852,14.03437,336.0334
13897,-0.9614285,-0.08964728,-0.1425671,0.2174706,13.5555,13.99769,336.1807
13898,-0.9614457,-0.09032514,-0.1435656,0.2164547,13.64093,14.11308,336.321
13899,-0.9618256,-0.09057336,-0.142498,0.2153652,13.62757,13.99955,336.4388
13900,-0.9660196,-0.09424485,-0.1406954,0.1952664,13.71137,13.99974,338.8365
13901,-0.9665689,-0.09523472,-0.1416484,0.1913398,13.78668,14.14776,339.3242
13902,-0.9670959,-0.09720929,-0.1410085,0.1881298,13.95012,14.08366,339.715
13903,-0.9677436,-0.09841903,-0.141417,0.1838134,14.03281,14.17213,340.2437
13904,-0.968209,-0.0973862,-0.1407727,0.1824016,13.88269,14.13464,340.3916
13905,-0.9686594,-0.09622939,-0.1414976,0.1800489,13.73195,14.27169,340.668
13906,-0.9686641,-0.09745213,-0.1403222,0.1802858,13.85071,14.11097,340.6363
13907,-0.9689902,-0.09745391,-0.1404606,0.1784145,13.82659,14.15352,340.8594
13908,-0.9689913,-0.09837952,-0.1406319,0.1777648,13.92529,14.16757,340.9479
13910,-0.969179,-0.100209,-0.1417332,0.1748201,14.11072,14.30892,341.33
13911,-0.9693428,-0.1011463,-0.1421882,0.1729928,14.19873,14.37379,341.5621
13912,-0.969567,-0.1009422,-0.1412745,0.1726044,14.15285,14.27574,341.5929
13913,-0.9696994,-0.09916687,-0.1409183,0.1731796,13.95339,14.25363,341.5016
13914,-0.9695134,-0.1001352,-0.1407838,0.1737722,14.06919,14.21421,341.4397
13915,-0.9693608,-0.101032,-0.1417775,0.1732954,14.18252,14.32316,341.5193
13916,-0.9693835,-0.1017915,-0.141516,0.172938,14.25849,14.28592,341.5657
13917,-0.9693217,-0.1027584,-0.1415959,0.1726462,14.36533,14.2845,341.6113
13918,-0.9690911,-0.1052516,-0.1390785,0.1744763,14.62719,13.92376,341.3832
13919,-0.9687274,-0.1058507,-0.1404048,0.1750705,14.7287,14.06062,341.3382
13920,-0.9682807,-0.1074982,-0.1420681,0.1751954,14.94882,14.22765,341.3645
13921,-0.9685782,-0.1084462,-0.1394347,0.1750821,15.00493,13.90585,341.3477
13922,-0.9683903,-0.1098064,-0.1394137,0.1752902,15.16185,13.87871,341.3358
13923,-0.9680083,-0.1128292,-0.1396732,0.1752745,15.5097,13.86186,341.3704
13924,-0.9677524,-0.1156878,-0.1382242,0.1759709,15.81673,13.63547,341.2914
13925,-0.9676148,-0.1175178,-0.1387567,0.175094,16.0225,13.68373,341.4211
13926,-0.9672149,-0.1207192,-0.1389146,0.175,16.38814,13.65407,341.4639
13927,-0.9666602,-0.1228717,-0.1395,0.1760985,16.65941,13.67082,341.362
13928,-0.9664919,-0.1227561,-0.1389487,0.1775322,16.65579,13.58294,341.1805
13929,-0.9659986,-0.1243359,-0.1393853,0.1787716,16.86112,13.58787,341.0536
13930,-0.9652331,-0.1274621,-0.1414095,0.1791145,17.2606,13.77124,341.0749
13931,-0.9648867,-0.1293345,-0.1409042,0.1800348,17.47692,13.66528,340.9721
13932,-0.9648075,-0.1301098,-0.1401708,0.1804725,17.55708,13.55825,340.9132
13933,-0.9649085,-0.1297049,-0.1400647,0.180306,17.5066,13.5552,340.9279
13934,-0.9658844,-0.1331263,-0.1410544,0.1716059,17.7931,13.77958,342.0183
13935,-0.9662083,-0.1328412,-0.1410108,0.1700314,17.73753,13.80763,342.2035
13936,-0.9660063,-0.1342944,-0.140222,0.170689,17.89823,13.68075,342.1234
13937,-0.9659264,-0.1355024,-0.1418395,0.16884,18.03916,13.88988,342.3856
13938,-0.9664782,-0.1359162,-0.1425796,0.1646751,18.03987,14.05011,342.9021
13939,-0.9678845,-0.1381581,-0.1431478,0.1536909,18.14622,14.29498,344.249
13940,-0.9707702,-0.1405081,-0.1364295,0.1387437,18.09898,13.74806,345.9326
13941,-0.9707633,-0.1416939,-0.1362951,0.1377141,18.21852,13.73901,346.0648
13942,-0.970809,-0.1414482,-0.1360229,0.1379138,18.18928,13.70532,346.0334
13943,-0.9702581,-0.1422622,-0.1384402,0.138546,18.32598,13.97346,346.0119
13944,-0.9704533,-0.140705,-0.1387595,0.1384496,18.15071,14.02947,346.0133
13945,-0.9700637,-0.1422159,-0.139463,0.1389285,18.34076,14.08883,345.9852
13946,-0.9703088,-0.1398456,-0.1389454,0.1401372,18.0791,14.02899,345.8065
13947,-0.9701316,-0.1396883,-0.1395004,0.1409671,18.08105,14.08133,345.7163
13948,-0.9699548,-0.1402337,-0.1393435,0.1417952,18.1531,14.04127,345.6201
13949,-0.9697491,-0.1410756,-0.1395343,0.1421786,18.25781,14.04776,345.5866
13950,-0.9699596,-0.1428339,-0.1390263,0.1394591,18.41293,14.02018,345.9199
13951,-0.9708053,-0.1442438,-0.1396751,0.1312322,18.46498,14.24096,346.9295
13952,-0.9708997,-0.1444009,-0.1396717,0.1303625,18.47032,14.25574,347.0349
13953,-0.97113,-0.1439759,-0.1391684,0.1296532,18.40463,14.21291,347.1053
13954,-0.971156,-0.1439457,-0.1393877,0.1292548,18.39828,14.24699,347.1566
13955,-0.9711802,-0.1437736,-0.1397916,0.1288276,18.37761,14.30497,347.2134
13956,-0.9715137,-0.1457182,-0.1380342,0.1259926,18.537,14.13174,347.5391
13957,-0.9714716,-0.1459985,-0.1392761,0.1246183,18.56495,14.30445,347.7301
13958,-0.9713556,-0.1489518,-0.1388378,0.1224991,18.86777,14.26886,348.0074
13959,-0.9728472,-0.1529325,-0.138678,0.1046359,19.0614,14.57321,350.1818
13960,-0.9732373,-0.1516072,-0.1378849,0.1039821,18.89136,14.49797,350.2277
13961,-0.9735041,-0.1507469,-0.1378337,0.1027971,18.77444,14.51954,350.3573
13962,-0.9736668,-0.1511283,-0.1370499,0.1017391,18.79504,14.44384,350.4724
13963,-0.9734147,-0.152236,-0.1370533,0.102492,18.93354,14.42368,350.3963
13964,-0.9731401,-0.1533693,-0.1383091,0.1017204,19.0648,14.58392,350.5272
13965,-0.9731456,-0.1537427,-0.1381058,0.101379,19.10074,14.56428,350.5684
13966,-0.9733418,-0.1531863,-0.1377836,0.1007758,19.0247,14.54021,350.627
13967,-0.9733587,-0.1528217,-0.1383769,0.1003506,18.98213,14.62174,350.685
13968,-0.9730346,-0.1546301,-0.1390737,0.09975934,19.18799,14.70846,350.7921
13969,-0.9737543,-0.1564413,-0.1364552,0.09332025,19.27721,14.51302,351.5291
13970,-0.9737287,-0.1569599,-0.137494,0.09116846,19.31387,14.67912,351.8133
13971,-0.973668,-0.1575556,-0.1373943,0.09093823,19.37821,14.66955,351.8464
13972,-0.9738021,-0.1572661,-0.1369129,0.09073037,19.33776,14.61669,351.8576
13973,-0.9739265,-0.1569222,-0.1364485,0.09068936,19.29367,14.56279,351.8486
13974,-0.9737647,-0.1572105,-0.1370153,0.09107153,19.33728,14.62242,351.8183
13975,-0.9737216,-0.1570391,-0.1376526,0.09086628,19.31981,14.70399,351.8536
13976,-0.9738483,-0.1565721,-0.137392,0.09071003,19.26153,14.67737,351.8609
13977,-0.9737679,-0.1561649,-0.139494,0.08905016,19.20692,14.96509,352.0959
13978,-0.9736639,-0.1575115,-0.1386905,0.08907151,19.35579,14.86337,352.0948
13979,-0.9736992,-0.1574198,-0.138785,0.08870035,19.34039,14.88247,352.1397
13980,-0.9737297,-0.1572779,-0.1387298,0.08870354,19.32365,14.87621,352.1364
13981,-0.9736978,-0.157346,-0.1387266,0.08893731,19.33499,14.87094,352.1093
13982,-0.9736719,-0.1571781,-0.1391816,0.08880744,19.31738,14.92895,352.1319
13983,-0.974719,-0.1638264,-0.1359569,0.06781977,19.74353,14.95047,354.6558
13984,-0.9748265,-0.1635505,-0.1355103,0.0678353,19.70951,14.89625,354.6407
13985,-0.9748385,-0.1638686,-0.1353604,0.06719141,19.73565,14.89111,354.7187
13986,-0.974961,-0.163247,-0.1352735,0.06710173,19.66214,14.88264,354.7188
13987,-0.9750278,-0.1632745,-0.1353929,0.06581073,19.64644,14.92326,354.8754
13988,-0.9750986,-0.1638911,-0.1348794,0.06426696,19.69155,14.89245,355.0572
13989,-0.9753885,-0.1658215,-0.1323864,0.05995364,19.83758,14.67944,355.546
13990,-0.9753197,-0.1654126,-0.1343526,0.05778978,19.76656,14.96132,355.8393
13991,-0.9751465,-0.1666037,-0.134148,0.05776449,19.90272,14.93819,355.8553
13992,-0.9748974,-0.1672497,-0.1355819,0.05674689,19.9677,15.13351,356.0165
13993,-0.9750277,-0.166412,-0.1356553,0.05679585,19.87212,15.14038,355.9998
13994,-0.9751149,-0.165609,-0.1363294,0.05602676,19.7704,15.23672,356.0937
13995,-0.9750032,-0.165617,-0.1372826,0.05561741,19.76876,15.36046,356.1626
13996,-0.975041,-0.1657704,-0.1368954,0.05545403,19.78238,15.31714,356.1761
13997,-0.9749923,-0.1658794,-0.1371897,0.05525543,19.79302,15.35697,356.2076
13998,-0.9751683,-0.1647916,-0.1373951,0.0548914,19.66273,15.38763,356.2388
13999,-0.9750485,-0.1655762,-0.1373269,0.0548306,19.75197,15.38179,356.2565
14000,-0.9753071,-0.1655658,-0.1343734,0.05751497,19.78015,14.96958,355.8747
14001,-0.9753225,-0.1653882,-0.1341915,0.05818589,19.76906,14.93372,355.7884
14002,-0.9754475,-0.1646942,-0.1340232,0.05844387,19.69218,14.90754,355.744
14003,-0.9754608,-0.1643055,-0.1342335,0.05883446,19.65418,14.92475,355.6963
