frame,quat_w,quat_x,quat_y,quat_z,euler_x,euler_y,euler_z
4651,-0.9896654,-0.03048294,-0.1394091,-0.0140774,3.233817,16.09533,2.087232
4654,-0.9895279,-0.03027669,-0.1399954,-0.01786883,3.148046,16.17434,2.516486
4665,-0.9895819,-0.03117853,-0.1393876,-0.01807386,3.248628,16.1077,2.552483
4674,-0.9896683,-0.02978701,-0.1387677,-0.02032629,3.056303,16.03782,2.78387
4679,-0.989509,-0.03077703,-0.1396498,-0.02056016,3.162376,16.14436,2.829276
4684,-0.9898461,-0.02480977,-0.1388395,0.01768718,3.097031,15.92522,358.3859
4689,-0.9896433,-0.02331489,-0.1399677,0.02171404,2.993655,16.04551,357.9081
4693,-0.9896775,-0.01947053,-0.1331766,0.04922765,2.960704,15.19094,354.6997
4699,-0.988565,-0.01595388,-0.1331778,0.06891027,2.860105,15.15532,352.4056
4707,-0.9874162,-0.01433044,-0.1332672,0.08392735,2.904406,15.13596,350.6694
4712,-0.9860954,-0.013229,-0.1337555,0.09772635,2.994091,15.16281,349.079
4717,-0.9860473,-0.01405105,-0.1312905,0.1013719,3.114319,14.85936,348.6667
4723,-0.9858491,-0.01202004,-0.1316101,0.1031318,2.914534,14.91281,348.4373
4731,-0.9870542,-0.01611144,-0.1324641,0.08898294,3.174653,15.01243,350.1158
4740,-0.98667,-0.01460732,-0.1338769,0.09135756,3.05454,15.1821,349.8271
4752,-0.9866514,-0.01553914,-0.1361093,0.08804578,3.131692,15.44101,350.2259
4761,-0.9874972,-0.01897671,-0.136467,0.07659058,3.347007,15.49,351.5853
4767,-0.9880552,-0.02101562,-0.136621,0.06811855,3.447965,15.52147,352.5823
4778,-0.9877068,-0.01725393,-0.13541,0.07616927,3.136322,15.38238,351.6041
4784,-0.9882063,-0.01684126,-0.1356521,0.06901674,2.981287,15.4347,352.4139
4798,-0.9887184,-0.01878517,-0.1368057,0.05802952,3.039479,15.58826,353.6983
4813,-0.9886697,-0.01774777,-0.1388499,0.0542047,2.874359,15.84123,354.1237
4832,-0.9894383,-0.01789197,-0.1357013,0.04771767,2.771716,15.49421,354.855
4846,-0.9896436,-0.01870219,-0.1348287,0.04557759,2.826248,15.39564,355.1084
4858,-0.9899986,-0.02092227,-0.1363028,0.02977706,2.839792,15.6026,356.9435
4864,-0.990287,-0.02243519,-0.1345929,0.02670516,2.959106,15.41017,357.311
4868,-0.9901987,-0.02253011,-0.1356525,0.02444644,2.937753,15.53912,357.5724
4872,-0.9902804,-0.02325495,-0.1357818,0.01916859,2.938461,15.56821,358.1839
4875,-0.990094,-0.02532923,-0.1369636,0.01770357,3.153211,15.70751,358.3863
4883,-0.9900301,-0.02447466,-0.1378508,0.01544945,3.022077,15.81759,358.6319
4890,-0.9902418,-0.02640808,-0.1367419,0.005074455,3.077606,15.72008,359.8377
4895,-0.9900897,-0.02693623,-0.1377794,0.003736441,3.116603,15.84468,0.001359511
4903,-0.9897083,-0.02749999,-0.1403137,-0.005792158,3.027112,16.1675,1.100671
4913,-0.9898444,-0.02738338,-0.1394088,-0.004858679,3.029831,16.0597,0.9899937
4923,-0.9896744,-0.02955956,-0.1401678,-0.004889887,3.275542,16.15188,1.031081
4932,-0.9900141,-0.02933669,-0.1378525,-0.002905843,3.284062,15.8769,0.7944135
4942,-0.9898393,-0.03092429,-0.138761,-0.002715789,3.466588,15.9843,0.8012586
4951,-0.9902965,-0.02793224,-0.135942,0.00725417,3.284542,15.6216,359.6113
4961,-0.9902295,-0.02808168,-0.1362265,0.009970115,3.344018,15.64584,359.3058
4969,-0.9897043,-0.02598199,-0.1386173,0.02440753,3.336246,15.87715,357.64
4978,-0.9899435,-0.02585681,-0.1363516,0.02741725,3.363493,15.60514,357.2881
4983,-0.9894942,-0.03808769,-0.1392567,-0.007627584,4.200719,16.076,1.476794
4987,-0.9871984,-0.04317377,-0.1417426,-0.05902909,3.928313,16.59616,7.416966
4988,-0.9841173,-0.0481633,-0.1415812,-0.09564709,3.88264,16.77061,11.6749
4989,-0.984414,-0.04934506,-0.1403534,-0.09378298,4.061456,16.63693,11.47812
4990,-0.9821452,-0.05029112,-0.1410399,-0.113884,3.822285,16.80654,13.79316
4991,-0.9812699,-0.05089023,-0.1407691,-0.1212589,3.769062,16.812,14.64621
4992,-0.9711953,-0.053997,-0.1433782,-0.1825017,3.012265,17.37462,21.74555
4993,-0.9712356,-0.05527581,-0.1418145,-0.1831247,3.17766,17.22775,21.8368
4994,-0.9603108,-0.06039017,-0.1440256,-0.2311123,2.832395,17.75245,27.50583
4994,-0.9610842,-0.0591043,-0.1399026,-0.2307623,2.810909,17.25058,27.42944
4995,-0.9592001,-0.06089444,-0.1420934,-0.2367205,2.839999,17.5653,28.16483
4996,-0.9532738,-0.06481803,-0.1432075,-0.2579913,2.847975,17.86985,30.73504
4998,-0.9386083,-0.06890918,-0.1443625,-0.305656,2.355917,18.26362,36.45423
4999,-0.9381595,-0.06931289,-0.1431693,-0.3074984,2.407383,18.15166,36.67957
5000,-0.9221205,-0.07397613,-0.1434429,-0.3516329,2.03737,18.4676,42.07802
5001,-0.9191194,-0.07367621,-0.1408429,-0.3604924,1.942064,18.19196,43.14267
5002,-0.9176655,-0.07307623,-0.144404,-0.3629018,1.679586,18.55439,43.4282
5003,-0.9072709,-0.07839693,-0.1446199,-0.3870381,1.736768,18.85974,46.49427
5004,-0.9074124,-0.07663566,-0.1419311,-0.3880534,1.657605,18.49308,46.57766
5005,-0.8924009,-0.07935019,-0.1397619,-0.4216526,1.361614,18.44855,50.8019
5006,-0.8916194,-0.07903959,-0.1396556,-0.4233958,1.299994,18.42426,51.01334
5006,-0.8922489,-0.07587437,-0.1406277,-0.4223258,0.952086,18.36568,50.81286
5007,-0.8753729,-0.08344485,-0.141681,-0.4546272,0.9893569,18.90307,55.05516
5008,-0.8690692,-0.08412097,-0.1448694,-0.4654626,0.6503949,19.27695,56.45635
5009,-0.8659401,-0.08481009,-0.1377075,-0.4732777,0.9473246,18.59121,57.47249
5010,-0.8656694,-0.08444649,-0.1400584,-0.473148,0.7831892,18.80994,57.44902
5011,-0.8537551,-0.08715203,-0.1396162,-0.493978,0.6232927,18.93636,60.21082
5012,-0.8543142,-0.08496335,-0.1398356,-0.4933301,0.4125641,18.83025,60.07763
5013,-0.8357366,-0.08685428,-0.1377199,-0.524437,0.04146694,18.74122,64.22459
5014,-0.8361906,-0.0895441,-0.1368201,-0.5234954,0.3725689,18.81866,64.15882
5015,-0.8263543,-0.0899892,-0.1321392,-0.5399814,0.3449514,18.39573,66.3811
5016,-0.8254815,-0.09333405,-0.1357606,-0.5398502,0.4303137,18.96058,66.4398
5017,-0.8179415,-0.0900965,-0.1332728,-0.5523521,0.009186605,18.51474,68.06345
5018,-0.817769,-0.09250806,-0.1338172,-0.5520773,0.203149,18.72391,68.08021
5019,-0.8108117,-0.09118712,-0.1293394,-0.5635074,0.1205367,18.21054,69.61728
5020,-0.8100549,-0.08848098,-0.1276605,-0.565407,359.942,17.87129,69.8199
5021,-0.7973551,-0.09231737,-0.1225805,-0.583675,0.2363491,17.65289,72.44599
5022,-0.7980405,-0.08991078,-0.1237048,-0.5828763,359.9597,17.59319,72.28137
5023,-0.783801,-0.09078357,-0.1187552,-0.6027535,359.9514,17.19359,75.1142
5024,-0.7857858,-0.09465969,-0.1214567,-0.599023,0.1864286,17.71522,74.6673
5025,-0.7847537,-0.09534732,-0.1216436,-0.6002279,0.2074427,17.78119,74.85442
5026,-0.7842566,-0.0948326,-0.1170097,-0.6018782,0.4523528,17.31927,75.07781
5027,-0.7808934,-0.09275597,-0.116064,-0.606738,0.2305707,17.08719,75.72757
5028,-0.7793583,-0.09336933,-0.1175769,-0.6083245,0.1424659,17.26956,75.96895
5029,-0.777107,-0.0933114,-0.1114032,-0.6123621,0.492046,16.70449,76.54863
5030,-0.7757533,-0.09421811,-0.1113146,-0.6139536,0.5440916,16.76275,76.79839
5031,-0.7723926,-0.09357005,-0.1100332,-0.6185039,0.4832254,16.60276,77.44346
5032,-0.7724432,-0.09281501,-0.1110054,-0.6183809,0.3495849,16.63574,77.40929
5033,-0.7711699,-0.09426719,-0.1050184,-0.6207914,0.8596406,16.20327,77.79047
5034,-0.771063,-0.09442666,-0.1073426,-0.6205024,0.7107797,16.42389,77.75237
5035,-0.7679769,-0.09549418,-0.1051108,-0.6245353,0.8814613,16.30542,78.36378
5036,-0.7674958,-0.09231371,-0.1047994,-0.6256561,0.6052839,16.04515,78.45857
5037,-0.7647419,-0.09747273,-0.1014712,-0.6287866,1.230547,16.13144,79.02988
5038,-0.764106,-0.09921798,-0.09949568,-0.6296019,1.509389,16.08614,79.18843
5039,-0.7643835,-0.09797579,-0.1012264,-0.6291835,1.28366,16.14749,79.09943
5040,-0.7648871,-0.0959014,-0.1022521,-0.6287251,1.038865,16.08477,78.98612
5041,-0.7624488,-0.1025773,-0.101892,-0.6306884,1.598509,16.55133,79.4268
5042,-0.7614448,-0.1003589,-0.1014244,-0.6323314,1.407774,16.34756,79.61716
5043,-0.7595294,-0.09866467,-0.1004059,-0.6350586,1.280678,16.13535,79.98096
5044,-0.7636759,-0.09916177,-0.09461048,-0.6308842,1.838272,15.65008,79.3739
5045,-0.7621628,-0.1006527,-0.09509176,-0.6324039,1.899969,15.80754,79.63211
5046,-0.7639612,-0.09881434,-0.0947004,-0.6305799,1.807885,15.63152,79.32127
5047,-0.764426,-0.1011238,-0.09257212,-0.6299664,2.175969,15.61264,79.28249
5048,-0.7640861,-0.1012383,-0.09266153,-0.6303469,2.171553,15.63015,79.34119
5050,-0.7642038,-0.1011156,-0.09379426,-0.6300563,2.083425,15.72093,79.29617
5053,-0.7655828,-0.1008165,-0.09096888,-0.6288432,2.289947,15.44401,79.10934
5054,-0.7677244,-0.1005192,-0.09255642,-0.6260421,2.20377,15.55554,78.6922
5055,-0.7728068,-0.1002992,-0.09204906,-0.6198684,2.344464,15.47633,77.78483
5056,-0.7718544,-0.1003022,-0.08733749,-0.6217335,2.65008,15.05962,78.05367
5058,-0.7722753,-0.09946984,-0.08890712,-0.6211218,2.475484,15.13718,77.94668
5061,-0.7721986,-0.09962663,-0.08773744,-0.6213584,2.569446,15.04455,77.98393
5067,-0.7898347,-0.08896092,-0.08195779,-0.6012739,2.405449,13.68917,74.8503
5069,-0.7949003,-0.08859485,-0.08040679,-0.5948271,2.590186,13.50125,73.92197
5071,-0.8036766,-0.08467898,-0.08185023,-0.5832959,2.328178,13.32877,72.21519
5074,-0.8085136,-0.08507337,-0.08477327,-0.576092,2.286222,13.60861,71.21502
5076,-0.819102,-0.07916299,-0.08266819,-0.5621132,2.105943,12.97795,69.15971
5078,-0.8229678,-0.08063829,-0.08695528,-0.5555723,2.069144,13.46642,68.28962
5080,-0.8343354,-0.0779932,-0.08825779,-0.5385278,2.010715,13.38061,65.91692
5082,-0.8454416,-0.07802385,-0.09571657,-0.5195955,1.860229,14.06693,63.37803
5084,-0.8526798,-0.07328004,-0.09573981,-0.5083317,1.583494,13.76043,61.7943
5086,-0.8586792,-0.07432678,-0.09849709,-0.4974373,1.699268,14.07593,60.37768
5088,-0.8719503,-0.06859544,-0.1004663,-0.4742405,1.39433,13.90636,57.25225
5090,-0.8802255,-0.06775917,-0.1036735,-0.4581088,1.392377,14.16213,55.16195
5092,-0.8909408,-0.06539288,-0.1087137,-0.4360387,1.24431,14.52496,52.3141
5094,-0.9013724,-0.06489167,-0.114553,-0.4125466,1.287329,15.07701,49.35629
5096,-0.9149837,-0.05757885,-0.1148308,-0.3824963,1.004027,14.72755,45.50314
5098,-0.9267206,-0.05609122,-0.120037,-0.3516163,1.120081,15.18738,41.70482
5099,-0.9323574,-0.05428191,-0.1262851,-0.3343879,0.960543,15.77297,39.59357
5101,-0.9441431,-0.04727761,-0.1253848,-0.3010608,0.7893758,15.38206,35.47866
5103,-0.9508482,-0.04383023,-0.126999,-0.2789946,0.715513,15.42584,32.80204
5105,-0.9589341,-0.03958578,-0.1278124,-0.2500848,0.6871331,15.36374,29.32639
5107,-0.9619759,-0.04370473,-0.134213,-0.2338359,1.221534,16.18395,27.4985
5109,-0.967984,-0.03786794,-0.1320178,-0.2101057,1.021967,15.7558,24.63415
5111,-0.9720322,-0.03261188,-0.1354146,-0.1890843,0.6984549,15.99825,22.1141
5113,-0.9768114,-0.03083247,-0.1351764,-0.1631452,0.9241224,15.91313,19.09299
5113,-0.9773845,-0.03217594,-0.1373629,-0.1575302,1.124154,16.18285,18.47166
5115,-0.9792383,-0.02819266,-0.1388537,-0.1449735,0.8568602,16.269,16.96509
5117,-0.9804294,-0.02557487,-0.1395167,-0.1365265,0.6906173,16.29459,15.95399
5117,-0.9801559,-0.02681636,-0.1411822,-0.1365389,0.8030092,16.50578,15.97738
5118,-0.9826202,-0.02040976,-0.1393019,-0.12098,0.3669585,16.18297,14.09002
5120,-0.9842244,-0.02187465,-0.1390364,-0.1072052,0.7590932,16.16476,12.5405
5122,-0.9873942,-0.0176325,-0.13829,-0.0749536,0.8073122,16.00754,8.79557
5124,-0.988602,-0.01706987,-0.139274,-0.05456793,1.062945,16.09815,6.469026
5126,-0.9884574,-0.01593787,-0.1403769,-0.05470176,0.9253723,16.21803,6.466948
5128,-0.9885204,-0.01777128,-0.1391846,-0.05603112,1.119471,16.09423,6.646588
5130,-0.9888413,-0.01864834,-0.1366832,-0.05623985,1.232322,15.81168,6.681457
5134,-0.9893937,-0.01585557,-0.1372929,-0.04471555,1.094218,15.85127,5.327771
5139,-0.9893932,-0.02103623,-0.1380121,-0.04013883,1.750482,15.95686,4.891694
5140,-0.9893155,-0.02098789,-0.1399198,-0.03516912,1.815754,16.16866,4.329829
5142,-0.9896696,-0.02182605,-0.1392179,-0.02638705,2.054726,16.07464,3.344741
5144,-0.9897379,-0.02226421,-0.1387894,-0.02571076,2.116683,16.02539,3.274107
5151,-0.9897437,-0.02364076,-0.1396918,-0.01830286,2.388955,16.1185,2.457159
5156,-0.9900889,-0.02309412,-0.1379141,-0.01306251,2.414439,15.89891,1.848954
5160,-0.9899781,-0.02048397,-0.1394282,-0.009137886,2.178292,16.05954,1.365025
5164,-0.9900711,-0.01889632,-0.1386757,0.01310105,2.352709,15.92231,358.8128
5168,-0.9902821,-0.01707667,-0.1368537,0.01791594,2.219343,15.70227,358.2331
5172,-0.9900792,-0.01845276,-0.1379734,0.01913734,2.396824,15.82747,358.1185
5177,-0.9900751,-0.01876191,-0.13819,0.01740437,2.40493,15.85623,358.3208
5182,-0.9901633,-0.02125383,-0.137668,0.01313365,2.619656,15.80439,358.8438
5186,-0.9901537,-0.01917562,-0.1369809,0.02154919,2.51479,15.70583,357.8534
5191,-0.9901353,-0.01960251,-0.1368792,0.0226262,2.579891,15.69074,357.7374
5195,-0.9901749,-0.02057694,-0.1363085,0.02346543,2.702303,15.62096,357.6556
5199,-0.9896973,-0.02276269,-0.1394713,0.02300002,2.950434,15.98505,357.7518
5203,-0.9900883,-0.02042537,-0.1342095,0.0359996,2.872226,15.34439,356.2223
5207,-0.9896229,-0.02009718,-0.137904,0.03500377,2.833375,15.77565,356.3411
5212,-0.9899856,-0.01764464,-0.1346576,0.03853254,2.597148,15.39851,355.8932
5215,-0.9890873,-0.0169449,-0.1363865,0.05308528,2.751266,15.56351,354.2317
5219,-0.9892287,-0.0176683,-0.1345024,0.0549882,2.85153,15.33674,354.0208
5223,-0.9886334,-0.01325233,-0.1351191,0.064587,2.502171,15.40902,352.863
5228,-0.9884498,-0.01542011,-0.1367455,0.06348504,2.742455,15.58584,353.0256
5232,-0.9881271,-0.01643679,-0.1354755,0.07057776,2.958142,15.41259,352.2295
5235,-0.9872072,-0.01172545,-0.1385346,0.07805667,2.566447,15.78134,351.314
5239,-0.9869356,-0.008682758,-0.1348622,0.08772168,2.338278,15.36088,350.1569
5243,-0.9859608,-0.007047977,-0.1354669,0.09736811,2.308405,15.4248,349.0328
5246,-0.9852624,0.0008911081,-0.1331708,0.1073446,1.537683,15.23047,347.7699
5250,-0.9851853,0.0003541037,-0.1321313,0.1093224,1.615503,15.10143,347.5502
5254,-0.9861994,-0.001821116,-0.1317456,0.1002522,1.719564,15.04672,348.6182
5259,-0.9844545,0.003952093,-0.132679,0.1150228,1.30307,15.20122,346.8456
5262,-0.9848863,0.004784793,-0.1333316,0.1104486,1.147576,15.29226,347.3568
5266,-0.9848042,0.00359603,-0.1349775,0.1092203,1.283637,15.46831,347.5172
5270,-0.9848189,0.004054591,-0.1330693,0.1113911,1.241088,15.2519,347.2598
5274,-0.98492,0.002792485,-0.1339962,0.1094081,1.364903,15.3454,347.5067
5277,-0.9844431,0.00127646,-0.1341881,0.1134188,1.600233,15.34282,347.0713
5281,-0.9839065,0.00246498,-0.134747,0.1173254,1.533868,15.41631,346.6074
5284,-0.9847053,0.004433911,-0.1335918,0.1117553,1.210577,15.31628,347.2131
5286,-0.9846748,-3.62359E-05,-0.1324518,0.113456,1.726368,15.12668,347.0838
5291,-0.984813,0.0002465025,-0.1332982,0.1112435,1.671647,15.23117,347.334
5296,-0.9846948,0.001310185,-0.1315228,0.1143513,1.575795,15.0355,346.9599
5302,-0.9835947,0.002868943,-0.1331049,0.1217233,1.533428,15.22647,346.0956
5307,-0.9840973,0.002588738,-0.1316572,0.1192153,1.506823,15.06022,346.3847
5311,-0.9841278,0.0007857829,-0.1300949,0.1206959,1.710946,14.85441,346.2391
5315,-0.9835308,0.001923349,-0.129651,0.1259142,1.654156,14.81046,345.6241
5320,-0.9835372,0.001710456,-0.1333729,0.1219155,1.670744,15.24121,346.0913
5324,-0.9836114,0.001893338,-0.1336534,0.121004,1.640063,15.27738,346.1934
5328,-0.9838752,-0.0009243041,-0.131706,0.1210059,1.930844,15.01595,346.2314
5335,-0.985545,0.0002653152,-0.1323912,0.1057053,1.573879,15.1359,347.9653
5341,-0.9850414,-0.001855236,-0.1326166,0.1100145,1.881613,15.1293,347.5045
5346,-0.9853488,-0.002127867,-0.1327715,0.1070283,1.868976,15.14935,347.8503
5351,-0.9848596,-0.003828473,-0.1336964,0.1102826,2.122135,15.22915,347.5052
5356,-0.9840336,-0.004571851,-0.13287,0.1183333,2.31788,15.10734,346.5932
5359,-0.9843534,-0.002754264,-0.1307454,0.1180954,2.080476,14.88727,346.5894
5362,-0.9834804,-0.001825862,-0.1292257,0.1267427,2.083058,14.70763,345.5822
5366,-0.9823673,-0.001232117,-0.1320022,0.1323954,2.141856,15.02284,344.9312
5370,-0.9850305,-0.00121903,-0.1345479,0.1077517,1.799216,15.36311,347.7573
5372,-0.9868403,-0.006027557,-0.1324199,0.09260139,2.087232,15.09445,349.5551
5375,-0.9885601,-0.01076647,-0.1335863,0.06919572,2.279472,15.2383,352.297
5380,-0.9901757,-0.01742288,-0.1359731,0.02756584,2.407123,15.57805,357.14
5385,-0.9897465,-0.01728662,-0.1390599,0.02766748,2.402178,15.93537,357.1338
5387,-0.9902434,-0.02211189,-0.1375625,0.002371713,2.547341,15.81935,0.07951276
5392,-0.9897259,-0.02386039,-0.140362,-0.01311231,2.495994,16.18442,1.873011
5396,-0.9889909,-0.02835331,-0.1420417,-0.03028791,2.721314,16.43889,3.901439
5400,-0.9878507,-0.02927917,-0.1409616,-0.05851376,2.369885,16.38951,7.121059
5407,-0.9832607,-0.03747531,-0.1428908,-0.1066597,2.476788,16.81379,12.74806
5411,-0.978158,-0.04091571,-0.1448469,-0.1433606,2.2072,17.17654,17.0094
5412,-0.9770465,-0.04068384,-0.1389349,-0.1562766,2.067421,16.52254,18.47495
5416,-0.9686982,-0.04624454,-0.1406888,-0.1992283,1.92181,16.92743,23.52948
5418,-0.9618905,-0.04774418,-0.1420304,-0.2287243,1.540164,17.16849,26.98399
5421,-0.9546183,-0.050577,-0.1431779,-0.2562149,1.329085,17.41906,30.25128
5423,-0.9477335,-0.05356237,-0.1420971,-0.2806081,1.247916,17.42586,33.17755
5425,-0.9426028,-0.05095155,-0.1420159,-0.297885,0.6557829,17.34377,35.17558
5427,-0.9318295,-0.05481938,-0.1421009,-0.3293875,0.4900072,17.5148,39.01093
5428,-0.9334838,-0.05300283,-0.1411438,-0.3253878,0.4068974,17.33819,38.49646
5429,-0.9298728,-0.05187133,-0.1395974,-0.3363907,0.1460433,17.12844,39.79818
5430,-0.9222772,-0.0530922,-0.1371649,-0.357452,359.9926,16.91567,42.36913
5431,-0.9177169,-0.05319682,-0.1387145,-0.3684079,359.7383,17.08563,43.70565
5432,-0.9150672,-0.052406,-0.1406591,-0.3743273,359.4617,17.25783,44.41438
5433,-0.9091821,-0.05309047,-0.141942,-0.3878425,359.2228,17.41624,46.08559
5434,-0.9082977,-0.05426523,-0.1426077,-0.3895044,359.283,17.53913,46.3115
5435,-0.9073652,-0.05095065,-0.1397041,-0.3931608,359.0035,17.0756,46.70451
5436,-0.9049942,-0.04930122,-0.1388494,-0.3990939,358.7627,16.90197,47.41022
5437,-0.9009107,-0.047675,-0.1355858,-0.4095162,358.559,16.46552,48.6806
5438,-0.9044908,-0.04523191,-0.1357732,-0.4017662,358.4371,16.38328,47.67568
5439,-0.9031288,-0.0456769,-0.1356649,-0.4048051,358.4338,16.38747,48.06073
5440,-0.899689,-0.04435794,-0.1341687,-0.4130265,358.2227,16.15257,49.06532
5441,-0.896185,-0.04327515,-0.1340443,-0.4207277,357.9812,16.07187,50.0118
5442,-0.9000371,-0.03944872,-0.1280042,-0.4147193,357.985,15.26597,49.20856
5443,-0.8959903,-0.03973363,-0.1292986,-0.4229711,357.8121,15.39705,50.24549
5444,-0.8953857,-0.03919344,-0.1282433,-0.4246199,357.7808,15.25624,50.44629
5445,-0.8926567,-0.03891784,-0.1278464,-0.4304704,357.6739,15.18685,51.17986
5446,-0.8968107,-0.03489786,-0.1297168,-0.4215286,357.3196,15.21078,49.99197
5447,-0.8984132,-0.03490634,-0.1256316,-0.4193472,357.5558,14.78817,49.72574
5448,-0.8976938,-0.03484638,-0.1288735,-0.4199091,357.3825,15.12434,49.78948
5449,-0.8990968,-0.03343706,-0.1276409,-0.4173905,357.3391,14.93443,49.45574
5450,-0.9008477,-0.03273222,-0.1320866,-0.4122562,357.1378,15.38471,48.79397
5451,-0.9085944,-0.03112233,-0.1279691,-0.3963731,357.427,14.92033,46.80137
5452,-0.9119217,-0.02739167,-0.1295101,-0.3884272,357.0966,14.94054,45.76175
5453,-0.9213606,-0.02367477,-0.1286328,-0.3660434,357.1028,14.75533,42.95922
5454,-0.9249844,-0.02202074,-0.1273947,-0.3573371,357.1163,14.58006,41.87581
5455,-0.9263172,-0.02083558,-0.12671,-0.3541852,357.0677,14.46767,41.47727
5456,-0.9241974,-0.02285162,-0.1272128,-0.3593799,357.1801,14.58815,42.13675
5457,-0.9337464,-0.01986063,-0.1284281,-0.3335112,357.2158,14.67791,38.95229
5458,-0.9367763,-0.01901555,-0.1295238,-0.3245187,357.2235,14.79202,37.85382
5459,-0.9378445,-0.01866575,-0.1295387,-0.3214332,357.2336,14.78966,37.47777
5459,-0.9443714,-0.01602358,-0.131039,-0.3012224,357.2098,14.91925,35.01642
5460,-0.9458882,-0.01421829,-0.132016,-0.2960832,357.0607,14.98134,34.37592
5461,-0.949822,-0.01351632,-0.1314067,-0.2835277,357.2007,14.92757,32.87456
5462,-0.9513073,-0.01097231,-0.1317142,-0.2784698,356.9917,14.89607,32.2386
5463,-0.9584332,-0.007190593,-0.1335172,-0.2520466,356.932,15.06602,29.06201
5464,-0.9594436,-0.007066004,-0.136325,-0.2466447,356.9224,15.39433,28.41772
5465,-0.965906,-0.004238181,-0.1349024,-0.2209276,357.0526,15.23784,25.37246
5466,-0.9649117,-0.004243501,-0.136791,-0.2240887,356.9552,15.44185,25.73603
5467,-0.9709327,0.001051374,-0.1396326,-0.1943996,356.7708,15.73387,22.19774
5468,-0.9726328,-0.0009204075,-0.140541,-0.1850215,357.1216,15.90695,21.13887
5469,-0.9742322,0.003448442,-0.1405386,-0.1763767,356.7729,15.8459,20.07432
5470,-0.9750986,0.006196439,-0.1378796,-0.1735906,356.5629,15.49902,19.72062
5471,-0.9785619,0.006414935,-0.1358941,-0.154623,356.8713,15.32964,17.53703
5472,-0.9797369,0.009179294,-0.137142,-0.1456829,356.6781,15.45606,16.46445
5473,-0.9832727,0.01325025,-0.1391623,-0.1167606,356.6432,15.72615,13.08024
5474,-0.982901,0.01256056,-0.139181,-0.1199023,356.6711,15.72661,13.45021
5475,-0.9831673,0.01340158,-0.1421472,-0.1140032,356.6312,16.07717,12.75249
5476,-0.9844871,0.0150313,-0.1394984,-0.105355,356.6182,15.78183,11.74768
5477,-0.9849975,0.01801329,-0.1418265,-0.09664745,356.3937,16.04922,10.69921
5478,-0.9866853,0.01875358,-0.141654,-0.0776834,356.6167,16.0875,8.525146
5479,-0.9867796,0.02341814,-0.1429752,-0.07263491,356.1591,16.22414,7.872
5480,-0.9878183,0.02262654,-0.1399609,-0.06414086,356.4077,15.91125,6.928022
5482,-0.9876674,0.0210814,-0.1413252,-0.06399814,356.5756,16.0789,6.931036
5484,-0.987788,0.02290996,-0.1423244,-0.0591101,356.4405,16.20068,6.342312
5486,-0.9883518,0.02262393,-0.1412135,-0.05203687,356.5936,16.09749,5.545868
5488,-0.9888192,0.02539305,-0.1410376,-0.04123332,356.454,16.1026,4.273903
5490,-0.9894072,0.02744422,-0.1388685,-0.03218521,356.3738,15.87718,3.2205
5492,-0.9894487,0.02622937,-0.1402219,-0.02532281,356.6172,16.05967,2.45473
5495,-0.9895435,0.02584517,-0.1400845,-0.02263296,356.7042,16.05302,2.15562
5498,-0.9895564,0.02543458,-0.1406094,-0.01897871,356.8084,16.1258,1.745246
5501,-0.9898943,0.0231863,-0.1389031,-0.01666642,357.1034,15.93678,1.523597
5503,-0.9897529,0.02312727,-0.1394362,-0.02029572,357.0514,15.98827,1.935284
5506,-0.989852,0.02189387,-0.1393688,-0.01703201,357.2435,15.99074,1.584297
5512,-0.9898214,0.02004059,-0.1397888,-0.01763997,357.4435,16.03949,1.681709
5530,-0.9896747,0.01910711,-0.1408063,-0.01878174,357.5293,16.15553,1.823712
5535,-0.9895499,0.02213659,-0.1412285,-0.01885745,357.1835,16.20097,1.782514
5539,-0.9900717,0.02652309,-0.1378263,-0.007653721,356.8684,15.83794,0.4501224
5544,-0.9900454,0.03068907,-0.1373299,-0.002969637,356.4693,15.7988,359.8537
5549,-0.9900377,0.03692269,-0.135587,0.008859372,355.9454,15.65248,358.4171
5553,-0.9895894,0.04058252,-0.1376208,0.01125005,355.571,15.90885,358.0782
5558,-0.9893863,0.04166742,-0.1372897,0.02302372,355.6339,15.92507,356.7229
5560,-0.9886814,0.04755598,-0.1370564,0.03825277,355.2074,15.99849,354.8947
5566,-0.9888678,0.04393098,-0.136922,0.03825118,355.6178,15.95963,354.955
5571,-0.9888304,0.04674775,-0.1365722,0.03711202,355.2784,15.9319,355.0402
5576,-0.9888926,0.0466825,-0.1359448,0.03783401,355.2941,15.86212,354.962
5580,-0.9891514,0.04516659,-0.1340379,0.03966866,355.4851,15.63971,354.7865
5585,-0.9890982,0.04523663,-0.1345229,0.03927122,355.4734,15.69458,354.8285
5591,-0.9886936,0.04314305,-0.1383567,0.03848453,355.7182,16.12181,354.9351
5596,-0.9889927,0.04382297,-0.1359807,0.03850011,355.6292,15.851,354.9326
5601,-0.989019,0.0427941,-0.1358114,0.03956817,355.7619,15.82931,354.8285
5603,-0.989886,0.0418677,-0.1324498,0.0288107,355.6841,15.38986,356.0823
5605,-0.9893638,0.04226071,-0.1362003,0.02868407,355.6523,15.82574,356.0741
5609,-0.9896042,0.04114089,-0.1338172,0.03292432,355.8358,15.56131,355.6197
5614,-0.9897282,0.03738827,-0.1356803,0.02512048,356.1473,15.72761,356.5598
5616,-0.990317,0.03707385,-0.1312771,0.02577489,356.1777,15.21886,356.5074
5622,-0.9898284,0.03817958,-0.1344299,0.0266612,356.0771,15.59231,356.3769
5628,-0.988374,0.04202606,-0.133763,0.05880691,356.1386,15.66257,352.6587
5634,-0.988363,0.04288545,-0.1319917,0.06227203,356.0817,15.47847,352.257
5642,-0.9851769,0.04799548,-0.1263886,0.1055884,356.1079,15.05612,347.2506
5650,-0.982438,0.05171102,-0.1252594,0.1282642,356.0163,15.07082,344.5962
5655,-0.9815995,0.04885742,-0.1235913,0.1371164,356.444,14.86406,343.632
5657,-0.9769255,0.05534631,-0.1227649,0.1657774,356.1333,14.99909,340.2289
5657,-0.9768065,0.05529382,-0.1238319,0.1657026,356.1592,15.11932,340.2344
5664,-0.9767798,0.052759,-0.1225606,0.1676213,356.4465,14.92839,340.0594
5667,-0.9700931,0.05759372,-0.1129594,0.2069847,356.2743,14.09433,335.4506
5669,-0.955569,0.07062037,-0.1062695,0.2657209,355.4983,13.96747,328.3683
5670,-0.9508568,0.07075567,-0.1078719,0.2814758,355.766,14.21988,326.4917
5671,-0.9448576,0.0796091,-0.109207,0.2982958,355.1075,14.7613,324.3236
5672,-0.9395224,0.08296908,-0.1038248,0.315649,354.8158,14.38795,322.2039
5673,-0.9338138,0.08493605,-0.1034863,0.3317655,354.8386,14.51585,320.224
5674,-0.9306055,0.08815105,-0.1037968,0.3397489,354.6328,14.72622,319.1933
5675,-0.9127973,0.1017196,-0.09987897,0.3827252,353.7281,15.17491,313.6683
5676,-0.9125515,0.1010203,-0.09995559,0.3834759,353.8166,15.1548,313.5901
5677,-0.8948648,0.1211429,-0.09788805,0.4182815,352.2458,16.20583,308.7893
5678,-0.893978,0.1193414,-0.09762239,0.4207506,352.4594,16.10325,308.5238
5679,-0.8662848,0.129074,-0.08788508,0.4745175,351.9392,16.11132,301.4328
5680,-0.8637463,0.1287352,-0.0901401,0.4787948,352.1794,16.35639,300.8731
5681,-0.8352238,0.1430166,-0.0810281,0.5247686,351.1493,16.79178,294.4091
5682,-0.8310267,0.1455976,-0.07900161,0.5309943,350.9038,16.83217,293.4974
5683,-0.8109657,0.1579388,-0.07949072,0.5577378,350.3578,18.02773,289.4308
5684,-0.8095809,0.1560751,-0.07834515,0.5604297,350.5088,17.81715,289.1234
5685,-0.7690718,0.1671221,-0.06730151,0.613245,349.9497,18.25825,281.2444
5687,-0.7484469,0.1805217,-0.06287029,0.6350485,349.0256,19.23324,277.5066
5688,-0.7827123,0.1782049,-0.07423273,0.5916876,348.9818,19.46503,283.9299
5689,-0.735503,0.1837975,-0.058584,0.6494782,348.798,19.34362,275.1934
5690,-0.726216,0.1850855,-0.05766225,0.6595672,348.8861,19.52208,273.5892
5691,-0.7265422,0.1816593,-0.05849481,0.6600871,349.2372,19.30738,273.6517
5692,-0.7233276,0.1824646,-0.0568594,0.6635292,349.1343,19.28814,273.0861
5693,-0.7198782,0.1812259,-0.05859479,0.6674575,349.4728,19.38227,272.5251
5694,-0.7309695,0.1811721,-0.06204411,0.6549893,349.4213,19.49399,274.4536
5695,-0.7280507,0.1821555,-0.06102109,0.6580563,349.3432,19.53343,273.9421
5696,-0.757158,0.179328,-0.06649476,0.6246053,349.1351,19.30759,279.1057
5697,-0.7278185,0.1780035,-0.06611493,0.6589567,350.0974,19.62338,273.9688
5698,-0.7277676,0.1795655,-0.06752032,0.6584465,350.0699,19.86699,273.9824
5699,-0.7721477,0.1686848,-0.07968366,0.6074406,350.5787,19.41886,282.0009
5700,-0.7646827,0.1707123,-0.0764147,0.6166674,350.3961,19.39419,280.5872
5701,-0.7810311,0.1680224,-0.08544093,0.5953646,350.7511,19.75059,283.7514
5702,-0.7850146,0.1710011,-0.08511123,0.5892936,350.3188,19.87742,284.5102
5703,-0.7930372,0.1633956,-0.09193191,0.5796056,351.223,19.82771,286.1393
5704,-0.7985077,0.1617245,-0.09051612,0.5727457,351.1069,19.50096,287.1674
5705,-0.8002048,0.15975,-0.09085202,0.570875,351.2609,19.36866,287.4969
5706,-0.7992409,0.1587918,-0.09139973,0.572403,351.42,19.36578,287.3141
5707,-0.8213407,0.1510298,-0.09667215,0.5415204,351.7557,19.01036,291.8225
5708,-0.820879,0.1521575,-0.09624431,0.5419806,351.6349,19.05134,291.7248
5709,-0.8254077,0.1468195,-0.09779501,0.5362673,352.0977,18.78197,292.6675
5710,-0.8218245,0.1462768,-0.09704837,0.5420234,352.2285,18.7254,291.9041
5711,-0.8351036,0.142971,-0.1024955,0.5212064,352.4178,18.84735,294.8014
5713,-0.8370233,0.1389321,-0.1018105,0.5193504,352.7137,18.50012,295.1748
5715,-0.844663,0.1308105,-0.1014769,0.5090538,353.2425,17.86273,296.7845
5717,-0.8565767,0.1289307,-0.1037464,0.4887638,353.1389,17.8158,299.5051
5719,-0.8560156,0.1274279,-0.1056315,0.4897362,353.4138,17.9199,299.4117
5721,-0.8568758,0.1260316,-0.1031356,0.4891249,353.3909,17.58056,299.5394
5723,-0.8588701,0.1238135,-0.1051138,0.4857607,353.6525,17.61992,300.0319
5725,-0.8611621,0.1220565,-0.1058805,0.4819662,353.7908,17.56486,300.571
5727,-0.8570306,0.1217885,-0.1025891,0.4900425,353.788,17.27455,299.5344
5729,-0.8581137,0.1171384,-0.1001659,0.489782,354.0928,16.74917,299.6971
5731,-0.8600149,0.11687,-0.1007819,0.4863731,354.0889,16.77219,300.148
5733,-0.8603406,0.115498,-0.1001625,0.4862529,354.1844,16.62718,300.2004
5735,-0.8608297,0.1145575,-0.100694,0.4854993,354.2922,16.61947,300.3205
5737,-0.8581876,0.1109849,-0.09524053,0.4920629,354.4472,15.90107,299.5662
5739,-0.85825,0.1112768,-0.09364972,0.4921933,354.3288,15.76061,299.5472
5741,-0.8590961,0.1080707,-0.09304437,0.4915462,354.5939,15.50369,299.71
5743,-0.8591646,0.1042721,-0.08995295,0.4928206,354.8069,14.9754,299.6394
5745,-0.8609415,0.1029269,-0.0892615,0.4901207,354.8519,14.81046,300.0261
5747,-0.861142,0.1027322,-0.09010255,0.4896552,354.9114,14.88032,300.0889
5749,-0.870106,0.09802409,-0.09045219,0.4744739,355.1385,14.55622,302.171
5751,-0.8821043,0.0948191,-0.09225613,0.4520953,355.1893,14.44036,305.1182
5753,-0.8889556,0.09401657,-0.09450635,0.4381639,355.1622,14.55496,306.9047
5754,-0.9049418,0.08727792,-0.09515265,0.4054739,355.3655,14.11034,311.155
5756,-0.914765,0.08553444,-0.1006856,0.381774,355.4339,14.49594,314.1129
5758,-0.9258922,0.0883811,-0.1048334,0.3520262,354.8448,14.91555,317.6909
5760,-0.9387115,0.08476128,-0.1148077,0.3137763,355.0041,15.64996,322.3473
5762,-0.9459953,0.08440679,-0.1148796,0.2911547,354.6752,15.5249,325.0594
5764,-0.9572415,0.07989639,-0.1195236,0.2510369,354.6666,15.67076,329.8757
5766,-0.9725599,0.06949809,-0.1268736,0.1822105,354.897,15.8544,338.0661
5768,-0.9786946,0.06514279,-0.1268621,0.1477149,354.8346,15.58422,342.1269
5770,-0.9805539,0.06171051,-0.1277188,0.1356239,355.0448,15.55787,343.573
5772,-0.9853216,0.05459969,-0.1314198,0.09428197,355.2496,15.67648,348.4141
5774,-0.9879047,0.05041404,-0.1357621,0.0554217,355.1493,15.95083,352.8981
5776,-0.9892868,0.0468587,-0.1361075,0.02430619,355.0609,15.81837,356.4985
5778,-0.9893413,0.04508997,-0.138171,0.008933246,355.0233,15.9763,358.2665
5780,-0.9894307,0.04214624,-0.1377169,-0.01688038,354.9485,15.79264,1.253755
5782,-0.988845,0.04049971,-0.1405167,-0.02829391,354.9487,16.06223,2.564762
5784,-0.9885973,0.04560607,-0.1392274,-0.03480288,354.2687,15.87099,3.232896
5786,-0.9884748,0.04657368,-0.139154,-0.03721199,354.1209,15.84706,3.492899
5788,-0.9882508,0.04641757,-0.1404247,-0.03855943,354.1126,15.9872,3.641387
5790,-0.9879934,0.05176485,-0.1395359,-0.04146523,353.4622,15.85506,3.895124
5792,-0.9878938,0.05491654,-0.1396813,-0.03923379,353.1389,15.88044,3.590467
5792,-0.988089,0.05467883,-0.1393108,-0.03581996,353.2213,15.8605,3.206971
5794,-0.9877929,0.06366523,-0.1392724,-0.02855122,352.3149,15.90063,2.236379
5796,-0.9873936,0.06777632,-0.1400705,-0.02899241,351.8384,15.98999,2.215519
5798,-0.9868186,0.07620107,-0.1404392,-0.02568069,350.932,16.06458,1.699167
5800,-0.9865785,0.08694829,-0.1379665,-0.008261789,349.9887,15.96081,359.5526
5802,-0.98646,0.09193871,-0.1356052,-0.007449865,349.4317,15.70957,359.4034
5804,-0.9859939,0.09790581,-0.1350072,-0.001913454,348.8379,15.72283,358.6764
5806,-0.9847301,0.1053541,-0.1359785,0.02677758,348.4509,16.20633,355.2349
5808,-0.9847157,0.106251,-0.1347362,0.02986874,348.3925,16.1035,354.8777
5810,-0.9828004,0.1122298,-0.1349251,0.0574741,348.1653,16.50802,351.5835
5812,-0.9832323,0.1106087,-0.1348356,0.05328748,348.2795,16.42945,352.0978
5814,-0.9813576,0.1161518,-0.1307991,0.07960929,348.0448,16.3388,349.0021
5816,-0.9767972,0.1184349,-0.1254419,0.1269054,348.4902,16.30609,343.5408
5818,-0.9751777,0.1197964,-0.122376,0.140362,348.5045,16.13375,341.9841
5820,-0.9734131,0.1165822,-0.1210087,0.1556682,349.0886,16.07437,340.2831
5822,-0.9701715,0.1191011,-0.1188601,0.1745131,349.0699,16.09483,338.0556
5824,-0.9637963,0.1242981,-0.1113945,0.2079383,348.8563,15.75565,334.1035
5826,-0.9619431,0.1239633,-0.1131946,0.2156051,349.0659,16.03608,333.1888
5828,-0.9543852,0.1265163,-0.1072955,0.2482545,349.1512,15.81243,329.3277
5830,-0.9422787,0.1352333,-0.1012205,0.2890975,348.6776,15.91942,324.299
5832,-0.9305912,0.1380553,-0.09921595,0.3241869,348.8944,16.22454,319.9989
5834,-0.9206672,0.1444915,-0.09518194,0.3499067,348.4954,16.38232,316.7191
5836,-0.9093047,0.1479957,-0.09223041,0.3778304,348.4951,16.57666,313.1912
5838,-0.9020237,0.1553348,-0.08893552,0.3928293,347.8567,16.79507,311.1347
5840,-0.889427,0.1602583,-0.08675423,0.4191786,347.7402,17.18235,307.6728
5842,-0.8776988,0.1643099,-0.07907143,0.4431646,347.3881,16.94581,304.5338
5844,-0.8741245,0.1663008,-0.07695949,0.4498087,347.2028,16.94116,303.6273
5846,-0.8699993,0.167899,-0.07855138,0.4568818,347.2694,17.30214,302.6427
5848,-0.8657526,0.1697456,-0.07485178,0.4648184,347.0365,17.15302,301.5744
5850,-0.8627772,0.1711023,-0.07613266,0.4696204,347.0712,17.43804,300.889
5852,-0.8624846,0.1723325,-0.07712269,0.4695466,347.0063,17.61498,300.8495
5854,-0.8623233,0.1717427,-0.07476187,0.47044,346.9469,17.35151,300.7705
5856,-0.8594074,0.172567,-0.07462591,0.4754691,346.9591,17.46413,300.0812
5858,-0.8599583,0.1736964,-0.07965887,0.4732397,347.0942,18.0121,300.2976
5860,-0.8526914,0.1759012,-0.07718295,0.485818,346.998,18.0893,298.5772
5862,-0.8520465,0.1769126,-0.0820789,0.4857798,347.1893,18.64535,298.5106
5864,-0.8467518,0.1800029,-0.07919478,0.4943063,346.9064,18.6871,297.2864
5865,-0.8436666,0.1805542,-0.08244577,0.4988282,347.1498,19.1138,296.6392
5867,-0.8337319,0.1805489,-0.08385372,0.515036,347.6031,19.48616,294.4521
5869,-0.827921,0.1828833,-0.07954764,0.5241877,347.3244,19.36158,293.1502
5871,-0.8243176,0.1783741,-0.07736087,0.5316941,347.7716,18.94045,292.3077
5873,-0.8258032,0.1796531,-0.08316746,0.5280691,347.9433,19.54071,292.7217
5875,-0.812873,0.1785608,-0.07652995,0.5490873,348.0973,19.12025,289.911
5877,-0.8019463,0.1816221,-0.07592592,0.5640309,348.1323,19.49914,287.7142
5879,-0.8035299,0.1871618,-0.08202261,0.559091,347.9325,20.41418,288.1595
5881,-0.7975014,0.1878024,-0.08196843,0.5674531,348.0816,20.5763,286.9624
5883,-0.7922281,0.1927034,-0.08414626,0.5728521,347.9407,21.22909,285.9913
5885,-0.781272,0.1979808,-0.08579573,0.5857105,347.945,21.9768,283.934
5887,-0.7831981,0.2029279,-0.09195533,0.5804872,347.8127,22.85409,284.4378
5889,-0.7812306,0.2086529,-0.09508824,0.5806041,347.5496,23.59533,284.1508
5891,-0.7781742,0.2135909,-0.09880209,0.5822906,347.446,24.35401,283.6672
5894,-0.7789877,0.2158804,-0.102043,0.579794,347.4079,24.79676,283.9012
5896,-0.7795895,0.2152812,-0.1028381,0.5790671,347.4928,24.81095,284.0296
5898,-0.7822763,0.2154655,-0.1064306,0.5747096,347.5977,25.09197,284.623
5900,-0.7804699,0.2153456,-0.1000422,0.5783465,347.2661,24.54875,284.14
5902,-0.7845639,0.2092421,-0.09957361,0.5751194,347.6552,23.97367,284.8832
5906,-0.7878853,0.2122907,-0.1015145,0.5690908,347.3509,24.30401,285.5844
5908,-0.7869414,0.2099074,-0.1007396,0.5714139,347.5703,24.07948,285.3707
5910,-0.7836316,0.2121008,-0.09733513,0.5757264,347.2709,24.00216,284.6747
5912,-0.7827313,0.2127061,-0.09766933,0.5766703,347.2711,24.09517,284.5114
5914,-0.78209,0.2091351,-0.09953552,0.5785245,347.7629,24.01129,284.4063
5916,-0.783482,0.2159681,-0.1049876,0.5731418,347.4044,24.97572,284.8264
5918,-0.7816943,0.2213791,-0.105306,0.5734597,346.9781,25.44125,284.52
5920,-0.781968,0.2218934,-0.1047034,0.5729982,346.8773,25.41982,284.5627
5922,-0.7765692,0.2220994,-0.103208,0.580483,346.9895,25.41446,283.4982
5924,-0.7764803,0.2225039,-0.1029631,0.5804904,346.9382,25.42494,283.4783
5926,-0.7737675,0.2210921,-0.1008431,0.5850068,347.0465,25.18666,282.9122
5928,-0.7754394,0.2273995,-0.1092152,0.5788398,346.9246,26.36901,283.4441
5930,-0.7525789,0.2236774,-0.09483951,0.612045,347.257,25.28166,278.8904
5932,-0.7470914,0.2239639,-0.09587261,0.6184684,347.5226,25.49593,277.9282
5934,-0.7478228,0.2219076,-0.09641847,0.6182408,347.7208,25.36561,278.0641
5936,-0.7438884,0.2216844,-0.09755409,0.6228719,347.9779,25.51505,277.3883
5938,-0.7446815,0.2209655,-0.0962517,0.6223822,347.9194,25.33306,277.4996
5940,-0.7418226,0.2199178,-0.1006778,0.6254595,348.4431,25.67418,277.0869
5940,-0.7539711,0.2230092,-0.107431,0.6084843,348.1386,26.28591,279.4112
5942,-0.7496189,0.2188358,-0.1032339,0.6160563,348.4109,25.673,278.5222
5944,-0.7484143,0.2182784,-0.1044723,0.6175082,348.5975,25.75545,278.3336
5946,-0.7515012,0.2152724,-0.1038228,0.6149186,348.7045,25.41094,278.8617
5948,-0.7507569,0.2181355,-0.1072527,0.6142296,348.7098,25.94307,278.8149
5950,-0.7515554,0.2178776,-0.1099502,0.6128662,348.8882,26.14132,279.0205
5952,-0.7496332,0.2209333,-0.1107034,0.6139898,348.738,26.47842,278.7037
5954,-0.7487036,0.2180391,-0.1088143,0.6164913,348.9114,26.10337,278.485
5956,-0.7476905,0.2186561,-0.1080957,0.6176276,348.8459,26.10724,278.2895
5958,-0.7468872,0.2195124,-0.1063575,0.6185969,348.6783,26.03984,278.1086
5960,-0.7560883,0.2172014,-0.1037045,0.6086047,348.3334,25.4729,279.6905
5962,-0.7620918,0.2177594,-0.1046667,0.6007013,348.1027,25.49252,280.8073
5964,-0.7684834,0.2158648,-0.1040039,0.5933119,347.9735,25.17195,281.9652
5966,-0.7751085,0.2208978,-0.1075273,0.5821072,347.4522,25.73662,283.3094
5968,-0.7756611,0.2196366,-0.1061638,0.5820988,347.4594,25.51005,283.3772
5970,-0.7817649,0.2220653,-0.1069777,0.5727886,347.0175,25.64008,284.5742
5972,-0.7911723,0.2198047,-0.1086218,0.560298,346.9333,25.42347,286.429
5974,-0.7936624,0.2190977,-0.1076395,0.5572343,346.8313,25.22949,286.8947
5976,-0.792959,0.2195354,-0.108481,0.5579,346.8723,25.35271,286.777
5978,-0.7938172,0.2188115,-0.1094108,0.5567812,346.9644,25.36635,286.9628
5980,-0.7940719,0.2168048,-0.109409,0.5572032,347.1505,25.21618,286.9994
5983,-0.7922099,0.2132745,-0.1125163,0.5605869,347.7741,25.28218,286.6797
5985,-0.781979,0.2121958,-0.1103475,0.5755913,348.1801,25.2067,284.6369
5987,-0.7836848,0.2088288,-0.1108081,0.5744131,348.4623,24.96817,284.9571
5989,-0.7879754,0.2083899,-0.1143032,0.5679818,348.5468,25.17149,285.8658
5991,-0.7884519,0.2057626,-0.1165484,0.5678222,348.924,25.17486,285.9986
5993,-0.7868257,0.203105,-0.115317,0.5712757,349.172,24.89917,285.6396
5995,-0.7872028,0.2032379,-0.1144418,0.5708846,349.0873,24.82324,285.6917
5997,-0.7884476,0.1925475,-0.1045944,0.5747486,349.4324,23.13704,285.6497
5999,-0.8129057,0.1900573,-0.1067421,0.5400637,348.8311,22.71465,290.5526
6001,-0.8127276,0.1917809,-0.1074744,0.539577,348.7115,22.9038,290.545
6003,-0.8232793,0.1867143,-0.1046384,0.5257376,348.6144,22.08727,292.647
6005,-0.8367372,0.1758034,-0.09362352,0.510097,348.5397,20.05158,295.2322
6007,-0.8445697,0.1717432,-0.08884141,0.4993129,348.3824,19.16553,296.8486
6009,-0.8688971,0.1682112,-0.08843672,0.4570581,347.7912,18.33447,302.5319
6011,-0.890739,0.1680165,-0.09228948,0.4121134,347.1,18.10371,308.2797
6013,-0.9078203,0.163482,-0.1005061,0.3728736,347.181,18.19065,313.2801
6015,-0.9255648,0.166534,-0.101421,0.3245153,345.9688,17.75377,319.1551
6015,-0.9255494,0.1632566,-0.1045666,0.3252253,346.4562,17.95848,319.1286
6017,-0.9406688,0.1609325,-0.1091768,0.2780709,345.9924,17.69426,324.8727
6019,-0.9585854,0.1511143,-0.1179304,0.2106444,346.1117,17.36642,333.0818
6021,-0.9708408,0.1458238,-0.1259785,0.1425939,345.6872,17.17944,341.1156
6023,-0.9816977,0.1289579,-0.1352257,0.03679292,345.9219,16.46957,353.6597
6025,-0.9806098,0.114776,-0.1420847,-0.07101424,345.8015,15.70145,6.316442
6027,-0.9747063,0.1005577,-0.1414912,-0.1407696,346.3575,14.7558,14.66121
6028,-0.9632311,0.08875925,-0.1407284,-0.2109581,346.6813,13.89345,23.07671
6030,-0.9439706,0.07729484,-0.1385985,-0.289371,346.93,12.86774,32.60529
6032,-0.9170465,0.06084552,-0.1438891,-0.3669053,347.4563,12.98044,42.1795
6033,-0.9050307,0.05500099,-0.1456546,-0.3958272,347.5925,13.02438,45.82378
6034,-0.8794895,0.04307359,-0.1474482,-0.4504466,347.9597,13.03314,52.85981
6036,-0.8685161,0.03802252,-0.1470252,-0.4718241,348.183,12.95939,55.67947
6037,-0.8438442,0.02699161,-0.1491317,-0.5147411,348.5167,13.20724,61.43221
6039,-0.8181138,0.01351815,-0.1492077,-0.5551975,349.1757,13.49013,67.0401
6041,-0.7711546,-0.006326616,-0.1487536,-0.6189935,349.9564,13.94255,76.27572
6043,-0.7277263,-0.02641061,-0.1517658,-0.6683445,350.5362,15.05378,83.87553
6045,-0.7293472,-0.02403235,-0.1465057,-0.6678408,350.7566,14.42074,83.78685
6046,-0.7044253,-0.03401646,-0.1489267,-0.6931441,350.8784,15.08569,87.86469
6047,-0.6812301,-0.0384213,-0.1469205,-0.7161452,350.9042,14.97833,91.66441
6048,-0.6302509,-0.05079889,-0.1442387,-0.7611824,351.0512,15.209,99.55408
6050,-0.6032,-0.05276236,-0.1400025,-0.7834319,351.0419,14.75443,103.6492
6052,-0.5941837,-0.05483529,-0.1367945,-0.7907125,351.3055,14.60643,105.0373
6054,-0.5417874,-0.06124932,-0.1267016,-0.8286507,351.743,13.96331,112.6323
6055,-0.4868097,-0.07372472,-0.1186119,-0.8622716,352.3702,14.16951,120.1551
6056,-0.4763288,-0.0682078,-0.1116572,-0.8694776,352.5773,13.11361,121.7149
6057,-0.4687296,-0.07500821,-0.1101877,-0.8732269,352.9855,13.65421,122.7073
6058,-0.4550598,-0.07006001,-0.1011891,-0.8819144,353.4127,12.53883,124.6889
6059,-0.4547865,-0.07046419,-0.1053311,-0.8815383,353.0147,12.80805,124.6365
6060,-0.4532176,-0.07000011,-0.1020335,-0.8827701,353.2987,12.56583,124.9091
6061,-0.4162864,-0.07052335,-0.08798674,-0.9022143,354.258,11.62591,129.8773
6062,-0.3972946,-0.07571062,-0.077686,-0.9112574,355.3295,11.55903,132.414
6063,-0.3864815,-0.07777849,-0.077538,-0.915735,355.3029,11.71625,133.7539
6064,-0.3759555,-0.07481971,-0.06841493,-0.9210749,355.9991,10.93723,135.2092
6065,-0.3735747,-0.07418278,-0.06955284,-0.9220095,355.8234,10.9098,135.4879
6066,-0.3685806,-0.07734001,-0.0571339,-0.9246095,357.212,10.68182,136.2715
6067,-0.3694271,-0.07998767,-0.05609784,-0.9241097,357.4448,10.92193,136.176
6068,-0.3674849,-0.0816355,-0.04706657,-0.9252434,358.4473,10.70347,136.5309
6069,-0.3623335,-0.08334875,-0.04653348,-0.9271474,358.5166,10.85578,137.1675
6070,-0.3620525,-0.08497202,-0.04285632,-0.927287,358.9714,10.874,137.2465
6071,-0.3583696,-0.0890083,-0.03796493,-0.9285514,359.6156,11.09946,137.755
6072,-0.3619356,-0.09231424,-0.03544539,-0.9269437,0.06370562,11.34979,137.3489
6073,-0.35776,-0.08850595,-0.03326556,-0.9290146,0.08705571,10.85062,137.8853
6074,-0.3492098,-0.09295106,-0.02416167,-0.93211,1.138897,10.96409,139.0329
6075,-0.3530319,-0.08921093,-0.02545929,-0.9310005,0.8928983,10.60919,138.5498
6076,-0.3588565,-0.09508654,-0.01811564,-0.9283601,1.983356,10.93321,137.9219
6077,-0.3644695,-0.09816715,-0.01946625,-0.925822,2.03519,11.30805,137.2253
6078,-0.3673165,-0.09369966,-0.01049136,-0.9253048,2.832681,10.44726,136.956
6079,-0.3719467,-0.0899567,-0.00915204,-0.9238398,2.866451,9.976023,136.3899
6080,-0.3780123,-0.09663153,-0.008291483,-0.9207065,3.312841,10.63288,135.6654
6081,-0.3791317,-0.0940432,-0.007964641,-0.9205171,3.247335,10.33855,135.5234
6082,-0.3774207,-0.09431511,-0.005537674,-0.9212101,3.496651,10.26959,135.7564
6083,-0.3871442,-0.09421474,0.004861578,-0.9171802,4.695904,9.766244,134.6319
6084,-0.4203617,-0.09220958,0.002323627,-0.9026562,4.687301,9.501046,130.4475
6084,-0.4284259,-0.09309971,0.001400217,-0.8987669,4.720184,9.596905,129.4239
6085,-0.427514,-0.0941495,0.0003560483,-0.8990927,4.654134,9.761824,129.536
6086,-0.4377382,-0.09475312,0.01230246,-0.8940111,6.024354,9.179686,128.3082
6087,-0.4399212,-0.09366754,0.01162021,-0.8930627,5.921615,9.086224,128.0214
6088,-0.463459,-0.1024788,0.01348518,-0.8800694,6.81854,9.733932,125.0372
6089,-0.4649076,-0.09682396,0.01553261,-0.8799118,6.739942,9.034891,124.833
6090,-0.4684725,-0.09741381,0.01650192,-0.8779361,6.906338,9.016679,124.3759
6091,-0.4692361,-0.09513727,0.01816969,-0.8777452,6.960229,8.689177,124.2722
6092,-0.4746109,-0.1010935,0.02371329,-0.8740494,7.898195,8.956766,123.6154
6093,-0.4785621,-0.09819916,0.02289051,-0.8722451,7.696232,8.670763,123.0811
6094,-0.4836465,-0.101383,0.02939476,-0.8688749,8.577542,8.59309,122.4419
6095,-0.4844629,-0.1023358,0.03115524,-0.8682469,8.815702,8.585313,122.3419
6096,-0.4982693,-0.1017805,0.03181125,-0.8604398,8.984746,8.350761,120.5081
6097,-0.5008026,-0.09863994,0.02898543,-0.859434,8.546986,8.169101,120.1517
6098,-0.5061853,-0.1000743,0.0348102,-0.8558913,9.259122,7.924077,119.4414
6099,-0.5055345,-0.10571,0.03465009,-0.8556049,9.565424,8.506114,119.5595
6100,-0.5243407,-0.1058409,0.03870103,-0.8440183,10.15561,8.063816,117.017
6101,-0.5276604,-0.1067304,0.03595537,-0.8419564,9.97279,8.276792,116.572
6102,-0.5263697,-0.1086062,0.03996864,-0.8423433,10.46697,8.237401,116.7543
6103,-0.5292509,-0.1080148,0.04056592,-0.8405837,10.51727,8.106933,116.3565
6104,-0.5284621,-0.1083035,0.03892685,-0.8411201,10.36701,8.24409,116.4682
6105,-0.5261657,-0.1145638,0.04229459,-0.8415676,11.05473,8.691983,116.8138
6106,-0.5268819,-0.1127751,0.0453871,-0.8412,11.25627,8.319258,116.6997
6107,-0.5270257,-0.107406,0.05521657,-0.8412247,11.89452,7.191854,116.616
6108,-0.5221546,-0.1066296,0.05781712,-0.8441812,12.06203,7.027845,117.267
6109,-0.5254352,-0.1106554,0.0581335,-0.841602,12.36478,7.361951,116.8432
6110,-0.541383,-0.1120604,0.05883963,-0.8311949,12.65909,7.217283,114.6467
6111,-0.5454158,-0.1139517,0.0566874,-0.8284462,12.60492,7.475667,114.1082
6112,-0.5439162,-0.1154015,0.06121311,-0.8289094,13.12156,7.358023,114.303
6113,-0.5403298,-0.1174987,0.05726188,-0.8312395,12.83668,7.867311,114.8363
6114,-0.5418543,-0.1160598,0.06540935,-0.8298469,13.5524,7.193801,114.5703
6115,-0.5502467,-0.1216912,0.06315504,-0.8236694,13.76606,7.749258,113.4476
6116,-0.5402207,-0.1203091,0.06902154,-0.8300141,14.15611,7.415391,114.8053
6117,-0.5427443,-0.1197006,0.06780091,-0.8285551,14.02157,7.388202,114.4563
6118,-0.5406085,-0.1226614,0.07397664,-0.8289899,14.7899,7.331699,114.7338
6119,-0.5421126,-0.12468,0.0685004,-0.8281767,14.39717,7.84722,114.5763
6120,-0.5387459,-0.1279863,0.07274427,-0.8295064,14.98629,7.970652,115.0444
6121,-0.5387923,-0.1271477,0.07360847,-0.8295289,15.01863,7.832711,115.0253
6122,-0.541077,-0.1290027,0.07678671,-0.8274648,15.46664,7.775672,114.6964
6123,-0.5390526,-0.1290388,0.0770064,-0.828759,15.47137,7.803916,114.979
6124,-0.5425688,-0.1316966,0.07548486,-0.8261823,15.52373,8.096292,114.5181
6125,-0.540241,-0.1288361,0.07790695,-0.8279321,15.55768,7.704858,114.8037
6126,-0.5405824,-0.1300407,0.0774765,-0.8275612,15.59457,7.844961,114.7689
6126,-0.5430449,-0.1317682,0.07907556,-0.8255221,15.88273,7.868395,114.4239
6127,-0.5429399,-0.1310055,0.08248557,-0.8253788,16.16592,7.57966,114.4036
6128,-0.5434008,-0.1346771,0.08309753,-0.8244225,16.46217,7.896427,114.364
6129,-0.5464089,-0.1322548,0.08125106,-0.8230093,16.15705,7.712471,113.9347
6130,-0.5539159,-0.1371974,0.07776363,-0.8175005,16.2086,8.272902,112.9391
6131,-0.5573938,-0.1368966,0.07916488,-0.8150487,16.35913,8.082257,112.4289
6132,-0.563014,-0.1338431,0.0791001,-0.8116924,16.20775,7.672841,111.6015
6133,-0.5643804,-0.1318577,0.08259095,-0.8107202,16.42452,7.221382,111.3564
6134,-0.5643287,-0.1319598,0.0810983,-0.8108902,16.28772,7.330854,111.3795
6135,-0.5690871,-0.1303327,0.08184282,-0.8077469,16.29351,7.025594,110.6748
6136,-0.5708048,-0.128516,0.08040258,-0.8069703,16.05024,6.910509,110.4286
6137,-0.5747018,-0.1289572,0.08126514,-0.8040422,16.19487,6.815745,109.8591
6138,-0.5786549,-0.1281376,0.07852826,-0.8016063,15.9139,6.841056,109.3086
6139,-0.5832607,-0.1319019,0.07654148,-0.7978411,16.02175,7.243338,108.6835
6140,-0.6238626,-0.1317826,0.06457922,-0.7676317,15.28227,7.250444,102.7717
6141,-0.6300247,-0.1307121,0.06052744,-0.7630988,14.8969,7.325757,101.872
6142,-0.6537092,-0.126947,0.0569689,-0.7438437,14.5204,6.785299,98.24572
6143,-0.6605293,-0.1279265,0.05405566,-0.7378442,14.4046,6.960114,97.20985
6144,-0.6742309,-0.1186903,0.05184513,-0.7270747,13.61755,6.064742,95.04404
6146,-0.6713973,-0.1226645,0.0528594,-0.7289617,13.99151,6.381836,95.49176
6147,-0.6730135,-0.1150292,0.04839343,-0.7290263,13.02596,6.043816,95.26623
6148,-0.676376,-0.1150894,0.0472078,-0.7259761,12.95765,6.081414,94.74258
6149,-0.6864536,-0.1074198,0.04790321,-0.7175986,12.48758,5.1949,93.11023
6150,-0.6895352,-0.11173,0.03854984,-0.714543,12.07399,6.252963,92.70271
6151,-0.6931178,-0.1124297,0.03610826,-0.7110862,11.95868,6.446564,92.14217
6152,-0.702086,-0.1134238,0.03204879,-0.70227,11.78737,6.705644,90.70802
6153,-0.7333164,-0.1170202,0.01188025,-0.6696359,10.80905,8.152825,85.57483
6154,-0.7380565,-0.1093132,0.01707485,-0.6656063,10.60802,7.031022,84.74414
6155,-0.7611612,-0.1061918,0.005504072,-0.6397865,9.712301,7.432334,80.72913
6156,-0.768432,-0.1008013,0.01028705,-0.631859,9.666775,6.498757,79.40903
6157,-0.8160763,-0.09452623,-0.01662073,-0.5699195,7.778063,7.823656,70.39093
6158,-0.8143737,-0.0949827,-0.01972273,-0.5721756,7.59287,8.167212,70.72631
6159,-0.855235,-0.08295305,-0.03473884,-0.5103776,6.109493,8.332505,62.10034
6160,-0.8553118,-0.08145882,-0.03055778,-0.5107569,6.20754,7.832828,62.1132
6161,-0.8830885,-0.07187498,-0.04380783,-0.4615948,4.962343,8.294855,55.55265
6161,-0.8802073,-0.07353222,-0.04305422,-0.4668773,5.120182,8.339193,56.25804
6162,-0.9032557,-0.06189334,-0.05639851,-0.4208537,3.688957,8.876219,50.25084
6163,-0.9079622,-0.06103018,-0.05769435,-0.4105502,3.638053,8.928,48.9459
6164,-0.9178987,-0.05889189,-0.0641332,-0.3871444,3.351191,9.416766,46.01344
6165,-0.9222444,-0.05465581,-0.07071507,-0.3761349,2.729182,9.889225,44.61208
6166,-0.9363974,-0.05029757,-0.0793184,-0.3381401,2.324299,10.52781,39.92424
6167,-0.9478253,-0.04384361,-0.08481863,-0.304156,1.806032,10.80985,35.75364
6168,-0.9508532,-0.0371308,-0.08891082,-0.2942694,1.047678,11.00923,34.4934
6169,-0.9526898,-0.03747834,-0.09325439,-0.2868474,1.026273,11.49124,33.61654
6170,-0.9667324,-0.02705678,-0.09675735,-0.2352329,0.3891729,11.5259,27.39104
6171,-0.967908,-0.02835962,-0.09569916,-0.230633,0.6162992,11.44042,26.86675
6172,-0.9748685,-0.02006115,-0.1025346,-0.1967628,359.9292,11.99405,22.81457
6173,-0.9751248,-0.02051476,-0.1053106,-0.1939605,359.9517,12.31816,22.49435
6174,-0.9822307,-0.01180965,-0.1120513,-0.1500934,359.402,12.92513,17.30843
6176,-0.9880579,-0.007918127,-0.1213701,-0.0945957,359.5809,13.96599,10.88621
6177,-0.9884098,-0.007420566,-0.1210995,-0.09124751,359.5742,13.93097,10.49689
6178,-0.9908043,-0.002150015,-0.1332793,-0.02321455,359.8896,15.31988,2.669536
6179,-0.990742,-0.0004224004,-0.1341651,-0.02073539,359.7292,15.41845,2.361291
6180,-0.9895673,0.007248369,-0.1405775,0.03069164,359.6725,16.18092,356.4005
6181,-0.9893848,0.008099413,-0.1409667,0.03435994,359.6367,16.23053,355.9702
6182,-0.9859796,0.003630932,-0.1465597,0.07969655,0.9282644,16.8356,350.8951
6183,-0.9861617,0.006528124,-0.1471258,0.07613555,0.5458899,16.92902,351.2518
6184,-0.9836188,0.005896129,-0.1497504,0.1001708,1.054426,17.20708,348.5297
6184,-0.983686,0.005542625,-0.149505,0.09989692,1.086724,17.17508,348.5667
6185,-0.9825721,0.00861172,-0.1493431,0.1103395,0.9186988,17.18267,347.3242
6186,-0.9764192,0.00409741,-0.1613548,0.1433653,2.192889,18.45178,343.6504
6188,-0.9731759,0.003407955,-0.1639495,0.1613619,2.652443,18.69598,341.6076
6190,-0.9625994,0.007771961,-0.1697477,0.2110163,3.249065,19.30577,335.8237
6192,-0.9572889,0.006591797,-0.1708412,0.2331699,3.844539,19.32385,333.2765
6194,-0.9524832,0.01100275,-0.1754473,0.2487434,3.802808,19.90395,331.3954
6196,-0.9448973,0.008122191,-0.177901,0.27469,4.725724,19.98782,328.414
6198,-0.9403087,0.01013647,-0.178831,0.2893724,4.843517,20.08448,326.6476
6200,-0.9361008,0.01270017,-0.1779878,0.3031081,4.825525,20.00735,324.9679
6202,-0.9352372,0.01436707,-0.1765579,0.3065166,4.666891,19.88798,324.5263
6204,-0.935726,0.0131579,-0.175999,0.3053982,4.75385,19.79008,324.6789
6206,-0.9308752,0.01554491,-0.1751107,0.3202595,4.773732,19.70264,322.8588
6208,-0.9331568,0.01957105,-0.1741196,0.3138755,4.173562,19.76384,323.5457
6210,-0.9387181,0.01345971,-0.1732849,0.2976569,4.467244,19.53361,325.5829
6212,-0.9427034,0.01479174,-0.1703193,0.2865013,3.997043,19.29309,326.8701
6214,-0.9401413,0.01925299,-0.1703111,0.2945471,3.676799,19.40592,325.8372
6216,-0.9432598,0.01984233,-0.1729022,0.2827934,3.460377,19.75642,327.2249
6218,-0.9493319,0.0143059,-0.1698525,0.2640355,3.58516,19.31093,329.5247
6220,-0.9531906,0.01396129,-0.1677367,0.2511917,3.305085,19.10671,331.0297
6222,-0.9554925,0.01122124,-0.1660211,0.2436086,3.40794,18.86278,331.9599
6224,-0.957713,0.009170003,-0.1657837,0.2349844,3.459828,18.81077,333.0018
6226,-0.9588622,0.00798329,-0.1634108,0.2319841,3.468953,18.52164,333.3646
6228,-0.9659408,0.009536341,-0.152192,0.2090575,2.591264,17.35608,335.9713
6228,-0.9618953,0.009712398,-0.1617388,0.2202357,3.012664,18.41311,334.6961
6230,-0.9639766,0.008875579,-0.1614906,0.2111665,2.92858,18.39141,335.7624
6232,-0.9656539,0.005478866,-0.1618946,0.2031574,3.164265,18.38347,336.7505
6234,-0.9673291,0.009310335,-0.1606031,0.1959449,2.574961,18.34141,337.5137
6236,-0.9695029,0.01098733,-0.1610701,0.1843911,2.183228,18.45729,338.8177
6238,-0.9695003,0.010523,-0.162596,0.1830878,2.24282,18.62493,338.9794
6240,-0.9702327,0.01324372,-0.159691,0.1815818,1.850688,18.35168,339.0981
6242,-0.9711452,0.0168492,-0.160821,0.1752995,1.35561,18.56362,339.7572
6244,-0.9719076,0.01806007,-0.1609479,0.1707787,1.138399,18.60757,340.2545
6246,-0.9720441,0.02034278,-0.1589002,0.1716609,0.8597986,18.4173,340.1093
6248,-0.9730714,0.02088191,-0.1603658,0.1642531,0.6899702,18.6011,340.9507
6250,-0.9728737,0.0217041,-0.1572938,0.1682397,0.6128141,18.26273,340.4762
6252,-0.9732258,0.01967054,-0.1607939,0.1630646,0.8108685,18.62814,341.1098
6254,-0.9747125,0.01876889,-0.1576337,0.1572734,0.7445586,18.25371,341.7878
6256,-0.976412,0.01669354,-0.1571314,0.1471416,0.7816294,18.16723,342.9854
6258,-0.9772279,0.01575886,-0.1567543,0.1421455,0.7886335,18.1122,343.5735
6260,-0.9772946,0.01098012,-0.1530916,0.1460748,1.333051,17.60908,343.2045
6262,-0.9776571,0.007320337,-0.1530493,0.1439069,1.704006,17.54769,343.5159
6264,-0.9779934,0.00266052,-0.1532562,0.1415436,2.188138,17.50203,343.8665
6266,-0.9790468,-0.003994979,-0.1522991,0.1351165,2.8074,17.30711,344.712
6268,-0.9817553,-0.01077263,-0.1467052,0.120491,3.239252,16.61373,346.4792
6270,-0.9813996,-0.01627454,-0.1466613,0.1228026,3.897079,16.5306,346.3016
6272,-0.9814953,-0.02007605,-0.1481794,0.1196111,4.293001,16.67109,346.733
6274,-0.9820842,-0.02624707,-0.147029,0.11491,4.895799,16.48671,347.3625
6276,-0.9821069,-0.03214902,-0.1446365,0.1162447,5.553434,16.13653,347.2873
6278,-0.9829196,-0.03540897,-0.1385089,0.1158909,5.837776,15.39404,347.3409
6280,-0.9828359,-0.03630483,-0.1458723,0.1069433,5.886809,16.28711,348.4232
6282,-0.9847758,-0.04421385,-0.1457731,0.08373749,6.401492,16.34723,351.1998
6284,-0.9850218,-0.04749873,-0.1442968,0.08157557,6.725729,16.16698,351.4879
6286,-0.9855442,-0.04684437,-0.1419143,0.07980514,6.60278,15.90639,351.6645
6288,-0.9864883,-0.05206645,-0.1381867,0.07095373,7.026916,15.50116,352.7297
