frame,quat_w,quat_x,quat_y,quat_z,euler_x,euler_y,euler_z
10080,0.9831977,-0.1049967,0.1400336,-0.05185248,348.9338,16.95817,352.3074
10081,0.981966,-0.1064309,0.1425892,-0.06390346,349.0006,17.40557,350.8644
10082,0.9784496,-0.1094616,0.1441913,-0.09931605,349.306,18.01596,346.7082
10083,0.9731387,-0.1129414,0.1446461,-0.139007,349.6534,18.54765,342.0473
10084,0.9687378,-0.1172051,0.1488984,-0.1601234,349.6653,19.35364,339.4619
10085,0.9634001,-0.116171,0.1462308,-0.1923051,350.3519,19.33686,335.7755
10086,0.9587859,-0.116804,0.1483826,-0.2122948,350.7363,19.78815,333.4107
10087,0.9570321,-0.1156843,0.1499253,-0.2196115,351.0498,19.9952,332.5711
10088,0.9505852,-0.1149101,0.1497995,-0.2464619,351.6845,20.18571,329.4469
10089,0.9458776,-0.1152085,0.1535433,-0.2616626,352.0914,20.73988,327.624
10090,0.937574,-0.1168088,0.1501799,-0.2911302,352.4385,20.65191,324.1197
10091,0.9363128,-0.1144822,0.1562347,-0.2929215,352.9432,21.2466,323.9306
10092,0.930219,-0.1136748,0.1595004,-0.3103714,353.5419,21.69397,321.8583
10093,0.9224705,-0.1117012,0.1614439,-0.3324264,354.3331,21.95923,319.2649
10094,0.9176133,-0.1094838,0.1675436,-0.3434073,355.0747,22.58749,317.9801
10095,0.911535,-0.1097794,0.1686521,-0.3586209,355.4591,22.794,316.1323
10096,0.9034826,-0.108435,0.1671915,-0.379484,356.0408,22.66407,313.6392
10097,0.8980392,-0.1062124,0.1701729,-0.3915174,356.7029,22.92069,312.22
10098,0.8934184,-0.1004565,0.1722177,-0.4025581,357.6591,22.88785,311.0151
10099,0.8870251,-0.09963746,0.174841,-0.4155594,358.1978,23.15262,309.4259
10100,0.8908066,-0.1006385,0.1780632,-0.4057452,358.0056,23.52497,310.608
10101,0.875625,-0.09546159,0.17354,-0.440513,359.1816,22.83357,306.4222
10102,0.8768688,-0.09244998,0.1776201,-0.4370413,359.6059,23.09876,306.9351
10103,0.875842,-0.08833246,0.1794298,-0.4392076,0.1651986,23.07267,306.769
10104,0.8702586,-0.08858994,0.1787668,-0.4503824,0.3915906,23.0139,305.3541
10105,0.8623242,-0.08907305,0.1829471,-0.4636738,0.9188287,23.46397,303.6568
10106,0.8599606,-0.09023708,0.1810997,-0.4685384,0.8310267,23.33321,303.0052
10107,0.8615012,-0.08874805,0.1812831,-0.4659143,0.9174411,23.2722,303.3784
10108,0.857581,-0.08687288,0.1823884,-0.4730142,1.349071,23.27342,302.5184
10109,0.856017,-0.08705616,0.1806551,-0.476466,1.32416,23.10086,302.0693
10110,0.8548454,-0.08619861,0.1837601,-0.4775369,1.612027,23.36929,301.9559
10111,0.8542829,-0.08716181,0.1824575,-0.4788664,1.479763,23.28782,301.7595
10112,0.8513673,-0.08535589,0.1844575,-0.4835945,1.894932,23.38168,301.1972
10113,0.851368,-0.08334869,0.1820699,-0.4848468,1.984621,23.02136,301.0819
10114,0.8502859,-0.08225968,0.1816428,-0.4870864,2.124039,22.91091,300.818
10115,0.8531082,-0.0805562,0.1817959,-0.4823563,2.174009,22.84106,301.4707
10116,0.8539512,-0.07945876,0.1819477,-0.4809873,2.253525,22.79815,301.6737
10117,0.8562877,-0.0801291,0.1809077,-0.4770988,2.028383,22.73809,302.1573
10118,0.8616798,-0.07473448,0.1833787,-0.4672205,2.43937,22.71903,303.5552
10119,0.8642174,-0.07364382,0.1806488,-0.4637577,2.307696,22.38661,304.0188
10120,0.8705084,-0.06986645,0.1785726,-0.4532611,2.306285,21.99569,305.4376
10121,0.8729438,-0.0692911,0.1765493,-0.4494424,2.161882,21.76396,305.9315
10122,0.8742788,-0.06801346,0.1758642,-0.4473059,2.200974,21.63092,306.2294
10123,0.8846754,-0.06715861,0.1765838,-0.4262129,1.816434,21.70774,308.9012
10124,0.8851308,-0.06614105,0.1752655,-0.4259708,1.846903,21.51867,308.9525
10125,0.8888953,-0.06609111,0.1732737,-0.4188955,1.585636,21.31863,309.8338
10126,0.893788,-0.06691629,0.1733564,-0.4081823,1.255111,21.38317,311.1458
10127,0.8984412,-0.0648956,0.1735805,-0.398073,1.236861,21.32481,312.4394
10128,0.9024364,-0.06910668,0.1751038,-0.3875199,0.62933,21.69236,313.6417
10129,0.9012635,-0.07011855,0.1727786,-0.3910949,0.501636,21.48749,313.1792
10130,0.9019083,-0.07165907,0.1730536,-0.3892031,0.3120421,21.58876,313.3759
10131,0.9019552,-0.07438026,0.1717021,-0.3891824,359.9697,21.56954,313.3151
10132,0.9020231,-0.07458499,0.1733777,-0.388242,0.004022982,21.7585,313.4255
10133,0.9024906,-0.07486485,0.1730996,-0.3872243,359.9385,21.74156,313.5435
10134,0.9026149,-0.07673165,0.1722058,-0.3869675,359.6996,21.73174,313.5309
10135,0.9030942,-0.07775103,0.1721186,-0.3856825,359.5607,21.76891,313.664
10136,0.9036797,-0.08064142,0.1720229,-0.3837556,359.214,21.89059,313.8301
10137,0.9047941,-0.0803104,0.17426,-0.3801728,359.2648,22.11293,314.2744
10138,0.903036,-0.08028385,0.1742646,-0.3843337,359.367,22.11513,313.7669
10139,0.9011561,-0.08306846,0.1722627,-0.3890285,359.1013,22.03354,313.1254
10140,0.8933382,-0.08452539,0.1712948,-0.4067686,359.3316,22.01432,310.9071
10141,0.887751,-0.08465281,0.1696929,-0.4194478,359.5447,21.85857,309.3322
10142,0.8859259,-0.08612734,0.165543,-0.4246327,359.3116,21.49926,308.6516
10143,0.8832018,-0.08538383,0.1674016,-0.4296988,359.6013,21.65928,308.0357
10144,0.8820523,-0.08554277,0.1686834,-0.4315231,359.6949,21.80246,307.8031
10145,0.8798556,-0.0848603,0.1653489,-0.437393,359.7316,21.42019,307.0836
10146,0.8750845,-0.08484428,0.1614547,-0.4482867,359.7859,21.01698,305.7101
10147,0.8732321,-0.08189139,0.1596526,-0.4530681,0.09434544,20.67293,305.173
10148,0.8741934,-0.08167273,0.1611785,-0.4507073,0.142845,20.81946,305.4778
10149,0.8703334,-0.07892288,0.1609044,-0.4586946,0.5863495,20.64046,304.5253
10150,0.8548935,-0.08093011,0.1543832,-0.4886444,0.716427,20.06471,300.6235
10151,0.8533198,-0.07627699,0.1514865,-0.4930307,1.100012,19.50007,300.1521
10152,0.840638,-0.07206731,0.1506534,-0.5152066,1.952457,19.13161,297.3228
10153,0.8415792,-0.07141191,0.1491013,-0.5142118,1.899232,18.9402,297.4663
10154,0.8373854,-0.06960188,0.1475742,-0.5216929,2.143913,18.66283,296.5063
10155,0.8271909,-0.06821562,0.141917,-0.5394084,2.306652,17.97652,294.1484
10156,0.8243024,-0.06580769,0.1405311,-0.5444685,2.552722,17.67648,293.5059
10157,0.8199885,-0.06241587,0.141894,-0.5509894,3.095682,17.57322,292.6805
10158,0.8182516,-0.05920649,0.1389146,-0.5546727,3.279836,17.06733,292.2275
10159,0.8093137,-0.06288107,0.1378275,-0.5675043,3.133028,17.1517,290.395
10160,0.807356,-0.05978173,0.1372401,-0.5707607,3.447403,16.88016,289.9948
10161,0.8045155,-0.05760971,0.138061,-0.5747828,3.785099,16.79815,289.4716
10162,0.7977419,-0.05422729,0.1340019,-0.5854152,4.035507,16.13956,288.0269
10163,0.7940557,-0.05219337,0.1317921,-0.5910857,4.181261,15.76696,287.2521
10164,0.7947441,-0.05280241,0.1346284,-0.5894649,4.289078,16.08221,287.4773
10165,0.7965507,-0.05511239,0.1369406,-0.5862739,4.173087,16.47123,287.8969
10166,0.781743,-0.05208424,0.1362045,-0.6063114,4.8031,16.08633,285.0856
10167,0.7757391,-0.05233756,0.134762,-0.6142712,4.839238,15.92371,283.9291
10168,0.7703671,-0.05236048,0.1335888,-0.6212463,4.893825,15.77578,282.911
10169,0.7680008,-0.05131066,0.1364353,-0.6236404,5.241845,15.94488,282.5793
10170,0.7727611,-0.05453286,0.1392993,-0.6168163,5.02339,16.47836,283.5342
10171,0.7720078,-0.0540657,0.1418982,-0.617208,5.260446,16.68093,283.4882
10172,0.77011,-0.0573135,0.1408013,-0.6195329,4.944268,16.79542,283.0988
10173,0.7710612,-0.05900028,0.1461004,-0.616959,5.122779,17.41567,283.4555
10174,0.7740262,-0.06331047,0.152479,-0.6112493,5.071419,18.34115,284.2228
10175,0.7763853,-0.062576,0.1561356,-0.6073977,5.307832,18.65272,284.7973
10176,0.7793201,-0.06501865,0.1578851,-0.6029141,5.108473,19.01292,285.402
10177,0.7803923,-0.06720197,0.1614835,-0.6003291,5.106004,19.51497,285.7389
10178,0.7703875,-0.07480821,0.168902,-0.6102285,5.213952,20.67097,284.1856
10179,0.7693939,-0.08587864,0.1843677,-0.6055301,5.228701,22.91263,284.6533
10180,0.7707829,-0.08894813,0.1876225,-0.6023121,5.100049,23.45052,285.049
10181,0.7726855,-0.09062219,0.1891133,-0.5991503,4.96629,23.72537,285.4629
10182,0.7735593,-0.09518588,0.1958418,-0.5951401,4.924489,24.6977,285.9328
10183,0.7746302,-0.0982727,0.2033293,-0.590718,5.046867,25.64481,286.4925
10184,0.7728565,-0.0993603,0.199421,-0.5941815,4.784144,25.32893,285.9686
10185,0.7723191,-0.09973033,0.1970655,-0.5956025,4.628692,25.12401,285.7541
10186,0.7715822,-0.09645507,0.1967719,-0.5971919,4.943606,24.86109,285.6118
10187,0.7720071,-0.09559301,0.1952098,-0.5972941,4.910437,24.65365,285.6161
10188,0.7839295,-0.09524332,0.198832,-0.5803871,4.673123,25.06872,288.0103
10189,0.7821307,-0.09484619,0.1996799,-0.5825838,4.835561,25.11102,287.7151
10190,0.7813802,-0.09600243,0.1966962,-0.5844135,4.581385,24.89422,287.4243
10191,0.779926,-0.09421299,0.196651,-0.5866584,4.80562,24.75633,287.1545
10192,0.777206,-0.0950648,0.1960848,-0.5903087,4.803072,24.74001,286.6187
10193,0.7743852,-0.09102264,0.1949023,-0.5950258,5.219447,24.32351,286.0493
10194,0.7797019,-0.09186219,0.1969506,-0.5872283,5.05199,24.62213,287.1331
10195,0.7788924,-0.09043413,0.1992041,-0.5877637,5.353073,24.73676,287.0972
10196,0.7758512,-0.08662376,0.199955,-0.5920889,5.875548,24.52114,286.58
10197,0.7758412,-0.09003508,0.198984,-0.5919204,5.500793,24.66227,286.5204
10198,0.7750658,-0.08923233,0.2002008,-0.592647,5.680146,24.7183,286.4396
10199,0.7737491,-0.08761236,0.2012209,-0.5942615,5.94511,24.69357,286.2518
10200,0.7700616,-0.0868108,0.1993255,-0.599782,6.050467,24.4201,285.4821
10201,0.7700095,-0.08588281,0.2034159,-0.5986083,6.388626,24.75156,285.6799
10202,0.7715458,-0.08601052,0.2074026,-0.5952342,6.556565,25.16427,286.1658
10203,0.7716388,-0.08750933,0.2060262,-0.5953732,6.331092,25.13467,286.1074
10204,0.7695692,-0.08524185,0.2050421,-0.5987111,6.564577,24.86079,285.6839
10205,0.7689887,-0.08368158,0.206293,-0.5992471,6.807881,24.86811,285.6465
10206,0.7678437,-0.08157095,0.2061831,-0.6010414,7.041123,24.69823,285.4382
10207,0.7678895,-0.0822061,0.2044434,-0.6014906,6.874278,24.5736,285.3554
10208,0.767995,-0.08091396,0.2061484,-0.600949,7.093354,24.65065,285.4661
10209,0.7681954,-0.07993731,0.2090428,-0.5998225,7.351853,24.86774,285.6562
10210,0.7582927,-0.08317336,0.2093762,-0.6117484,7.471418,25.01715,283.8705
10211,0.7590299,-0.08321759,0.2091892,-0.6108916,7.426519,25.01035,283.9929
10212,0.75932,-0.08393106,0.2099158,-0.6101838,7.395248,25.13461,284.0806
10213,0.7740375,-0.0761236,0.2161054,-0.5902284,7.889215,25.37008,287.1251
10214,0.7751247,-0.07804307,0.218515,-0.5876583,7.807087,25.75383,287.4525
10215,0.7748857,-0.0793471,0.2151856,-0.5890259,7.500215,25.50869,287.2198
10216,0.7743915,-0.07880354,0.215583,-0.5896032,7.594849,25.50528,287.1517
10217,0.7717709,-0.07734329,0.2149161,-0.5934635,7.799508,25.30821,286.6358
10218,0.7720215,-0.07727283,0.2171489,-0.5923328,7.928442,25.5278,286.8044
10219,0.7721116,-0.07842237,0.2149248,-0.5928754,7.686091,25.38718,286.6951
10220,0.7720714,-0.07796758,0.2157511,-0.5926875,7.779022,25.43735,286.7344
10221,0.7708368,-0.07434037,0.2185207,-0.5937448,8.330472,25.44851,286.673
10222,0.7708803,-0.07508808,0.2194656,-0.5932455,8.315629,25.59433,286.7305
10223,0.7708995,-0.07361549,0.2163861,-0.594535,8.267677,25.18744,286.5697
10224,0.7963843,-0.07127343,0.2158028,-0.5604653,7.37587,25.28689,291.3839
10225,0.8063496,-0.06871344,0.2138565,-0.5471237,7.076694,25.04313,293.2583
10226,0.8142879,-0.0635495,0.2143446,-0.5356802,7.246888,24.86742,294.9219
10227,0.8272409,-0.06243959,0.2129219,-0.5161766,6.690461,24.80886,297.547
10228,0.8322824,-0.0584825,0.212798,-0.5085303,6.839039,24.62396,298.6439
10229,0.8423303,-0.05626406,0.2095717,-0.4933496,6.430523,24.2777,300.6699
10230,0.8543875,-0.0520394,0.2069344,-0.473806,6.152197,23.90688,303.282
10231,0.8597144,-0.05095759,0.2051316,-0.46499,5.920608,23.71856,304.4295
10232,0.8782165,-0.04677311,0.2074405,-0.4283884,5.484493,23.97195,309.1595
10233,0.8879951,-0.04316188,0.2041319,-0.4097953,5.20097,23.55044,311.5398
10234,0.8938415,-0.04043418,0.2040616,-0.3972047,5.153536,23.48629,313.1532
10235,0.8992537,-0.04232673,0.1992281,-0.3871169,4.480752,23.09662,314.3335
10236,0.9041175,-0.03811994,0.1987532,-0.376319,4.626469,22.91416,315.7412
10236,0.9042758,-0.03698456,0.1975709,-0.3766739,4.700723,22.73561,315.7175
10237,0.9234527,-0.02771784,0.192495,-0.3307757,4.367481,22.02095,321.4357
10238,0.9378984,-0.0224499,0.1874116,-0.2910663,3.840947,21.4344,326.2449
10239,0.9393907,-0.02199624,0.1865132,-0.286835,3.765375,21.33507,326.7503
10240,0.9494355,-0.01865959,0.1809319,-0.2559061,3.277445,20.71349,330.4296
10241,0.9552848,-0.01782546,0.1780041,-0.2354309,2.852131,20.42095,332.8244
10242,0.964371,-0.01086506,0.1700729,-0.2023509,2.743967,19.43915,336.7695
10243,0.9696461,-0.0136068,0.1637252,-0.1810949,1.886062,18.82108,339.1548
10244,0.9749132,-0.009219542,0.1607078,-0.1537278,1.801333,18.44193,342.3708
10245,0.9793689,-0.007410135,0.159568,-0.1237725,1.431727,18.32969,345.8253
10246,0.9852108,-0.006446421,0.1532851,-0.07630118,0.6124751,17.64012,351.238
10247,0.9864496,-0.004194871,0.1500406,-0.06623761,0.6646805,17.25294,352.4178
10248,0.9886025,-0.004872613,0.1461171,-0.03593542,0.04969855,16.81328,355.8438
10249,0.9903505,-0.001174653,0.1382188,0.01000411,359.7083,15.88754,1.116805
10250,0.9905757,0.004136227,0.1339209,0.028425,0.03329395,15.3998,3.291855
10251,0.9892372,0.004351072,0.1311907,0.06465065,359.5213,15.07773,7.415035
10251,0.9883757,0.004856575,0.1328492,0.07376336,359.4271,15.26831,8.459458
10252,0.9881715,0.004429642,0.1246693,0.08919258,359.2274,14.312,10.2181
10253,0.9815899,0.009242795,0.1220438,0.1466333,358.9889,14.02483,16.86805
10254,0.9762411,0.01037198,0.1171987,0.1819626,358.7164,13.45381,20.96513
10255,0.9742483,0.01445229,0.1122981,0.1949891,359.1042,12.97206,22.53379
10256,0.9652195,0.01744507,0.1073192,0.2377597,359.0056,12.44493,27.56759
10257,0.9545228,0.02016231,0.103992,0.278685,358.8843,12.11082,32.4333
10258,0.9439512,0.02070785,0.09624341,0.3150624,358.7651,11.23257,36.79347
10259,0.9243069,0.03035696,0.09466004,0.3684763,359.2184,11.38378,43.39164
10260,0.9144211,0.03237318,0.09030521,0.3932317,359.323,10.98941,46.47351
10261,0.9056997,0.03231588,0.08456802,0.4141403,359.3406,10.36772,49.08563
10262,0.8789601,0.04063192,0.07766375,0.4687715,359.9206,10.0566,56.13726
10263,0.87103,0.03426972,0.07685867,0.4839682,359.1581,9.618166,58.04467
10264,0.8418158,0.03984775,0.07090691,0.5336014,359.5082,9.317935,64.69865
10265,0.8171955,0.04460642,0.06825492,0.5705639,359.7145,9.349646,69.82196
10266,0.8143532,0.04363281,0.06189713,0.5754076,359.9904,8.686363,70.48798
10267,0.7778252,0.04907393,0.05542302,0.6241059,0.4103686,8.480759,77.51566
10268,0.7663587,0.05364066,0.05402806,0.6378856,0.761399,8.699738,79.60313
10269,0.7394271,0.05983308,0.04785949,0.6688625,1.401684,8.676916,84.36935
10270,0.725584,0.06340531,0.04396647,0.6837943,1.827111,8.661215,86.7416
10271,0.7219745,0.05977783,0.03658074,0.6883614,2.060491,7.77051,87.40937
10272,0.7185889,0.05670989,0.03521001,0.6922243,1.877101,7.422455,87.98058
10273,0.7074318,0.06121209,0.02997637,0.7034878,2.546532,7.392363,89.84421
10274,0.6949241,0.06016219,0.02262181,0.716205,2.935549,6.763554,91.9015
10275,0.6708171,0.0660615,0.01463911,0.7385297,3.842128,6.746753,95.72792
10276,0.649732,0.06591016,0.006368518,0.7572739,4.358823,6.223858,98.9787
10277,0.6196287,0.06713602,-0.002666354,0.7820142,5.012268,5.85946,103.4736
10278,0.6097069,0.06869891,-0.008909643,0.7895941,5.614939,5.629461,104.9272
10279,0.5875456,0.07490167,-0.01542822,0.8055694,6.480975,5.923872,108.1251
10280,0.5973282,0.08361843,-0.01765147,0.7974306,7.356746,6.500058,106.7471
10281,0.5814819,0.09580374,-0.02398694,0.8075427,8.636039,7.370777,109.0447
10282,0.5848981,0.09763762,-0.02237865,0.8048978,8.640902,7.614203,108.5662
10283,0.5741912,0.09911132,-0.02897775,0.8121834,9.258453,7.434998,110.0844
10284,0.5611471,0.1039196,-0.03646086,0.8203569,10.16306,7.564837,111.9272
10285,0.6119569,0.1105767,-0.02730128,0.782647,10.25741,8.160076,104.6894
10286,0.5860713,0.1124541,-0.03852978,0.8014925,11.16148,7.915034,108.4242
10287,0.5741382,0.1122597,-0.04090813,0.8099936,11.255,7.904966,110.1207
10288,0.5776535,0.1175635,-0.04790819,0.8063499,12.30311,7.897512,109.6184
10289,0.5912185,0.1223109,-0.04603928,0.7958525,12.58606,8.261854,107.6972
10290,0.6115792,0.1210229,-0.05174276,0.7801585,13.22439,7.409756,104.6731
10291,0.6125951,0.1295031,-0.05288845,0.7779197,13.94273,8.096283,104.5523
10292,0.6117762,0.1286208,-0.05980438,0.7782096,14.50443,7.538682,104.6166
10293,0.6098748,0.1286527,-0.0612523,0.7795829,14.62115,7.474862,104.8875
10294,0.6099991,0.1268068,-0.06597233,0.7794029,14.92427,6.965515,104.8165
10295,0.6120338,0.1356005,-0.07090837,0.7758861,16.02268,7.389913,104.5074
10296,0.6086882,0.1385446,-0.07568547,0.7775447,16.64007,7.394543,104.9728
10297,0.6123445,0.1414837,-0.08072406,0.7736281,17.34798,7.225268,104.3788
10298,0.6130817,0.1407633,-0.08174732,0.773068,17.39702,7.067093,104.2502
10299,0.6126867,0.146767,-0.08227494,0.7722082,17.87318,7.59868,104.3381
10300,0.6153362,0.1476356,-0.08581507,0.769546,18.28647,7.358819,103.8937
10301,0.6167885,0.1552907,-0.09093109,0.7662823,19.32467,7.662341,103.6446
10301,0.627231,0.1549682,-0.08775869,0.7581983,19.11581,7.596312,102.0814
10302,0.627187,0.1564224,-0.08850604,0.7578492,19.29067,7.675866,102.0849
10303,0.6272835,0.1585605,-0.09143579,0.7569767,19.71576,7.651436,102.0365
10304,0.6300904,0.1579299,-0.09222668,0.7546779,19.76865,7.458021,101.5834
10305,0.6247517,0.162156,-0.09790868,0.7574991,20.54518,7.568179,102.345
10306,0.6252698,0.1606895,-0.1050823,0.756422,21.09539,6.87544,102.1264
10307,0.6231997,0.1618986,-0.1113829,0.7569709,21.74137,6.569963,102.3351
10308,0.6282492,0.1628664,-0.1123741,0.7524292,21.94698,6.431213,101.5271
10309,0.6286456,0.1616626,-0.116273,0.751765,22.21461,6.006578,101.3738
10310,0.6282688,0.1656302,-0.113847,0.7515875,22.28739,6.573041,101.5101
10311,0.6303362,0.1699291,-0.1161238,0.7485424,22.83459,6.72987,101.1602
10312,0.6329857,0.1713975,-0.1182373,0.7456353,23.1605,6.615115,100.6997
10313,0.6344829,0.1742363,-0.1254202,0.7425248,24.03879,6.260779,100.3069
10314,0.6346372,0.1742695,-0.1221847,0.7429245,23.74982,6.514861,100.3606
10315,0.6346799,0.1740144,-0.1245285,0.7425586,23.94292,6.304333,100.2957
10316,0.6426194,0.1779303,-0.1245285,0.7347611,24.31043,6.389803,99.03201
10317,0.6443826,0.1808695,-0.1244075,0.7325163,24.54195,6.60598,98.76322
10318,0.6436785,0.1820259,-0.1277816,0.7322682,24.92762,6.463488,98.79784
10319,0.6376004,0.1793387,-0.1378317,0.7364143,25.57519,5.622368,99.50388
10320,0.6387877,0.1815354,-0.1363362,0.7351242,25.61827,5.902227,99.36491
10321,0.6382158,0.1821803,-0.1384405,0.7350682,25.85322,5.811399,99.40325
10322,0.6373525,0.1856044,-0.1380737,0.7350296,26.07628,6.189743,99.57681
10323,0.6366597,0.1872655,-0.139893,0.7348647,26.3628,6.221457,99.64955
10323,0.6361979,0.1876156,-0.1393504,0.7352784,26.33661,6.315836,99.74326
10324,0.6341357,0.1892729,-0.141339,0.7362549,26.62649,6.387266,100.0363
10325,0.636261,0.1919385,-0.1409593,0.7337997,26.81542,6.583053,99.71524
10326,0.6371304,0.1897965,-0.1432748,0.7331539,26.8679,6.160573,99.48982
10327,0.6358711,0.1927118,-0.1463838,0.7328725,27.36395,6.225253,99.62431
10328,0.6346189,0.1944399,-0.1474021,0.7332972,27.5789,6.352716,99.81271
10329,0.6360275,0.1964812,-0.1460849,0.7317948,27.62891,6.594069,99.6331
10330,0.6378808,0.1995487,-0.1487385,0.728811,28.12398,6.583332,99.26359
10331,0.6416755,0.199367,-0.1466694,0.7259433,27.95677,6.580785,98.69164
10332,0.641889,0.2004404,-0.1490928,0.7249646,28.2614,6.468134,98.58616
10333,0.6417799,0.2006101,-0.1502341,0.7247785,28.3768,6.392556,98.56899
10334,0.6426678,0.2009079,-0.1525006,0.7234347,28.61244,6.190976,98.34723
10335,0.6432359,0.2021039,-0.153284,0.7224305,28.78177,6.210482,98.23268
10336,0.6453457,0.202031,-0.1563791,0.7199013,29.07243,5.84769,97.76908
10337,0.6444266,0.2050347,-0.1617019,0.7186987,29.78121,5.706898,97.7562
10338,0.6572869,0.1963864,-0.1567436,0.7105195,28.74441,4.777384,95.68227
10339,0.6553995,0.2065468,-0.1555037,0.7096539,29.43586,5.886544,96.09962
10340,0.6514728,0.2061571,-0.1585797,0.7126957,29.64664,5.760671,96.66508
10341,0.6505831,0.2013926,-0.1598232,0.7145904,29.37091,5.258551,96.74782
10342,0.6501423,0.2044073,-0.1618698,0.7136742,29.79065,5.374272,96.76476
10343,0.6552631,0.2038046,-0.1595488,0.7096747,29.57397,5.289444,95.96281
10344,0.6604651,0.2054225,-0.1574544,0.7048373,29.55826,5.382271,95.14384
10345,0.6737972,0.2114293,-0.1522961,0.6914485,29.70475,5.758561,93.00978
10346,0.6889318,0.2145531,-0.1478702,0.6763686,29.71292,5.7151,90.46278
10347,0.693605,0.2123399,-0.1489554,0.6720389,29.65443,5.200463,89.56808
10348,0.6906446,0.2176689,-0.1471721,0.6737735,29.93287,5.963199,90.17857
10349,0.6885133,0.220893,-0.152888,0.673633,30.67423,5.810317,90.34306
10349,0.6878995,0.2145789,-0.1499675,0.676949,29.88483,5.572485,90.56886
10350,0.7018233,0.2142842,-0.1468555,0.6632948,29.70907,5.161235,88.13644
10351,0.7196397,0.220385,-0.1382391,0.6437696,29.68187,5.600716,85.11501
10352,0.7291917,0.2135549,-0.1405896,0.6347507,29.33556,4.346851,83.21646
10353,0.7442729,0.2213179,-0.1262293,0.6173675,29.03222,5.603258,80.80264
10354,0.7489449,0.2194763,-0.1260431,0.612393,28.88982,5.243332,79.89549
10355,0.7553582,0.2220757,-0.1242335,0.6038896,29.04786,5.285859,78.65317
10356,0.7623881,0.2219245,-0.1205117,0.5958114,28.81542,5.284499,77.37422
10357,0.7347062,0.2248964,-0.1292014,0.6268457,29.50136,6.074464,82.54187
10358,0.7362581,0.2272252,-0.1297457,0.6240664,29.77086,6.120943,82.19891
10359,0.743563,0.2259159,-0.1278697,0.6162187,29.57463,5.825082,80.83856
10360,0.7553377,0.2225398,-0.1248402,0.6036192,29.13685,5.259398,78.62715
10361,0.7552928,0.2284619,-0.1242428,0.6015826,29.6431,5.758103,78.59876
10362,0.7647183,0.2236281,-0.1216936,0.5919353,29.0842,5.161791,76.82362
10363,0.768427,0.2230659,-0.1200831,0.5876579,28.94404,5.08895,76.12846
10364,0.7744846,0.224814,-0.1189836,0.5792023,29.08202,4.997111,74.87926
10365,0.7744684,0.2251654,-0.1190138,0.5790812,29.11764,5.019222,74.87633
10366,0.7769752,0.2299692,-0.1173188,0.5741605,29.4774,5.389744,74.34534
10367,0.7826223,0.227395,-0.1135463,0.5682439,29.01068,5.294936,73.33586
10368,0.7876931,0.2282159,-0.1099743,0.5615718,28.88446,5.443809,72.37559
10369,0.7918987,0.2280394,-0.1103764,0.5556182,28.93536,5.15223,71.43933
10370,0.8015711,0.2319849,-0.10023,0.541868,28.71986,5.938129,69.63947
10371,0.8037855,0.2290358,-0.1004027,0.5398063,28.46275,5.605081,69.19167
10372,0.809055,0.2269207,-0.09805277,0.5332193,28.14795,5.423398,68.13551
10373,0.8349378,0.2315213,-0.07614905,0.4934351,27.50079,6.559182,62.77156
10374,0.8402528,0.233291,-0.07239044,0.4840561,27.52456,6.747764,61.5456
10375,0.8501327,0.2294872,-0.06828865,0.4689847,27.01617,6.389511,59.30402
10376,0.8594447,0.2278646,-0.05876568,0.4538493,26.42433,6.786286,57.26961
10377,0.8635412,0.2263672,-0.05631524,0.447083,26.18749,6.729172,56.31096
10378,0.8710331,0.227478,-0.04766256,0.4327627,25.94669,7.274301,54.51789
10379,0.8751206,0.2257508,-0.04246718,0.4259073,25.54961,7.513303,53.60873
10380,0.9008118,0.2175603,-0.02369311,0.375026,24.18804,7.590519,46.83459
10381,0.9070106,0.2143109,-0.02306461,0.3617606,23.91947,7.114695,44.99801
10382,0.9171557,0.213461,-0.004395455,0.3365124,23.23555,8.486205,42.04483
10383,0.9254724,0.2119397,0.005104512,0.313937,22.8975,8.900002,39.28166
10384,0.9303088,0.2100372,0.01147938,0.3004632,22.57551,9.196568,37.63736
10385,0.9379436,0.205748,0.0198321,0.2784536,22.01908,9.423335,34.90718
10386,0.9445668,0.1985918,0.02965921,0.2597603,21.08532,9.824271,32.58572
10387,0.9491437,0.1976109,0.03540224,0.2425347,20.97433,10.05709,30.5344
10388,0.9602243,0.1851617,0.04939431,0.2030883,19.60481,10.40082,25.68602
10389,0.9625069,0.1847659,0.05671757,0.1903294,19.51701,10.97952,24.26505
10390,0.9689029,0.1794071,0.07165071,0.154617,18.99583,11.8597,20.12467
10391,0.9719955,0.1760471,0.07854199,0.1344002,18.73078,12.19219,17.76327
10392,0.9738446,0.170113,0.08538148,0.1240894,18.06751,12.66967,16.54561
10393,0.9757208,0.165049,0.08814624,0.1138341,17.57869,12.70053,15.28047
10394,0.9769997,0.1649149,0.09549543,0.09568439,17.69613,13.23779,13.25675
10395,0.977805,0.1609215,0.1034054,0.08549331,17.27863,13.92158,12.11921
10396,0.9793911,0.1591784,0.1039107,0.06824844,17.31425,13.64809,10.06003
10397,0.979674,0.1550157,0.1115785,0.06131457,16.86076,14.3772,9.304398
10398,0.9815651,0.1487953,0.1190976,0.01434709,16.77937,14.39827,3.809315
10399,0.9812374,0.1479714,0.1233054,0.008576781,16.75471,14.79507,3.192286
10400,0.9814885,0.1452462,0.1246552,0.0067342,16.46538,14.90392,2.954575
10401,0.9811723,0.1462734,0.1260358,0.004488416,16.61309,15.0386,2.73227
10402,0.9813493,0.1435953,0.1278042,-0.0004025549,16.37586,15.1488,2.145231
10403,0.9805677,0.1467411,0.1301471,-0.003994241,16.78726,15.38912,1.817392
10404,0.9801502,0.1473156,0.132586,-0.004978441,16.86412,15.66755,1.754763
10405,0.9802612,0.1469087,0.1318713,-0.01075916,16.90918,15.48078,1.057177
10406,0.9798732,0.1490635,0.1318744,-0.01541994,17.22913,15.41265,0.5456644
10407,0.9795601,0.1514472,0.131541,-0.01492439,17.49542,15.39453,0.6370663
10408,0.9791808,0.152798,0.1328069,-0.01483137,17.64829,15.55558,0.6938695
10409,0.9790059,0.1553024,0.1312608,-0.01412372,17.92619,15.39743,0.7898498
10410,0.9794031,0.1538022,0.1303499,-0.01110422,17.70785,15.33391,1.103448
10411,0.9787615,0.1595817,0.1286722,-0.001831897,18.23145,15.34174,2.26162
10412,0.9787751,0.1603548,0.1275239,-0.004834987,18.36901,15.15333,1.898041
10413,0.9782304,0.1651393,0.1255366,0.005928122,18.75972,15.15641,3.212373
10414,0.9775065,0.171146,0.1216206,0.0199691,19.25271,15.01639,4.901811
10415,0.9763246,0.175724,0.1214596,0.03404504,19.56385,15.33112,6.652832
10416,0.9753543,0.1791186,0.1083607,0.06970492,19.53007,14.52363,10.68814
10417,0.9741189,0.1820928,0.106298,0.08145832,19.72113,14.56699,12.10552
10418,0.9729478,0.1861488,0.1025127,0.09062241,20.09918,14.3794,13.20394
10419,0.9708859,0.1904463,0.100008,0.1054006,20.40914,14.47956,15.01166
10420,0.968447,0.1950355,0.09901035,0.1194514,20.73886,14.76662,16.77965
10420,0.9685011,0.1949893,0.09874955,0.1193043,20.74027,14.7311,16.75531
10421,0.9669753,0.1961032,0.09608299,0.1314174,20.73216,14.70231,18.18254
10422,0.9668007,0.1967421,0.09298077,0.1339537,20.82474,14.40335,18.4369
10423,0.9649897,0.199419,0.08986816,0.1447438,21.03013,14.33967,19.73609
10424,0.962212,0.2031244,0.08476982,0.1603209,21.32863,14.18458,21.6034
10425,0.9590651,0.2052722,0.07955286,0.1781263,21.43207,14.0335,23.71181
10426,0.9558411,0.2070514,0.07868221,0.1931499,21.43353,14.33063,25.57406
10427,0.9540772,0.2088555,0.07723442,0.2003772,21.56623,14.38696,26.476
10428,0.9524962,0.2093428,0.0755443,0.2078944,21.55449,14.37805,27.37564
10429,0.9509923,0.2095972,0.07316872,0.2152417,21.54013,14.27744,28.23566
10430,0.9492284,0.2113605,0.07001391,0.2222392,21.7242,14.13504,29.0798
10431,0.9482738,0.2097714,0.0665876,0.2287772,21.55375,13.82631,29.77167
10432,0.9458075,0.2098652,0.06712639,0.2385353,21.40512,14.11818,30.99134
10433,0.9400204,0.2122295,0.05900362,0.2604589,21.6086,13.78184,33.61615
10434,0.9368478,0.2109746,0.0552004,0.2734208,21.41474,13.59304,35.1219
10435,0.9332976,0.2118241,0.05231613,0.2852178,21.44124,13.57571,36.5684
10436,0.9284329,0.214509,0.05159995,0.2988913,21.5596,13.93955,38.35665
10437,0.9236082,0.2116876,0.0457685,0.3162936,21.228,13.55372,40.35941
10438,0.9174196,0.2117791,0.03489161,0.3350726,21.41977,12.78088,42.55477
10439,0.9132926,0.2101978,0.03409174,0.347205,21.11681,12.89852,44.04449
10440,0.906037,0.2099183,0.03237197,0.3660375,20.89698,13.13737,46.43022
10441,0.9022191,0.2051653,0.02721146,0.3783751,20.46381,12.59896,47.78773
10442,0.878819,0.2030087,0.01315627,0.4316153,20.2098,12.2033,54.49698
10443,0.8694404,0.2051438,0.008326411,0.4493555,20.44069,12.25162,56.87991
10444,0.8618503,0.1994414,0.001130283,0.4663005,20.04287,11.54071,58.87694
10445,0.8530662,0.1969018,-0.007272691,0.4831719,20.05783,10.91494,60.9899
10446,0.8502055,0.1877196,-0.01122698,0.4917173,19.28343,10.09947,61.80607
10447,0.8496366,0.1834923,-0.01337132,0.4942363,18.96683,9.657841,61.99042
10448,0.8431484,0.1850819,-0.0165121,0.5045524,19.19385,9.687649,63.43566
10449,0.8396395,0.1751778,-0.02209198,0.5136442,18.47357,8.662916,64.32331
10450,0.829801,0.1762873,-0.02726117,0.5287817,18.74744,8.574947,66.43187
10451,0.8325344,0.1698751,-0.0317522,0.5263276,18.43797,7.629437,65.84216
10452,0.8172493,0.1662009,-0.03832433,0.5504656,18.29125,7.281152,69.09893
10453,0.8082212,0.1666966,-0.04391751,0.5630826,18.59725,7.075041,70.88921
10454,0.8018647,0.1679454,-0.04316387,0.5717905,18.58435,7.44611,72.20348
10455,0.7952625,0.1672523,-0.04501355,0.5809975,18.56163,7.439941,73.51917
10456,0.7857692,0.1638021,-0.04908463,0.5944128,18.40756,7.119252,75.368
10457,0.7818984,0.1648553,-0.05046055,0.5990922,18.55781,7.18786,76.09466
10458,0.7861942,0.1704216,-0.0476912,0.5920987,18.93194,7.705232,75.25488
10459,0.7801396,0.1663805,-0.05222166,0.6008101,18.80514,7.187968,76.39381
10460,0.7772883,0.1695019,-0.05479047,0.6033989,19.246,7.26423,76.87672
10461,0.7816416,0.1697251,-0.05561656,0.5976091,19.37821,7.058064,76.00646
10462,0.7888346,0.1697448,-0.05070654,0.5885198,19.11618,7.284131,74.67861
10463,0.7896217,0.1686925,-0.0515683,0.5876915,19.08794,7.102067,74.51397
10464,0.7912165,0.1679209,-0.05310112,0.5856274,19.14248,6.848392,74.17091
10465,0.7926003,0.1678565,-0.05113867,0.5839468,19.0147,6.984978,73.93295
10466,0.7917227,0.1683335,-0.05467212,0.5846794,19.29781,6.709566,74.033
10467,0.7883204,0.1695473,-0.05803034,0.5885893,19.61068,6.589238,74.63279
10468,0.7850562,0.1717377,-0.06102931,0.5920037,19.99309,6.569652,75.19846
10469,0.7827199,0.1720347,-0.06374851,0.5947183,20.19002,6.412929,75.59875
10470,0.7832669,0.1728935,-0.06327656,0.5937989,20.24228,6.49948,75.49335
10471,0.7823299,0.1746126,-0.06452218,0.5943967,20.48199,6.535477,75.6355
10472,0.7786046,0.1747693,-0.06773847,0.5988674,20.68837,6.373087,76.29613
10473,0.7758954,0.1761363,-0.07112718,0.601584,21.03294,6.245897,76.73639
10474,0.7742816,0.1775042,-0.07116881,0.6032541,21.14578,6.399235,77.041
10475,0.7751959,0.1759113,-0.07464001,0.6021259,21.26099,5.920023,76.78799
10476,0.7739716,0.1797736,-0.07578507,0.6024169,21.69019,6.133873,76.96664
10477,0.7724728,0.1808935,-0.07472324,0.6041356,21.7006,6.372453,77.27914
10478,0.7724292,0.183821,-0.0722239,0.6036115,21.78765,6.824314,77.32628
10479,0.7703577,0.18792,-0.07535774,0.6046126,22.37431,6.902513,77.61967
10480,0.7696505,0.1885626,-0.0762254,0.6052042,22.48977,6.893984,77.73077
10481,0.7690365,0.188869,-0.07687786,0.6058065,22.55936,6.878003,77.83177
10482,0.7673475,0.1890392,-0.07830617,0.6077092,22.66188,6.820199,78.12389
10483,0.7580563,0.1914332,-0.08804038,0.6172138,23.51029,6.438707,79.64657
10484,0.7548742,0.1913373,-0.09083188,0.6207291,23.68044,6.294289,80.1814
10485,0.7518813,0.1906257,-0.09208536,0.6243851,23.68133,6.242046,80.72443
10486,0.7500251,0.1932196,-0.09851775,0.6248383,24.39056,5.903918,80.87171
10487,0.748788,0.1967036,-0.09663716,0.6255283,24.54936,6.398305,81.14341
10488,0.7475469,0.1994047,-0.09930369,0.6257399,24.98653,6.402952,81.28268
10489,0.7448284,0.1989485,-0.1019047,0.6287017,25.11903,6.236269,81.72536
10490,0.7432946,0.1991554,-0.1044616,0.6300302,25.32106,6.0746,81.93623
10491,0.74172,0.2001769,-0.1058852,0.6313233,25.50856,6.085493,82.18501
10492,0.7454024,0.2007011,-0.1075577,0.6265188,25.72041,5.806041,81.42143
10493,0.7453285,0.2022438,-0.1125432,0.6252335,26.24483,5.446773,81.25519
10494,0.7440435,0.2030839,-0.1150154,0.6260414,26.50112,5.329577,81.41067
10495,0.7440055,0.2010576,-0.113874,0.6269485,26.22915,5.287186,81.47205
10496,0.7439188,0.2035289,-0.1160886,0.6258469,26.62347,5.265129,81.39332
10497,0.7411796,0.2046757,-0.1185226,0.628262,26.89323,5.24232,81.82688
10498,0.7396472,0.2043731,-0.1221385,0.6294727,27.13533,4.938805,81.9911
10499,0.7397507,0.2042447,-0.1212909,0.6295566,27.05846,5.006534,82.00353
10500,0.7388804,0.2062593,-0.1204414,0.6300848,27.16654,5.284317,82.18981
10501,0.7380919,0.2106735,-0.122591,0.6291332,27.72607,5.452898,82.23375
10502,0.7379465,0.2104056,-0.1219552,0.6295168,27.65082,5.501002,82.28745
10503,0.7370378,0.2109299,-0.1239966,0.630007,27.85037,5.386098,82.38284
10504,0.7365478,0.2125454,-0.1245284,0.629932,28.03356,5.482763,82.44708
10505,0.7364448,0.2156627,-0.1289499,0.6281008,28.66152,5.29571,82.27435
10506,0.7364177,0.2161967,-0.129366,0.6278636,28.74226,5.297341,82.25945
10507,0.7377447,0.2191237,-0.1269513,0.6257803,28.82931,5.694818,82.07636
10508,0.7413715,0.2224256,-0.1225075,0.6211983,28.81628,6.204467,81.515
10509,0.7411335,0.2241158,-0.1216153,0.6210499,28.89839,6.434199,81.58375
10510,0.7726326,0.2294758,-0.112269,0.5811846,29.01895,6.121523,75.48756
10511,0.7748467,0.2305441,-0.112211,0.5778156,29.14013,6.081323,75.00703
10512,0.7756764,0.2274066,-0.1100318,0.5783646,28.68962,6.042946,74.96506
10513,0.7744299,0.2249006,-0.11055,0.5809104,28.47523,5.88104,75.2416
10514,0.7710686,0.228006,-0.1107299,0.5841278,28.74926,6.260612,75.89793
10515,0.7728976,0.227453,-0.1151978,0.5810544,29.04314,5.66195,75.33842
10516,0.7745054,0.2267087,-0.1138062,0.5794764,28.88611,5.66679,75.0675
10517,0.7723476,0.2312068,-0.1131976,0.5806968,29.24934,6.162791,75.4856
10518,0.7770658,0.2285033,-0.107913,0.5764632,28.65536,6.263375,74.74068
10519,0.7787696,0.2305904,-0.1074521,0.573411,28.84109,6.363332,74.36654
10520,0.783549,0.2321785,-0.1065769,0.5663793,28.98446,6.299709,73.35154
10521,0.7854742,0.2319247,-0.1045097,0.5641978,28.83376,6.391713,73.02328
10522,0.7890652,0.2307038,-0.104997,0.5595781,28.7892,6.05825,72.24216
10523,0.7922357,0.2320607,-0.1022092,0.555035,28.76073,6.264421,71.63729
10524,0.7969915,0.2289277,-0.1009807,0.549727,28.41995,5.92159,70.69289
10525,0.79899,0.2340364,-0.0965519,0.5454538,28.64065,6.60988,70.33017
10526,0.8036762,0.2323796,-0.09278527,0.539903,28.27513,6.636876,69.45921
10527,0.8087881,0.2301741,-0.09655681,0.5325022,28.36961,5.801894,68.18907
10528,0.810908,0.2306135,-0.09422079,0.5294982,28.28073,5.958033,67.78891
10529,0.8159269,0.2366156,-0.08657816,0.5203659,28.43925,6.856123,66.79554
10530,0.8195695,0.2331803,-0.08466601,0.5164925,28.01312,6.640591,66.09647
10531,0.8234024,0.2298665,-0.08295938,0.5121403,27.61441,6.40382,65.33694
10532,0.8304162,0.2275172,-0.08329043,0.5017047,27.48022,5.81995,63.70165
10533,0.8287089,0.2371998,-0.07671529,0.5010914,28.03572,7.196223,64.1186
10533,0.828889,0.2344415,-0.07604033,0.5021935,27.71189,7.099218,64.17348
10534,0.8325529,0.2312433,-0.07154718,0.4982603,27.15137,7.18592,63.53612
10535,0.8425584,0.2297691,-0.06536865,0.4827304,26.76283,7.185248,61.33116
10536,0.8569155,0.2271505,-0.05417824,0.459525,26.04584,7.41253,58.122
10537,0.872352,0.2225433,-0.04522076,0.4329337,25.30441,7.23122,54.41422
10538,0.8784798,0.2192014,-0.03560427,0.4230324,24.53516,7.764527,53.11714
10539,0.8898774,0.2159488,-0.03003854,0.4007268,24.10502,7.529607,50.09557
10540,0.8911431,0.2181631,-0.02582276,0.3969914,24.16287,8.013611,49.74249
10541,0.8960389,0.2150045,-0.01713228,0.3880642,23.49079,8.538478,48.61221
10542,0.8994086,0.2138882,-0.01516604,0.3809017,23.34703,8.497021,47.66418
10543,0.9049358,0.2090378,-0.008209914,0.3705766,22.60752,8.727141,46.28648
10544,0.9116629,0.2099832,0.002484888,0.3532306,22.4026,9.517873,44.24745
10545,0.9175109,0.2041343,0.006661117,0.3412604,21.71836,9.388566,42.60942
10546,0.9354616,0.1933793,0.01776734,0.2952969,20.56713,9.061124,36.68598
10547,0.9371364,0.1890388,0.02343366,0.292388,19.91385,9.455992,36.31968
10548,0.9390842,0.1863781,0.02684164,0.2875132,19.54911,9.62652,35.70753
10549,0.9400485,0.1862999,0.03037763,0.2840397,19.45126,9.951184,35.33458
10550,0.9398302,0.1832319,0.03930897,0.2856575,18.78125,10.87187,35.61612
10551,0.9420605,0.1805102,0.04200968,0.2795952,18.45814,10.9445,34.84444
10552,0.9436322,0.1734114,0.04544944,0.2782467,17.57661,11.02305,34.56749
10553,0.9468246,0.1690232,0.04427254,0.2701748,17.22638,10.56757,33.45715
10554,0.9628004,0.1500356,0.05680653,0.2174349,15.31973,10.43189,26.85874
10555,0.9646224,0.1504029,0.06137884,0.2076427,15.3476,10.81065,25.7569
10556,0.9677501,0.1444708,0.06099942,0.1971481,14.80744,10.4304,24.38828
10557,0.9694242,0.1389042,0.06497011,0.1915759,14.14761,10.64909,23.68253
10558,0.9706434,0.1347645,0.06682616,0.1876815,13.68197,10.69497,23.17382
10559,0.9673074,0.1350334,0.06730822,0.2038433,13.52072,10.98475,25.10605
10560,0.9667412,0.1339267,0.07107925,0.2059687,13.27733,11.41357,25.38736
10561,0.9672397,0.1332764,0.07406181,0.2029772,13.16492,11.69504,25.0575
10562,0.9708176,0.1261396,0.07528988,0.1895623,12.49608,11.46185,23.3562
10563,0.971745,0.1225533,0.07926086,0.1854997,12.0506,11.77128,22.86154
10564,0.9727726,0.1187556,0.08513662,0.1798958,11.56111,12.27942,22.20261
10565,0.9731804,0.1183121,0.08593315,0.1775887,11.52273,12.33243,21.93247
10566,0.9740115,0.116986,0.08460391,0.1745228,11.44112,12.11139,21.53462
10567,0.9759692,0.114367,0.086923,0.1638562,11.23021,12.19219,20.2643
10568,0.9769614,0.1130069,0.08715466,0.1586823,11.13649,12.12905,19.6382
10569,0.9788415,0.1078049,0.09334356,0.1467468,10.58255,12.59667,18.22374
10570,0.9793476,0.1085641,0.09385499,0.1424205,10.7142,12.62489,17.73697
10571,0.9800143,0.1059715,0.0961946,0.1381622,10.43536,12.79657,17.22273
10572,0.9832445,0.1032841,0.1007173,0.1114389,10.40817,12.98981,14.12054
10573,0.9829669,0.1013662,0.1001945,0.1160264,10.13853,12.94383,14.61681
10574,0.9830045,0.1005299,0.1000452,0.1165632,10.03906,12.91755,14.66431
10575,0.9840111,0.09739998,0.1025192,0.1082839,9.757759,13.06904,13.67989
10576,0.9850755,0.09504319,0.1051744,0.09762908,9.596776,13.23654,12.43606
10577,0.9859115,0.09467237,0.1049156,0.08949038,9.665701,13.12302,11.48735
10578,0.9879445,0.08772814,0.1094205,0.06554918,9.148638,13.33462,8.663587
10579,0.9878581,0.08489457,0.1188369,0.05298378,8.924608,14.28656,7.260932
10580,0.9884316,0.08292454,0.1177067,0.04766432,8.783987,14.09028,6.609239
10581,0.9884796,0.08243816,0.1191394,0.04379632,8.774217,14.21902,6.170337
10582,0.9883568,0.08094493,0.1260376,0.02671032,8.816586,14.86219,4.248257
10583,0.9884917,0.07520753,0.1305915,0.01318957,8.351129,15.24513,2.648493
10584,0.9882081,0.07657892,0.1321983,0.01020787,8.548866,15.41422,2.342696
10585,0.9863142,0.06675809,0.1432911,-0.04685602,8.344054,16.22208,355.7515
10586,0.9856342,0.06289314,0.1447831,-0.06006249,8.12721,16.30021,354.1915
10587,0.9841037,0.05890433,0.1538439,-0.06635017,7.836753,17.32318,353.4813
10588,0.9816641,0.05642916,0.1557867,-0.09424396,8.056692,17.34755,350.2634
10589,0.9780816,0.05009117,0.1601468,-0.1232902,7.901794,17.68637,346.8624
10590,0.9760798,0.04617508,0.1660881,-0.1324802,7.709347,18.35125,345.7884
10591,0.9738939,0.0435699,0.1691177,-0.1450232,7.695994,18.64159,344.3256
10592,0.9643564,0.03564871,0.1765684,-0.1938287,7.886094,19.25965,338.6109
10593,0.9611884,0.03281644,0.1762678,-0.2096891,7.874774,19.15868,336.7178
10594,0.957561,0.02803607,0.1812874,-0.2223193,7.718138,19.74177,335.2031
10595,0.9516906,0.02232429,0.1885628,-0.2413107,7.671664,20.56543,332.9377
10596,0.9465619,0.01963253,0.1910639,-0.2590942,7.826507,20.78362,330.8212
10597,0.9405053,0.01208976,0.194914,-0.278051,7.53507,21.28745,328.4785
10598,0.9318807,0.008749261,0.192318,-0.3074666,7.733714,20.87286,324.9068
10599,0.9265283,0.004611179,0.1969529,-0.3205211,7.747047,21.42872,323.3031
10600,0.9217466,0.0006713122,0.1952783,-0.3350361,7.590272,21.26749,321.4768
10601,0.9103018,-0.006077558,0.1965056,-0.3642793,7.591018,21.43151,317.8185
10602,0.8981645,-0.006301165,0.1990362,-0.3919765,8.320833,21.48948,314.4268
10603,0.8951713,-0.008486047,0.2006177,-0.3979309,8.306648,21.70376,313.6619
10604,0.8893402,-0.01436408,0.2089381,-0.4064637,8.296886,22.79066,312.5505
10605,0.8839483,-0.01706183,0.2047331,-0.4200341,8.153536,22.34128,310.7805
10606,0.8785172,-0.01900329,0.2048993,-0.4311182,8.237814,22.35378,309.3529
10607,0.8719301,-0.02365701,0.2092428,-0.4420361,8.263815,22.94533,307.9134
10608,0.8654491,-0.02362114,0.2079787,-0.4551758,8.53699,22.6914,306.2325
10609,0.8699057,-0.02861713,0.2089349,-0.4458606,7.846712,23.12277,307.3338
10610,0.8692124,-0.02943932,0.2100799,-0.44662,7.843849,23.27858,307.228
10611,0.8650352,-0.03231157,0.209923,-0.4545356,7.754782,23.33947,306.1643
10612,0.8532163,-0.03534128,0.2120065,-0.475212,8.116627,23.53845,303.4612
10613,0.8510187,-0.03832754,0.2108861,-0.4794011,7.872152,23.54373,302.8556
10614,0.8492853,-0.03969824,0.2117053,-0.4819952,7.854137,23.68029,302.4966
10615,0.8395188,-0.04162996,0.2132399,-0.4980001,8.191885,23.80465,300.3769
10616,0.8369313,-0.04332468,0.2107922,-0.5032254,8.026575,23.6009,299.6447
10617,0.8307748,-0.04658963,0.2085046,-0.5139733,7.869694,23.4583,298.1489
10618,0.8318367,-0.0483176,0.2121135,-0.5106087,7.829706,23.95477,298.5776
10619,0.828716,-0.05054156,0.2124292,-0.5153148,7.768249,24.07424,297.9103
10620,0.8266432,-0.05010855,0.2115477,-0.5190357,7.860275,23.9272,297.42
10621,0.8243576,-0.05295645,0.2114484,-0.5224172,7.678741,24.05441,296.9113
10622,0.822159,-0.0552983,0.2117268,-0.5255175,7.562304,24.19422,296.4503
10623,0.820231,-0.0559828,0.2120112,-0.5283356,7.59607,24.23967,296.0599
10624,0.8163544,-0.05941303,0.2150634,-0.5327133,7.592698,24.7148,295.4127
10625,0.8160878,-0.05797946,0.2143655,-0.5335603,7.707803,24.55127,295.326
10626,0.8132367,-0.06036383,0.2137882,-0.5378633,7.573475,24.6004,294.6934
10627,0.8125215,-0.05850309,0.2131454,-0.5394029,7.751242,24.40977,294.5216
10628,0.8128408,-0.05865239,0.2132713,-0.5388553,7.7294,24.43623,294.5931
10629,0.8120595,-0.05972162,0.2134185,-0.5398569,7.668181,24.50726,294.4359
10630,0.813135,-0.06054285,0.2133985,-0.5381517,7.540241,24.5698,294.6492
10631,0.813163,-0.06036571,0.2162293,-0.536998,7.703981,24.8526,294.8199
10632,0.8131299,-0.0592458,0.2186699,-0.536184,7.940549,25.0371,294.9634
10633,0.8138832,-0.05812646,0.2177763,-0.5355269,7.968801,24.88567,295.072
10634,0.8141494,-0.05513014,0.2162259,-0.5360671,8.166766,24.5445,295.0545
10635,0.8146302,-0.0572038,0.2155528,-0.5353901,7.909561,24.60788,295.1004
10636,0.814797,-0.0576625,0.2148722,-0.5353606,7.822336,24.56741,295.0921
10637,0.8142433,-0.05611026,0.2166267,-0.535661,8.088477,24.6475,295.0909
10638,0.8142724,-0.05660623,0.2160041,-0.5358158,8.006823,24.61341,295.0572
10639,0.814044,-0.05728152,0.2173752,-0.5355367,8.0227,24.79437,295.0866
10640,0.8139402,-0.05680367,0.2187104,-0.5352015,8.14268,24.90294,295.1475
10641,0.8138222,-0.05683883,0.2200675,-0.5348207,8.214529,25.04514,295.2039
10642,0.8128594,-0.05562752,0.2199461,-0.5364597,8.369119,24.94484,295.0074
10643,0.8117692,-0.05479659,0.2234283,-0.5367568,8.678445,25.2426,295
10644,0.8107249,-0.05535157,0.2224008,-0.5387015,8.619135,25.1537,294.7208
10645,0.810341,-0.05454743,0.2237499,-0.5388024,8.784006,25.2399,294.7298
10646,0.8104761,-0.05400981,0.2230645,-0.5389376,8.794351,25.13717,294.7194
10647,0.8096585,-0.0543935,0.2247316,-0.5394353,8.880605,25.32311,294.6518
10648,0.8064753,-0.05300069,0.2208875,-0.5458914,8.955868,24.7877,293.7849
10648,0.8013558,-0.05136275,0.2183954,-0.5545218,9.200527,24.34893,292.6241
10648,0.8020741,-0.05105625,0.2186411,-0.5534137,9.212478,24.36604,292.7834
10649,0.799032,-0.05481738,0.2209841,-0.5565151,9.111737,24.80006,292.294
10650,0.7988822,-0.05592905,0.2203897,-0.5568551,8.979947,24.80694,292.2225
10651,0.7947778,-0.05393694,0.2252676,-0.5609579,9.613178,25.12217,291.7175
10652,0.7936385,-0.05351827,0.2229265,-0.5635403,9.573216,24.83551,291.3576
10653,0.7784556,-0.05564493,0.2226723,-0.5842326,9.994322,24.71115,288.418
10653,0.7766215,-0.05694768,0.221854,-0.5868536,9.900519,24.68648,288.0186
10654,0.7732038,-0.05582228,0.2214717,-0.5915995,10.12062,24.51879,287.3634
10655,0.7722989,-0.05240563,0.221905,-0.5929302,10.49809,24.3175,287.2376
10656,0.7722344,-0.05265206,0.2202974,-0.5935916,10.38222,24.17053,287.1321
10657,0.7712011,-0.05145767,0.2201947,-0.595076,10.52687,24.06254,286.9405
10658,0.7698622,-0.05094782,0.2228063,-0.5958809,10.78279,24.26989,286.8446
10659,0.7691259,-0.04777569,0.2214432,-0.5976001,11.02153,23.90434,286.6465
10660,0.7697473,-0.04823303,0.2236485,-0.5959399,11.08749,24.1694,286.8867
10661,0.7665288,-0.05056852,0.2255437,-0.5991716,11.11357,24.46493,286.3894
10662,0.7651253,-0.04989177,0.2237022,-0.6017073,11.11971,24.20855,286.0277
10663,0.764108,-0.0516316,0.2246569,-0.6024971,11.0582,24.40677,285.8873
10664,0.7462722,-0.05594215,0.2315584,-0.6215538,11.79179,25.09391,283.0528
10665,0.7403675,-0.05356601,0.2316159,-0.6287613,12.23637,24.8258,282.0235
10665,0.7395773,-0.05261627,0.2328409,-0.6293188,12.4293,24.86538,281.9604
10666,0.735827,-0.05513367,0.2325473,-0.6335935,12.33008,24.94979,281.2769
10667,0.7373216,-0.05569381,0.2336428,-0.6314003,12.29328,25.12571,281.5998
10668,0.7335236,-0.0584085,0.2298791,-0.6369358,11.9553,24.88354,280.7097
10669,0.724918,-0.05864304,0.2372932,-0.6440085,12.74515,25.47824,279.6577
10670,0.7242916,-0.05563745,0.2372803,-0.6449841,13.03161,25.24401,279.5598
10671,0.7248353,-0.0564892,0.237044,-0.6443859,12.92085,25.29351,279.6361
10672,0.7171421,-0.059459,0.2390408,-0.6519444,13.0853,25.5683,278.4343
10673,0.7143874,-0.06042117,0.2423723,-0.653648,13.32793,25.91613,278.1643
10674,0.6984018,-0.05742744,0.2411737,-0.6713959,14.10096,25.26764,275.4348
10675,0.6979381,-0.05913451,0.2406743,-0.6719089,13.93837,25.342,275.3256
10676,0.6977757,-0.05820423,0.2423815,-0.671545,14.14125,25.43221,275.4014
10677,0.6999271,-0.0569095,0.2437232,-0.6689264,14.26463,25.50497,275.8391
10678,0.7060992,-0.05576509,0.2438083,-0.662474,14.1394,25.54734,276.8726
10679,0.7068181,-0.05399239,0.2453444,-0.6612861,14.36866,25.57815,277.0902
10680,0.7044509,-0.05197561,0.2446848,-0.6642114,14.58502,25.31285,276.6602
10681,0.6985519,-0.04758292,0.2414162,-0.6719222,14.94831,24.53702,275.4947
10682,0.7009346,-0.04899865,0.2463435,-0.6675363,15.08174,25.17669,276.1827
10683,0.7007189,-0.0470385,0.249422,-0.6667603,15.46726,25.32603,276.3405
10684,0.7012804,-0.04747292,0.2476372,-0.6668044,15.28779,25.19501,276.323
10685,0.7002783,-0.04563099,0.2478116,-0.6679205,15.49344,25.05046,276.1716
10686,0.6988699,-0.04617965,0.2491346,-0.6688651,15.58857,25.19235,276.0174
10687,0.6990136,-0.04529643,0.250237,-0.6683635,15.73407,25.23694,276.1117
10688,0.6983091,-0.04508039,0.2514578,-0.6686563,15.86178,25.32579,276.071
10689,0.6978052,-0.04295218,0.2549666,-0.6679935,16.30124,25.50087,276.2133
10690,0.6979554,-0.04036433,0.2575063,-0.6670229,16.68922,25.56146,276.4077
10691,0.699367,-0.04065877,0.2558119,-0.666178,16.49679,25.44674,276.5339
10692,0.6982151,-0.03919846,0.256056,-0.6673788,16.68052,25.33375,276.3615
10693,0.6983218,-0.03897682,0.2562882,-0.667191,16.71132,25.34266,276.3947
10694,0.6974396,-0.03650564,0.2574706,-0.6677982,17.035,25.2529,276.3305
10695,0.6975099,-0.03536636,0.256595,-0.6681229,17.06985,25.0802,276.2892
10696,0.6974252,-0.03297308,0.2616818,-0.6663585,17.62316,25.40973,276.613
10697,0.6977402,-0.03381804,0.2599986,-0.6666452,17.42525,25.31106,276.5528
10698,0.6971861,-0.0315344,0.2618299,-0.6666201,17.76487,25.31006,276.5873
10699,0.6975304,-0.03177759,0.2621892,-0.6661069,17.75578,25.37347,276.6679
10700,0.6973771,-0.03126684,0.2630449,-0.6659544,17.86301,25.418,276.7005
10701,0.697051,-0.03074193,0.2641874,-0.6658678,17.99719,25.48647,276.7235
10702,0.6968016,-0.02906787,0.2641957,-0.6662008,18.14999,25.35467,276.6877
10703,0.696943,-0.02926373,0.264818,-0.665797,18.17013,25.43654,276.7524
10704,0.6960407,-0.02722314,0.2656274,-0.6665047,18.43248,25.34213,276.662
10705,0.6961741,-0.02785873,0.2686185,-0.6651388,18.57514,25.70013,276.8848
10706,0.6962686,-0.02735108,0.2657368,-0.6662177,18.42057,25.36887,276.7072
10707,0.6961664,-0.02717113,0.2647444,-0.6667268,18.37247,25.25121,276.6241
10708,0.6964229,-0.02452555,0.2647776,-0.6665483,18.5912,25.06167,276.6782
10708,0.695793,-0.02323073,0.2659559,-0.6667833,18.80464,25.06814,276.656
10709,0.6959395,-0.02353296,0.2658042,-0.6666804,18.76321,25.07924,276.6693
10710,0.6960315,-0.02430356,0.2664219,-0.66631,18.73593,25.20311,276.7239
10711,0.696093,-0.02314192,0.2659893,-0.6664599,18.80357,25.07282,276.709
10712,0.6962057,-0.02271768,0.2687746,-0.6652381,19.0241,25.33043,276.9189
10713,0.6997739,-0.02081648,0.2704199,-0.6608755,19.16526,25.45494,277.6425
10714,0.7011458,-0.02239752,0.2709787,-0.6591385,19.01509,25.66784,277.9077
10715,0.7006676,-0.02208063,0.2739856,-0.6584143,19.25965,25.94497,278.0381
10716,0.7007214,-0.02149159,0.2747861,-0.6580429,19.36122,25.98659,278.1063
10717,0.700783,-0.01969287,0.2785895,-0.6564323,19.76417,26.2555,278.3963
10718,0.7012087,-0.01969051,0.2782773,-0.6561102,19.72748,26.23432,278.4464
10719,0.7015897,-0.01924711,0.2791974,-0.6553246,19.81126,26.30968,278.5799
10720,0.7078883,-0.01289791,0.279063,-0.6487309,20.10935,26.01209,279.6843
10721,0.733861,0.0007686913,0.2638989,-0.6259431,19.35983,24.17496,283.2593
10722,0.7358528,0.01026142,0.2584236,-0.6258057,19.78841,22.98822,283.3037
10723,0.7423109,0.01323554,0.259186,-0.6177557,19.86938,23.06419,284.5586
10724,0.7569309,0.02234015,0.2547617,-0.601376,19.89119,22.43088,287.0489
10725,0.7657964,0.0288868,0.2486014,-0.592384,19.80243,21.61153,288.3686
10726,0.7751274,0.0290058,0.249086,-0.5799072,19.50322,21.96019,290.216
10727,0.7820706,0.03261873,0.2452494,-0.5719741,19.36427,21.53411,291.3562
10728,0.7830277,0.03537443,0.245962,-0.5701922,19.62664,21.47657,291.6342
10729,0.7948877,0.04568356,0.2335454,-0.5581427,19.47101,19.85964,293.2904
10730,0.7993423,0.05423541,0.2245466,-0.5546975,19.62218,18.49568,293.7088
10731,0.8056791,0.05840909,0.2246664,-0.5449724,19.81546,18.48962,295.1071
10732,0.8107889,0.05539247,0.2226192,-0.5385107,19.24382,18.61268,295.9999
10733,0.8223363,0.06290725,0.2137177,-0.5235748,19.10233,17.59379,298.014
10734,0.8316227,0.06784511,0.2106901,-0.5093235,19.1148,17.32161,299.9679
10735,0.8390198,0.06880833,0.2077497,-0.4981481,18.81075,17.20918,301.4742
10736,0.8437024,0.07353751,0.2054525,-0.4904566,19.00306,16.88026,302.5051
10737,0.8493671,0.08009499,0.2002495,-0.4817266,19.20755,16.17108,303.6337
10738,0.8541133,0.07950214,0.1989357,-0.4739141,18.92708,16.23572,304.6757
10739,0.8598127,0.08756672,0.1979086,-0.4624785,19.48979,15.96773,306.2096
10740,0.8652588,0.08913685,0.193262,-0.4539071,19.2505,15.57733,307.2955
10741,0.8617024,0.09109434,0.189239,-0.4619085,19.37895,14.8633,306.1654
10742,0.8665776,0.09440458,0.186221,-0.4532693,19.41659,14.56454,307.2806
10743,0.8708584,0.0989244,0.1831985,-0.4452618,19.59935,14.19315,308.3033
10744,0.8774024,0.1027883,0.1831887,-0.4313254,19.7795,14.32283,310.1529
10745,0.8811584,0.1077467,0.1802343,-0.4236349,20.0348,13.94077,311.1206
10746,0.8837738,0.1127544,0.1766098,-0.4183773,20.30868,13.42995,311.7505
10747,0.8854687,0.1152677,0.174128,-0.4151364,20.40817,13.11514,312.1334
10748,0.886974,0.119224,0.1744139,-0.4106614,20.77796,13.0729,312.7194
10749,0.8883412,0.1192965,0.1759843,-0.4069988,20.80586,13.33231,313.2281
10750,0.8912616,0.125437,0.1694114,-0.4015198,21.078,12.4554,313.8223
10751,0.8946415,0.129793,0.17096,-0.3918458,21.48245,12.67506,315.1078
10752,0.8943455,0.1314331,0.1686845,-0.3929592,21.57171,12.32014,314.9162
10753,0.8971057,0.1335095,0.1686172,-0.3859339,21.69678,12.39755,315.8301
10754,0.8983674,0.1389507,0.1665464,-0.3819571,22.14084,12.03244,316.2953
10755,0.9023957,0.1429956,0.1645505,-0.3716955,22.35862,11.89846,317.5862
10756,0.9048257,0.1466739,0.1648368,-0.3641514,22.67353,11.97655,318.5645
10757,0.9055072,0.1497026,0.1704714,-0.358588,23.16445,12.65152,319.3951
10758,0.9090019,0.1525611,0.1705595,-0.3483537,23.34001,12.82356,320.7229
10759,0.912413,0.1581148,0.1613797,-0.3412607,23.49551,11.7382,321.4357
10760,0.9166122,0.161976,0.16043,-0.3284027,23.72263,11.832,323.0705
10761,0.9172452,0.1639996,0.1616006,-0.3250396,23.9481,11.98901,323.5265
10762,0.9181736,0.1659936,0.1615458,-0.3214136,24.12118,12.01229,323.9896
10763,0.9142689,0.1668347,0.1631804,-0.3311359,24.40181,11.90691,322.764
10764,0.9136297,0.1655289,0.1643015,-0.3329959,24.32347,12.0337,322.5513
10765,0.9120713,0.1707873,0.1629117,-0.3352873,24.88414,11.61538,322.2032
10766,0.911818,0.1710001,0.1651396,-0.3347775,24.98695,11.88426,322.3205
10767,0.9102785,0.1720899,0.1681426,-0.336907,25.25175,12.13685,322.1079
10768,0.9151008,0.1733603,0.1652903,-0.3243702,25.11996,12.11654,323.6739
10769,0.9166038,0.1791914,0.1684533,-0.3152006,25.76546,12.56035,324.9297
10770,0.9183145,0.1797214,0.1672249,-0.3105394,25.71795,12.53319,325.5047
10771,0.9187786,0.1806942,0.1661047,-0.3092005,25.76972,12.40689,325.649
10772,0.9192307,0.1811435,0.1653301,-0.3080067,25.77708,12.33477,325.7839
10773,0.918637,0.1838057,0.1632721,-0.309296,26.02098,11.9634,325.5581
10774,0.9204516,0.1857349,0.1644487,-0.3020396,26.1843,12.2586,326.5275
10775,0.9223223,0.1878407,0.1652907,-0.2944766,26.34965,12.52104,327.5279
10776,0.9273978,0.193515,0.1617121,-0.276287,26.63394,12.4697,329.7834
10777,0.9300402,0.1968316,0.1624082,-0.2643979,26.87229,12.82528,331.3366
10778,0.9308827,0.1990333,0.1584677,-0.2621665,26.97766,12.35402,331.5164
10779,0.9315482,0.1988408,0.1625415,-0.2574112,27.0096,13.00311,332.2419
10780,0.932172,0.1992375,0.159312,-0.256865,26.955,12.61405,332.223
10781,0.9329872,0.2014744,0.1584725,-0.2526454,27.13062,12.58427,332.7442
10782,0.9326634,0.2030032,0.1603064,-0.2514573,27.34115,12.80872,332.95
10783,0.9330181,0.2034114,0.1595372,-0.2502981,27.35077,12.74004,333.078
10784,0.9344698,0.202865,0.1574504,-0.2466201,27.18102,12.60995,333.4919
10785,0.933988,0.2028946,0.1610789,-0.2460772,27.27604,13.07262,333.6643
10786,0.933573,0.2044169,0.1629696,-0.2451452,27.48902,13.29916,333.8407
10787,0.9332671,0.2052024,0.1650763,-0.2442429,27.62318,13.56956,334.019
10788,0.9356908,0.207296,0.1605463,-0.236085,27.62839,13.2167,334.9418
10789,0.9371113,0.2068117,0.1582119,-0.2324237,27.46169,13.05202,335.3432
10790,0.9377369,0.2067975,0.1607597,-0.2281249,27.4639,13.50085,335.9679
10791,0.9383005,0.2080868,0.1600282,-0.2251295,27.55177,13.47641,336.3343
10792,0.9395177,0.2096517,0.1612992,-0.2175668,27.65391,13.83832,337.3449
10793,0.9408507,0.2097032,0.1574107,-0.2145846,27.52623,13.44569,337.6117
10794,0.946175,0.2175881,0.1530451,-0.1843524,27.91629,13.70742,341.3716
10795,0.9465169,0.217524,0.1525922,-0.183044,27.88137,13.69224,341.5238
10796,0.9443907,0.2147695,0.1513213,-0.197743,27.74245,13.11841,339.6006
10797,0.9440696,0.2158751,0.1568223,-0.1937455,27.9285,13.91358,340.281
10798,0.9450096,0.2182819,0.1569135,-0.1862479,28.09965,14.12413,341.2529
10799,0.9450032,0.2195823,0.1551684,-0.1862137,28.21626,13.88721,341.2117
10800,0.9462062,0.2183658,0.15358,-0.1828212,27.99493,13.81139,341.5873
10801,0.947221,0.2197137,0.1527311,-0.1765548,28.04505,13.88242,342.3664
10802,0.9471999,0.2212212,0.1530342,-0.1745109,28.19629,13.96536,342.6457
10802,0.9478017,0.2200382,0.1533804,-0.1724232,28.03415,14.08915,342.9131
10803,0.9478137,0.2213277,0.1513837,-0.1724714,28.14948,13.82021,342.8545
10804,0.947444,0.2229552,0.1541121,-0.1699722,28.35054,14.22335,343.2685
10805,0.9481953,0.2216884,0.152318,-0.1690539,28.1582,14.04085,343.3199
10806,0.9538739,0.2313894,0.146072,-0.1234772,28.52262,14.60341,348.9791
10807,0.9546017,0.229976,0.1455865,-0.1210429,28.31478,14.62486,349.2549
10808,0.9541281,0.2313056,0.1471996,-0.1202906,28.47685,14.8477,349.4163
10809,0.9545023,0.2307836,0.1472461,-0.1182496,28.38478,14.91984,349.6689
10810,0.9551404,0.2308906,0.1443848,-0.1164025,28.33848,14.61358,349.8116
10811,0.9553227,0.2327304,0.1428538,-0.1130842,28.48796,14.51639,350.2019
10812,0.9564627,0.2370385,0.1397384,-0.09728939,28.72637,14.60948,352.1441
10813,0.9595653,0.2342459,0.135636,-0.07724132,28.06688,14.71346,354.4923
10814,0.9590749,0.2376482,0.1365444,-0.0710946,28.37628,15.02703,355.3407
10815,0.9598502,0.240849,0.1348159,-0.05004174,28.41476,15.47688,357.972
10816,0.960827,0.242588,0.1303793,-0.03104734,28.31157,15.5141,0.2339428
10817,0.9603933,0.245875,0.1291017,-0.0228728,28.56654,15.63705,1.275632
10818,0.9608101,0.245368,0.1281628,-0.01459718,28.37535,15.76955,2.269613
10819,0.9602464,0.2473725,0.1289236,-0.01060877,28.54263,16.01434,2.832493
10820,0.9603633,0.2497847,0.1212435,0.0247027,28.27981,16.16778,7.045434
10821,0.9595069,0.2509703,0.1205165,0.04285222,28.11785,16.65496,9.312821
10822,0.9580101,0.2547738,0.116546,0.06102787,28.28948,16.79252,11.55047
10823,0.9537438,0.2592252,0.1053498,0.1098944,28.11963,17.00451,17.43385
10824,0.9527016,0.2593237,0.1058275,0.1179488,27.97923,17.31364,18.45962
10825,0.9524473,0.258887,0.1047051,0.121896,27.88031,17.28026,18.9064
10826,0.9422433,0.2646905,0.09157449,0.1836594,27.72113,17.74484,26.47087
10827,0.9380853,0.2669525,0.09237689,0.2004968,27.63298,18.4488,28.70287
10828,0.9326978,0.2662194,0.08340696,0.2285728,27.28877,18.18057,31.9882
10829,0.9290544,0.2679202,0.07855991,0.242704,27.36719,18.10802,33.72485
10830,0.922807,0.2711681,0.07562113,0.2630144,27.43182,18.53968,36.37918
10831,0.9183553,0.2674864,0.07221025,0.2825958,26.77464,18.53556,38.65641
10832,0.909068,0.2658306,0.06172442,0.314833,26.38817,18.18769,42.50255
10833,0.9065443,0.2639648,0.05981293,0.3239176,26.09385,18.12961,43.55933
10834,0.9033139,0.2653275,0.05868706,0.3319358,26.12859,18.31775,44.63841
10835,0.9005817,0.264299,0.05408463,0.3408424,26.05138,17.99751,45.65647
10836,0.8970728,0.2645517,0.05436519,0.3497391,25.88822,18.30702,46.84027
10837,0.8910136,0.2656005,0.05407479,0.3641801,25.71668,18.7644,48.7821
10838,0.8908397,0.2656412,0.05377898,0.3646194,25.72612,18.74695,48.8359
10839,0.8863941,0.2632373,0.045156,0.3781173,25.6273,18.03363,50.33824
10840,0.8838218,0.2631688,0.0445728,0.3842063,25.52713,18.14426,51.13318
10841,0.8797802,0.2624764,0.04135466,0.3941865,25.41934,18.03963,52.37045
10842,0.8792983,0.2598019,0.04042777,0.3971184,25.13659,17.84621,52.62041
10843,0.8778907,0.2602789,0.04239455,0.3997068,25.03059,18.16706,53.02494
10844,0.8658929,0.2575247,0.0313051,0.4277039,24.78402,17.59883,56.46969
10845,0.863762,0.2571552,0.03037918,0.4322774,24.70695,17.60763,57.05762
10846,0.8598948,0.2605835,0.03135449,0.4378291,24.87834,18.11718,57.99557
10847,0.8502717,0.2597712,0.02823305,0.4569026,24.57932,18.29013,60.52065
10848,0.8514166,0.2551207,0.02860636,0.4573676,24.09562,17.99926,60.35998
10849,0.8476044,0.2574308,0.02506259,0.4633229,24.40443,17.9753,61.24215
10850,0.8238019,0.2559076,0.01529828,0.5055965,23.96414,18.10537,66.95116
10851,0.8169042,0.2539848,0.01106903,0.5177227,23.79724,17.88994,68.52901
10852,0.7997513,0.2536233,0.003203064,0.5441167,23.71487,17.8817,72.2432
10853,0.7764307,0.2527454,-0.005437672,0.5772744,23.50047,17.99847,77.03493
10854,0.762677,0.2501974,-0.01350641,0.5962741,23.43738,17.62276,79.72115
10855,0.7460328,0.2456585,-0.01955977,0.6186312,23.00049,17.36686,82.89249
10856,0.7341248,0.2402762,-0.02573347,0.6345598,22.67132,16.82967,85.07597
10857,0.7221842,0.2390944,-0.03279799,0.6482347,22.82153,16.55345,87.18595
10858,0.7083458,0.2369069,-0.03857291,0.6638024,22.75762,16.36838,89.59718
10859,0.6894259,0.2337018,-0.04613498,0.6840665,22.66603,16.11454,92.80312
10860,0.6849513,0.2292029,-0.05019695,0.689774,22.53419,15.53839,93.51595
10861,0.6756607,0.2256184,-0.0563719,0.6995722,22.56649,15.03171,95.00792
10862,0.663565,0.2207083,-0.06493261,0.711866,22.6658,14.30849,96.9045
10863,0.6543442,0.2216098,-0.06892624,0.7197028,22.90665,14.38107,98.37503
10864,0.6433678,0.2146374,-0.07802182,0.7306992,22.96711,13.39362,100.0062
10865,0.6380773,0.2140183,-0.08219105,0.73505,23.20047,13.19072,100.7985
10866,0.6354907,0.2138414,-0.08577424,0.7369304,23.46618,12.98772,101.163
10867,0.6553985,0.2182607,-0.08408564,0.7181538,24.00825,12.85716,97.9767
10868,0.6532255,0.2211568,-0.0863913,0.7189733,24.40328,13.01884,98.31313
10869,0.6540646,0.2212366,-0.08989045,0.717756,24.73645,12.72108,98.11696
10870,0.6568382,0.2183262,-0.09265006,0.7157607,24.79927,12.13474,97.59358
10871,0.660906,0.2185224,-0.1011159,0.7107933,25.63206,11.32132,96.74918
10872,0.6647582,0.2154599,-0.1024825,0.7079343,25.56655,10.78558,96.05712
10873,0.6637672,0.2215247,-0.1088084,0.7060459,26.59807,10.85322,96.10837
10874,0.6581548,0.2293669,-0.107633,0.70897,27.03502,11.89199,97.12591
10875,0.6787108,0.2347757,-0.1033096,0.6881564,27.44365,11.89282,93.70567
10876,0.6823326,0.2380887,-0.1005137,0.6838371,27.54087,12.27158,93.14452
10877,0.6818218,0.2370083,-0.1032664,0.6843116,27.67966,11.96287,93.16612
10878,0.68219,0.2425782,-0.1075201,0.6813313,28.5211,12.07829,93.00838
10879,0.702274,0.2406979,-0.1143167,0.6601574,29.27525,10.38466,89.17801
10880,0.7079954,0.2408852,-0.1140415,0.6539965,29.35746,10.14999,88.12444
10881,0.7099129,0.2394747,-0.1160713,0.6520761,29.43178,9.751126,87.70362
10882,0.7108549,0.2392349,-0.1178076,0.6508251,29.5687,9.523999,87.47046
10883,0.7337264,0.235797,-0.1197757,0.6258588,29.73217,7.90237,83.02822
10884,0.7367904,0.2400156,-0.12328,0.6199471,30.43341,7.727194,82.26038
10885,0.7587201,0.2424608,-0.1120806,0.5941334,30.0729,7.839155,78.23598
10886,0.7625238,0.2348009,-0.116035,0.591576,29.69411,6.666557,77.37865
10887,0.764826,0.2368192,-0.1185835,0.5872784,30.10154,6.422003,76.7669
10888,0.7719693,0.2347438,-0.1170113,0.5790226,29.86343,6.035679,75.35507
10889,0.7756618,0.2330887,-0.1203107,0.5740591,29.98194,5.363962,74.44685
10890,0.7806278,0.2315424,-0.1213269,0.5677043,29.95056,4.864348,73.35422
10891,0.7807262,0.2365319,-0.1160502,0.5666142,30.05591,5.758073,73.48784
10892,0.7862288,0.2354607,-0.1146503,0.5596943,29.90678,5.513716,72.36565
10893,0.7896361,0.2340922,-0.1137871,0.5556331,29.74516,5.315771,71.67744
10894,0.8400745,0.2391954,-0.07708961,0.4807468,28.42482,6.559487,61.22517
10895,0.8430953,0.2385571,-0.07463309,0.4761417,28.25031,6.60534,60.57552
10896,0.8700881,0.2367042,-0.05567494,0.4287401,27.36434,6.860442,54.13601
10897,0.874661,0.2360349,-0.05382904,0.4199502,27.26535,6.724243,52.92663
10898,0.8794303,0.2333933,-0.04258654,0.4126943,26.46535,7.557378,52.0585
10899,0.9025942,0.22604,-0.0211935,0.3657602,25.05881,8.065243,45.91394
10900,0.9087195,0.2270325,-0.01715562,0.3498442,25.1267,8.106701,43.92149
10901,0.9180762,0.2229701,-0.001548439,0.3277476,24.23134,9.042031,41.23739
10902,0.9271289,0.2200989,0.007816315,0.3031954,23.78967,9.305498,38.18242
10903,0.9358597,0.2143889,0.02162957,0.2788123,22.90565,10.00489,35.2117
10904,0.9582343,0.1971374,0.03836522,0.2035984,21.23447,9.497353,25.77506
10905,0.9625359,0.1879794,0.05211669,0.1883411,20.01355,10.49418,23.99929
10906,0.967176,0.1812837,0.06174332,0.1670174,19.27133,10.99203,21.46685
10907,0.9722423,0.1707757,0.07827574,0.139476,18.07343,12.13503,18.26472
10908,0.9745342,0.1677666,0.08774534,0.1201595,17.81242,12.82537,16.07617
10909,0.977276,0.1636915,0.09143174,0.09887993,17.56947,12.79174,13.53978
10910,0.9817455,0.146515,0.1033757,0.0634262,15.93623,13.32171,9.26594
10911,0.9827006,0.1400078,0.1098057,0.05138289,15.30085,13.80746,7.849788
10912,0.984818,0.1269039,0.1158863,0.02448006,14.13933,13.99235,4.591724
10913,0.9851404,0.1227261,0.1200364,0.005289122,13.91813,14.18164,2.354985
10914,0.9850011,0.1166654,0.1263633,-0.01394388,13.49468,14.63485,0.1187278
10915,0.9851156,0.1074117,0.1326118,-0.02059413,12.53805,15.25568,359.2905
10916,0.9843713,0.09669942,0.1432008,-0.03399913,11.54361,16.32197,357.7047
10917,0.9838153,0.09148452,0.1458957,-0.04952339,11.21308,16.46429,355.8639
10918,0.9809211,0.08144453,0.1544082,-0.0855508,10.73115,17.10555,351.6497
10919,0.9803547,0.0743396,0.1549245,-0.0968338,10.12302,17.09403,350.2432
10920,0.979703,0.06781913,0.1553335,-0.1070243,9.563124,17.09336,348.9717
10921,0.9780694,0.06048718,0.1603214,-0.118401,8.99137,17.63853,347.593
10922,0.9765682,0.04948372,0.1636801,-0.1306717,8.014582,18.04615,346.0321
10923,0.9746408,0.04159676,0.1665912,-0.1435009,7.405787,18.38654,344.4487
10924,0.9738542,0.04034655,0.1638001,-0.152151,7.378762,18.01818,343.4117
10925,0.9738464,0.03534005,0.1646194,-0.1525611,6.83789,18.1837,343.2885
10926,0.971344,0.02906592,0.1687167,-0.1648661,6.436234,18.6749,341.7934
10927,0.9685236,0.02403923,0.1705919,-0.1796738,6.192367,18.88651,340.0116
10928,0.9686394,0.02011455,0.1690423,-0.1809917,5.748268,18.77297,339.7835
10929,0.9686152,0.01752483,0.1694141,-0.1810429,5.468131,18.86382,339.7352
10930,0.968097,0.01423317,0.1729598,-0.1807506,5.168401,19.33461,339.7295
10931,0.9638555,0.007257007,0.1729097,-0.202564,4.820822,19.36305,337.0858
10932,0.9640371,0.004603915,0.1731606,-0.2015612,4.512787,19.45357,337.1553
10933,0.9642764,0.001707241,0.1737826,-0.1999196,4.173538,19.59416,337.2951
10934,0.9638804,0.001219116,0.1785927,-0.1975801,4.181885,20.16471,337.5754
10935,0.9572697,-0.002419092,0.1806477,-0.2258217,4.413671,20.36392,334.2461
10936,0.9578691,-0.007430755,0.1764452,-0.2264926,3.766569,20.00657,334.0576
10937,0.9573807,-0.01109982,0.1764828,-0.2283704,3.402698,20.09623,333.7702
10938,0.9569249,-0.01567785,0.1756687,-0.2306288,2.924699,20.11362,333.4179
10939,0.956152,-0.01909123,0.1757174,-0.2335222,2.611274,20.2001,333.0157
10940,0.9548118,-0.02037632,0.1785341,-0.2367382,2.614775,20.54519,332.6235
10941,0.9531643,-0.02351001,0.1786117,-0.2429469,2.405324,20.62354,331.839
10942,0.9530442,-0.03001376,0.1762756,-0.2444032,1.659276,20.53716,331.5341
10943,0.9525108,-0.03468171,0.1777358,-0.2448066,1.200573,20.83324,331.3932
10944,0.9509912,-0.04045235,0.175719,-0.251202,0.6498757,20.76651,330.5259
10945,0.9500419,-0.03984507,0.1762687,-0.2544842,0.8025244,20.80816,330.1562
10946,0.9499545,-0.04349139,0.1760043,-0.2543967,0.396497,20.88717,330.0892
10947,0.9495473,-0.04988647,0.1741005,-0.2560478,359.6801,20.86612,329.7591
10948,0.946245,-0.05815851,0.1749606,-0.2657569,359.0219,21.22775,328.4415
10949,0.9460046,-0.06437467,0.1674646,-0.2699758,358.2021,20.59603,327.8174
10950,0.9467466,-0.06375495,0.1677686,-0.2673202,358.2222,20.60504,328.1421
10951,0.9488028,-0.0687841,0.167834,-0.2586001,357.4941,20.75647,329.0493
10952,0.9477031,-0.0725811,0.1676903,-0.2616693,357.1448,20.87118,328.6034
10953,0.9431493,-0.08056074,0.169052,-0.2745922,356.6107,21.33139,326.8963
10954,0.9413086,-0.08766863,0.1605978,-0.283656,355.7598,20.67373,325.6867
10955,0.9412527,-0.0898334,0.1598367,-0.2835942,355.5003,20.66686,325.6446
10956,0.9409235,-0.09211178,0.1611518,-0.2832117,355.293,20.89399,325.6288
10957,0.9406301,-0.09571169,0.1602531,-0.283502,354.8827,20.92651,325.5092
10958,0.9399236,-0.100951,0.1580582,-0.2852548,354.2839,20.88487,325.1809
10959,0.9376729,-0.1063499,0.1589876,-0.2901419,353.847,21.2203,324.4593
10960,0.9363044,-0.1109091,0.1566607,-0.2940937,353.365,21.16269,323.8841
10961,0.9356266,-0.1109188,0.1561827,-0.296491,353.3996,21.12593,323.6021
10962,0.9350947,-0.1170035,0.1541491,-0.2968943,352.6872,21.14302,323.4039
10963,0.9313451,-0.1245223,0.1520691,-0.306538,352.0264,21.2913,322.0625
10964,0.9315339,-0.1275776,0.1485668,-0.3064253,351.5679,21.0299,322.0153
10965,0.9313632,-0.1319371,0.1495117,-0.3046335,351.1023,21.30027,322.0994
10966,0.9308817,-0.1347782,0.1497745,-0.3047323,350.8138,21.44926,322.0039
10967,0.9275759,-0.135924,0.1488665,-0.3145895,350.8804,21.48889,320.797
10968,0.9264351,-0.1413267,0.1455573,-0.3171088,350.2386,21.38354,320.3617
10969,0.9251935,-0.1461746,0.1470325,-0.3178547,349.8044,21.76789,320.1138
10970,0.9212902,-0.1506175,0.14327,-0.3286528,349.4349,21.66924,318.7067
10971,0.9214813,-0.1540564,0.14326,-0.3265206,349.0259,21.80322,318.8573
10972,0.9204565,-0.1549727,0.1446943,-0.3283396,349.0313,22.02355,318.5952
10973,0.9163187,-0.1579071,0.1413428,-0.3397761,348.8524,21.92428,317.1441
10974,0.9159706,-0.1610186,0.1422984,-0.3388541,348.5484,22.16761,317.1465
10975,0.9135512,-0.1637551,0.1426925,-0.3438712,348.4009,22.40295,316.4416
10976,0.9129278,-0.1650298,0.1429394,-0.3448136,348.3024,22.5038,316.2818
10977,0.9118811,-0.1679083,0.1427453,-0.3462709,348.0319,22.64283,316.0087
10978,0.9116795,-0.1672215,0.1436265,-0.3467694,348.1533,22.71084,315.9628
10979,0.9104078,-0.1692757,0.1432599,-0.3492568,347.986,22.80403,315.5923
10980,0.899583,-0.171856,0.1399756,-0.3763285,348.2382,22.91488,312.2054
10981,0.8984131,-0.1742284,0.1402306,-0.3779338,348.0497,23.08912,311.9206
10982,0.89543,-0.1748958,0.1358211,-0.3862244,347.9773,22.75674,310.9081
10983,0.894016,-0.1736925,0.1356745,-0.3900756,348.1868,22.72309,310.4731
10984,0.8925887,-0.1770373,0.1361772,-0.3916616,347.9144,22.98135,310.1514
10985,0.8913058,-0.1767346,0.1340764,-0.3954272,347.9354,22.78862,309.7111
10986,0.8909776,-0.1798706,0.1344409,-0.3946281,347.6189,22.99284,309.6938
10987,0.8895905,-0.1804673,0.1355937,-0.3970829,347.6783,23.18081,309.3548
10987,0.8896352,-0.1816526,0.1350278,-0.3966346,347.5202,23.18189,309.3722
10988,0.8840951,-0.1823948,0.1330569,-0.4091504,347.6649,23.17932,307.7924
10989,0.8827941,-0.1798148,0.134049,-0.4127617,348.064,23.18037,307.4254
10989,0.8827684,-0.1815395,0.1336182,-0.4122011,347.8566,23.2282,307.4356
10990,0.8799238,-0.1845386,0.1295067,-0.4182198,347.5002,23.05087,306.5988
10991,0.879407,-0.1865586,0.1288336,-0.4186182,347.2758,23.10549,306.4777
10992,0.8778782,-0.1904555,0.1292087,-0.4199547,346.946,23.39614,306.1553
10993,0.8778673,-0.1893043,0.128729,-0.4206444,347.0518,23.28627,306.1167
10994,0.8764276,-0.1907325,0.127035,-0.4235067,346.8956,23.23481,305.7131
10995,0.8759956,-0.1939526,0.1272302,-0.422879,346.5735,23.44171,305.6651
10996,0.8763941,-0.1945705,0.1248848,-0.4224685,346.3777,23.228,305.7145
10997,0.8763913,-0.1980033,0.1236582,-0.4212384,345.9436,23.29082,305.7464
10998,0.8768698,-0.2014638,0.1223562,-0.4189758,345.476,23.33177,305.908
10999,0.8769207,-0.198875,0.1210965,-0.4204696,345.7023,23.06407,305.8342
11000,0.8774275,-0.2054901,0.1175324,-0.4172303,344.7798,23.04515,306.016
