frame,quat_w,quat_x,quat_y,quat_z,euler_x,euler_y,euler_z
150,0.9887737,0.05367824,0.1390355,-0.0107084,6.265105,15.98851,359.6397
450,0.9886868,0.05375888,0.1392538,-0.01473266,6.338635,15.98922,359.1837
750,0.988706,0.05421743,0.1391912,-0.01211785,6.348958,15.99865,359.4887
1050,0.9887736,0.05395278,0.1388405,-0.01180552,6.313721,15.95948,359.5178
1200,0.9886407,0.05418562,0.1397161,-0.01154576,6.336441,16.06317,359.5568
1350,0.9886581,0.054991,0.1393638,-0.01044023,6.410127,16.03023,359.6935
1500,0.9887809,0.05377801,0.1390369,-0.009445461,6.25628,15.99654,359.7853
1650,0.9885865,0.05537297,0.139818,-0.009034343,6.431096,16.09245,359.8629
1800,0.9885975,0.05523572,0.1398098,-0.008798959,6.411717,16.09274,359.8875
1950,0.9884124,0.05656492,0.1406484,-0.007711614,6.545267,16.19953,0.03846842
2100,0.9943753,0.02011233,0.1034819,0.01024666,2.170752,11.90912,1.407222
2250,0.9945216,0.02277799,0.1018075,0.006584636,2.519859,11.7122,1.017181
2400,0.9882256,0.03443104,0.1029989,0.1077779,2.627889,12.19364,12.72913
2414,0.9879606,0.03256984,0.1039912,0.1098137,2.379382,12.28737,12.94116
2425,0.987348,0.03498124,0.1053275,0.1132547,2.591778,12.48209,13.37062
2435,0.9876174,0.03591569,0.1034143,0.112372,2.734056,12.27367,13.27652
2450,0.9884158,0.03267722,0.1035169,0.1060707,2.443669,12.22552,12.51212
2453,0.9894724,0.03126055,0.1043888,0.09523864,2.405938,12.28189,11.25468
2466,0.9904552,0.02928271,0.1033711,0.08634661,2.301326,12.12207,10.20914
2477,0.9913421,0.02829515,0.1023339,0.07725314,2.309022,11.97213,9.154014
2481,0.9918433,0.02731803,0.1020084,0.07137972,2.271096,11.91233,8.469563
2484,0.9923781,0.02720483,0.1016031,0.06420825,2.346771,11.84841,7.647466
2487,0.9922334,0.02797811,0.1037539,0.06265174,2.437003,12.09842,7.484258
2489,0.9922054,0.02698364,0.1046811,0.06198689,2.325065,12.19559,7.398105
2491,0.992183,0.02662038,0.1050244,0.06192119,2.282013,12.23205,7.38684
2497,0.9927611,0.02483958,0.1025836,0.05731565,2.15255,11.92758,6.833337
2505,0.9929794,0.02400505,0.1024751,0.05398899,2.097951,11.90219,6.443013
2514,0.9932734,0.0227074,0.1032287,0.04729047,2.025589,11.96686,5.664
2524,0.9935235,0.02103159,0.1069927,0.03195811,2.003021,12.36124,3.901665
2527,0.9939548,0.01540412,0.1084692,0.007147255,1.665908,12.47059,1.006009
2533,0.9942634,0.01616368,0.1056461,0.00424582,1.790487,12.1411,0.6797718
2545,0.9941334,0.01544331,0.106657,0.009196382,1.64712,12.26505,1.237
2556,0.9942053,0.0156368,0.1062628,0.004435548,1.727713,12.21197,0.696071
2565,0.9941328,0.01643829,0.1068878,0.002242166,1.845493,12.28094,0.457011
2576,0.9940207,0.02127452,0.1068387,0.007474506,2.332439,12.29201,1.112846
2586,0.9942195,0.01902674,0.1056267,-0.002917849,2.203561,12.12684,359.8978
2595,0.9941858,0.02103439,0.1055943,-0.001456933,2.414693,12.12739,0.08861782
2611,0.9940543,0.02369122,0.1052656,0.01462907,2.523024,12.13269,1.95445
2624,0.993853,0.02449752,0.1068154,0.01570681,2.59859,12.31619,2.091272
2632,0.9940042,0.02586078,0.1035845,0.02360868,2.666387,11.96842,3.000718
2643,0.9938722,0.02875837,0.1032628,0.02697941,2.957337,11.95173,3.419548
2656,0.9943417,0.02568435,0.1022432,0.01308958,2.774279,11.78508,1.794788
2665,0.9938927,0.02511704,0.106678,0.01290782,2.703835,12.29461,1.7794
2676,0.9940514,0.0245124,0.1051422,0.01436169,2.620082,12.11984,1.933662
2686,0.994138,0.02160886,0.1046822,0.01625582,2.267269,12.06395,2.113206
2701,0.9941804,0.01962709,0.1039845,0.02018658,1.995875,11.98626,2.535986
2717,0.9940635,0.02167618,0.1055151,0.01531714,2.284565,12.15804,2.008892
2730,0.9945123,0.0229139,0.1012162,0.01325272,2.458373,11.66065,1.778005
2743,0.994249,0.02267529,0.1046209,0.003074955,2.547427,12.02766,0.6228118
2756,0.9878124,0.04820357,0.1373712,0.05506635,4.594492,16.11671,7.032218
2759,0.9878324,0.04840578,0.1372057,0.05494218,4.620573,16.09869,7.020684
2762,0.988157,0.04905652,0.1355185,0.05266961,4.742379,15.8984,6.764635
2769,0.9884806,0.04721247,0.1393201,0.03559926,4.785049,16.2463,4.808506
2775,0.9882926,0.04957218,0.1391644,0.03812683,5.012429,16.25548,5.134876
2783,0.9889717,0.04971639,0.1363979,0.02930797,5.183231,15.89177,4.118852
2791,0.9895195,0.0502787,0.1347697,0.01265878,5.514145,15.61865,2.222705
2797,0.9894819,0.04749149,0.1366313,0.001483865,5.369507,15.76674,0.9158723
2805,0.9894819,0.04727746,0.1367063,-0.001447991,5.391249,15.75958,0.5790084
2812,0.9893287,0.04886144,0.137196,-0.004313834,5.616168,15.80413,0.2804687
2821,0.9892396,0.04877639,0.1378317,-0.005342135,5.622613,15.87216,0.165612
2831,0.9894572,0.04811441,0.1364439,-0.006518882,5.566053,15.70352,0.01321292
2842,0.9890134,0.04822233,0.1393251,-0.01076294,5.646131,16.01501,359.5479
2851,0.988875,0.04910555,0.1400551,-0.009982616,5.73426,16.10519,359.6552
2861,0.9891557,0.04851397,0.1379251,-0.01393287,5.728755,15.8351,359.1834
2877,0.9888983,0.05272118,0.1379555,-0.01640033,6.245961,15.82724,358.9688
2892,0.9883877,0.05474272,0.1405981,-0.01803238,6.504699,16.12564,358.832
2904,0.9885578,0.05799755,0.1375484,-0.02169152,6.928757,15.74849,358.4454
2920,0.9882135,0.06058192,0.1398012,-0.0148131,7.11594,16.05995,359.2876
2935,0.9881886,0.06222336,0.1393186,-0.01420963,7.29258,16.01022,359.3793
2949,0.988524,0.06009962,0.1378179,-0.01465817,7.057197,15.82959,359.2833
2963,0.9882952,0.06010459,0.1389984,-0.01843174,7.118743,15.94081,358.8611
2977,0.988109,0.05801389,0.141453,-0.01631505,6.849612,16.23901,359.0865
2988,0.9881217,0.05660699,0.142597,-0.008797994,6.567767,16.41934,359.9283
3003,0.9885513,0.05404057,0.1407196,-0.006648747,6.241243,16.20966,0.1189568
3010,0.9889717,0.05211943,0.1382223,-0.01064886,6.08669,15.89227,359.6165
3022,0.9893976,0.04769669,0.1369836,-0.007282985,5.530596,15.76141,359.9226
3034,0.9895223,0.04443966,0.1372317,-0.00620497,5.143535,15.79117,-0.004766067
3046,0.9896259,0.04051946,0.1377423,-0.005102757,4.680766,15.85025,0.06110032
3057,0.9899604,0.03524619,0.1366465,-0.007996229,4.127144,15.70518,359.6439
3068,0.9901308,0.03390133,0.1357812,-0.007445726,3.965482,15.60605,359.6819
3078,0.989917,0.03249789,0.1376526,-0.007747663,3.811456,15.82075,359.6329
3093,0.9896216,0.03360737,0.1395356,-0.007044774,3.92687,16.04249,359.7379
3107,0.9897097,0.03473425,0.138629,-0.007101644,4.055493,15.93812,359.7457
3122,0.9896287,0.03323615,0.1388848,-0.01554138,4.01972,15.93407,358.7634
3132,0.9895692,0.03584117,0.1382953,-0.01851468,4.361878,15.85296,358.4639
3147,0.9894922,0.0379918,0.1376802,-0.02249927,4.667926,15.76297,358.0414
3157,0.9893335,0.03848873,0.1383196,-0.0246125,4.759024,15.82702,357.8117
3170,0.9892715,0.03884083,0.1394848,-0.01942965,4.718972,15.9859,358.4127
3181,0.9893779,0.04176604,0.1384683,-0.01461903,4.973405,15.89079,359.0015
3196,0.9896667,0.04206535,0.1364182,-0.01343545,4.986846,15.65882,359.1306
3210,0.98965,0.04361337,0.1366893,-0.002608804,4.993179,15.74469,0.3887609
3223,0.9888148,0.04797754,0.1410358,0.007238965,5.327006,16.30939,1.602766
3225,0.9888883,0.04695841,0.1408778,0.006959239,5.216101,16.28646,1.553299
3236,0.9889743,0.04788421,0.1396696,0.01137551,5.251914,16.17177,2.064662
3245,0.9888409,0.04947062,0.1384749,0.02390155,5.233658,16.10393,3.510174
3253,0.9883114,0.05152143,0.1396589,0.03288773,5.316211,16.29894,4.573649
3264,0.987525,0.05551454,0.1401981,0.04535559,5.562209,16.45533,6.064215
3279,0.9867258,0.05793221,0.1380232,0.06297713,5.56309,16.32003,8.10213
3291,0.9870625,0.05779038,0.1349457,0.06448008,5.548185,15.97043,8.253982
3299,0.9854552,0.06140536,0.138292,0.07734801,5.717937,16.46745,9.803922
3312,0.98444,0.06238188,0.1389755,0.08759066,5.651449,16.61529,10.9949
3325,0.9818263,0.06743123,0.1373492,0.1122745,5.829577,16.63828,13.90033
3332,0.9819795,0.06631218,0.1383496,0.110356,5.721838,16.72525,13.66592
3341,0.9811198,0.06908957,0.1384487,0.1160298,5.937405,16.81331,14.36748
3353,0.9804322,0.07039768,0.1388914,0.1204418,6.003178,16.91185,14.90016
3366,0.9776211,0.07289074,0.1403643,0.1387155,5.945223,17.23321,17.05336
3378,0.9815965,0.06894945,0.1382633,0.1122399,5.988205,16.76755,13.92953
3391,0.9858546,0.05910433,0.1370387,0.07627536,5.487648,16.29019,9.634301
3401,0.9874513,0.05546613,0.1378822,0.05340406,5.440573,16.2296,6.967706
3407,0.9884654,0.05324458,0.1374407,0.03480792,5.491194,16.06258,4.808949
3415,0.9892342,0.04819784,0.1372408,0.01605226,5.218369,15.91497,2.589249
3422,0.9893423,0.04690699,0.1376646,0.007078674,5.213382,15.91393,1.549074
3428,0.9896129,0.04451242,0.1366808,0.001841314,5.025367,15.76727,0.9095155
3437,0.989432,0.0438433,0.1375297,-0.01371154,5.194179,15.78733,359.1328
3444,0.9896704,0.0418509,0.1349919,-0.02404947,5.125072,15.44102,357.9112
3451,0.9891674,0.04317211,0.1376436,-0.02717436,5.329868,15.73158,357.5896
3460,0.9889162,0.04122503,0.1376844,-0.03726278,5.267006,15.68724,356.4102
3472,0.9887577,0.04186654,0.1365849,-0.04415973,5.442965,15.52196,355.6279
3492,0.9890019,0.04544337,0.1385465,-0.02480144,5.552596,15.84719,357.9004
3501,0.988922,0.04569806,0.1400738,-0.01800945,5.476008,16.06101,358.6865
3511,0.9888225,0.04737018,0.1400418,-0.01935536,5.687491,16.05025,358.5598
3521,0.9889411,0.04773384,0.1396145,-0.01499744,5.658536,16.02485,359.0595
3532,0.9892529,0.05192622,0.1365907,-0.005059907,5.976386,15.73532,0.2404728
3536,0.9894398,0.05087889,0.1355794,-0.006205117,5.875419,15.60938,0.08738121
3537,0.988903,0.05181149,0.1392343,0.0003997535,5.875188,16.07374,0.8765948
3549,0.9888997,0.05331868,0.1386758,-0.001915144,6.08391,15.99902,0.6338506
3557,0.9889004,0.05011494,0.1381876,-0.02164969,6.032974,15.82188,358.3307
3564,0.988767,0.04933511,0.1380145,-0.02928873,6.06441,15.75701,357.4466
3581,0.9887326,0.05032407,0.1397579,-0.01852346,6.009404,16.02274,358.7
3597,0.9887249,0.05391645,0.1396861,0.002006013,6.088047,16.14126,1.096564
3608,0.9886001,0.05464972,0.1400712,0.00797382,6.074389,16.22374,1.790842
3618,0.9886768,0.054827,0.1395649,0.005837955,6.12989,16.15279,1.547285
3627,0.9891271,0.05516281,0.1359565,0.01003072,6.10775,15.75979,2.008153
3638,0.9883341,0.05814579,0.1386716,0.02419394,6.212998,16.17412,3.688242
3648,0.9880792,0.05934107,0.1398259,0.025042,6.330552,16.3201,3.812248
3664,0.9879816,0.0601439,0.1382224,0.03420267,6.279978,16.19517,4.859812
3679,0.9875909,0.0624509,0.1356773,0.04853766,6.325748,16.00544,6.517584
3691,0.987069,0.06443183,0.1363571,0.05431726,6.452773,16.13777,7.215227
3702,0.9868131,0.06636027,0.1351679,0.05937983,6.598888,16.05045,7.818438
3713,0.9862201,0.06395456,0.1381285,0.06481022,6.213999,16.40346,8.416165
3716,0.9862929,0.06589682,0.1359545,0.06633585,6.427727,16.18122,8.610249
3722,0.9853091,0.06971177,0.136444,0.07542778,6.706993,16.33904,9.719112
3735,0.9842714,0.06935428,0.1389269,0.08425753,6.494946,16.67921,10.73873
3748,0.9842837,0.06988071,0.13627,0.08793708,6.522796,16.40199,11.1517
3758,0.9841481,0.07232191,0.135262,0.08902961,6.792056,16.32503,11.31356
3767,0.9837617,0.07224689,0.1348872,0.09380284,6.709872,16.31221,11.85625
3778,0.9831856,0.07457855,0.1342947,0.0987383,6.899551,16.31001,12.4595
3788,0.9832267,0.07420909,0.1329859,0.1003648,6.847927,16.16429,12.63034
3796,0.9829146,0.07497892,0.1340206,0.1014676,6.903544,16.30274,12.77769
3808,0.9842396,0.0620402,0.133672,0.09775297,5.508369,16.05361,12.1212
3810,0.9837703,0.05858135,0.1329536,0.1052995,5.00607,15.96068,12.92122
3812,0.9833235,0.05643182,0.1341279,0.1090878,4.687325,16.08248,13.32333
3814,0.9831055,0.05585175,0.1347625,0.1105586,4.589601,16.1536,13.48453
3817,0.9827663,0.05405084,0.1342324,0.1150246,4.321829,16.08483,13.96218
3821,0.9809824,0.05520527,0.1330179,0.1301242,4.226133,16.02723,15.70722
3824,0.9810617,0.0533208,0.1328059,0.1305279,4.011243,15.97247,15.7201
3826,0.9784397,0.05450082,0.1355614,0.145975,3.845967,16.36906,17.52428
3829,0.9783952,0.05214872,0.1342689,0.148308,3.567121,16.18528,17.74626
3832,0.9770293,0.05157864,0.134109,0.1573789,3.358072,16.18682,18.77875
3834,0.9752547,0.05261751,0.1336654,0.1680577,3.30803,16.19252,20.0253
3836,0.9745626,0.05037482,0.1343229,0.1721844,2.976722,16.23256,20.46369
3838,0.9739892,0.05135015,0.133471,0.1757663,3.044385,16.16729,20.89152
3840,0.9724331,0.05130538,0.1333342,0.1842923,2.902537,16.17577,21.87503
3842,0.9714601,0.0513839,0.1338374,0.1889786,2.822959,16.24801,22.41963
3844,0.9695059,0.05134269,0.1340096,0.1986554,2.654351,16.2928,23.5397
3846,0.9680831,0.05247029,0.1323828,0.2062445,2.693021,16.15672,24.43577
3848,0.9669785,0.05128,0.133475,0.210968,2.456187,16.26193,24.96597
3850,0.9659718,0.05130572,0.1314446,0.2167687,2.414791,16.04737,25.63629
3852,0.964483,0.04783387,0.135948,0.2213656,1.838447,16.47295,26.11914
3854,0.9616469,0.05368057,0.1363536,0.2318654,2.293138,16.70065,27.44864
3856,0.9609203,0.05387343,0.1358204,0.2351232,2.273353,16.65358,27.83137
3859,0.9610169,0.05253775,0.1346037,0.2357289,2.150207,16.48008,27.87549
3862,0.9529788,0.05617477,0.1355371,0.2651521,2.016703,16.75598,31.3939
3866,0.9503063,0.05581126,0.1360729,0.2743853,1.799542,16.82157,32.47651
3869,0.9500726,0.0541732,0.1344655,0.2763088,1.640543,16.59221,32.67117
3872,0.9454945,0.05641282,0.1339395,0.2914072,1.639695,16.63498,34.49897
3876,0.9448771,0.0560313,0.1360346,0.2925105,1.507183,16.85507,34.62577
3879,0.9440695,0.05565054,0.135273,0.2955283,1.439532,16.76207,34.97615
3882,0.9408405,0.05263479,0.1375081,0.3051891,0.8657692,16.91224,36.07269
3886,0.9407507,0.04992118,0.1353824,0.3068678,0.6209707,16.5814,36.22258
3890,0.9393991,0.04912497,0.1352312,0.311173,0.466125,16.53818,36.72232
3897,0.9442538,0.04044627,0.1343618,0.2978187,359.791,16.13112,34.98104
3902,0.9433281,0.03538406,0.1340884,0.3014973,359.1923,15.92282,35.33586
3907,0.9445425,0.03249486,0.1351313,0.2975286,358.9099,15.94178,34.81596
3913,0.9479443,0.02583665,0.1355103,0.2870035,358.3496,15.77471,33.46021
3918,0.9485806,0.02502473,0.1344301,0.2854775,358.3223,15.63088,33.26828
3921,0.9514917,0.02143054,0.1373923,0.2744592,358.0152,15.86566,31.90396
3923,0.9541863,0.01982132,0.1381134,0.2646893,357.9777,15.91646,30.72507
3925,0.9562947,0.01711836,0.1362402,0.2581592,357.845,15.64051,29.91864
3927,0.9631995,0.01241861,0.1355827,0.2317539,357.7695,15.49444,26.75389
3929,0.9670504,0.01144721,0.1393036,0.2127842,357.8714,15.93151,24.52069
3931,0.9657182,0.01327907,0.1413035,0.2173606,357.9495,16.19277,25.07741
3933,0.9706342,0.008733235,0.1413398,0.1944633,357.8213,16.13945,22.34911
3936,0.9730482,0.005033843,0.13967,0.1834241,357.6249,15.89607,21.01885
3938,0.9788756,0.002056926,0.1446646,0.1444668,357.8353,16.49993,16.47682
3942,0.9808293,0.003041551,0.1393455,0.1361895,358.1669,15.92132,15.55375
3944,0.9827497,0.001558293,0.1415679,0.1189922,358.2449,16.18582,13.55804
3946,0.9845007,0.0009606741,0.1467243,0.09607037,358.493,16.80916,10.9242
3948,0.9858259,-0.002752706,0.1440863,0.08590065,358.2704,16.48381,9.709321
3950,0.9875209,-0.003225341,0.1429285,0.06605798,358.5529,16.37683,7.445704
3952,0.9880536,-0.00672801,0.1416118,0.06042284,358.2574,16.20985,6.750775
3954,0.988139,-0.004077036,0.142877,0.05613383,358.6192,16.37893,6.303954
3956,0.988607,-0.00539647,0.1419342,0.04981729,358.5782,16.27112,5.566294
3958,0.9887743,-0.005441345,0.1438753,0.03994956,358.7247,16.5084,4.442329
3960,0.9893496,-0.006754348,0.1430569,0.02601438,358.8077,16.42597,2.840332
3960,0.9893683,-0.006743305,0.1430146,0.02553123,358.817,16.42166,2.785738
3962,0.9895333,-0.00696757,0.1429707,0.01829776,358.9101,16.42409,1.961409
3964,0.9897877,-0.008357609,0.1418362,0.01154316,358.8644,16.29826,1.173714
3966,0.9899603,-0.006483286,0.1411461,0.003786554,359.2032,16.22655,0.3247223
3968,0.9902446,-0.007264562,0.1391466,0.001091111,359.1582,15.99731,0.007979644
3970,0.9903828,-0.007120351,0.1381717,-0.0001635144,359.1945,15.88545,359.8687
3972,0.9906292,-0.005650281,0.1364568,-0.001309636,359.3791,15.68729,359.763
3974,0.990725,-0.003994043,0.1357542,-0.004357145,359.6143,15.60662,359.4432
3976,0.9906342,-0.006252393,0.1362996,-0.005230056,359.3719,15.67186,359.3086
3978,0.9903085,-0.006823499,0.1382631,-0.01123015,359.4036,15.90328,358.6173
3980,0.9904755,-0.004337131,0.1373435,-0.008733647,359.6452,15.79234,358.9404
3982,0.9905232,-0.004985735,0.136949,-0.009167627,359.5779,15.74766,358.8811
3991,0.9904534,-0.002454749,0.1374939,-0.009566878,359.8721,15.80774,358.8754
4001,0.9900776,0.001356592,0.1402647,-0.008382414,0.2886446,16.12458,359.0707
4015,0.990153,0.00375427,0.1399369,-0.0007681296,0.4382931,16.08841,359.9731
4020,0.9901826,0.008650628,0.139025,0.0116539,0.7959232,15.9947,1.460441
4031,0.9904463,0.007602161,0.1373453,0.009729354,0.7097125,15.79732,1.224085
4044,0.9905434,0.008681334,0.1369222,-0.0007993062,0.9979919,15.74058,0.04549063
4053,0.9903518,0.008485044,0.1379224,-0.01043274,1.127893,15.84639,358.9499
4064,0.9901413,0.008158949,0.1397812,-0.003882458,0.9879664,16.06836,359.6901
4071,0.990234,0.009002401,0.1382131,-0.01590185,1.273484,15.87311,358.3375
4078,0.9902058,0.0107667,0.1373976,-0.02232713,1.573419,15.76696,357.6345
4084,0.9900977,0.01037719,0.1373484,-0.0271004,1.604105,15.75477,357.0862
4090,0.989797,0.01070488,0.1345366,-0.04568823,1.918896,15.39657,354.9737
4097,0.9891468,0.009504369,0.1348571,-0.05755137,1.967055,15.41744,353.6065
4104,0.9886355,0.01188143,0.1355683,-0.06387579,2.338998,15.47153,352.9243
4118,0.9882438,0.01251749,0.1368999,-0.06690338,2.467849,15.61403,352.5925
4132,0.9892061,0.01088476,0.1335321,-0.05934922,2.142478,15.2525,353.42
4143,0.9887744,0.01345334,0.137817,-0.0561328,2.411532,15.73984,353.835
4153,0.9892394,0.01305931,0.1359419,-0.05248787,2.298645,15.53355,354.2392
4163,0.9891189,0.01332607,0.1372885,-0.05116754,2.316042,15.69083,354.3966
4176,0.9881939,0.01056276,0.1333869,-0.07462779,2.337448,15.20456,351.6745
4182,0.9868611,0.007211488,0.1316975,-0.0933233,2.224458,14.99788,349.4885
4184,0.984941,0.003261525,0.1323048,-0.1112479,2.055186,15.07401,347.3836
4186,0.9829447,-0.001802385,0.1298094,-0.1302538,1.734783,14.81967,345.1286
4188,0.9808186,-0.002955191,0.129477,-0.1456776,1.829581,14.77227,343.3408
4190,0.9794459,-0.00361938,0.1305875,-0.1536871,1.893927,14.89566,342.4122
4192,0.9771533,-0.00697045,0.1314672,-0.1668516,1.733383,15.0328,340.8488
4194,0.975242,-0.008652866,0.1279481,-0.1801599,1.674706,14.64246,339.2823
4196,0.9720538,-0.009567738,0.1275097,-0.1968789,1.811263,14.58321,337.3323
4198,0.969547,-0.01242471,0.1269739,-0.2090504,1.661537,14.56717,335.8771
4200,0.9670278,-0.01424933,0.1239873,-0.2219946,1.575262,14.25382,334.3389
4202,0.9647038,-0.01431821,0.1231929,-0.232304,1.696818,14.14927,333.1321
4204,0.9638862,-0.01672889,0.1239621,-0.2351107,1.492159,14.29537,332.7714
4206,0.9615579,-0.01789499,0.1231628,-0.2447803,1.483067,14.22317,331.6206
4208,0.9581093,-0.02091321,0.1259664,-0.2563627,1.40457,14.60641,330.2204
4210,0.9603776,-0.01937126,0.1225889,-0.2495426,1.373788,14.19375,331.04
4212,0.9576086,-0.02088238,0.1184202,-0.2617761,1.260887,13.75619,329.5739
4214,0.9557499,-0.0237744,0.1218058,-0.2667216,1.119157,14.21499,328.9539
4216,0.9542204,-0.0235949,0.120011,-0.2729549,1.173826,14.00256,328.2178
4218,0.9527174,-0.02840365,0.1225257,-0.276605,0.7827485,14.43024,327.7196
4220,0.9514431,-0.02778564,0.1193748,-0.282372,0.8332993,14.05624,327.0428
4222,0.9491314,-0.0314409,0.1181579,-0.2901725,0.5093243,14.03714,326.0634
4224,0.9510085,-0.03062318,0.1235181,-0.2817596,0.650838,14.60813,327.077
4226,0.9495829,-0.03142615,0.1233077,-0.286531,0.6290921,14.6081,326.4989
4228,0.9525911,-0.03044225,0.1234848,-0.2763969,0.5880721,14.60197,327.7149
4230,0.9507701,-0.0304174,0.1217661,-0.2833445,0.6396417,14.40627,326.8911
4232,0.9493997,-0.0313447,0.1247126,-0.2865393,0.6848642,14.76087,326.4999
4234,0.9492055,-0.03038527,0.122654,-0.2881698,0.7452453,14.50006,326.3192
4236,0.9512082,-0.02969706,0.1234322,-0.2812217,0.740709,14.56886,327.1544
4238,0.9531734,-0.02881475,0.1221949,-0.2751343,0.7052771,14.40772,327.8875
4240,0.9546584,-0.02623678,0.1235085,-0.269601,0.9455219,14.47738,328.5801
4242,0.9567305,-0.02506121,0.1199461,-0.2639163,0.8799721,14.05002,329.2652
4244,0.9568135,-0.02210689,0.1217366,-0.2630584,1.2459,14.16098,329.4095
4246,0.9575646,-0.02226415,0.1224828,-0.2599472,1.205559,14.25275,329.775
4248,0.9584944,-0.02112512,0.1226875,-0.256496,1.285888,14.24623,330.1977
4250,0.9585183,-0.02236565,0.1217629,-0.2567421,1.125795,14.17921,330.1503
4252,0.9585665,-0.02261557,0.1235779,-0.2556702,1.136439,14.39044,330.2748
4254,0.9583822,-0.02059746,0.1245835,-0.2560438,1.39341,14.44312,330.2607
4256,0.9600106,-0.01810198,0.1248754,-0.2499164,1.585039,14.41282,331.0169
4258,0.9613771,-0.01771509,0.1226803,-0.2457437,1.503272,14.16262,331.5093
4260,0.9625712,-0.0165947,0.1223156,-0.241289,1.551739,14.09748,332.047
4262,0.9633179,-0.01785211,0.1210738,-0.238833,1.343038,13.99627,332.316
4264,0.9643039,-0.01678638,0.121581,-0.2346369,1.414227,14.0302,332.8228
4266,0.9645764,-0.0168044,0.123505,-0.2325007,1.433216,14.24986,333.0751
4268,0.9648454,-0.01685354,0.1222705,-0.2320334,1.387812,14.1131,333.1275
4270,0.9650102,-0.01764902,0.122739,-0.2310392,1.297979,14.18814,333.2333
4272,0.9651401,-0.01877722,0.1204257,-0.2316245,1.119733,13.95737,333.1466
4274,0.9643062,-0.01862108,0.1257593,-0.2322742,1.289747,14.55179,333.0788
4276,0.9816723,0.04045477,0.1386186,0.12437,2.576122,16.40973,14.81241
4278,0.98291,0.04196244,0.1365372,0.116124,2.910738,16.17144,13.88934
4279,0.9819782,0.04168366,0.1357104,0.1247561,2.751454,16.09612,14.8699
4281,0.9817228,0.04032987,0.1354575,0.1274564,2.559431,16.05261,15.15555
4283,0.9830219,0.04148541,0.1333765,0.1189872,2.855769,15.8092,14.19986
4285,0.9821999,0.03989003,0.1393457,0.1194779,2.582766,16.47223,14.24504
4287,0.9827216,0.04093048,0.1395883,0.1144478,2.77967,16.50242,13.68866
4289,0.9841447,0.03869559,0.138495,0.1038325,2.717041,16.31689,12.43505
4291,0.9869976,0.03257768,0.1371158,0.077291,2.470932,16.01914,9.30304
4293,0.9874194,0.03465481,0.1351694,0.07437304,2.770283,15.80778,8.999514
4295,0.988323,0.02981466,0.1358901,0.0621513,2.409512,15.81628,7.531428
4297,0.9888133,0.02837,0.1387104,0.04693555,2.469317,16.09542,5.784376
4299,0.9900587,0.0257503,0.137094,0.01805393,2.638741,15.82387,2.456149
4301,0.9899333,0.02535741,0.1385586,0.01380749,2.658217,15.98133,1.971419
4303,0.9900046,0.0244488,0.1385361,0.01004897,2.615002,15.96682,1.529919
4303,0.9903462,0.01964254,0.1372107,-0.001350216,2.250948,15.77908,0.1557339
4305,0.9902035,0.0195685,0.1372994,-0.0162211,2.4764,15.75518,358.4657
4307,0.990063,0.01802751,0.1369213,-0.02651697,2.462082,15.68895,357.2709
4309,0.9893292,0.01790456,0.1384987,-0.04153844,2.690054,15.83421,355.5657
4311,0.9889568,0.01683374,0.1387145,-0.04939207,2.693807,15.8431,354.6565
4313,0.9882026,0.01650978,0.1385415,-0.06316125,2.873494,15.78752,353.0843
4315,0.9882247,0.0182837,0.1379402,-0.06364132,3.077931,15.70563,353.0551
4317,0.9877086,0.01635042,0.1372257,-0.07303275,3.000394,15.60825,351.9536
4319,0.9877541,0.01947419,0.1323414,-0.08030297,3.424098,14.99743,351.1552
4321,0.984869,0.0155975,0.1358491,-0.1064662,3.419704,15.35135,348.1214
4323,0.9863226,0.02122973,0.1339149,-0.09372216,3.840564,15.11592,349.6537
4325,0.9852852,0.01805053,0.1343465,-0.1041075,3.643189,15.15963,348.4217
4327,0.9843005,0.01465716,0.1346842,-0.1131274,3.401189,15.20571,347.3414
4329,0.9843177,0.01538989,0.1318135,-0.1162209,3.493542,14.85607,346.9879
4331,0.9830257,0.0123727,0.1288348,-0.1300358,3.315358,14.50694,345.3513
4333,0.9840117,0.01561578,0.131979,-0.1185696,3.556317,14.86418,346.7225
4335,0.9839174,0.01645587,0.1278875,-0.1236155,3.669448,14.3652,346.1408
4337,0.9834064,0.0144502,0.1323615,-0.1232224,3.499547,14.90688,346.1739
4339,0.9829656,0.01420246,0.1344539,-0.1244958,3.520115,15.14625,346.0316
4341,0.9833009,0.0137904,0.1334496,-0.1229657,3.436349,15.04142,346.1977
4343,0.9834013,0.01297149,0.1336903,-0.1219871,3.332443,15.08297,346.2989
4355,0.9836187,0.01402576,0.1339719,-0.1197883,3.421935,15.10917,346.567
4357,0.9848244,0.01560562,0.1358054,-0.1069324,3.427276,15.34465,348.068
4359,0.9849387,0.01603173,0.1366833,-0.1046735,3.450993,15.44874,348.3356
4362,0.9883589,0.02562964,0.139024,-0.05623512,3.801419,15.81477,354.0152
4364,0.9885617,0.02297466,0.1377058,-0.0570552,3.5051,15.6729,353.8762
4366,0.9895191,0.02443362,0.1365151,-0.04023394,3.401938,15.58549,355.809
4368,0.989564,0.02756373,0.1397293,-0.02189115,3.478261,16.01228,357.9548
4370,0.9901221,0.02981712,0.136957,-0.003479474,3.439713,15.75294,0.0733055
4372,0.9891937,0.03461511,0.1397847,0.02752956,3.484911,16.19875,3.684382
4374,0.9872501,0.03709732,0.1434861,0.05807671,3.243657,16.74328,7.210754
4376,0.9850326,0.04032912,0.1416275,0.0895894,3.099743,16.65815,10.84751
4377,0.9797033,0.04125696,0.143362,0.1338907,2.432907,16.99065,15.92764
4378,0.9790962,0.04411969,0.1436508,0.1370721,2.694685,17.08054,16.3438
4379,0.9705878,0.04838194,0.1475439,0.1839824,2.271046,17.72511,21.82117
4380,0.97084,0.04846804,0.1452465,0.1844564,2.322612,17.46656,21.87241
4381,0.9635869,0.05458005,0.1442521,0.2184323,2.416685,17.58448,25.91851
4382,0.9611935,0.0557597,0.1449003,0.2280394,2.35585,17.71258,27.06002
4383,0.9495525,0.05981782,0.145259,0.2714257,1.991216,17.97009,32.21961
4384,0.9483046,0.06135343,0.1442346,0.2759541,2.106625,17.91622,32.78182
4385,0.9358547,0.06494421,0.1480099,0.3131319,1.653983,18.53211,37.26978
4386,0.9346118,0.06349714,0.1459845,0.318053,1.480042,18.26262,37.82529
4387,0.9225668,0.07219006,0.1480806,0.3489003,1.711658,18.88969,41.71642
4389,0.9052641,0.07646988,0.1488359,0.3905091,1.27249,19.22491,46.88392
4391,0.8971006,0.08063696,0.1498401,0.4077456,1.288443,19.55348,49.10703
4393,0.8875505,0.08447079,0.1472635,0.4282901,1.363835,19.50312,51.75394
4395,0.8776661,0.08625606,0.1468538,0.4479912,1.136226,19.58027,54.27874
4397,0.8693893,0.09093808,0.1452808,0.4634502,1.344304,19.69386,56.35532
4399,0.8501474,0.09239282,0.1421919,0.4984923,0.8784864,19.50698,60.9223
4401,0.8427876,0.09768257,0.1446865,0.5091494,0.9922533,20.08425,62.4502
4403,0.8371392,0.0965116,0.1414244,0.5195025,0.8392169,19.70004,63.79061
4405,0.827199,0.1004178,0.1392486,0.5350401,0.9811662,19.7476,65.96113
4407,0.8226775,0.09802416,0.1342051,0.5436747,0.8799055,19.11348,67.0664
4409,0.8198141,0.09929675,0.1335084,0.5479238,0.9457057,19.13305,67.67307
4411,0.8219795,0.09798823,0.1298447,0.5457917,1.108874,18.69205,67.35058
4412,0.8233522,0.09689592,0.1308271,0.543679,0.9914421,18.71385,67.03883
4413,0.8236315,0.09717339,0.1301546,0.5433677,1.067283,18.66632,67.00284
4415,0.8236618,0.09694661,0.1287249,0.5437028,1.130306,18.51383,67.04219
4417,0.8241185,0.0970636,0.1295632,0.5427899,1.107745,18.6013,66.92169
4419,0.8241507,0.09552777,0.1276706,0.5434616,1.070942,18.32012,66.97603
4419,0.8255588,0.09395887,0.127148,0.5417175,0.9958815,18.16664,66.70362
4419,0.8257924,0.09240621,0.1279992,0.5414281,0.8028501,18.14934,66.62968
4421,0.8252577,0.09455462,0.1244757,0.5426924,1.200996,17.94747,66.84779
4423,0.8273929,0.093575,0.1208344,0.5404294,1.389083,17.52878,66.51701
4425,0.8355831,0.09425052,0.1238158,0.5268658,1.549445,17.83901,64.70907
4427,0.8377236,0.08938648,0.119271,0.5253605,1.400553,17.08801,64.39643
4429,0.8360847,0.08967453,0.1179272,0.528218,1.453664,16.97914,64.7844
4431,0.8354959,0.08917548,0.1170863,0.5294198,1.4346,16.86775,64.93427
4432,0.8502153,0.0879567,0.1177835,0.5054946,1.747014,16.81847,61.7254
4434,0.8591308,0.083701,0.1169443,0.491134,1.658917,16.45585,59.74998
4436,0.8587359,0.08308278,0.1169619,0.491925,1.582673,16.42306,59.8407
4438,0.8655915,0.07935129,0.1160008,0.4806232,1.48219,16.09242,58.29235
4440,0.8732661,0.07914695,0.1168351,0.4663601,1.67661,16.14071,56.44586
4442,0.8751345,0.07747579,0.1170324,0.4630774,1.5594,16.06307,55.99116
4444,0.8813719,0.07592502,0.1165848,0.4514723,1.636977,15.91298,54.47533
4446,0.8840933,0.07502323,0.116697,0.4462428,1.633419,15.8673,53.79203
4448,0.8957021,0.06945686,0.1168968,0.4233541,1.458212,15.56349,50.79486
4450,0.9047318,0.06981391,0.1246713,0.4013024,1.504986,16.36279,48.05666
4452,0.9122083,0.06713279,0.1239319,0.3847212,1.554034,16.13255,45.95513
4454,0.922544,0.06406134,0.1250673,0.3593981,1.621738,16.07636,42.79811
4456,0.9302872,0.06290685,0.1316322,0.3365731,1.629435,16.70076,40.01891
4458,0.9379215,0.06036116,0.1328125,0.3146756,1.698632,16.69339,37.34276
4460,0.9477586,0.05578126,0.1363839,0.2829167,1.636804,16.86989,33.48467
4462,0.9541314,0.05315399,0.136595,0.2610556,1.725664,16.7707,30.85829
4464,0.9598825,0.04974063,0.1387253,0.2385515,1.679238,16.8685,28.162
4466,0.9635503,0.04578744,0.1392838,0.2237732,1.484186,16.79827,26.36816
4468,0.9645419,0.04697196,0.1386787,0.2195926,1.702348,16.75498,25.902
4470,0.9678894,0.04383296,0.1375448,0.205792,1.61823,16.52362,24.24187
4472,0.9715312,0.04230918,0.1422328,0.1846814,1.700438,16.98511,21.78015
4474,0.9760171,0.04032078,0.1379779,0.163484,1.925111,16.42026,19.29546
4476,0.9756688,0.03944996,0.138383,0.1654219,1.787749,16.45257,19.50413
4478,0.9763075,0.03765218,0.1397735,0.1608396,1.636476,16.56793,18.94835
4480,0.9785764,0.03653621,0.1408111,0.1456904,1.74649,16.64062,17.19143
4482,0.9788389,0.03678644,0.1392562,0.1453589,1.806936,16.46646,17.15501
4484,0.9788527,0.03562138,0.1390378,0.1457639,1.673436,16.42142,17.18117
4493,0.9740714,0.04236176,0.1408119,0.1719371,1.954461,16.80151,20.30943
4495,0.9732984,0.0416984,0.1421962,0.1753052,1.794482,16.95147,20.68809
4497,0.9726558,0.04469879,0.1419733,0.1782879,2.081945,16.99653,21.08515
4499,0.9676772,0.04596046,0.1407848,0.2041279,1.8036,16.94038,24.092
4501,0.9661139,0.04691844,0.1411552,0.2109458,1.782467,17.01847,24.90055
4503,0.9571526,0.05128912,0.1419928,0.2471165,1.604805,17.29448,29.19694
4503,0.9559977,0.05402149,0.1424087,0.2507388,1.826558,17.42923,29.673
4505,0.9521108,0.05588997,0.1458942,0.2628244,1.7041,17.89835,31.13206
4507,0.9401462,0.05811483,0.1391921,0.3055707,1.387083,17.29703,36.22187
4508,0.9245631,0.06126399,0.1387827,0.3495274,0.9321356,17.42717,41.56066
4509,0.9215493,0.06263345,0.1418592,0.3559496,0.8279634,17.82322,42.36807
4510,0.9125018,0.06744964,0.1402579,0.3783106,0.9725692,17.88149,45.18945
4511,0.9118187,0.06845923,0.141995,0.3791271,0.9841887,18.11365,45.31121
4512,0.8972806,0.07410954,0.1382982,0.4126367,1.080676,18.02309,49.56441
4513,0.894188,0.07467069,0.1410269,0.4182864,0.891555,18.34359,50.28279
4514,0.8878518,0.07584496,0.1370572,0.4326454,0.9215774,18.00143,52.10543
4515,0.8860024,0.07571779,0.1397223,0.4355968,0.7131884,18.27497,52.47614
4516,0.8683206,0.08225808,0.1390052,0.4689674,0.7147807,18.57705,56.86259
4517,0.8673427,0.08349061,0.1395389,0.4703988,0.7765036,18.70122,57.07378
4518,0.8541819,0.08361481,0.1415616,0.4932975,0.1822349,18.92524,60.04399
4518,0.8546596,0.08951214,0.1358417,0.4930436,1.091727,18.69447,60.14005
4519,0.8456179,0.08900654,0.142495,0.5066592,0.3516989,19.34107,61.91651
4520,0.8449196,0.0927242,0.1412637,0.5075016,0.762392,19.44232,62.11294
4521,0.8455003,0.09470068,0.1415861,0.5060776,0.9644384,19.59208,61.97212
4522,0.8430924,0.09524396,0.1365447,0.5113505,1.200692,19.13031,62.67744
4523,0.8405166,0.09330213,0.1308108,0.5174122,1.23068,18.45269,63.43185
4524,0.826496,0.09845327,0.1352065,0.5375227,0.9963871,19.23156,66.24581
4526,0.8117719,0.1028351,0.1359612,0.5585392,0.8639304,19.61219,69.20912
4527,0.8108623,0.1046773,0.1380413,0.5590078,0.8838505,19.93393,69.32002
4528,0.8035259,0.1042518,0.1300855,0.5714504,1.080849,19.16332,71.02171
4529,0.7971848,0.1074847,0.1322744,0.5791781,1.039942,19.60021,72.17865
4530,0.7976788,0.1050062,0.1274481,0.580034,1.127314,18.97784,72.23415
4531,0.7935224,0.104365,0.1281349,0.5856721,0.890515,19.0045,73.00863
4532,0.783102,0.1076266,0.1271439,0.5991681,0.9284623,19.15647,74.99744
4534,0.7800622,0.1085163,0.1241344,0.6035875,1.1143,18.94889,75.64912
4536,0.7814291,0.1061245,0.1231385,0.6024477,1.002069,18.68505,75.42618
4538,0.7771013,0.1052429,0.1202666,0.6087475,0.9823762,18.36671,76.30605
4540,0.7754053,0.1046671,0.1174161,0.6115596,1.07178,18.06915,76.69588
4542,0.777077,0.1038456,0.1158185,0.60988,1.152943,17.86219,76.43357
4544,0.7754751,0.1034322,0.1134094,0.6124365,1.232306,17.61706,76.79126
4546,0.7837163,0.1023867,0.1127458,0.602158,1.4155,17.46474,75.29021
4548,0.7849411,0.1026973,0.112823,0.6004931,1.474032,17.49102,75.05996
4550,0.7840843,0.1039503,0.1111436,0.6017086,1.67669,17.42852,75.26249
4552,0.8021762,0.09835428,0.1098927,0.5785877,1.755234,16.87327,71.86411
4554,0.8017128,0.0984858,0.1075413,0.5796484,1.904995,16.66451,72.01384
4556,0.8104165,0.0986737,0.113755,0.56617,1.783574,17.23273,70.14783
4558,0.822874,0.0950543,0.1133202,0.5486363,1.839067,16.91465,67.65879
4560,0.8250697,0.09667426,0.1139998,0.5449021,2.022306,17.07687,67.18772
4562,0.8341115,0.09318547,0.1158249,0.5311868,1.856986,17.00008,65.25792
4564,0.8440154,0.09300111,0.117897,0.5148682,2.039351,17.15557,63.07589
4566,0.8526633,0.09263092,0.1200093,0.4999828,2.175517,17.30734,61.10397
4568,0.8566693,0.09185791,0.1231355,0.4924607,2.06911,17.55627,60.10487
4570,0.8664269,0.08893624,0.1211982,0.4761363,2.217885,17.15342,57.91565
4572,0.8733288,0.08884196,0.1236393,0.4627282,2.33566,17.3629,56.18993
4574,0.8802092,0.08753365,0.1277865,0.4485981,2.260695,17.68171,54.36295
4576,0.8856899,0.08711016,0.1303912,0.4369938,2.312216,17.89995,52.88709
4578,0.8908279,0.08614919,0.1304933,0.426586,2.416018,17.83437,51.55537
4580,0.8995237,0.08419591,0.1303418,0.4083864,2.579915,17.67201,49.2375
4582,0.9098586,0.08111803,0.1328935,0.3845995,2.601566,17.73039,46.23365
4584,0.9106136,0.08272895,0.1345263,0.3818922,2.746618,17.97153,45.93871
4586,0.9213279,0.07775192,0.1335832,0.3567425,2.748982,17.57598,42.75834
4588,0.9233613,0.07814923,0.1351546,0.3507563,2.83772,17.74549,42.04354
4590,0.9316605,0.07630123,0.137739,0.3274371,2.979117,17.88061,39.19736
4592,0.9312519,0.0749653,0.137724,0.3289111,2.810066,17.82998,39.34655
4594,0.9424525,0.07099856,0.1365753,0.2967991,3.024026,17.45723,35.42513
4596,0.9443759,0.07097232,0.1368237,0.2905107,3.127128,17.46417,34.67851
4598,0.9498986,0.06845653,0.141421,0.2701976,3.074262,17.82467,32.23889
4600,0.9589587,0.06123259,0.1383649,0.2397999,2.927902,17.16502,28.52124
4602,0.9595194,0.06172658,0.1408141,0.2359742,2.980651,17.44349,28.09043
4604,0.9647151,0.05758359,0.1391411,0.2159831,2.923312,17.08076,25.67798
4606,0.9700676,0.0538723,0.1396713,0.1912032,2.929569,16.97557,22.73776
4608,0.9750307,0.04890475,0.1412542,0.1642283,2.806975,16.9698,19.54047
4610,0.976779,0.04785199,0.1415099,0.1535846,2.866796,16.94844,18.29878
4612,0.9814048,0.0420015,0.1392655,0.1252426,2.725844,16.51068,14.94061
4614,0.9815927,0.04223811,0.140052,0.1227895,2.781507,16.59815,14.66624
4616,0.9826428,0.04016787,0.1446888,0.1089259,2.718021,17.06376,13.05865
4618,0.9851815,0.03653828,0.1432724,0.08692238,2.698857,16.79637,10.4828
4620,0.9867096,0.0329643,0.142055,0.07168037,2.561245,16.57946,8.683243
4622,0.9872839,0.03379382,0.1415291,0.06401688,2.786113,16.50634,7.824094
4624,0.9890705,0.0280799,0.1384308,0.04228534,2.512585,16.05,5.2504
4626,0.9887439,0.02807358,0.1404449,0.04327486,2.485107,16.28537,5.367815
4628,0.9893916,0.02582509,0.141443,0.02076633,2.592244,16.33454,2.776907
4630,0.9895465,0.02611041,0.1401162,0.02198838,2.608608,16.18502,2.916857
4632,0.9903436,0.02503393,0.1359564,0.01043132,2.679438,15.6705,1.575735
4634,0.9898453,0.02485105,0.1395528,0.01066985,2.649119,16.08706,1.609598
4636,0.9901212,0.024965,0.1377917,0.007085286,2.721666,15.87403,1.199525
4638,0.9901569,0.02402105,0.137773,0.00559537,2.638109,15.86623,1.015235
4640,0.9898994,0.02629528,0.1391115,0.007474304,2.864827,16.03061,1.268703
4642,0.9900739,0.02539707,0.13805,0.007136235,2.769589,15.90494,1.212908
4644,0.9899097,0.02815875,0.1385249,0.009829439,3.039592,15.97364,1.564386
4646,0.990114,0.02744815,0.1371768,0.01018109,2.955502,15.81682,1.588916
4648,0.9899375,0.0276957,0.138353,0.01073071,2.972967,15.95522,1.658829
4650,0.9897797,0.02684345,0.1394063,0.01347295,2.830518,16.08269,1.959698
