frame,quat_w,quat_x,quat_y,quat_z,euler_x,euler_y,euler_z
12001,-0.9877058,0.009344097,-0.1381479,0.07256153,0.09110068,15.91764,351.6094
12002,-0.9889449,0.00924129,-0.1389427,0.05096946,359.7643,16.00718,354.0661
12003,-0.9897906,0.007314916,-0.1387112,0.03194384,359.6781,15.96569,356.2579
12004,-0.9901134,0.004695821,-0.140065,0.005938688,359.5625,16.10653,359.2508
12005,-0.9899526,0.00135929,-0.1395569,-0.02272168,359.4824,16.03704,2.556767
12006,-0.9898106,-0.0001399815,-0.1391635,-0.03014297,359.5352,15.99231,3.423315
12007,-0.9873432,-0.004904315,-0.140178,-0.07402541,359.3658,16.11407,8.485606
12008,-0.9869031,-0.006131329,-0.1387284,-0.08209328,359.3883,15.9528,9.424436
12009,-0.9826791,-0.008784477,-0.1386826,-0.1226043,359.0407,15.94733,14.08918
12010,-0.9796372,-0.01283517,-0.136572,-0.1466096,359.1464,15.74614,16.90505
12011,-0.9754018,-0.01684405,-0.135969,-0.1726852,359.1921,15.72932,19.96764
12012,-0.9713869,-0.01977502,-0.1363835,-0.1934323,359.1782,15.82145,22.40979
12013,-0.9638447,-0.02293496,-0.1371455,-0.2273075,358.9608,15.95281,26.39405
12014,-0.9566835,-0.0305803,-0.1473765,-0.2492024,359.1439,17.29309,29.07037
12014,-0.9593948,-0.02527682,-0.1371173,-0.2451974,358.9262,15.99439,28.5221
12015,-0.9476175,-0.03066052,-0.1424399,-0.2842396,358.6898,16.70608,33.20105
12016,-0.9433937,-0.03300755,-0.1384307,-0.2995927,358.8158,16.32151,35.06665
12017,-0.9392667,-0.03598937,-0.1383201,-0.3120104,358.9281,16.4003,36.59696
12018,-0.934395,-0.03622738,-0.1408534,-0.3251988,358.63,16.67064,38.17826
12019,-0.926926,-0.03765872,-0.1341737,-0.3484071,358.6431,15.96538,41.00954
12020,-0.9159416,-0.0425888,-0.1371607,-0.3747321,358.5801,16.45536,44.29581
12021,-0.9094666,-0.04609016,-0.1361421,-0.3901432,358.7168,16.47924,46.25093
12022,-0.9044003,-0.04835226,-0.1339759,-0.4022096,358.8361,16.33716,47.78476
12023,-0.8973107,-0.0482879,-0.1339351,-0.4178078,358.5526,16.30811,49.72806
12024,-0.8922443,-0.05226626,-0.1348744,-0.4277585,358.7326,16.58673,51.04309
12025,-0.8853035,-0.05353817,-0.1361865,-0.4413894,358.543,16.76748,52.78457
12026,-0.8821667,-0.05226374,-0.1344643,-0.4482966,358.3755,16.51183,53.64151
12027,-0.877725,-0.05361725,-0.1335245,-0.4570508,358.3994,16.47027,54.7823
12028,-0.8748385,-0.05392577,-0.1334803,-0.4625289,358.3311,16.47232,55.48942
12029,-0.8710808,-0.05615017,-0.1333656,-0.4693392,358.4319,16.5683,56.40334
12030,-0.863091,-0.05781864,-0.1303441,-0.4845015,358.4816,16.32722,58.39806
12031,-0.8606402,-0.05405012,-0.1289484,-0.4896424,358.095,15.96432,59.00638
12032,-0.8502218,-0.05807513,-0.1278197,-0.5073583,358.2266,16.0462,61.40214
12033,-0.8477149,-0.05928595,-0.1271122,-0.5115733,358.3073,16.03881,61.98122
12034,-0.844679,-0.05650371,-0.127155,-0.5168718,357.9374,15.86656,62.63873
12035,-0.8442627,-0.05261528,-0.1257551,-0.5183029,357.6206,15.49251,62.7688
12036,-0.8477345,-0.04978256,-0.1257468,-0.5128896,357.4447,15.33896,62.00473
12037,-0.8423419,-0.04839933,-0.1225177,-0.5225967,357.3338,14.90806,63.28279
12038,-0.8401816,-0.04933463,-0.1234601,-0.5257552,357.3107,15.04749,63.71843
12039,-0.8435243,-0.04788262,-0.1231585,-0.5205824,357.2804,14.94659,63.00494
12040,-0.8438429,-0.04219787,-0.1199145,-0.5213149,356.9154,14.28422,63.02785
12041,-0.8456349,-0.03744484,-0.1177349,-0.5192669,356.6209,13.79353,62.69564
12042,-0.8445963,-0.03326231,-0.1169736,-0.5214096,356.2274,13.46091,62.93267
12043,-0.8437872,-0.03472325,-0.115262,-0.5230032,356.4473,13.37235,63.16701
12044,-0.8433746,-0.03205952,-0.1134905,-0.5242249,356.2782,13.03336,63.30324
12045,-0.8375851,-0.02961624,-0.1125849,-0.5337593,355.953,12.75398,64.56297
12046,-0.8392543,-0.02496979,-0.1097394,-0.5319644,355.7078,12.20191,64.27845
12047,-0.8382496,-0.02042837,-0.1088679,-0.533918,355.2962,11.83076,64.50208
12048,-0.8383088,-0.01724026,-0.1075549,-0.5342035,355.0661,11.50697,64.51637
12049,-0.8370098,-0.01596239,-0.1069674,-0.5363934,354.9496,11.35892,64.80456
12050,-0.8332317,-0.0150505,-0.1058073,-0.5424973,354.8525,11.15325,65.63146
12051,-0.823934,-0.0165914,-0.1062327,-0.5563922,354.7861,11.20524,67.54951
12052,-0.8207396,-0.01593697,-0.1060639,-0.5611444,354.671,11.11746,68.20227
12053,-0.8180264,-0.01754525,-0.1077996,-0.5647161,354.6611,11.36373,68.70615
12054,-0.8107497,-0.01742452,-0.1065747,-0.5753464,354.5843,11.17029,70.19266
12055,-0.8134313,-0.01858813,-0.1077746,-0.5712872,354.6695,11.38651,69.6303
12056,-0.8157963,-0.01381785,-0.1076175,-0.5680707,354.2768,11.08384,69.14622
12057,-0.8159612,-0.01676381,-0.1087317,-0.5675419,354.4875,11.38395,69.09124
12058,-0.812863,-0.01766759,-0.1099263,-0.5717149,354.4353,11.52839,69.67795
12059,-0.8109139,-0.02058873,-0.1116878,-0.574039,354.5582,11.87065,70.02253
12060,-0.8093956,-0.022035,-0.112699,-0.5759275,354.598,12.04878,70.29719
12061,-0.8079066,-0.0226534,-0.1141176,-0.5777121,354.5343,12.21196,70.54993
12062,-0.8045529,-0.02858958,-0.1148688,-0.5819644,354.969,12.64771,71.20146
12063,-0.803334,-0.0289779,-0.1147296,-0.583654,354.9879,12.65007,71.44389
12064,-0.8032776,-0.03188941,-0.118528,-0.5828202,355.013,13.20632,71.34808
12065,-0.8070031,-0.03151375,-0.1171935,-0.5779436,355.147,13.08457,70.66059
12066,-0.8092854,-0.03115168,-0.1160792,-0.5749892,355.2351,12.97242,70.2448
12067,-0.8133199,-0.03313965,-0.1151512,-0.5693442,355.5715,13.04517,69.47938
12068,-0.8137103,-0.03621718,-0.1190286,-0.5677994,355.6282,13.62245,69.29152
12069,-0.8130037,-0.03811941,-0.1204251,-0.5683924,355.7037,13.87589,69.39379
12070,-0.8115021,-0.0395737,-0.1222901,-0.5700382,355.6877,14.13964,69.63705
12071,-0.8118375,-0.04011077,-0.1213869,-0.569716,355.803,14.09021,69.60047
12072,-0.8122413,-0.04084072,-0.1240356,-0.5685169,355.7167,14.39618,69.43791
12073,-0.8121581,-0.04230654,-0.1237472,-0.5685915,355.8709,14.4635,69.46753
12074,-0.8122506,-0.04195273,-0.1231225,-0.568621,355.8787,14.38079,69.4682
12075,-0.8116321,-0.04390278,-0.1228488,-0.5694157,356.0642,14.47772,69.60449
12076,-0.8115954,-0.04307684,-0.1210634,-0.5699131,356.0969,14.25158,69.66595
12077,-0.8113802,-0.04219946,-0.1210586,-0.5702862,356.0092,14.19218,69.70665
12078,-0.8120443,-0.04269174,-0.1210574,-0.5693038,356.0721,14.22879,69.57622
12079,-0.8127131,-0.04255557,-0.120253,-0.5685296,356.1259,14.14691,69.46816
12080,-0.8134117,-0.04334652,-0.1203659,-0.5674458,356.2108,14.21401,69.32758
12081,-0.8131297,-0.04471397,-0.119663,-0.5678924,356.3768,14.23384,69.40862
12082,-0.8131006,-0.04546261,-0.1189697,-0.5680201,356.49,14.21592,69.43734
12083,-0.813802,-0.04138705,-0.1173608,-0.5676618,356.2226,13.79937,69.33759
12084,-0.8138807,-0.04234999,-0.1180968,-0.5673254,356.2695,13.93353,69.30178
12085,-0.8150868,-0.04241809,-0.1167211,-0.5658714,356.3909,13.8131,69.10307
12086,-0.8148924,-0.04285705,-0.1179726,-0.5658588,356.3499,13.96101,69.10492
12087,-0.8138724,-0.04437599,-0.1191615,-0.5669596,356.3945,14.16811,69.27544
12088,-0.8142596,-0.04552674,-0.1193267,-0.5662773,356.5026,14.26139,69.19576
12089,-0.8144735,-0.04531914,-0.1186337,-0.5661318,356.5314,14.18243,69.17387
12090,-0.8145553,-0.04307008,-0.1182272,-0.5662746,356.3459,13.99728,69.16492
12091,-0.8144738,-0.04253712,-0.1179507,-0.5664897,356.3108,13.93543,69.18839
12092,-0.8159881,-0.04188597,-0.1152776,-0.5649073,356.452,13.64503,68.96496
12093,-0.816669,-0.03706932,-0.1137066,-0.5645782,356.1097,13.18547,68.86383
12094,-0.8169549,-0.03654966,-0.1138815,-0.5641633,356.0563,13.17061,68.80003
12095,-0.817378,-0.03446069,-0.1123673,-0.5639851,355.9623,12.89221,68.75443
12096,-0.8186529,-0.03420195,-0.1112498,-0.5623712,356.0361,12.77643,68.53004
12097,-0.8126592,-0.03094658,-0.1101415,-0.5713985,355.666,12.41526,69.75215
12098,-0.8083235,-0.03455034,-0.1066836,-0.5779603,356.1318,12.2919,70.71368
12099,-0.8015892,-0.03260317,-0.1055541,-0.58758,355.8841,12.00943,72.05112
12100,-0.7999251,-0.03112772,-0.1068582,-0.5896884,355.6283,12.02125,72.33324
12101,-0.799094,-0.03013673,-0.1070343,-0.5908337,355.5083,11.96471,72.48598
12102,-0.7975395,-0.03068134,-0.1071009,-0.5928904,355.523,11.99638,72.78353
12103,-0.7980933,-0.03169405,-0.1058136,-0.5923228,355.7125,11.948,72.71469
12104,-0.7969872,-0.02915049,-0.105715,-0.593958,355.4623,11.75775,72.92347
12105,-0.7967509,-0.02709809,-0.1052908,-0.5944475,355.2965,11.57635,72.97543
12106,-0.7955445,-0.02886567,-0.1052863,-0.5959788,355.4362,11.68721,73.20979
12107,-0.7944902,-0.02733657,-0.1042832,-0.5976313,355.3419,11.48058,73.43393
12108,-0.7919227,-0.02989039,-0.1062029,-0.6005715,355.3986,11.81613,73.87487
12109,-0.7910371,-0.03262183,-0.1072545,-0.6014088,355.561,12.09605,74.01938
12110,-0.7886697,-0.03274953,-0.1088313,-0.6042214,355.4195,12.23469,74.42226
12111,-0.7875314,-0.03369465,-0.1082347,-0.6057593,355.5231,12.23635,74.65395
12112,-0.784439,-0.03551847,-0.1084685,-0.6096135,355.6112,12.36312,75.22835
12113,-0.7824771,-0.03547725,-0.108998,-0.612038,355.532,12.39535,75.57818
12114,-0.781719,-0.03624728,-0.1102717,-0.6127331,355.4997,12.56184,75.68511
12115,-0.778669,-0.04024401,-0.1112374,-0.6161829,355.7326,12.91169,76.22804
12116,-0.7778049,-0.03987074,-0.1114771,-0.6172543,355.6645,12.90143,76.37955
12117,-0.7750019,-0.04661649,-0.1159069,-0.6194873,355.9085,13.76968,76.77901
12118,-0.7777179,-0.04340202,-0.1164771,-0.6162016,355.6392,13.61182,76.26029
12119,-0.7835869,-0.04322132,-0.1167836,-0.6086751,355.7315,13.66773,75.16695
12120,-0.7869766,-0.04376259,-0.1175539,-0.6040975,355.8052,13.80022,74.51313
12121,-0.7913809,-0.04373971,-0.1169713,-0.5984321,355.9418,13.77355,73.70187
12122,-0.7945237,-0.04570836,-0.1189043,-0.5937212,356.0688,14.11059,73.05235
12123,-0.7987778,-0.04765895,-0.1219557,-0.5872048,356.1533,14.5585,72.14983
12124,-0.8009087,-0.04794505,-0.1209457,-0.5844817,356.2971,14.49535,71.77087
12125,-0.8039129,-0.04720369,-0.1229007,-0.5799927,356.1774,14.65044,71.12647
12126,-0.8054611,-0.04839849,-0.1261129,-0.5770491,356.125,15.04681,70.72524
12127,-0.8121715,-0.05137527,-0.1253877,-0.5674645,356.6259,15.21459,69.43327
12128,-0.8233216,-0.04833992,-0.126393,-0.5512075,356.5752,15.18179,67.14747
12129,-0.8249642,-0.04930751,-0.1267083,-0.5485875,356.6941,15.28361,66.80282
12130,-0.831563,-0.04910865,-0.1305273,-0.5376374,356.636,15.68536,65.30495
12131,-0.8358835,-0.04683413,-0.1322115,-0.5306842,356.4437,15.7391,64.32944
12132,-0.842803,-0.04602326,-0.1357566,-0.5187825,356.3719,16.08957,62.71532
12132,-0.8427165,-0.04566358,-0.1361863,-0.5188421,356.3102,16.11061,62.71701
12133,-0.8471572,-0.04469624,-0.1385454,-0.5110111,356.2234,16.3217,61.65556
12134,-0.8469616,-0.04446554,-0.1386581,-0.5113247,356.1883,16.31812,61.69346
12135,-0.8540227,-0.04727744,-0.1376799,-0.4994541,356.7451,16.43011,60.17032
12136,-0.8578833,-0.04110397,-0.1392779,-0.4928981,356.1712,16.26699,59.21177
12137,-0.8630244,-0.04330534,-0.1422264,-0.4827892,356.4119,16.73039,57.91886
12138,-0.8720317,-0.04070137,-0.1432227,-0.4662526,356.4127,16.75672,55.73598
12139,-0.8815162,-0.03583817,-0.1430029,-0.4485478,356.2672,16.55128,53.39421
12140,-0.8847568,-0.03592537,-0.1438021,-0.4418551,356.3588,16.66565,52.54237
12141,-0.891977,-0.03458592,-0.1461996,-0.426388,356.3894,16.91093,50.56108
12142,-0.8957789,-0.03066838,-0.1481371,-0.4179655,356.0499,16.96131,49.43777
12143,-0.9010184,-0.03259622,-0.1473556,-0.4066813,356.4962,17.01366,48.06055
12144,-0.9051452,-0.0296191,-0.1473102,-0.3976616,356.357,16.90698,46.89348
12145,-0.9083882,-0.02953218,-0.1491757,-0.3894941,356.4137,17.13361,45.87645
12146,-0.9153161,-0.0269036,-0.1466095,-0.3741367,356.5341,16.80097,43.95274
12147,-0.9163815,-0.02404572,-0.1509722,-0.3699651,356.1216,17.16739,43.38457
12148,-0.9277494,-0.02043852,-0.1497597,-0.3412266,356.3145,17.00361,39.83598
12149,-0.9298219,-0.01804498,-0.1485384,-0.3362173,356.1971,16.79803,39.19759
12150,-0.9317645,-0.01752435,-0.1504038,-0.3299795,356.1811,17.00749,38.43147
12151,-0.9366379,-0.01724212,-0.1515732,-0.3153376,356.3711,17.18181,36.66523
12152,-0.9377502,-0.01437609,-0.1509515,-0.3124608,356.137,17.02318,36.27808
12153,-0.9548924,-0.001892038,-0.1474942,-0.2577258,355.8474,16.46332,29.60752
12154,-0.9565948,-0.0004716516,-0.1462947,-0.2520397,355.8228,16.31234,28.92227
12155,-0.9597182,-0.0007862002,-0.1460121,-0.2400439,356.067,16.33786,27.52055
12156,-0.9640222,0.001712739,-0.1476289,-0.2210524,356.0681,16.53181,25.25815
12157,-0.9659456,0.004282057,-0.1461982,-0.2134406,355.9469,16.33868,24.33825
12158,-0.9684083,0.00691811,-0.1455357,-0.2023779,355.8536,16.24876,23.0154
12159,-0.9764066,0.01288521,-0.1448079,-0.1596716,355.9053,16.22327,17.99087
12160,-0.9771794,0.01623368,-0.1440696,-0.155245,355.615,16.10121,17.43381
12161,-0.9779465,0.01694639,-0.1455651,-0.14881,355.6144,16.28929,16.67623
12162,-0.9787847,0.01792166,-0.1450495,-0.143597,355.5988,16.23765,16.06442
12163,-0.9807167,0.01980748,-0.1453164,-0.1291738,355.6187,16.30387,14.37899
12164,-0.9873608,0.03063344,-0.1411801,-0.06518138,355.4748,16.00118,6.917546
12165,-0.9885389,0.03496586,-0.1385116,-0.04881482,355.2589,15.74539,4.998084
12166,-0.9887638,0.03664782,-0.1393755,-0.03971893,355.2077,15.88244,3.931821
12167,-0.988965,0.0410066,-0.1383052,-0.03374198,354.811,15.77766,3.188688
12168,-0.9893602,0.04855204,-0.1355329,0.02097774,354.8143,15.74338,356.8532
12169,-0.9890684,0.04866433,-0.1372365,0.02327657,354.8435,15.95309,356.5807
12170,-0.9885972,0.05556143,-0.1344943,0.03873158,354.2932,15.75778,354.7224
12171,-0.9864687,0.06236454,-0.1342304,0.07051647,354.0241,15.96908,350.9835
12172,-0.9844061,0.06324928,-0.1253326,0.1060005,354.3786,15.15448,346.9598
12173,-0.9801698,0.07157566,-0.1241838,0.1368306,353.8963,15.33899,343.2831
12174,-0.9793992,0.07312971,-0.1246623,0.1410273,353.7951,15.44869,342.7697
12175,-0.9777011,0.07702696,-0.1252642,0.1499218,353.5083,15.65043,341.6711
12176,-0.9675395,0.08437699,-0.1229275,0.2040512,353.5054,15.90646,335.2737
12176,-0.9667323,0.08633429,-0.1179189,0.2099296,353.2571,15.43118,334.5818
12177,-0.9650006,0.08803248,-0.1191023,0.2164227,353.2031,15.65646,333.7831
12178,-0.9611986,0.09425491,-0.1163522,0.2316799,352.6874,15.63698,331.8913
12179,-0.95904,0.09743439,-0.1156486,0.2395297,352.4446,15.71494,330.9092
12180,-0.9532269,0.1018595,-0.1112481,0.2619294,352.1886,15.54146,328.2032
12181,-0.9415069,0.1077594,-0.1072226,0.3007592,352.0438,15.62341,323.4752
12182,-0.9386845,0.1067125,-0.108873,0.3092424,352.3569,15.83205,322.4676
12183,-0.9275109,0.1145027,-0.1030933,0.3405651,351.8257,15.78302,318.5404
12184,-0.921002,0.1183688,-0.09845611,0.3578419,351.5137,15.60575,316.3692
12185,-0.9140659,0.1202053,-0.09283966,0.376052,351.3773,15.25431,314.1181
12186,-0.9174967,0.1190572,-0.09647405,0.3670397,351.5093,15.50705,315.2346
12187,-0.907928,0.120106,-0.08960843,0.3914228,351.4921,15.04616,312.231
12188,-0.8922826,0.1241024,-0.0826892,0.4261374,351.3154,14.84896,307.8096
12189,-0.8869411,0.1255292,-0.07791668,0.4376153,351.1134,14.54238,306.3406
12190,-0.8831859,0.1259807,-0.07977638,0.4446881,351.2816,14.82787,305.4124
12191,-0.8824632,0.1237072,-0.08037221,0.4466493,351.5737,14.78024,305.2136
12192,-0.8803734,0.1269678,-0.07833755,0.450206,351.1979,14.78912,304.6868
12193,-0.8773254,0.1292656,-0.07879335,0.4553924,351.0802,15.01795,303.9571
12194,-0.8656518,0.1290703,-0.0744068,0.4779661,351.2379,14.78433,301.0508
12195,-0.8586882,0.1325942,-0.07394201,0.4894957,351.0643,15.06708,299.4453
12196,-0.8580672,0.1329299,-0.07345343,0.490566,351.0218,15.04983,299.2975
12197,-0.8583249,0.1327907,-0.07408726,0.4900573,351.0634,15.09938,299.3651
12198,-0.856411,0.1313197,-0.07205662,0.4940884,351.1573,14.84665,298.8818
12199,-0.8550298,0.1327325,-0.07333833,0.495911,351.1272,15.08035,298.5964
12200,-0.8521329,0.135219,-0.07186955,0.5004202,350.8791,15.13647,297.9379
12201,-0.8494359,0.1356434,-0.07468051,0.5044625,351.0778,15.48326,297.3742
12202,-0.8485512,0.1381227,-0.0753628,0.5051767,350.8938,15.71574,297.2065
12203,-0.8464396,0.1414638,-0.07674083,0.5075815,350.7016,16.09099,296.7834
12204,-0.8464296,0.1422752,-0.07834333,0.5071265,350.7123,16.29637,296.8127
12205,-0.8435925,0.1430597,-0.07740423,0.5117561,350.6686,16.30399,296.1751
12206,-0.8420802,0.1473222,-0.078262,0.512906,350.3382,16.67852,295.8898
12207,-0.8420771,0.1492962,-0.07874221,0.512266,350.1678,16.84777,295.9131
12208,-0.8418915,0.1510188,-0.08169976,0.5116026,350.1722,17.24379,295.9337
12209,-0.8423185,0.1503775,-0.08056191,0.5112691,350.1567,17.08616,296.0041
12210,-0.8352101,0.1521016,-0.08138135,0.5221747,350.2655,17.40323,294.4792
12211,-0.8297254,0.1524962,-0.08371863,0.5303698,350.546,17.74769,293.3463
12212,-0.8255374,0.1557729,-0.07821548,0.5367544,350.0245,17.51241,292.3969
12213,-0.8264564,0.1540747,-0.07949853,0.5356408,350.2408,17.50653,292.5978
12214,-0.826987,0.1510665,-0.07715651,0.536021,350.3781,17.07936,292.6524
12215,-0.8272524,0.152665,-0.07649744,0.5352524,350.1718,17.11636,292.7097
12216,-0.8285875,0.1516589,-0.07614705,0.5335203,350.2079,16.9941,292.9793
12217,-0.8294075,0.1480264,-0.07433349,0.5335225,350.4312,16.57228,293.1003
12218,-0.8310229,0.1476538,-0.07568428,0.5309157,350.5002,16.64872,293.4603
12219,-0.8309727,0.1441768,-0.07460696,0.532101,350.7805,16.32328,293.4092
12220,-0.8309249,0.1432179,-0.07242757,0.5327353,350.7445,16.05492,293.3612
12221,-0.8309557,0.1429283,-0.07165277,0.5328698,350.7251,15.96202,293.3549
12222,-0.8309503,0.140862,-0.06424689,0.5343708,350.4775,15.12419,293.2441
12222,-0.8310388,0.1429749,-0.07258093,0.5326021,350.7744,16.05198,293.3858
12223,-0.8312766,0.1408615,-0.06923255,0.5332394,350.7725,15.5933,293.3759
12224,-0.8312308,0.1394061,-0.06842491,0.5337972,350.8681,15.42363,293.3456
12225,-0.8311415,0.1393816,-0.06883579,0.5338899,350.8981,15.46267,293.3318
12226,-0.8316014,0.1399801,-0.06955355,0.5329232,350.8696,15.56183,293.4431
12227,-0.8315721,0.1398167,-0.06912178,0.533068,350.8603,15.51069,293.43
12228,-0.8315234,0.1386211,-0.07045197,0.5332818,351.0605,15.56146,293.4294
12229,-0.8318593,0.1387642,-0.07168201,0.5325564,351.1113,15.68239,293.5187
12230,-0.8317909,0.1390456,-0.07127905,0.532644,351.0611,15.66314,293.5005
12231,-0.8317604,0.1378952,-0.07115507,0.5330072,351.1679,15.57803,293.4846
12232,-0.8313905,0.1385831,-0.0702917,0.5335202,351.0583,15.54592,293.3988
12233,-0.846884,0.1346865,-0.07209972,0.5093614,351.1019,15.21771,296.7591
12234,-0.8461724,0.1351191,-0.07212377,0.5104248,351.0808,15.25865,296.6048
12235,-0.8440524,0.1345821,-0.07309642,0.5139264,351.2539,15.35531,296.1459
12236,-0.843442,0.1348002,-0.07261518,0.5149387,351.2219,15.33239,296.0063
12237,-0.8425212,0.1348743,-0.07253563,0.5164354,351.2369,15.34451,295.8036
12238,-0.8426958,0.1331134,-0.06989023,0.5169722,351.2522,14.97695,295.7918
12239,-0.8427609,0.1341431,-0.07069391,0.5164903,351.1948,15.11736,295.8248
12240,-0.8420647,0.1337094,-0.06399861,0.5186068,350.8625,14.45591,295.5829
12241,-0.8420378,0.1314348,-0.07066408,0.5183666,351.4839,14.95808,295.6463
12242,-0.8417052,0.1323619,-0.06891164,0.5189065,351.2976,14.85207,295.5564
12243,-0.841561,0.131987,-0.06852886,0.5192866,351.3164,14.79418,295.5171
12244,-0.8436599,0.1339389,-0.06922084,0.5152736,351.1028,14.94737,296.0007
12245,-0.8519526,0.1301768,-0.07048258,0.5022582,351.3147,14.70074,297.8356
12246,-0.8537207,0.1289419,-0.06941435,0.4997166,351.3275,14.49236,298.211
12247,-0.8531569,0.1303458,-0.06817514,0.5004852,351.1313,14.4649,298.0782
12248,-0.852544,0.1306994,-0.06809551,0.5014476,351.1086,14.48894,297.9413
12249,-0.8528099,0.1315928,-0.06900147,0.5006372,351.0624,14.62649,298.021
12250,-0.8520554,0.1323302,-0.06983444,0.5016109,351.0573,14.7653,297.8678
12251,-0.8526899,0.1338727,-0.06905836,0.500229,350.8387,14.77104,298.0141
12252,-0.8531156,0.1340785,-0.07202402,0.4990287,350.9739,15.06569,298.1531
12253,-0.8538934,0.1354312,-0.072678,0.4972348,350.8505,15.19684,298.3511
12254,-0.8547325,0.1335304,-0.0743742,0.4960553,351.1135,15.23456,298.5506
12255,-0.8554577,0.1346121,-0.07547984,0.4943427,351.0435,15.39461,298.7425
12256,-0.8554919,0.1390196,-0.07596034,0.492988,350.6209,15.70325,298.7973
12257,-0.8557717,0.1388192,-0.07898724,0.4920825,350.8013,15.983,298.9067
12258,-0.8549341,0.1383721,-0.07726565,0.4939343,350.7774,15.80283,298.6833
12259,-0.8550348,0.139493,-0.07712492,0.4934662,350.6523,15.85399,298.7145
12260,-0.8549917,0.1388604,-0.07759592,0.4936455,350.7444,15.86324,298.7061
12261,-0.852963,0.1402576,-0.0734643,0.4973783,350.4336,15.57989,298.1938
12262,-0.8522678,0.1373637,-0.07338655,0.4993851,350.744,15.41121,298.0087
12263,-0.8521944,0.1378759,-0.07290679,0.4994395,350.6672,15.3965,297.9897
12264,-0.8511615,0.1370726,-0.07274875,0.5014408,350.7708,15.3513,297.7467
12265,-0.8533008,0.1402799,-0.07394102,0.4967214,350.4478,15.62152,298.2778
12266,-0.8582743,0.136215,-0.07434765,0.4891658,350.7302,15.32754,299.3888
12267,-0.8594148,0.1367802,-0.07436472,0.4869983,350.638,15.34127,299.6591
12268,-0.8595914,0.1366665,-0.07482558,0.4866478,350.6696,15.37669,299.7059
12269,-0.8602474,0.1365121,-0.07435161,0.4856037,350.6388,15.30868,299.8503
12270,-0.8606977,0.1359355,-0.07480049,0.4848979,350.7085,15.31083,299.9565
12271,-0.8610904,0.1365018,-0.07488042,0.4840285,350.6426,15.3444,300.0551
12272,-0.8610257,0.1369811,-0.0757392,0.4838748,350.6426,15.45829,300.0574
12273,-0.862251,0.1367883,-0.07698354,0.4815452,350.6915,15.5469,300.3621
12274,-0.8640271,0.1344952,-0.07671127,0.4790445,350.8559,15.35415,300.754
12275,-0.8631133,0.1364962,-0.07521009,0.4803623,350.5976,15.33835,300.5352
12276,-0.864719,0.1373341,-0.07514489,0.4772357,350.457,15.3493,300.9228
12277,-0.8647292,0.1331028,-0.07582113,0.478308,350.9287,15.17281,300.8927
12278,-0.8661326,0.1355656,-0.07277954,0.4755413,350.467,14.98573,301.2062
12279,-0.8679776,0.1341188,-0.07419437,0.4723585,350.6345,15.00801,301.6531
12280,-0.8677718,0.1339758,-0.07418093,0.4727789,350.655,15.00252,301.602
12280,-0.8531943,0.1393335,-0.06905583,0.4978727,350.2706,15.08911,298.1779
12281,-0.8545621,0.1373258,-0.06770599,0.4962674,350.3571,14.81094,298.4539
12282,-0.8605442,0.1344127,-0.07014009,0.4862897,350.612,14.76515,299.8397
12283,-0.8676219,0.134856,-0.0719789,0.4731439,350.4507,14.8365,301.5435
12284,-0.8736206,0.131495,-0.07133263,0.4630421,350.5787,14.46449,302.9522
12285,-0.8744801,0.1321643,-0.07274565,0.4610047,350.5563,14.62598,303.1911
12286,-0.8744564,0.1320127,-0.07445294,0.4608206,350.6619,14.78915,303.2088
12287,-0.8758421,0.1335176,-0.07483163,0.4576832,350.4806,14.88238,303.574
12288,-0.8723593,0.1320792,-0.07063347,0.4653553,350.5201,14.45214,302.6404
12289,-0.8737266,0.130121,-0.07040054,0.4633725,350.669,14.2928,302.9499
12290,-0.873925,0.1308715,-0.07106915,0.4626846,350.6202,14.39747,303.0162
12291,-0.8739024,0.1313555,-0.0702309,0.4627183,350.5266,14.3408,303.0044
12292,-0.8737888,0.1311735,-0.07132173,0.4628173,350.6063,14.44221,302.9897
12293,-0.8701052,0.1325632,-0.07015091,0.4694923,350.5134,14.47577,302.0916
12294,-0.8695186,0.13196,-0.07005641,0.4707613,350.5885,14.44388,301.9421
12295,-0.8695295,0.1330273,-0.06953043,0.4705186,350.4498,14.45147,301.9491
12296,-0.8702757,0.1320325,-0.06965077,0.4694,350.5364,14.39266,302.1203
12297,-0.8707914,0.1308359,-0.07086936,0.4685959,350.7093,14.4369,302.249
12298,-0.8717033,0.1312712,-0.0712845,0.4667118,350.6584,14.48501,302.4809
12299,-0.8720316,0.1326443,-0.07041454,0.4658413,350.46,14.46835,302.5638
12300,-0.8721584,0.1340888,-0.07018703,0.4652244,350.2943,14.52371,302.6078
12301,-0.8721337,0.1319168,-0.07124573,0.4657307,350.5762,14.50876,302.5922
12302,-0.8720183,0.1334483,-0.07026246,0.4656596,350.369,14.49833,302.5675
12303,-0.8708438,0.1366134,-0.06947169,0.4670566,350.0352,14.62066,302.3068
12304,-0.8701927,0.1374118,-0.07012424,0.4679374,350.0073,14.74421,302.1665
12305,-0.8692751,0.1379029,-0.07041606,0.4694521,350.0006,14.8201,301.9537
12306,-0.8692328,0.1380013,-0.06989104,0.46958,349.9637,14.77422,301.9376
12307,-0.8690685,0.1355793,-0.0695332,0.4706416,350.2003,14.60513,301.8659
12308,-0.8693522,0.1358746,-0.06995603,0.4699693,350.1836,14.65816,301.9433
12309,-0.8694425,0.1386876,-0.07065389,0.468875,349.9268,14.88459,302.0064
12310,-0.8680032,0.1421219,-0.07012084,0.47059,349.5878,15.05642,301.6914
12311,-0.8662163,0.1428206,-0.07265005,0.4732795,349.7083,15.38586,301.3039
12312,-0.8630373,0.1442078,-0.07414806,0.4784066,349.7486,15.68091,300.5829
12313,-0.8620141,0.1439269,-0.07243797,0.480593,349.7172,15.51689,300.3139
12314,-0.8621253,0.1469595,-0.07058579,0.4797506,349.2999,15.50748,300.3493
12315,-0.8628083,0.1476379,-0.07015008,0.4783763,349.1843,15.48874,300.5133
12316,-0.8577917,0.1462124,-0.06975901,0.4878003,349.4681,15.47496,299.3139
12317,-0.8561823,0.1444196,-0.06865537,0.4913059,349.6397,15.29399,298.908
12318,-0.8561053,0.1465113,-0.06792951,0.4909214,349.3877,15.34841,298.903
12319,-0.855914,0.1433629,-0.06691927,0.4923214,349.6581,15.06641,298.8137
12320,-0.8556584,0.1454342,-0.06779537,0.4920383,349.5039,15.28066,298.7868
12321,-0.8553697,0.1432549,-0.06764284,0.4931991,349.7264,15.14208,298.6961
12322,-0.8552771,0.1432031,-0.06708261,0.4934514,349.7029,15.08595,298.6674
12323,-0.8540362,0.1431481,-0.06570533,0.4957961,349.6678,14.97298,298.3654
12324,-0.8542113,0.1436433,-0.06547144,0.495382,349.599,14.97608,298.4078
12325,-0.8539379,0.144331,-0.06549385,0.4956505,349.5385,15.02498,298.3524
12326,-0.8537424,0.1435847,-0.06341794,0.4964732,349.5022,14.78113,298.2764
12327,-0.8450986,0.1414798,-0.05969751,0.5120823,349.7474,14.46494,296.2684
12328,-0.8437864,0.1428256,-0.05903426,0.5139459,349.61,14.50959,295.983
12329,-0.8434726,0.1405443,-0.0587298,0.5151235,349.8291,14.34516,295.8904
12330,-0.8435074,0.1425533,-0.05849344,0.5145411,349.6131,14.44594,295.9135
12330,-0.8433267,0.1413549,-0.057648,0.5152628,349.688,14.29355,295.8547
12331,-0.8425474,0.1402473,-0.05795768,0.5168033,349.8384,14.26997,295.6763
12332,-0.8418857,0.1405417,-0.05688921,0.517919,349.7635,14.19785,295.5231
12333,-0.8418216,0.1406517,-0.05643281,0.5180435,349.7271,14.16187,295.5056
12334,-0.8418457,0.1406417,-0.05627924,0.5180236,349.7182,14.14595,295.5094
12335,-0.8412817,0.141195,-0.0561319,0.5188049,349.6695,14.17717,295.389
12336,-0.8425212,0.1424937,-0.05913588,0.5160973,349.6845,14.52375,295.7018
12337,-0.8489492,0.1389444,-0.06092018,0.5062298,349.9659,14.3535,297.118
12338,-0.8632667,0.1355988,-0.06583798,0.4817146,350.1723,14.35623,300.4351
12339,-0.8640636,0.1337897,-0.06403574,0.4810343,350.2355,14.0575,300.5828
12340,-0.8937214,0.1265353,-0.07270238,0.4242233,350.5323,13.92118,308.0569
12341,-0.8932998,0.1219418,-0.07015523,0.4268773,350.9112,13.43635,307.8441
12342,-0.8975728,0.1209291,-0.07079411,0.4180043,350.9149,13.36081,308.9904
12343,-0.9026177,0.1176407,-0.07116079,0.4078949,351.1228,13.12952,310.3398
12344,-0.921546,0.1134771,-0.08310273,0.3618979,351.4311,13.76596,316.0831
12345,-0.9217582,0.1087369,-0.07928586,0.363665,351.7906,13.1549,315.99
12346,-0.9352923,0.1024036,-0.08340991,0.3283056,352.1381,13.02541,320.417
12347,-0.9418842,0.1013025,-0.08550113,0.3086773,352.0652,13.04789,322.8008
12348,-0.9479526,0.09645688,-0.09084797,0.2895319,352.515,13.30025,325.1577
12349,-0.9529762,0.09521936,-0.09224841,0.2725066,352.4607,13.27957,327.205
12350,-0.9598885,0.08884964,-0.09949115,0.2466201,353.0214,13.68464,330.3434
12351,-0.9692943,0.08661504,-0.1010806,0.2067589,352.755,13.51122,335.0582
12352,-0.9759438,0.08039193,-0.1083004,0.1712947,353.1187,13.92581,339.2486
12353,-0.9786124,0.0768134,-0.1118675,0.154607,353.3531,14.14307,341.2191
12354,-0.9816954,0.07536669,-0.1155832,0.1312815,353.2449,14.3857,343.9126
12355,-0.9872357,0.06721587,-0.1255997,0.07122347,353.4065,15.0275,350.8766
12356,-0.9880776,0.06440414,-0.1300742,0.05133927,353.4589,15.38997,353.1666
12357,-0.988487,0.06640559,-0.1310321,0.03625459,353.0051,15.41691,354.8511
12358,-0.9889354,0.06130212,-0.1350772,0.001776945,353.0636,15.62586,358.8412
12359,-0.9867333,0.05644805,-0.1447203,-0.04719147,352.8159,16.40891,4.439137
12360,-0.9845164,0.05253571,-0.148447,-0.07701518,352.7436,16.6485,7.882746
12361,-0.9825045,0.04784415,-0.1517422,-0.09680066,352.9121,16.92604,10.19781
12362,-0.9762425,0.04315303,-0.15781,-0.1420719,352.5826,17.35892,15.42634
12363,-0.9714493,0.03968515,-0.1609199,-0.1697537,352.43,17.56623,18.6526
12364,-0.964866,0.03399546,-0.1621864,-0.2038964,352.4298,17.56233,22.69345
12365,-0.9606076,0.03122805,-0.1669939,-0.2199342,352.3309,18.0512,24.57163
12366,-0.9518386,0.03131925,-0.1718657,-0.2519616,351.5916,18.3474,28.29316
12367,-0.94715,0.02375097,-0.1711688,-0.270267,352.096,18.32421,30.57516
12368,-0.9371814,0.02115266,-0.1769216,-0.2999041,351.6183,18.80638,34.09954
12369,-0.9294242,0.01434878,-0.1796901,-0.3219884,351.8139,19.15468,36.8326
12370,-0.9191669,0.01406993,-0.1814042,-0.3493238,351.2222,19.11633,40.13711
12371,-0.9144152,0.01039919,-0.1827441,-0.3610281,351.3169,19.29834,41.611
12372,-0.9065672,0.005790234,-0.1871475,-0.378257,351.2526,19.80895,43.76554
12373,-0.8989613,0.003987938,-0.1877284,-0.395741,351.0395,19.78525,45.95437
12374,-0.8929952,-0.0006218404,-0.1930645,-0.4065531,351.0327,20.46222,47.33491
12375,-0.8819961,-0.00687255,-0.1942212,-0.429318,351.1039,20.65555,50.28539
12376,-0.8780167,-0.005102828,-0.191168,-0.438766,350.863,20.15415,51.47768
12377,-0.8742349,-0.00689882,-0.1914622,-0.4461035,350.865,20.20013,52.43796
12378,-0.8689252,-0.01116848,-0.1953429,-0.4546269,350.8972,20.73775,53.56871
12379,-0.8633193,-0.01342984,-0.1969709,-0.4644373,350.8063,20.9259,54.85624
12380,-0.850641,-0.01883435,-0.1978769,-0.4867237,350.7594,21.07845,57.83226
12381,-0.8427532,-0.02009724,-0.1965205,-0.5007424,350.6225,20.86227,59.70531
12382,-0.8382298,-0.02269605,-0.1981497,-0.5075358,350.6139,21.10318,60.63643
12383,-0.8261424,-0.0260282,-0.196384,-0.5274889,350.5507,20.90273,63.36931
12384,-0.8058203,-0.03109595,-0.1983393,-0.5570891,350.1616,21.07479,67.48024
12385,-0.8019598,-0.03558281,-0.1976699,-0.5626022,350.4826,21.22726,68.3145
12386,-0.7978522,-0.03521666,-0.1964809,-0.5688472,350.3668,21.01721,69.18473
12387,-0.7926584,-0.03412423,-0.1968826,-0.5759909,350.0547,20.90339,70.16956
12388,-0.789198,-0.03719547,-0.1970648,-0.5804727,350.208,21.06734,70.84553
12389,-0.7619417,-0.04359069,-0.1980737,-0.6150705,349.7915,21.17278,75.91092
12390,-0.7523053,-0.04191306,-0.195241,-0.6278225,349.5085,20.62677,77.77779
12391,-0.7457417,-0.04144192,-0.1954291,-0.6355781,349.2449,20.5064,78.92935
12392,-0.729632,-0.04764202,-0.1961692,-0.6533644,349.2329,20.77895,81.70734
12393,-0.7098299,-0.04836732,-0.1906597,-0.6763514,349.0915,20.01604,85.30228
12394,-0.7094524,-0.04561582,-0.1903757,-0.6770183,348.8691,19.7705,85.37418
12395,-0.6878972,-0.04422495,-0.1890928,-0.6993466,348.2502,19.20213,88.95139
12396,-0.6831133,-0.04477635,-0.1859542,-0.7048209,348.4072,18.89162,89.85697
12397,-0.6740147,-0.04646298,-0.1867042,-0.713223,348.2472,18.95154,91.26955
12398,-0.6607286,-0.04638025,-0.1838078,-0.726293,348.1291,18.48436,93.47432
12399,-0.6577829,-0.04977453,-0.1811961,-0.7293917,348.5306,18.50106,94.03609
12400,-0.6537809,-0.04523236,-0.1803691,-0.7334791,348.1442,17.98601,94.69321
12401,-0.6496108,-0.0438574,-0.1759322,-0.7383294,348.2986,17.43135,95.51491
12402,-0.6424418,-0.04481038,-0.1717433,-0.7454965,348.5512,17.05672,96.77043
12403,-0.6320372,-0.04514018,-0.1704717,-0.7546065,348.4503,16.82661,98.38889
12404,-0.6216713,-0.05009162,-0.1673973,-0.7635404,348.8517,16.86396,100.0376
12405,-0.633772,-0.04720467,-0.1671249,-0.7537733,348.9238,16.76058,98.24911
12406,-0.632495,-0.04847193,-0.1658321,-0.7550498,349.0994,16.74861,98.48567
12407,-0.6328855,-0.04942504,-0.1638587,-0.7550917,349.3449,16.67824,98.49715
12408,-0.6329663,-0.04950508,-0.1628922,-0.755228,349.4338,16.60861,98.51984
12409,-0.6344596,-0.0472638,-0.1601924,-0.7546958,349.5243,16.21637,98.3971
12410,-0.6327412,-0.04915595,-0.1582989,-0.7564151,349.789,16.20708,98.71738
12411,-0.6310406,-0.05050042,-0.1546092,-0.7585075,350.1652,16.00923,99.0961
12412,-0.6272494,-0.05045891,-0.1524144,-0.7620906,350.27,15.78481,99.73483
12413,-0.6269912,-0.05326584,-0.1515065,-0.762293,350.5498,15.9576,99.79741
12414,-0.626408,-0.05389982,-0.1490874,-0.7632043,350.7907,15.81699,99.96241
12415,-0.6211603,-0.05480635,-0.1460494,-0.7680013,351.011,15.60035,100.8342
12416,-0.6197147,-0.05570966,-0.1441475,-0.769462,351.2117,15.51761,101.1052
12417,-0.6182335,-0.05728012,-0.1426026,-0.7708248,351.43,15.52254,101.3677
12418,-0.6165481,-0.05857253,-0.1397902,-0.7725909,351.7336,15.40497,101.6985
12419,-0.6138242,-0.05739868,-0.1377926,-0.7752022,351.7687,15.11986,102.1596
12420,-0.6165612,-0.05978614,-0.1345389,-0.7734192,352.2769,15.11443,101.8509
12421,-0.615711,-0.05943754,-0.1346201,-0.7741091,352.2281,15.08112,101.9736
12422,-0.6147348,-0.06212309,-0.1325589,-0.7750291,352.5827,15.15667,102.1706
12423,-0.6138343,-0.06130722,-0.1313853,-0.7760071,352.6086,14.98678,102.3373
12424,-0.6134807,-0.06690368,-0.1297556,-0.7760986,353.1472,15.36372,102.4241
12425,-0.6143574,-0.06279391,-0.1278699,-0.7760614,353.0321,14.86093,102.3574
12426,-0.614493,-0.06290728,-0.126505,-0.7761686,353.1618,14.77001,102.3753
12427,-0.6154046,-0.06444669,-0.1237352,-0.7757664,353.5315,14.70853,102.3153
12428,-0.6161953,-0.0654932,-0.121604,-0.775388,353.8076,14.64946,102.2554
12429,-0.6168709,-0.06616545,-0.1221933,-0.7747009,353.8175,14.75898,102.14
12430,-0.6166182,-0.06422922,-0.120763,-0.7752889,353.7975,14.47663,102.2182
12430,-0.6176442,-0.06782976,-0.1179543,-0.7745977,354.3216,14.59743,102.1362
12431,-0.6176643,-0.06693465,-0.1176433,-0.7747068,354.2843,14.49419,102.1427
12432,-0.6176613,-0.0676336,-0.1159569,-0.7749028,354.4818,14.43124,102.1854
12433,-0.6211687,-0.06980869,-0.1163687,-0.7718385,354.669,14.68042,101.6592
12434,-0.6232929,-0.06877035,-0.113997,-0.7705722,354.8388,14.42438,101.4097
12435,-0.6229502,-0.06858885,-0.1124344,-0.7710949,354.9549,14.28914,101.4993
12436,-0.6243601,-0.06795475,-0.1091052,-0.7704887,355.2233,13.99271,101.3748
12437,-0.6249738,-0.06721324,-0.1078456,-0.7702334,355.2896,13.83631,101.3158
12438,-0.6325469,-0.07117027,-0.1093062,-0.7634602,355.5916,14.34067,100.1599
12439,-0.6355821,-0.0696682,-0.1091008,-0.7611036,355.5543,14.20979,99.71646
12440,-0.6361712,-0.07182166,-0.1088293,-0.76045,355.7484,14.38198,99.63351
12441,-0.63816,-0.07302606,-0.1067317,-0.7589648,356.0546,14.33903,99.38728
12442,-0.6437017,-0.06927016,-0.1044969,-0.7549373,356.0665,13.86786,98.61592
12443,-0.6475574,-0.06843907,-0.104237,-0.7517449,356.0961,13.79505,98.04398
12444,-0.6475706,-0.06732827,-0.1038146,-0.7518923,356.0483,13.66611,98.05264
12445,-0.6497767,-0.0670324,-0.1004991,-0.7504646,356.3461,13.39634,97.79657
12446,-0.6514846,-0.06620011,-0.1008219,-0.7490129,356.2859,13.35728,97.53206
12447,-0.6534689,-0.06956017,-0.1011,-0.7469395,356.5533,13.6785,97.2236
12448,-0.6569904,-0.06735766,-0.09998506,-0.7441974,356.5424,13.41812,96.71589
12449,-0.6672958,-0.0651716,-0.09945482,-0.73524,356.6021,13.2363,95.15257
12450,-0.6666175,-0.06668231,-0.1004527,-0.7355841,356.6245,13.44025,95.23374
12451,-0.6667287,-0.07022431,-0.1002819,-0.7351769,356.9155,13.72842,95.2191
12452,-0.6669562,-0.07081249,-0.1004654,-0.7348891,356.9502,13.7938,95.17974
12453,-0.6678644,-0.06937253,-0.1005436,-0.7341903,356.8487,13.68135,95.03872
12454,-0.6713357,-0.07198933,-0.1015298,-0.7306284,357.0363,13.99513,94.47964
12455,-0.6866578,-0.06748995,-0.1002649,-0.7168635,357.0728,13.5777,92.11724
12456,-0.6884873,-0.06497887,-0.1032647,-0.7149124,356.6649,13.6211,91.75901
12457,-0.6900561,-0.06894499,-0.1046913,-0.7128178,356.8988,14.07147,91.47625
12458,-0.6905056,-0.06990239,-0.1047449,-0.7122811,356.9803,14.15665,91.40362
12459,-0.6903139,-0.07087895,-0.1050649,-0.7123232,357.0294,14.26245,91.42622
12460,-0.6918917,-0.06973121,-0.1067317,-0.7106559,356.8353,14.31072,91.1356
12461,-0.6962095,-0.06958103,-0.1068743,-0.7064196,356.8982,14.32863,90.44415
12462,-0.6981621,-0.0689483,-0.106115,-0.704667,356.946,14.22267,90.15025
12463,-0.712452,-0.06342149,-0.1065281,-0.6906822,356.7447,13.87399,87.82607
12464,-0.713407,-0.06364092,-0.1065511,-0.6896718,356.7802,13.89778,87.66917
12465,-0.7133812,-0.06491262,-0.1070098,-0.6895092,356.8498,14.03766,87.66232
12466,-0.714398,-0.06292894,-0.1077496,-0.6885242,356.6484,13.94679,87.47678
12467,-0.7159736,-0.06694853,-0.1080209,-0.686463,356.9941,14.29623,87.21203
12468,-0.7173728,-0.06249613,-0.1082154,-0.6853904,356.6363,13.96598,86.97571
12469,-0.7179183,-0.05948487,-0.108022,-0.6851177,356.4106,13.71399,86.88977
12470,-0.7195379,-0.0601182,-0.1082506,-0.6833251,356.4783,13.79162,86.61661
12471,-0.72287,-0.05877495,-0.1038466,-0.6806031,356.7678,13.3269,86.17231
12472,-0.72351,-0.05757222,-0.1049712,-0.679853,356.5934,13.33146,86.0381
12473,-0.7251002,-0.05435523,-0.1040873,-0.6785582,356.4206,13.01187,85.79347
12474,-0.7264615,-0.0555785,-0.1042193,-0.676981,356.5396,13.12568,85.56335
12475,-0.7262834,-0.05443925,-0.1045962,-0.6772064,356.4115,13.06813,85.58347
12476,-0.7271879,-0.05363953,-0.1041632,-0.6763657,356.3941,12.97329,85.44238
12477,-0.7268577,-0.05577144,-0.1032237,-0.6766924,356.6391,13.05737,85.5213
12478,-0.7276314,-0.05612847,-0.1024708,-0.6759453,356.7411,13.0244,85.41001
12479,-0.7311296,-0.04845613,-0.1006324,-0.6730338,356.296,12.28769,84.86275
12480,-0.7316672,-0.05158541,-0.1010418,-0.6721554,356.5404,12.56818,84.76398
12481,-0.7311346,-0.05278075,-0.101208,-0.6726168,356.6194,12.67247,84.85032
12482,-0.7314966,-0.05075437,-0.09893265,-0.6727177,356.6259,12.32135,84.84183
12483,-0.7309163,-0.05194148,-0.09705809,-0.6735305,356.8578,12.24955,84.98312
12484,-0.7314727,-0.04890749,-0.09548324,-0.6733786,356.7299,11.88152,84.92368
12485,-0.7326852,-0.04693332,-0.09605613,-0.6721183,356.5403,11.78381,84.7054
12486,-0.7351067,-0.04524717,-0.09646013,-0.6695271,356.4085,11.70096,84.2857
12487,-0.7401592,-0.04376808,-0.09827048,-0.6637709,356.2348,11.77189,83.38287
12488,-0.7462239,-0.04262036,-0.09730795,-0.6571641,356.3141,11.63412,82.36206
12489,-0.749423,-0.04291931,-0.09492773,-0.653844,356.5713,11.46462,81.86272
12490,-0.7467772,-0.04563472,-0.09891891,-0.6560919,356.4659,12.00619,82.23103
12491,-0.7463758,-0.0457263,-0.09927231,-0.6564888,356.4406,12.04202,82.29214
12492,-0.7445639,-0.05062637,-0.1000732,-0.6580632,356.7714,12.47393,82.58908
12493,-0.7404724,-0.05452478,-0.1042012,-0.6617174,356.7234,13.11151,83.19399
12494,-0.7392288,-0.05639586,-0.1055568,-0.6627355,356.7591,13.36668,83.37405
12495,-0.7337572,-0.06090766,-0.109473,-0.6677623,356.7426,14.02755,84.20723
12496,-0.7266936,-0.06639519,-0.1105208,-0.6747543,356.9819,14.51171,85.3707
12497,-0.7234162,-0.07392439,-0.11306,-0.6770685,357.3553,15.30539,85.85367
12498,-0.7220736,-0.0740965,-0.1142634,-0.6782798,357.2488,15.41663,86.04506
12499,-0.7269007,-0.07689339,-0.1187305,-0.6720164,357.2608,16.03792,85.12051
12500,-0.7259981,-0.08093002,-0.1186422,-0.6725334,357.5888,16.34219,85.27512
12501,-0.7249735,-0.08377573,-0.120188,-0.6730156,357.69,16.69425,85.40405
12502,-0.7221832,-0.0878098,-0.1241344,-0.6747828,357.6675,17.34037,85.75756
12503,-0.7220089,-0.09003115,-0.1245228,-0.6746049,357.8222,17.54783,85.77585
12504,-0.721249,-0.09130305,-0.1252832,-0.6751059,357.8535,17.7108,85.8802
12505,-0.7190744,-0.09346971,-0.1255432,-0.6770779,357.9609,17.89761,86.23298
12506,-0.7097906,-0.09393358,-0.126018,-0.6866538,357.7239,17.9469,87.74211
12507,-0.7073565,-0.09974027,-0.1251638,-0.6885004,358.2094,18.33467,88.16314
12508,-0.7038269,-0.1008316,-0.1253579,-0.6919149,358.1927,18.43034,88.72881
12509,-0.7000057,-0.1024041,-0.1258389,-0.695464,358.1854,18.58871,89.33006
12510,-0.6752146,-0.1028983,-0.1196381,-0.7205443,358.083,18.06054,93.41557
12511,-0.6696575,-0.1041392,-0.1171566,-0.7259396,358.2452,17.95389,94.34156
12512,-0.6679665,-0.104569,-0.1162925,-0.7275729,358.3081,17.91804,94.62472
12513,-0.6312841,-0.1082391,-0.1104007,-0.7599846,358.2151,17.70137,100.2924
12514,-0.6286039,-0.1097925,-0.1108399,-0.761917,358.231,17.86652,100.6746
12515,-0.6246661,-0.1088012,-0.1080974,-0.7656825,358.3034,17.56552,101.3207
12516,-0.6064461,-0.110422,-0.1036749,-0.780565,358.4001,17.35228,104.0663
12517,-0.5948848,-0.1139256,-0.09988596,-0.7894024,358.7305,17.38439,105.8034
12518,-0.5736525,-0.1146773,-0.09367456,-0.8056036,358.8907,16.99552,108.9266
12519,-0.5582997,-0.1152105,-0.09188597,-0.8164467,358.774,16.90543,111.0879
12520,-0.5389119,-0.1152816,-0.08533114,-0.830062,359.0026,16.46302,113.869
12521,-0.5283557,-0.115147,-0.0807673,-0.8372922,359.2222,16.15261,115.3834
12522,-0.5220192,-0.1160753,-0.07604218,-0.8415701,359.6102,15.9482,116.3234
12523,-0.5186511,-0.1130637,-0.07275477,-0.8443485,359.6803,15.45035,116.835
12524,-0.5027449,-0.1140032,-0.06593482,-0.854344,0.1127046,15.13494,119.065
12525,-0.4989721,-0.1122975,-0.06528485,-0.856828,0.01093684,14.9271,119.5728
12526,-0.5006709,-0.1138292,-0.06078359,-0.8559656,0.5686457,14.81776,119.4256
12527,-0.5039953,-0.1119252,-0.05646901,-0.8545601,0.9343771,14.37379,119.056
12528,-0.5093842,-0.111795,-0.04924062,-0.8518246,1.719389,13.92979,118.4519
12529,-0.511067,-0.1132156,-0.04806645,-0.8506953,1.945091,13.99834,118.247
12530,-0.5121973,-0.1142488,-0.04716168,-0.8499278,2.11285,14.04498,118.1109
12531,-0.514703,-0.115055,-0.0449975,-0.8484212,2.411983,13.99074,117.809
12532,-0.5173516,-0.1177254,-0.04320139,-0.8465352,2.789564,14.14091,117.4845
12533,-0.5195012,-0.11952,-0.03922689,-0.8451596,3.317884,14.07498,117.2534
12534,-0.5234562,-0.1239049,-0.0381016,-0.842134,3.758106,14.42508,116.747
12535,-0.5271441,-0.1217422,-0.0379893,-0.8401517,3.699169,14.18929,116.249
12536,-0.5306596,-0.1249068,-0.03705408,-0.8375118,4.042681,14.42828,115.7941
12537,-0.5539784,-0.1210375,-0.03433856,-0.8229696,4.449769,13.76754,112.6449
12538,-0.5594738,-0.1242593,-0.03434798,-0.8187606,4.749187,14.04856,111.8945
12539,-0.5643524,-0.1274904,-0.03330469,-0.81495,5.141499,14.26335,111.2386
12540,-0.5718557,-0.1263922,-0.02994552,-0.8100058,5.511414,13.89338,110.2286
12541,-0.5742047,-0.1242728,-0.02906609,-0.8087031,5.491859,13.61874,109.9044
12542,-0.5875534,-0.1232303,-0.02805927,-0.7992547,5.736621,13.36272,108.0314
12543,-0.5939709,-0.121417,-0.02734619,-0.7948012,5.783323,13.09957,107.1216
12544,-0.6011841,-0.1214451,-0.02314997,-0.789489,6.284678,12.76317,106.1261
12545,-0.6297029,-0.1240526,-0.02662814,-0.7664046,6.627664,13.01403,101.9415
12546,-0.6047858,-0.1341018,-0.02734002,-0.7845403,6.852112,14.19589,105.5985
12547,-0.6355371,-0.1247097,-0.02112454,-0.7616389,7.257959,12.62504,101.1184
12548,-0.6357087,-0.1274843,-0.02167124,-0.7610208,7.417658,12.91231,101.094
12549,-0.6794333,-0.1255645,-0.02550709,-0.7224635,7.68747,12.59464,94.3658
12550,-0.6802582,-0.1300029,-0.02489179,-0.7209221,8.104615,12.91717,94.24364
12551,-0.6931794,-0.1316146,-0.03089139,-0.707973,7.974045,13.38088,92.14672
12552,-0.7282388,-0.1211609,-0.03037864,-0.6738439,7.789109,12.09103,86.38274
12553,-0.7262481,-0.1276151,-0.0310711,-0.6747686,8.246307,12.68687,86.70959
12554,-0.7471745,-0.1294938,-0.03957024,-0.6506889,8.164351,13.29607,83.05618
12555,-0.779695,-0.1253077,-0.04267308,-0.6120071,8.23139,12.83897,77.18668
12556,-0.783511,-0.1235702,-0.04655296,-0.6071852,7.880343,13.01085,76.44811
12557,-0.8027016,-0.1216622,-0.04755539,-0.5818997,8.046217,12.71506,72.77666
12558,-0.8414314,-0.1155639,-0.05998081,-0.5244431,7.560046,12.95001,64.72776
12559,-0.8450217,-0.1140936,-0.06339037,-0.5185584,7.300882,13.13838,63.91367
12560,-0.8473907,-0.1128761,-0.0627456,-0.5150253,7.277153,12.96853,63.40882
12561,-0.8609654,-0.1089503,-0.06433252,-0.4926764,7.135406,12.69923,60.35461
12562,-0.8720343,-0.09995043,-0.0665153,-0.4744913,6.384411,12.2498,57.7888
12563,-0.894641,-0.09445107,-0.07494977,-0.4302081,5.99903,12.50703,52.02119
12564,-0.9023955,-0.08645585,-0.07741907,-0.4149872,5.265954,12.26173,49.95887
12565,-0.9072863,-0.07965223,-0.07869714,-0.4053321,4.630975,12.00822,48.63294
12566,-0.9246513,-0.07162738,-0.08468109,-0.364306,4.057698,12.08216,43.43778
12567,-0.9266319,-0.07491466,-0.09342569,-0.3563886,4.142939,13.12836,42.55106
12568,-0.9373033,-0.05914165,-0.09938782,-0.3287659,2.608814,13.02841,38.95533
12569,-0.9513783,-0.05156713,-0.09719962,-0.2877026,2.418057,12.4044,33.91409
12570,-0.9528555,-0.04408597,-0.1045693,-0.281404,1.441868,12.95359,33.07029
12571,-0.9649634,-0.03384475,-0.1093165,-0.2361146,0.7847164,13.11913,27.58906
12572,-0.9670919,-0.02405689,-0.1109467,-0.2276961,359.7712,13.03513,26.47118
12573,-0.9737418,-0.0257875,-0.1142062,-0.1952408,0.3223083,13.44359,22.71357
12574,-0.9755002,-0.01877413,-0.1204279,-0.1831511,359.5712,13.99508,21.21446
12575,-0.9763327,-0.01095914,-0.1231312,-0.1774635,358.722,14.14546,20.44527
12576,-0.9803172,-0.004729584,-0.1279819,-0.1502557,358.3275,14.6228,17.21349
12577,-0.983382,0.005076326,-0.1296182,-0.1270174,357.5406,14.70679,14.40216
12578,-0.9840591,0.008524824,-0.1292192,-0.1218913,357.2327,14.62757,13.7668
12579,-0.9864945,0.01375209,-0.1343291,-0.09271109,357.017,15.23841,10.33869
12580,-0.986922,0.02204918,-0.1350927,-0.08514024,356.1856,15.27671,9.349484
12581,-0.9873983,0.02436452,-0.136715,-0.07589625,356.0511,15.48105,8.253812
12582,-0.9889907,0.03652238,-0.1362862,-0.04460948,355.1585,15.50168,4.505915
12583,-0.9893682,0.04052605,-0.13682,-0.028083,354.9586,15.63435,2.559224
12584,-0.9892094,0.04348117,-0.1395443,-0.01009246,354.9031,16.03902,0.4505265
12585,-0.9884507,0.04979809,-0.1424303,0.01411256,354.5817,16.51379,357.5772
12586,-0.9877369,0.0568108,-0.1395788,0.04081873,354.2128,16.36817,354.4341
12587,-0.9873978,0.05858507,-0.1389368,0.04806313,354.1262,16.34863,353.582
12588,-0.9862598,0.06165665,-0.1441745,0.05199817,353.8792,17.00566,353.0481
12589,-0.9814446,0.07261182,-0.144922,0.1024297,353.5209,17.5336,347.0834
12590,-0.9794214,0.07312624,-0.1442489,0.1207424,353.7764,17.57775,344.981
12591,-0.9742924,0.08045813,-0.143359,0.1540424,353.5341,17.82327,341.0161
12592,-0.9719564,0.08542669,-0.143587,0.1654876,353.1923,18.03376,339.5931
12593,-0.9656726,0.09064667,-0.1399931,0.1991523,353.1477,17.97999,335.609
12594,-0.9621706,0.09371743,-0.1395673,0.2143967,353.0791,18.12111,333.7715
12595,-0.9622072,0.09517255,-0.1404812,0.2129897,352.9169,18.25679,333.8975
12596,-0.950532,0.1063809,-0.140735,0.2556671,352.5146,18.94799,328.6397
12597,-0.9495241,0.1086701,-0.1408366,0.2583793,352.3228,19.05882,328.2645
12598,-0.9485013,0.1122794,-0.1405639,0.2607308,351.9698,19.17289,327.9011
12598,-0.9422915,0.1144791,-0.1392537,0.2821164,352.1157,19.27781,325.3241
12599,-0.9384722,0.1153162,-0.1373792,0.295126,352.2209,19.20481,323.7679
12600,-0.9359252,0.1196836,-0.1353809,0.3023111,351.8262,19.21534,322.8124
12601,-0.9277834,0.1260428,-0.1355533,0.3239702,351.6019,19.68251,320.0435
12602,-0.923398,0.1346748,-0.1318847,0.334373,350.7629,19.7557,318.5764
12603,-0.9243054,0.1351328,-0.1372786,0.3294743,350.8309,20.31965,319.1156
12604,-0.9165404,0.1401409,-0.132412,0.3504016,350.5554,20.21953,316.4677
12605,-0.9232796,0.1404932,-0.1378346,0.329876,350.2998,20.62478,318.9086
12606,-0.9193909,0.1414554,-0.1327888,0.342167,350.2567,20.24055,317.4296
12607,-0.9171058,0.14642,-0.1324551,0.3463148,349.8152,20.47989,316.7806
12608,-0.9148108,0.1479433,-0.1309169,0.3522711,349.7209,20.44866,316.0202
12609,-0.9122601,0.149632,-0.128269,0.3590809,349.5785,20.3172,315.1568
12610,-0.909148,0.1505361,-0.1254327,0.367499,349.5413,20.14762,314.1175
12611,-0.9077986,0.1516363,-0.1244607,0.370699,349.4534,20.13347,313.6973
12612,-0.9055805,0.1533727,-0.1223252,0.3760819,349.2937,20.05248,312.9962
12613,-0.9032612,0.1556684,-0.1216325,0.3809098,349.1314,20.15144,312.3323
12614,-0.900345,0.1564465,-0.1186593,0.3883599,349.0737,19.96049,311.4061
12615,-0.9003581,0.1589468,-0.1181465,0.3874697,348.7751,20.02767,311.4425
12616,-0.9011742,0.1600273,-0.1192626,0.3847764,348.6591,20.17175,311.7341
12617,-0.888945,0.1651737,-0.1176029,0.4106873,348.6346,20.58829,308.3359
12618,-0.8874178,0.1680522,-0.1144166,0.4137115,348.2528,20.45305,307.8839
12619,-0.8854187,0.1688541,-0.1124518,0.4181827,348.1727,20.34915,307.3073
12620,-0.8832071,0.1709321,-0.1155323,0.4211648,348.1927,20.82916,306.8333
12621,-0.8795199,0.1705353,-0.1135027,0.4295111,348.3182,20.69975,305.8025
12622,-0.8661867,0.1716995,-0.1035815,0.4577236,348.3095,20.10577,302.2134
12623,-0.8609923,0.1741282,-0.100428,0.4672109,348.1117,20.05986,300.9178
12624,-0.8569704,0.1764525,-0.09965298,0.473852,347.9955,20.21729,299.9724
12625,-0.8548626,0.1823293,-0.09843484,0.4756855,347.4034,20.49884,299.5262
12626,-0.8399674,0.1846281,-0.09687883,0.500981,347.6963,20.84954,296.1017
12627,-0.8367428,0.1848155,-0.09606054,0.506436,347.7611,20.85734,295.3705
12628,-0.8219101,0.1890073,-0.09043583,0.5296807,347.5909,20.93035,292.0996
12629,-0.8201118,0.1919231,-0.09012693,0.5314692,347.3499,21.13605,291.7405
12630,-0.817446,0.1950407,-0.09037656,0.5343906,347.1571,21.42922,291.2122
12631,-0.8167989,0.2015201,-0.09091502,0.5328825,346.567,21.93225,291.1444
12632,-0.815046,0.1995423,-0.08988991,0.5364728,346.7721,21.74374,290.7418
12633,-0.7993903,0.2023384,-0.08771995,0.5588735,346.9709,22.09171,287.5293
12634,-0.7959272,0.2022466,-0.08388832,0.5644106,346.8647,21.81184,286.7757
12635,-0.7885498,0.2041687,-0.08403647,0.5739706,346.9662,22.12386,285.3409
12636,-0.7564489,0.2031614,-0.06902853,0.6178558,347.1698,21.38203,279.0851
12637,-0.7571189,0.2037023,-0.06829599,0.6169375,347.045,21.3476,279.1985
12638,-0.7517406,0.2040407,-0.06671792,0.62354,347.0813,21.34465,278.2066
12639,-0.7534001,0.2057067,-0.07025474,0.6205944,347.1288,21.74583,278.5594
12640,-0.7533363,0.2076979,-0.07026005,0.6200079,346.9495,21.90339,278.5543
12641,-0.7518253,0.2086639,-0.07215768,0.6212983,347.0504,22.17166,278.3125
12642,-0.7440047,0.2079251,-0.07171121,0.6309373,347.3553,22.22572,276.9088
12643,-0.7460203,0.2101148,-0.07244232,0.6277401,347.1411,22.4234,277.2828
12644,-0.7454413,0.212292,-0.07598621,0.6272762,347.222,22.90835,277.2405
12645,-0.7214766,0.2103609,-0.07183674,0.6557893,347.9174,22.8401,273.0118
12645,-0.7221835,0.2103347,-0.0704836,0.6551661,347.793,22.71472,273.1104
12646,-0.7222433,0.2096698,-0.07045266,0.6553166,347.8467,22.65623,273.1194
12647,-0.7256922,0.2115294,-0.07288384,0.6506261,347.7504,22.94907,273.7481
12648,-0.7281243,0.2139297,-0.07609266,0.6467451,347.6953,23.36812,274.2208
12649,-0.7283387,0.2137733,-0.07788321,0.646342,347.8354,23.49977,274.2877
12650,-0.7226681,0.211914,-0.07511297,0.6536066,347.9891,23.21672,273.2694
12651,-0.7298348,0.2111331,-0.07781607,0.6455299,348.0113,23.25237,274.54
12652,-0.7323673,0.2117284,-0.08106703,0.6420573,348.1104,23.5275,275.0341
12653,-0.7191441,0.2122249,-0.07827038,0.6570132,348.3232,23.56046,272.7268
12654,-0.7195375,0.2127431,-0.07945442,0.6562723,348.3539,23.69378,272.8146
12655,-0.7201711,0.2112379,-0.07973254,0.6560297,348.484,23.58144,272.9254
12656,-0.7108259,0.2068688,-0.0743376,0.6681362,348.7693,22.92807,271.2618
12657,-0.7066221,0.2078214,-0.07534784,0.6721743,348.9066,23.15479,270.5829
12658,-0.7052734,0.2099243,-0.07439432,0.673043,348.6988,23.27689,270.3441
12659,-0.7022419,0.2057289,-0.07433805,0.6774999,349.1514,22.96332,269.8448
12660,-0.6982284,0.2076916,-0.07320869,0.6811623,349.0298,23.10053,269.1692
12661,-0.6998709,0.2064857,-0.07646248,0.6794835,349.3321,23.23183,269.4946
12662,-0.7237933,0.2069723,-0.08742732,0.6524128,349.3078,23.80525,273.6783
12663,-0.7272818,0.2082782,-0.08578199,0.6483232,348.9465,23.72215,274.2419
12664,-0.7280294,0.207465,-0.08597505,0.6477189,349.006,23.65996,274.3723
12665,-0.7062747,0.2058064,-0.08278784,0.6722842,349.6653,23.58784,270.6614
12666,-0.7046106,0.2069049,-0.08242226,0.6737366,349.6004,23.67488,270.3809
12667,-0.7016507,0.2054508,-0.08250633,0.6772511,349.8309,23.60031,269.8977
12668,-0.6967831,0.2042402,-0.08107376,0.6827931,349.9848,23.4503,269.0783
12669,-0.6934972,0.2056969,-0.08073896,0.6857346,349.9464,23.59299,268.5401
12670,-0.6912147,0.2038119,-0.08161792,0.6884922,350.2489,23.53097,268.1904
12671,-0.6895697,0.2029871,-0.08221793,0.6903118,350.4194,23.52859,267.9387
12672,-0.6858723,0.2017755,-0.08192065,0.6943738,350.6179,23.44772,267.343
12673,-0.6855843,0.2020369,-0.08168435,0.6946101,350.587,23.45547,267.2923
12674,-0.686204,0.2007505,-0.08317402,0.6941942,350.7911,23.45308,267.4213
12675,-0.686836,0.2017936,-0.08311477,0.6932732,350.6796,23.53063,267.5201
12676,-0.6864252,0.2005671,-0.08431599,0.6938906,350.8896,23.52389,267.4795
12677,-0.6865654,0.1998955,-0.08377507,0.6940113,350.8975,23.42194,267.4913
12678,-0.6864509,0.1951695,-0.08124983,0.6957676,351.0898,22.8185,267.426
12679,-0.6861902,0.1942889,-0.08135906,0.6962584,351.1792,22.75432,267.3872
12680,-0.6861777,0.1933694,-0.08050489,0.6966258,351.1871,22.60849,267.3692
12681,-0.6859689,0.1916421,-0.08130458,0.6972158,351.3993,22.52487,267.3524
12682,-0.6867085,0.1899301,-0.07923031,0.6971948,351.3513,22.20679,267.4313
12683,-0.6865194,0.1888874,-0.07944056,0.6976403,351.4595,22.13587,267.4058
12684,-0.6866653,0.1892126,-0.08067676,0.6972667,351.5269,22.25897,267.4524
12685,-0.6858792,0.1854529,-0.08103523,0.6990067,351.888,21.97303,267.3364
12686,-0.6872735,0.1885012,-0.07971874,0.6969702,351.4901,22.11591,267.5313
12687,-0.6857761,0.1869684,-0.08154541,0.6986446,351.8078,22.14422,267.3291
12688,-0.6860172,0.1853296,-0.08238384,0.6987464,352.0015,22.06665,267.3846
12689,-0.6854131,0.1852182,-0.08276242,0.6993237,352.0594,22.09318,267.2963
12690,-0.675305,0.1854822,-0.08143279,0.7091744,352.2406,22.11766,265.6784
12691,-0.6752537,0.1840213,-0.08206972,0.7095305,352.4113,22.04036,265.6842
12692,-0.6756442,0.1820869,-0.08172163,0.7096978,352.5271,21.84165,265.7399
12693,-0.6758433,0.1820073,-0.08236805,0.7094538,352.5799,21.88275,265.7839
12694,-0.6763302,0.1811752,-0.08317882,0.7091083,352.6978,21.8686,265.8768
12695,-0.6764889,0.1802496,-0.08428854,0.7090616,352.8572,21.87283,265.9247
12696,-0.6766992,0.1805032,-0.08391777,0.7088405,352.8005,21.86408,265.9499
12697,-0.6765476,0.1803378,-0.08382386,0.7090383,352.8109,21.84393,265.9244
12697,-0.6768686,0.178974,-0.08469048,0.7089745,352.9811,21.79005,265.9931
12698,-0.676651,0.1765157,-0.08597171,0.709644,353.2891,21.67882,265.9869
12699,-0.6768942,0.1736181,-0.08485889,0.7102607,353.4253,21.34005,266.0041
12700,-0.6772165,0.1695292,-0.0841946,0.7110198,353.6912,20.93304,266.0437
12701,-0.6776459,0.1702104,-0.08343351,0.7105375,353.5625,20.92899,266.0952
12702,-0.6770649,0.1678288,-0.08301407,0.7117059,353.7366,20.69608,265.9975
12703,-0.6774331,0.1669773,-0.08344507,0.7115054,353.8294,20.65321,266.0641
12704,-0.6767873,0.1693553,-0.08356342,0.7115441,353.6664,20.87262,265.9641
12704,-0.6769581,0.1669889,-0.08523467,0.7117426,353.9867,20.79715,266.0258
12705,-0.6786169,0.1673873,-0.08787343,0.7097457,354.1198,21.0239,266.3391
12706,-0.6785325,0.1676985,-0.08830836,0.7096991,354.1322,21.08521,266.3348
12707,-0.673089,0.165814,-0.08876666,0.7152464,354.4776,20.99919,265.4972
12708,-0.6729742,0.1660955,-0.09358561,0.7146747,354.8485,21.39795,265.5835
12709,-0.6726952,0.1669581,-0.09488752,0.7145647,354.8929,21.57539,265.5688
12710,-0.6646476,0.1665812,-0.09677848,0.7218922,355.3132,21.73985,264.3712
12711,-0.6631165,0.1694165,-0.1043229,0.7215896,355.7488,22.57616,264.315
12712,-0.6661831,0.1705627,-0.1035082,0.718606,355.4983,22.596,264.7643
12713,-0.6651908,0.1689861,-0.1062106,0.7195028,355.8724,22.67307,264.6798
12714,-0.6657928,0.169431,-0.1071062,0.7187082,355.8909,22.77785,264.7944
12715,-0.6674939,0.168903,-0.1127463,0.7163882,356.3338,23.16124,265.2015
12716,-0.6418468,0.1741073,-0.1153698,0.7378409,356.9475,23.92885,261.3929
12717,-0.6444138,0.1749843,-0.1135178,0.7356801,356.6463,23.85744,261.7243
12718,-0.6455052,0.1736068,-0.1151258,0.7347993,356.8506,23.85175,261.9319
12719,-0.6440145,0.1731174,-0.1176361,0.7358245,357.142,24.00351,261.779
12720,-0.6439607,0.1730202,-0.1185604,0.735746,357.2272,24.06493,261.7969
12721,-0.6572781,0.1710047,-0.1224159,0.723711,357.2712,24.13588,263.9083
12722,-0.6642964,0.171681,-0.1230908,0.716997,357.0432,24.222,264.9955
12723,-0.6675602,0.1686234,-0.1250391,0.7143493,357.3354,24.09782,265.5528
12724,-0.6771225,0.167071,-0.1285516,0.70503,357.4214,24.21021,267.1334
12725,-0.6730635,0.1642318,-0.1260133,0.710024,357.5853,23.77869,266.43
12726,-0.6785443,0.1638703,-0.1269387,0.7047062,357.5081,23.80403,267.3076
12727,-0.6714391,0.1610533,-0.129349,0.7116884,358.1569,23.77512,266.2783
12728,-0.6738633,0.1623616,-0.1273037,0.7094653,357.8117,23.71851,266.5919
12729,-0.6784226,0.159207,-0.1283983,0.7056274,358.0048,23.52443,267.3324
12730,-0.6824833,0.1580326,-0.1292671,0.7018065,358.0362,23.48418,267.9923
12731,-0.685269,0.1572945,-0.1275876,0.6995616,357.8757,23.27905,268.3797
12732,-0.6861296,0.1542159,-0.1231104,0.7002055,357.7523,22.65623,268.3862
12733,-0.6863843,0.1503847,-0.1239951,0.7006329,358.1265,22.40488,268.4518
12734,-0.6852815,0.1482185,-0.118057,0.7031949,357.8734,21.74724,268.1131
12735,-0.6843129,0.1463611,-0.1176415,0.7045954,358.0209,21.5601,267.9499
12736,-0.6820481,0.1445569,-0.1172442,0.7072253,358.2033,21.38175,267.5843
12737,-0.6805197,0.1385038,-0.1141332,0.7104107,358.4903,20.62507,267.2631
12738,-0.6808096,0.1378709,-0.1125486,0.7105088,358.4073,20.44452,267.2671
12739,-0.6810752,0.1380463,-0.1121212,0.7102879,358.3518,20.42466,267.2975
12740,-0.6797078,0.1320848,-0.1085516,0.7132794,358.5845,19.6392,266.9938
12741,-0.6801349,0.1315269,-0.1063342,0.7133095,358.4406,19.41482,267.0056
12742,-0.6793345,0.1291845,-0.1056815,0.714596,358.5973,19.16648,266.865
12743,-0.6792506,0.1274962,-0.1057709,0.7149658,358.7418,19.03097,266.8542
12744,-0.6789967,0.1279481,-0.1015823,0.7157332,358.3759,18.73735,266.7144
12745,-0.6785544,0.125881,-0.1039699,0.716176,358.7444,18.75255,266.7024
12746,-0.6779861,0.1249748,-0.10468,0.7167693,358.8884,18.73307,266.6311
12747,-0.6771795,0.1226497,-0.103094,0.718162,358.9666,18.41168,266.4678
12748,-0.6768595,0.1208279,-0.1046982,0.7185403,359.249,18.38487,266.4566
12749,-0.6771733,0.1216879,-0.1041149,0.7181844,359.1256,18.41112,266.4913
12750,-0.6770214,0.1212091,-0.1048533,0.718301,359.2271,18.42927,266.4855
12751,-0.6790649,0.122842,-0.1081851,0.7155956,359.3123,18.83009,266.8851
12752,-0.6786746,0.1221591,-0.1079654,0.7161157,359.3593,18.75528,266.8189
12753,-0.6790616,0.1210022,-0.108906,0.7158027,359.5172,18.73228,266.9027
12754,-0.6786829,0.1234713,-0.1096222,0.7156308,359.3871,18.99803,266.8616
12755,-0.6791497,0.1230075,-0.113999,0.7145832,359.7618,19.30798,267.0468
12756,-0.6806309,0.1228691,-0.1173332,0.7126554,-0.001185892,19.56328,267.3664
12757,-0.6845586,0.1212339,-0.1152755,0.7095023,359.8621,19.26015,267.9265
12758,-0.6803126,0.1217256,-0.1184034,0.7129784,0.1842199,19.55307,267.3456
12759,-0.6796541,0.1210606,-0.1215029,0.7131982,0.5014951,19.74613,267.3281
12760,-0.6802825,0.1229165,-0.1209581,0.7123737,0.292137,19.85865,267.4111
12761,-0.6812468,0.1210133,-0.1216229,0.7116647,0.4715249,19.75285,267.5801
12762,-0.681275,0.1193196,-0.1235125,0.7115983,0.7565423,19.76339,267.6375
12763,-0.6815361,0.1199559,-0.1259038,0.7108217,0.8870781,20.01044,267.7466
12764,-0.6820058,0.1178957,-0.1279777,0.7103454,1.203627,20.00681,267.8802
12765,-0.6868341,0.1177275,-0.1294024,0.7054461,1.194951,20.11659,268.6802
12766,-0.688448,0.117145,-0.1302353,0.7038148,1.262137,20.13912,268.9594
12767,-0.7015567,0.1150214,-0.1353358,0.690125,1.45599,20.41163,271.2034
12768,-0.7028636,0.1151122,-0.1366655,0.6885163,1.511436,20.53318,271.4554
12769,-0.7069572,0.1149892,-0.1395747,0.6837456,1.620671,20.77722,272.2096
12770,-0.7101169,0.1140813,-0.1416587,0.6801856,1.758471,20.88843,272.7908
12771,-0.7133214,0.1135099,-0.1439998,0.6764262,1.883784,21.05061,273.3915
12772,-0.7161738,0.1128616,-0.1444768,0.6734123,1.886965,21.04742,273.8758
12773,-0.7154627,0.1118572,-0.1428415,0.6746835,1.873119,20.82542,273.7048
12774,-0.7165353,0.1111319,-0.1427691,0.6736794,1.896914,20.76446,273.879
12775,-0.7165095,0.1099463,-0.1426941,0.6739174,1.99275,20.66394,273.8724
12776,-0.7147962,0.1092343,-0.1415927,0.6760813,2.02272,20.50814,273.5548
12777,-0.7149754,0.1092272,-0.1412838,0.6759577,1.995107,20.48161,273.5741
12778,-0.7166648,0.1077193,-0.1424363,0.6741663,2.15794,20.46576,273.89
12779,-0.7175364,0.1076698,-0.1426011,0.6732116,2.148376,20.47862,274.0391
12780,-0.7176393,0.1053961,-0.143788,0.6732091,2.425821,20.40143,274.0959
12781,-0.7180409,0.1054612,-0.1427319,0.6729956,2.330572,20.31687,274.1271
12782,-0.7146266,0.1053604,-0.1419744,0.676795,2.38353,20.23256,273.5402
12783,-0.704335,0.107204,-0.1408368,0.687448,2.442738,20.24905,271.8266
12784,-0.7030205,0.1056766,-0.1417036,0.6888505,2.673221,20.19446,271.6427
12785,-0.7022308,0.1039151,-0.1418489,0.6898932,2.85316,20.06141,271.5203
12786,-0.7036279,0.1065406,-0.1418492,0.6880666,2.594872,20.27873,271.7454
12787,-0.708518,0.1049877,-0.1450106,0.6826067,2.820033,20.44076,272.6427
12788,-0.7063959,0.1055699,-0.1447174,0.684775,2.811453,20.45425,272.2881
12789,-0.6983975,0.1047735,-0.1446267,0.6930705,3.1027,20.35003,270.9957
12790,-0.6957821,0.107507,-0.1483049,0.6945037,3.232838,20.87134,270.7009
12791,-0.6946589,0.104898,-0.1487772,0.6959246,3.516656,20.69335,270.5379
12792,-0.6948202,0.1054338,-0.1479463,0.6958597,3.404494,20.66781,270.5353
12793,-0.6948248,0.1051094,-0.1483281,0.6958228,3.460185,20.67353,270.5491
12794,-0.7009522,0.1025211,-0.1500457,0.6896679,3.625727,20.63824,271.5902
12795,-0.7024684,0.1000675,-0.1511869,0.6882349,3.871313,20.54535,271.8747
12796,-0.7120113,0.09374928,-0.1470136,0.6801751,3.812347,19.73253,273.2833
12797,-0.7145025,0.09418505,-0.1483056,0.6772155,3.800281,19.89178,273.736
12798,-0.714153,0.09233418,-0.1485467,0.6777861,3.984365,19.76438,273.6876
12799,-0.7060835,0.09170741,-0.1441487,0.6872095,3.934416,19.29215,272.2212
12800,-0.71603,0.08529624,-0.142682,0.6779879,4.09004,18.71167,273.8005
12801,-0.7162613,0.08560395,-0.1446051,0.6772971,4.200773,18.90373,273.9028
12802,-0.7162824,0.08536014,-0.1454294,0.6771289,4.281975,18.95609,273.9343
12803,-0.7163483,0.08447269,-0.1463997,0.6769615,4.427075,18.97077,273.9785
12804,-0.7162402,0.08455437,-0.1461,0.6771305,4.400916,18.95052,273.9504
12805,-0.7276336,0.07073647,-0.1400326,0.6677849,4.823289,17.41666,275.651
12806,-0.73321,0.06757548,-0.1383615,0.662339,4.829471,17.06483,276.5394
12807,-0.7436219,0.06219605,-0.1350703,0.6518545,4.795045,16.43684,278.2177
12808,-0.7584845,0.05710515,-0.1384756,0.6342436,5.107676,16.47676,280.9354
12808,-0.7728477,0.05629131,-0.1416558,0.6160127,5.020623,16.8232,283.6284
12809,-0.7808822,0.05628547,-0.1442679,0.6051792,4.974432,17.1304,285.1987
12810,-0.7830471,0.04849318,-0.1378034,0.6045626,5.202538,15.99674,285.3906
12811,-0.8055253,0.04140007,-0.1389024,0.5745618,5.331522,15.81497,289.7423
12812,-0.8114395,0.04073599,-0.1380708,0.5664301,5.181172,15.74336,290.8824
12813,-0.8220639,0.03902474,-0.1416965,0.5501003,5.263303,16.08543,293.1657
12814,-0.8458422,0.0303386,-0.1392967,0.5140301,5.271887,15.54347,298.1447
12815,-0.8527489,0.03009865,-0.1400962,0.5022814,5.12922,15.67926,299.7093
12816,-0.8625245,0.02661973,-0.1389444,0.4858367,5.111159,15.46275,301.9116
12817,-0.8684918,0.02433898,-0.13705,0.4757594,5.055993,15.20259,303.2473
12818,-0.8702933,0.02282713,-0.1365741,0.4726694,5.127719,15.09025,303.6655
12819,-0.8786802,0.02365683,-0.1408678,0.4555414,4.977737,15.67186,305.8776
12820,-0.8928361,0.01841351,-0.1379478,0.42834,4.893082,15.25187,309.3966
12821,-0.8995149,0.01402716,-0.1374364,0.4144725,5.088358,15.06437,311.1953
12822,-0.904893,0.01364973,-0.13531,0.4033279,4.844141,14.88087,312.5861
12823,-0.9077762,0.01140063,-0.1355219,0.396795,4.98244,14.83653,313.4282
12824,-0.9098494,0.01104562,-0.1318529,0.3932774,4.796087,14.44757,313.856
12825,-0.913246,0.004561126,-0.1310154,0.3857408,5.321548,14.11497,314.8624
12826,-0.9111403,0.005525306,-0.1313725,0.3905562,5.310213,14.16789,314.256
12827,-0.9183849,-0.001543224,-0.1288714,0.3741108,5.696498,13.69312,316.3568
12828,-0.9200259,-0.002002627,-0.1277834,0.3704319,5.644454,13.57881,316.8099
12829,-0.9228805,-0.003434569,-0.1278319,0.3632341,5.693405,13.5686,317.7099
12830,-0.9247839,-0.004299849,-0.1232763,0.3599434,5.549049,13.06001,318.1018
12831,-0.9267132,-0.01117586,-0.1228554,0.3549429,6.195827,12.77136,318.7791
12832,-0.9271904,-0.01265414,-0.117264,0.3555379,6.133714,12.10209,318.6915
12833,-0.9277449,-0.01564905,-0.1188353,0.3534446,6.490589,12.16845,318.9817
12834,-0.9290379,-0.01808777,-0.1176467,0.3503155,6.663345,11.96557,319.3788
12835,-0.933638,-0.02042697,-0.1209641,0.3365573,6.867026,12.33671,321.0967
12836,-0.9366313,-0.02054052,-0.1205088,0.3282952,6.753765,12.34168,322.0993
12837,-0.9390897,-0.02271986,-0.1207477,0.3209588,6.90261,12.34226,323.0088
12838,-0.9394743,-0.02439557,-0.1194266,0.3202034,7.025995,12.14304,323.1067
12839,-0.9458857,-0.02625819,-0.1218228,0.2996166,7.046495,12.49534,325.6204
12840,-0.9474545,-0.0243202,-0.1212572,0.2950176,6.755375,12.52864,326.1514
12841,-0.9492518,-0.02658116,-0.1213377,0.2889495,6.925884,12.50819,326.8997
12842,-0.950188,-0.02322958,-0.1252367,0.2844627,6.626423,13.0789,327.4276
12843,-0.9519652,-0.02410456,-0.1240337,0.2789212,6.608507,12.95552,328.0905
12844,-0.954183,-0.02196058,-0.1277378,0.2696957,6.361982,13.4951,329.188
12845,-0.9566711,-0.02237219,-0.1262004,0.2614451,6.245834,13.3641,330.1626
12846,-0.9579706,-0.02125447,-0.1294492,0.2551152,6.129224,13.80015,330.918
12847,-0.9600664,-0.01908421,-0.1291168,0.2474619,5.77068,13.8683,331.7951
12848,-0.9606687,-0.01815751,-0.1308474,0.2442646,5.670619,14.10645,332.1701
12849,-0.9609282,-0.01630712,-0.132031,0.2427326,5.476435,14.29741,332.3344
12850,-0.9619505,-0.0171325,-0.1326397,0.2382531,5.518369,14.36937,332.8744
12851,-0.963098,-0.01757124,-0.1340012,0.2327597,5.521877,14.5425,333.5319
12852,-0.9642769,-0.01868009,-0.1315531,0.2291619,5.527265,14.25812,333.955
12853,-0.966266,-0.01975983,-0.1301646,0.2213527,5.498002,14.11811,334.8759
12854,-0.9673986,-0.02295564,-0.1319959,0.2149188,5.805472,14.28727,335.6772
12854,-0.9676604,-0.02129788,-0.1303289,0.2149286,5.580319,14.13637,335.6469
12855,-0.97096,-0.02444947,-0.1303527,0.1991156,5.704011,14.15873,337.5309
12856,-0.9717855,-0.02598449,-0.1317367,0.1939159,5.830988,14.31432,338.163
12857,-0.9717338,-0.0283946,-0.1322217,0.1935066,6.105269,14.32268,338.2432
12858,-0.9725031,-0.02940666,-0.1334242,0.1886034,6.17264,14.46964,338.8334
12859,-0.9732091,-0.0335777,-0.1329962,0.184523,6.571207,14.36537,339.357
12860,-0.9732804,-0.03311684,-0.1328053,0.1843674,6.513302,14.35341,339.3682
12861,-0.9731096,-0.0346593,-0.1326224,0.1851159,6.693359,14.2979,339.299
12863,-0.9722726,-0.03387783,-0.1289024,0.1921528,6.627555,13.84144,338.4464
12864,-0.9723083,-0.03267735,-0.1275926,0.1930524,6.477267,13.71041,338.3194
12865,-0.9720802,-0.03405654,-0.1267998,0.1944791,6.634265,13.58249,338.1639
12866,-0.9729201,-0.03212266,-0.1273881,0.1901766,6.370543,13.7168,338.6467
12867,-0.9731321,-0.03544449,-0.1301876,0.1865716,6.751472,13.9946,339.1232
12868,-0.9729692,-0.03600942,-0.1290912,0.188069,6.812938,13.84812,338.9483
12869,-0.9706067,-0.03052752,-0.1299089,0.2002863,6.390166,13.97229,337.465
12870,-0.9715157,-0.02693908,-0.1309722,0.1956478,5.94607,14.19729,337.9688
12871,-0.9715524,-0.02460609,-0.1302312,0.1962663,5.677685,14.15784,337.864
12872,-0.9706981,-0.02443743,-0.1290834,0.2012102,5.70396,14.0026,337.2798
12873,-0.9709119,-0.01867479,-0.1314104,0.1992807,5.085273,14.40129,337.445
12874,-0.9712658,-0.01071651,-0.136906,0.1943831,4.246155,15.21836,337.9329
12875,-0.9699429,-0.0008296743,-0.138242,0.2002481,3.266188,15.56177,337.1164
12876,-0.9701666,-0.0003727302,-0.1399192,0.1979886,3.217588,15.76965,337.377
12877,-0.970506,0.001413986,-0.139908,0.1963218,2.991594,15.81247,337.5437
12878,-0.9715717,0.009530634,-0.1385356,0.1917434,1.983243,15.84364,337.9478
12879,-0.9717758,0.01290751,-0.1393976,0.1898783,1.595935,16.01774,338.1128
12880,-0.9720072,0.02052631,-0.140341,0.1873107,0.7260305,16.29225,338.289
12881,-0.971344,0.02753131,-0.1418617,0.1887017,0.003114139,16.61764,338.0128
12882,-0.9707208,0.03239249,-0.141296,0.1915399,359.498,16.66275,337.6024
12883,-0.9711474,0.03366091,-0.1422399,0.1884347,359.3254,16.79675,337.9388
12884,-0.9713567,0.03649459,-0.1422156,0.1868402,358.9826,16.85599,338.0735
12885,-0.9707386,0.04095776,-0.1417426,0.1894681,358.5212,16.90629,337.692
12886,-0.9703174,0.04486251,-0.1416034,0.1908411,358.1081,16.98269,337.4638
12887,-0.9701578,0.04613493,-0.1403684,0.1922559,357.9631,16.87483,337.2797
12888,-0.966252,0.05066765,-0.1364065,0.2125639,357.7119,16.58119,334.853
12889,-0.9658805,0.0504302,-0.13702,0.2139095,357.7764,16.64737,334.6996
12890,-0.9594926,0.05133251,-0.1326215,0.243209,358.0518,16.23808,331.2749
12891,-0.9598505,0.05093645,-0.1333619,0.2414688,358.0873,16.30619,331.4843
12892,-0.9609583,0.04762764,-0.1307207,0.2391715,358.3378,15.91029,331.8151
12890,-0.9607491,0.05040552,-0.1330912,0.238133,358.0821,16.2541,331.8843
12891,-0.9610245,0.0494102,-0.1337305,0.2368692,358.1883,16.29507,332.0485
12892,-0.9616895,0.04771958,-0.1320145,0.2354751,358.3032,16.05194,332.2437
12893,-0.9623057,0.04415609,-0.1280073,0.2358653,358.5905,15.50217,332.2643
12894,-0.9621028,0.04257929,-0.1281671,0.2368938,358.7848,15.47711,332.1699
12895,-0.9620217,0.04338328,-0.128132,0.2370963,358.6986,15.49607,332.1329
12896,-0.9622774,0.04191714,-0.126513,0.2371918,358.8164,15.27322,332.1477
12897,-0.9668831,0.04168037,-0.1245332,0.218841,358.5047,15.01957,334.2964
12898,-0.9718032,0.04034012,-0.1264164,0.1949113,358.331,15.16146,337.0956
12899,-0.9743523,0.03703067,-0.1280414,0.181306,358.5255,15.24991,338.7207
12900,-0.9770812,0.04050684,-0.1269234,0.1660185,357.8788,15.16847,340.4312
12901,-0.9790093,0.04248972,-0.1315729,0.1497477,357.4902,15.7004,342.261
12902,-0.9839625,0.04380244,-0.134702,0.1084185,356.7328,15.96371,346.9662
12903,-0.9884392,0.04111616,-0.1334307,0.05910803,356.244,15.61756,352.6404
12904,-0.9886485,0.03939506,-0.1356285,0.05125495,356.331,15.82948,353.5542
12905,-0.9895386,0.04310985,-0.1362143,0.02002041,355.4193,15.79367,357.0462
12906,-0.9895111,0.03959464,-0.1366559,-0.02500873,355.1128,15.6312,2.224336
12907,-0.9893711,0.04262568,-0.1358205,-0.02967927,354.6979,15.50768,2.714047
12908,-0.9870793,0.03545071,-0.1388927,-0.07159989,354.8436,15.67696,7.587272
12909,-0.9862621,0.03684583,-0.1386559,-0.08187923,354.5265,15.58653,8.741916
12910,-0.9835098,0.03314614,-0.1391896,-0.1106173,354.4915,15.52696,12.08285
12911,-0.9824476,0.03543779,-0.1410644,-0.1167979,354.112,15.68359,12.7479
12912,-0.9809965,0.03680402,-0.1423205,-0.1266343,353.7853,15.75391,13.85033
12913,-0.9815481,0.03846514,-0.1413194,-0.1229344,353.6699,15.64105,13.40742
12914,-0.9819026,0.04456908,-0.1384483,-0.1212981,353.0437,15.24869,13.15226
12915,-0.9846071,0.04912904,-0.140013,-0.09236734,352.9572,15.58495,9.753627
12916,-0.9844127,0.05153734,-0.1393081,-0.09417575,352.6629,15.47098,9.93138
12917,-0.986304,0.06162712,-0.1392238,-0.06343096,351.9968,15.63095,6.259192
12918,-0.9876406,0.07216644,-0.1358657,-0.0299762,351.3328,15.49157,2.295825
12919,-0.9870142,0.08272165,-0.1372478,-0.01110958,350.4247,15.83661,359.9549
12920,-0.9871117,0.0814356,-0.1372855,-0.01147007,350.5654,15.83422,0.016531
12921,-0.9862533,0.09189101,-0.1359517,0.01943585,349.8648,16.02431,356.3118
12922,-0.9843768,0.102665,-0.1378121,0.03833991,348.9565,16.52646,353.9304
12923,-0.9836161,0.1124016,-0.1340947,0.04340299,347.9081,16.24586,353.2147
12924,-0.9827865,0.116729,-0.1364065,0.04357366,347.4347,16.56593,353.0862
12925,-0.9811167,0.1266713,-0.135682,0.05435882,346.4786,16.73787,351.6593
12926,-0.9798218,0.1301074,-0.1346075,0.07001547,346.3427,16.87037,349.7907
12927,-0.9793301,0.13714,-0.1329888,0.06647905,345.4675,16.73381,350.0845
12928,-0.9792677,0.1432931,-0.1357072,0.04566764,344.4398,16.82712,352.3445
12929,-0.9790465,0.1489177,-0.1338872,0.03695928,343.6384,16.54096,353.282
12930,-0.9784495,0.1535479,-0.1330487,0.03684954,343.1018,16.49543,353.2194
12931,-0.9787882,0.1526372,-0.1318141,0.03606516,343.1845,16.32372,353.3508
12932,-0.9786356,0.1551348,-0.1336384,0.01861611,342.6226,16.26785,355.318
12933,-0.9781362,0.1573687,-0.1356159,0.009653173,342.2275,16.36694,356.2931
12934,-0.9774796,0.159018,-0.1381956,-0.01221722,341.6844,16.2895,358.7888
12935,-0.9769242,0.1606694,-0.1395903,-0.01785929,341.403,16.36222,359.3978
12936,-0.9768114,0.1615587,-0.1380213,-0.0262389,341.1635,16.01814,0.4034162
12937,-0.9758615,0.1648977,-0.1388909,-0.0348193,340.6397,15.9711,1.345415
12938,-0.9750837,0.1683917,-0.1396609,-0.03675488,340.2048,16.04016,1.500763
12939,-0.9743521,0.17239,-0.140548,-0.0341491,339.7855,16.21944,1.104481
12940,-0.9738446,0.1797788,-0.1359835,-0.02854314,339.0277,15.82219,0.4110764
12941,-0.9726969,0.184809,-0.1381158,-0.0251095,338.5024,16.18885,359.8644
12942,-0.9733031,0.183933,-0.1365169,-0.01459183,338.7751,16.21988,358.659
12943,-0.972288,0.1928529,-0.1320885,0.004072726,338.0411,16.17916,356.3609
12944,-0.9711472,0.197347,-0.1338929,-0.0002322942,337.4575,16.34817,356.7479
12945,-0.9693563,0.2066387,-0.1297036,0.02874023,336.8489,16.64249,353.1715
12946,-0.9667581,0.2136812,-0.1314453,0.04941019,336.4114,17.47955,350.4713
12947,-0.9659091,0.2168669,-0.1286103,0.0587199,336.1813,17.42295,349.3404
12948,-0.9629319,0.2260083,-0.1218799,0.08263025,335.4732,17.40112,346.3804
12949,-0.9611472,0.2316689,-0.1211479,0.08859385,334.9208,17.60447,345.5222
12950,-0.9594829,0.2368177,-0.1224425,0.09120253,334.3984,17.96539,345.0264
12951,-0.9521531,0.2474845,-0.1143333,0.1381444,333.9154,18.57515,339.1507
12952,-0.9506367,0.2486724,-0.1162958,0.1446631,333.9506,19.03792,338.2522
12953,-0.9421187,0.256635,-0.1022581,0.1899849,333.5955,18.90451,332.7244
12954,-0.9336008,0.2668543,-0.09856671,0.2178602,332.9143,19.71319,328.9367
12955,-0.9246074,0.2720081,-0.09116694,0.2506024,332.7865,20.05195,324.7694
12956,-0.922236,0.2736497,-0.08958614,0.2580137,332.709,20.17163,323.7948
12957,-0.9035439,0.2817731,-0.07183048,0.3147264,332.3561,20.28859,316.5499
12958,-0.8935068,0.2817172,-0.06276932,0.3440076,332.597,20.16167,312.9221
12959,-0.8745155,0.2852677,-0.0484677,0.3892247,332.5346,20.23154,307.0217
12960,-0.8699408,0.2931214,-0.0548732,0.3927749,332.1674,21.61367,305.9862
12961,-0.8342382,0.2792245,-0.02348298,0.4748989,333.6678,19.85424,296.0089
12962,-0.8120213,0.2886943,-0.01640099,0.5069597,333.1136,20.98062,290.9769
12963,-0.7866689,0.2911038,-0.008062154,0.5443765,333.3059,21.65075,285.4381
12964,-0.7547791,0.2858213,0.01029563,0.5903465,333.6649,21.0514,278.9609
12965,-0.7460909,0.2902518,0.01187417,0.5991338,333.4271,21.65809,277.2963
12966,-0.7224801,0.2822272,0.02222505,0.6307744,334.1609,21.09482,272.8623
12967,-0.6708251,0.2806438,0.03054714,0.685784,335.2649,22.25205,263.7981
12968,-0.6618167,0.2814086,0.03559431,0.6939315,335.0465,22.2596,262.301
12969,-0.6462761,0.2806467,0.03762642,0.7086247,335.4129,22.57687,259.7491
12970,-0.6044232,0.2706171,0.04990706,0.7476285,336.3119,22.08557,253.2206
12971,-0.6006457,0.2715823,0.05022284,0.7502971,336.3209,22.27925,252.6301
12972,-0.5810385,0.2622386,0.05419052,0.7685627,337.1674,21.65622,249.7554
12973,-0.5745437,0.2645078,0.05167434,0.7728293,337.4299,22.23741,248.7647
12974,-0.5316107,0.2615594,0.05941892,0.8033968,338.0641,22.6417,242.5418
12975,-0.5257776,0.2556066,0.05795667,0.809237,338.7409,22.24111,241.7997
12976,-0.5239066,0.2586527,0.05601273,0.8096193,338.7943,22.72358,241.5056
12977,-0.5215096,0.256937,0.04994793,0.8121062,339.5667,22.93873,241.2262
12978,-0.5235878,0.2544609,0.04650651,0.8117529,340.0031,22.81756,241.5697
12979,-0.5268115,0.2566453,0.04709318,0.8089409,339.7206,22.93977,241.9908
12980,-0.5324723,0.2525445,0.03641808,0.8070741,340.869,22.98084,242.9063
12981,-0.5341651,0.2524146,0.02855697,0.8063121,341.5961,23.38066,243.2076
12982,-0.5514991,0.2531184,0.01555201,0.7946937,342.3076,23.84544,245.7552
12983,-0.5681364,0.2530159,0.003087223,0.7830675,343.0025,24.24813,248.2466
12984,-0.6085635,0.2532429,-0.003801912,0.7520002,342.3915,23.85698,254.2157
12985,-0.6401753,0.2500182,-0.01198348,0.7263079,342.3799,23.4005,259.1098
12986,-0.6879897,0.2475541,-0.02973184,0.6815448,342.5363,23.36771,266.9008
12987,-0.6797959,0.2410361,-0.0400925,0.6914997,344.201,23.77147,265.6765
12988,-0.6865884,0.2390517,-0.04340523,0.6852494,344.4087,23.70426,266.8204
12989,-0.6884281,0.2366965,-0.04877311,0.6838588,344.9781,23.87346,267.1884
12990,-0.7127236,0.2370459,-0.05123886,0.6581862,344.3091,23.5772,271.2618
12991,-0.7149088,0.2356634,-0.05386803,0.6560994,344.5576,23.62354,271.6642
12992,-0.722381,0.2370613,-0.05929846,0.6468782,344.5867,24.01717,273.0147
12993,-0.7126513,0.2378866,-0.05662328,0.6575197,344.6569,24.08427,271.3165
12994,-0.7194755,0.2379752,-0.05701423,0.6499787,344.4358,23.97243,272.4864
12995,-0.731639,0.239653,-0.06070635,0.6352841,344.1245,24.13716,274.6491
12996,-0.725112,0.2437201,-0.05903566,0.6413487,343.8756,24.49045,273.4939
12997,-0.6971971,0.2464161,-0.05446273,0.6709912,344.3052,24.9847,268.6965
12998,-0.6896958,0.2506688,-0.04738876,0.6776719,343.6477,24.97281,267.3629
12999,-0.6859789,0.250477,-0.0432069,0.6817827,343.4574,24.71638,266.7029
13000,-0.660724,0.2509626,-0.04005742,0.7062981,344.0351,25.07397,262.609
