frame,quat_w,quat_x,quat_y,quat_z,euler_x,euler_y,euler_z
11001,-0.881408,0.206002,-0.1209039,0.4075115,344.6566,23.27286,307.196
11002,-0.8849986,0.2079669,-0.1196854,0.3990024,344.1815,23.12085,308.2079
11003,-0.8794049,0.2135213,-0.1191021,0.4084978,343.845,23.55989,306.7782
11004,-0.8821694,0.2165501,-0.1177908,0.401259,343.2893,23.48034,307.5862
11005,-0.8821393,0.2158397,-0.1189143,0.4013765,343.4207,23.55819,307.588
11006,-0.877483,0.2220691,-0.1161037,0.4089364,342.8565,23.78471,306.3896
11007,-0.8763033,0.2248366,-0.1166122,0.409808,342.6341,24.03011,306.15
11008,-0.8750463,0.2302014,-0.1141268,0.4102151,341.9865,24.11855,305.8875
11009,-0.8737289,0.2350442,-0.113361,0.4104894,341.4784,24.35705,305.6397
11010,-0.8738774,0.2362774,-0.1110446,0.4100981,341.2235,24.1844,305.6627
11011,-0.8728708,0.2369749,-0.1094183,0.4122708,341.1267,24.1023,305.3714
11012,-0.8692448,0.2417789,-0.102505,0.418867,340.4604,23.82956,304.382
11013,-0.8689398,0.2449861,-0.1022345,0.4177006,340.1018,23.99192,304.3836
11014,-0.8666345,0.2489067,-0.0984107,0.4210767,339.6016,23.93035,303.8051
11015,-0.861076,0.2545409,-0.09490269,0.4298262,339.0977,24.15343,302.4256
11016,-0.8561627,0.2541275,-0.09196258,0.4403948,339.2587,24.06219,301.0919
11017,-0.8566053,0.2558593,-0.09073156,0.438784,338.9785,24.02079,301.2329
11018,-0.8555677,0.2608757,-0.0888927,0.4382306,338.3779,24.17812,301.0718
11019,-0.8546956,0.2638204,-0.08939248,0.4380678,338.1207,24.4407,300.9316
11020,-0.8536355,0.2688248,-0.0885675,0.4372591,337.5732,24.7026,300.7827
11021,-0.8532622,0.2682591,-0.08996329,0.4380494,337.7299,24.82605,300.6884
11022,-0.8529894,0.2707914,-0.08917674,0.4371827,337.4189,24.91001,300.6772
11023,-0.8442737,0.2720169,-0.078134,0.4550867,337.1576,24.31867,298.3634
11024,-0.8327731,0.2726721,-0.0757615,0.4758144,337.5392,24.66579,295.5445
11025,-0.8323253,0.2739705,-0.07463068,0.4760304,337.3555,24.66012,295.4551
11026,-0.8314025,0.2755843,-0.07527098,0.4766104,337.2635,24.8682,295.2755
11027,-0.8222043,0.2759943,-0.06943312,0.4929366,337.3317,24.74677,293.0765
11028,-0.8103619,0.2736207,-0.06296128,0.5142775,337.7466,24.47761,290.3136
11029,-0.8065815,0.2771835,-0.06026611,0.5186172,337.3791,24.63188,289.5187
11030,-0.8062644,0.2753442,-0.0628615,0.5197805,337.7498,24.75798,289.4394
11031,-0.8067774,0.2763407,-0.06343251,0.5183845,337.6585,24.86058,289.5708
11032,-0.7935187,0.2778456,-0.06114727,0.5379509,337.9656,25.28868,286.729
11033,-0.7927415,0.2747212,-0.06070328,0.5407443,338.2896,25.04845,286.5244
11034,-0.7933809,0.2778007,-0.05740482,0.5385894,337.7302,24.94766,286.6722
11035,-0.7849475,0.2766797,-0.05958137,0.5511407,338.3656,25.3861,284.9233
11036,-0.7827119,0.2745805,-0.05789307,0.5555323,338.5609,25.15821,284.4316
11037,-0.7749193,0.2735294,-0.05179843,0.5674494,338.5838,24.81474,282.8073
11038,-0.7726899,0.2722014,-0.053837,0.5709277,338.9501,24.97271,282.368
11039,-0.7712789,0.2716023,-0.05591449,0.5729179,339.2131,25.1593,282.1013
11040,-0.7686483,0.2718702,-0.05616733,0.5762916,339.3164,25.2923,281.5895
11041,-0.7654462,0.269258,-0.05740792,0.5816328,339.7923,25.30346,280.9591
11042,-0.7640599,0.2698463,-0.05427647,0.5834807,339.5727,25.12142,280.6674
11043,-0.761146,0.2683893,-0.05368242,0.5879985,339.7916,25.05003,280.0925
11044,-0.7610111,0.2664862,-0.05367783,0.5890383,339.9792,24.90322,280.0547
11045,-0.7864294,0.2662304,-0.0632298,0.5537619,339.5913,24.87985,285.1498
11046,-0.7864612,0.2643776,-0.06710243,0.5541487,340.0332,25.09023,285.1759
11047,-0.79652,0.2598455,-0.06806907,0.5416669,340.1108,24.49855,287.2054
11048,-0.8128881,0.2646543,-0.07294288,0.5136639,339.1862,24.69179,290.8185
11049,-0.8186514,0.2608811,-0.07692581,0.5057998,339.5541,24.58668,292.0797
11050,-0.8289806,0.2598618,-0.08089179,0.4885896,339.4029,24.49072,294.4542
11051,-0.833506,0.2578605,-0.07988161,0.4820734,339.3389,24.08059,295.4596
11052,-0.8485966,0.2533082,-0.08754355,0.4561304,339.5096,23.91022,299.0996
11053,-0.864574,0.2523844,-0.09338135,0.4243748,339.0746,23.71632,303.2709
11054,-0.8814305,0.2526618,-0.08927643,0.3889372,337.9162,22.45403,307.944
11055,-0.889861,0.245288,-0.09542233,0.3726608,338.5663,22.26209,310.2885
11056,-0.9068977,0.2446385,-0.09494844,0.3296568,337.5967,21.14549,315.8138
11057,-0.9124521,0.240869,-0.09514141,0.3167991,337.7108,20.64535,317.5965
11058,-0.9293562,0.2362625,-0.1007637,0.2651862,337.3127,19.80464,324.137
11059,-0.9423574,0.2366435,-0.1132444,0.2076972,336.4865,19.87456,330.9648
11060,-0.9564501,0.2244383,-0.1218682,0.141347,336.7417,18.83244,339.2775
11061,-0.9604139,0.2198421,-0.1238906,0.1180075,336.8563,18.37454,342.1967
11062,-0.965005,0.2188974,-0.1303051,0.062209,336.0298,17.76008,348.8238
11063,-0.9681385,0.2111509,-0.1338678,0.0142451,336.1068,16.86274,354.7214
11064,-0.9696591,0.2037651,-0.1329518,-0.02376772,336.3289,15.72054,359.494
11065,-0.9656179,0.2007097,-0.1428589,-0.08300139,335.7114,15.43425,6.485187
11066,-0.9656723,0.199187,-0.1415211,-0.0881685,335.8169,15.13637,7.17286
11067,-0.9532021,0.1901232,-0.1550927,-0.1766499,335.3392,14.56221,17.79859
11068,-0.946466,0.1860415,-0.1577041,-0.2114715,335.2371,14.01048,22.09946
11069,-0.9395624,0.1814196,-0.1539344,-0.2461989,335.3731,12.70531,26.58263
11070,-0.8896055,0.2458471,-0.196752,-0.3308322,325.4171,13.15658,36.68698
11071,-0.8738029,0.2411083,-0.2012139,-0.3712794,325.1957,12.13471,42.22518
11072,-0.9025612,0.1713162,-0.174703,-0.3542783,334.3398,12.42704,40.02176
11073,-0.8953426,0.1575106,-0.1735984,-0.3787027,335.5728,12.14542,43.2154
11074,-0.8940915,0.1573536,-0.1717369,-0.382553,335.6208,11.82846,43.7652
11075,-0.8678848,0.1414756,-0.1838136,-0.4392872,335.9796,12.31151,51.06442
11076,-0.8287782,0.1223493,-0.1872323,-0.5129343,336.7417,11.60615,61.11068
11077,-0.8094833,0.1178756,-0.1890787,-0.5432233,336.6554,11.18171,65.41206
11078,-0.7743478,0.1051851,-0.197905,-0.5917392,336.602,11.43864,72.39632
11079,-0.7278723,0.08551732,-0.2085721,-0.6476007,336.7568,12.11657,80.81924
11080,-0.695645,0.07142049,-0.2078069,-0.6839545,337.4414,11.96314,86.63466
11081,-0.6688882,0.06743065,-0.2146485,-0.7084969,336.7738,12.03451,90.8124
11082,-0.6527543,0.06172949,-0.2137716,-0.7241568,337.0333,11.88844,93.51358
11083,-0.61301,0.04912555,-0.2165441,-0.758231,337.132,11.96313,99.66267
11084,-0.575557,0.03281784,-0.2214321,-0.7865272,337.2878,12.72998,105.0421
11085,-0.5659908,0.02765557,-0.2179958,-0.7945864,337.8063,12.65303,106.5834
11086,-0.5360246,0.0208948,-0.2169732,-0.8155758,337.8943,12.37296,110.9454
11087,-0.5202799,0.01227042,-0.2148892,-0.8264267,338.4109,12.63057,113.1972
11088,-0.5299569,0.01487893,-0.2107802,-0.8212773,338.7776,12.32429,112.0155
11089,-0.532058,0.01765525,-0.2050651,-0.8213105,339.1678,11.68008,111.9741
11090,-0.5302187,0.02048704,-0.1964707,-0.8245288,339.7744,10.72127,112.5957
11091,-0.5191752,0.01504266,-0.1950919,-0.8319676,340.1085,10.88324,114.155
11092,-0.5126126,0.01691088,-0.1910726,-0.8369192,340.2959,10.25383,115.2397
11093,-0.5114965,0.01131976,-0.185207,-0.8390124,341.1942,10.37466,115.541
11094,-0.5079477,0.01034036,-0.1800886,-0.8422887,341.7069,10.04041,116.1947
11094,-0.4950711,0.008071631,-0.1772399,-0.8505443,341.9713,9.794476,118.0382
11095,-0.5070492,0.007929116,-0.1734103,-0.8442554,342.4916,9.808689,116.509
11096,-0.5140367,0.01687399,-0.1718884,-0.8402001,342.1703,8.96574,115.674
11097,-0.5226853,0.01737204,-0.1665046,-0.8359274,342.7506,8.73386,114.6393
11098,-0.4860919,0.006282836,-0.1566256,-0.8597347,344.0129,8.462219,119.8421
11099,-0.4924117,0.0003667176,-0.1558351,-0.8562979,344.4997,9.126274,118.9535
11100,-0.4964955,0.000783354,-0.1520045,-0.8546265,344.8948,8.914127,118.5068
11101,-0.4942132,0.002603799,-0.1488732,-0.856495,345.0728,8.492115,118.914
11102,-0.49232,-0.003404528,-0.1447458,-0.8582879,345.8114,8.802856,119.2245
11103,-0.4842292,-0.005454719,-0.1397211,-0.8636957,346.3453,8.565872,120.4184
11104,-0.4818228,-0.01037556,-0.1334341,-0.8659877,347.226,8.642727,120.8489
11105,-0.4775628,-0.01066518,-0.1302329,-0.8688265,347.5192,8.417218,121.4859
11106,-0.4834376,-0.01790488,-0.1232988,-0.866467,348.676,8.813889,120.8066
11107,-0.4849696,-0.01779085,-0.1255083,-0.8652953,348.4661,8.955513,120.5553
11108,-0.4859134,-0.02258682,-0.1183286,-0.8656653,349.4604,9.017996,120.554
11109,-0.4840626,-0.02262735,-0.1187919,-0.8666371,349.3976,9.027215,120.7893
11110,-0.476106,-0.02600718,-0.1095136,-0.8721547,350.4295,8.728751,122.008
11111,-0.4740931,-0.0323436,-0.1100282,-0.8729739,350.7097,9.377271,122.2256
11112,-0.4646827,-0.03419214,-0.1095627,-0.8780075,350.7573,9.438848,123.4555
11113,-0.4684212,-0.03709921,-0.1047413,-0.8764899,351.4395,9.497144,123.0449
11114,-0.4654332,-0.03912282,-0.0955895,-0.8790359,352.4359,9.157366,123.5926
11115,-0.4606031,-0.04035443,-0.09215905,-0.8818861,352.7977,9.051069,124.2737
11116,-0.4602174,-0.05232438,-0.08936423,-0.8817461,353.7174,10.11253,124.32
11117,-0.4591163,-0.04955539,-0.08707865,-0.8827083,353.7869,9.696762,124.5126
11118,-0.4533114,-0.05216134,-0.0827087,-0.8859726,354.3032,9.68571,125.3235
11119,-0.4540406,-0.05517614,-0.07768276,-0.8858714,354.9785,9.726694,125.299
11120,-0.455339,-0.05672213,-0.07183975,-0.8856004,355.665,9.576545,125.216
11121,-0.4448366,-0.06707007,-0.06763466,-0.8905324,356.5148,10.36753,126.5979
11122,-0.4312806,-0.06584385,-0.05951189,-0.8978419,357.13,9.775046,128.4397
11123,-0.4312505,-0.06529406,-0.0599325,-0.8978685,357.0591,9.739308,128.439
11124,-0.4353504,-0.06745756,-0.05510058,-0.8960377,357.707,9.729709,127.9781
11125,-0.4444965,-0.07065281,-0.05154881,-0.8915009,358.3324,9.896761,126.8545
11126,-0.4433192,-0.07075623,-0.04505356,-0.8924303,358.987,9.570566,127.083
11127,-0.436418,-0.07719594,-0.03765997,-0.8956349,-0.004570677,9.854674,128.0422
11128,-0.4385401,-0.07703817,-0.03793509,-0.8945998,359.9825,9.852292,127.7695
11129,-0.4405004,-0.07983336,-0.03109412,-0.8936551,0.8456256,9.793599,127.5932
11130,-0.43813,-0.07994291,-0.02457495,-0.8950126,1.493354,9.479214,127.9581
11131,-0.4358824,-0.08489725,-0.02133775,-0.8957366,2.050734,9.834453,128.2796
11132,-0.4442036,-0.08547008,-0.01539233,-0.8917069,2.778865,9.572689,127.2724
11133,-0.4422466,-0.08558434,-0.01614919,-0.8926549,2.686292,9.628674,127.5161
11134,-0.4440759,-0.08834419,-0.01089074,-0.8915566,3.384921,9.642062,127.3306
11135,-0.4440253,-0.08816954,-0.005093649,-0.8916512,3.96893,9.331434,127.3792
11136,-0.4491059,-0.09230199,0.0008400828,-0.8886977,4.841518,9.432602,126.7799
11137,-0.4505014,-0.09473035,0.002190709,-0.8877331,5.119991,9.606611,126.6173
11138,-0.4547484,-0.09560171,0.009813026,-0.8854197,5.988379,9.279473,126.1167
11139,-0.456717,-0.09605095,0.009423241,-0.8843614,5.992789,9.332654,125.8626
11140,-0.4577806,-0.09880066,0.01083022,-0.8834921,6.291961,9.535654,125.7435
11141,-0.4623696,-0.09582642,0.01896174,-0.8812901,7.009622,8.772236,125.1707
11142,-0.4708222,-0.09910378,0.02193594,-0.8763696,7.571801,8.88162,124.0958
11143,-0.4831181,-0.1008694,0.02369545,-0.8694026,7.97063,8.857902,122.4974
11144,-0.493897,-0.09860837,0.02011897,-0.8636767,7.594274,8.730644,121.0541
11145,-0.4935975,-0.1026425,0.02593799,-0.8632226,8.401488,8.815049,121.1262
11146,-0.486327,-0.1046088,0.03105776,-0.8669364,8.951502,8.802782,122.108
11147,-0.490788,-0.106774,0.03468961,-0.8640157,9.482802,8.774318,121.5333
11148,-0.5014418,-0.1098059,0.03348367,-0.8575418,9.645386,9.030769,120.1302
11149,-0.5170395,-0.1085157,0.02983907,-0.8485306,9.372505,8.938603,118.0234
11144,-0.4770712,-0.1073856,0.02295047,-0.8719776,8.191712,9.618231,123.323
11145,-0.4859915,-0.1111406,0.02654284,-0.8664616,8.860162,9.718828,122.1793
11146,-0.5118499,-0.1115925,0.02323717,-0.8514793,8.847735,9.686175,118.7285
11147,-0.5113384,-0.1147587,0.02802061,-0.8512219,9.50098,9.731586,118.8232
11148,-0.5155376,-0.1142398,0.02845494,-0.8487406,9.560649,9.607556,118.2551
11149,-0.5147996,-0.1116868,0.03111987,-0.8494346,9.663491,9.205164,118.3439
11150,-0.5385942,-0.1155523,0.02924874,-0.8340915,9.977638,9.423601,115.1217
11151,-0.5525355,-0.1160118,0.02728754,-0.8249251,9.975186,9.423025,113.1958
11152,-0.5441852,-0.1139458,0.03542912,-0.8304359,10.5363,8.816691,114.3409
11153,-0.5643507,-0.1142989,0.03620318,-0.8167824,10.84481,8.540257,111.5276
11154,-0.5745472,-0.1158548,0.03292748,-0.809561,10.7452,8.767123,110.0993
11155,-0.581713,-0.1165599,0.03121108,-0.8043939,10.70899,8.852344,109.0847
11156,-0.5831814,-0.113983,0.03415149,-0.8035802,10.82631,8.392509,108.8577
11157,-0.5809125,-0.112596,0.04040644,-0.8051275,11.29622,7.875294,109.158
11158,-0.5776041,-0.114115,0.04351643,-0.8071293,11.65823,7.860516,109.6266
11159,-0.5844412,-0.1169648,0.04105216,-0.8019118,11.68661,8.196067,108.6703
11160,-0.607401,-0.1212577,0.0324277,-0.7844166,11.43041,8.852543,105.384
11161,-0.6237184,-0.1177213,0.03152996,-0.7720901,11.27614,8.352056,102.9613
11162,-0.6421044,-0.1156921,0.02789035,-0.7573239,11.00046,8.165065,100.201
11163,-0.6518151,-0.1145215,0.02843022,-0.7491421,11.06312,7.878365,98.71228
11164,-0.6617513,-0.1119685,0.02834076,-0.7407733,10.96322,7.513744,97.17167
11165,-0.6715903,-0.1069298,0.02450338,-0.7327566,10.34274,7.229223,95.64301
11166,-0.688041,-0.1147223,0.01920721,-0.7162887,10.68347,8.068139,93.06029
11167,-0.6921779,-0.1086167,0.01971588,-0.7132346,10.28171,7.453856,92.38828
11168,-0.6999334,-0.1043543,0.01861751,-0.7062982,9.926287,7.076389,91.13395
11169,-0.7070974,-0.1033538,0.01892799,-0.6992662,9.940992,6.867346,89.95988
11170,-0.7125348,-0.0990614,0.01739252,-0.6943909,9.516044,6.566873,89.06948
11171,-0.716625,-0.09606332,0.01285496,-0.6906919,8.942337,6.642964,88.40866
11172,-0.7219583,-0.09565303,0.01278031,-0.6851741,8.953245,6.546724,87.51822
11173,-0.7276211,-0.0951758,0.008838475,-0.6792872,8.656573,6.764173,86.57735
11174,-0.7350028,-0.09326774,0.006293535,-0.6715896,8.36956,6.734729,85.33072
11175,-0.7400293,-0.08579579,0.002139181,-0.6670767,7.460161,6.444963,84.48484
11176,-0.7446283,-0.08719781,0.0001460016,-0.6617593,7.472662,6.671527,83.69185
11177,-0.7547005,-0.08639932,-0.004708588,-0.6503384,7.139575,6.916252,81.93608
11178,-0.7616969,-0.08564022,-0.009705782,-0.6421756,6.776585,7.218623,80.69545
11179,-0.776903,-0.07253703,-0.0113371,-0.6253254,5.65451,6.249826,77.9698
11180,-0.7841276,-0.07444319,-0.01156744,-0.6160101,5.882839,6.340554,76.63244
11181,-0.7873816,-0.07077515,-0.01214927,-0.6122693,5.542083,6.101839,76.03301
11182,-0.7888638,-0.0721508,-0.01159102,-0.610208,5.72123,6.135137,75.75275
11183,-0.7873827,-0.06399372,-0.01956037,-0.6128218,4.404715,6.289957,76.02956
11184,-0.7870812,-0.06366563,-0.02244487,-0.6131445,4.16886,6.528947,76.07581
11185,-0.7876561,-0.06255013,-0.02483693,-0.6124284,3.905686,6.6619,75.95988
11186,-0.8341383,-0.05828364,-0.04618111,-0.5465198,2.679866,8.100118,66.65469
11187,-0.8400338,-0.06077275,-0.04814839,-0.5369651,2.888605,8.415126,65.38748
11188,-0.8440186,-0.05508882,-0.04983926,-0.5311441,2.295213,8.207891,64.52943
11189,-0.8470606,-0.05214423,-0.0527941,-0.5262911,1.877833,8.302722,63.84288
11190,-0.848578,-0.04756324,-0.05127767,-0.5244272,1.543702,7.872136,63.53894
11191,-0.8493711,-0.04218656,-0.05516765,-0.5232073,0.7984912,7.924819,63.32093
11192,-0.8498133,-0.04967347,-0.05714852,-0.5216169,1.421486,8.568864,63.18986
11193,-0.8516755,-0.04889961,-0.05980182,-0.5183451,1.220333,8.777156,62.74456
11194,-0.8513263,-0.04516646,-0.06139937,-0.51907,0.7541289,8.710619,62.80037
11195,-0.8533108,-0.04222316,-0.0624423,-0.5159252,0.4370476,8.63491,62.34864
11196,-0.8645644,-0.04160191,-0.066158,-0.4964078,0.3582368,8.9575,59.75444
11197,-0.8677293,-0.03760812,-0.06693941,-0.491071,359.9727,8.807032,59.01124
11198,-0.8684903,-0.03721078,-0.06839126,-0.4895535,359.8666,8.930022,58.80804
11199,-0.8712605,-0.03682795,-0.06907991,-0.4845377,359.8413,8.978442,58.1474
11199,-0.8732744,-0.03464447,-0.07325494,-0.4804431,359.4338,9.278912,57.58996
11200,-0.8850298,-0.02332342,-0.07579273,-0.4587307,358.381,8.952645,54.67068
11201,-0.8888868,-0.01754867,-0.07582143,-0.4514683,357.8644,8.670008,53.6904
11202,-0.8894241,-0.01814796,-0.07786626,-0.450036,357.8336,8.91433,53.50863
11203,-0.8890157,-0.0170009,-0.08543295,-0.4495146,357.3303,9.634847,53.42019
11204,-0.894362,-0.01822208,-0.08491924,-0.4388318,357.5965,9.67375,52.0677
11205,-0.9038541,-0.01076943,-0.09183568,-0.4177297,356.7176,10.09595,49.31943
11206,-0.9048641,-0.006920651,-0.08876085,-0.4162869,356.4812,9.596541,49.11456
11207,-0.9083223,-0.001473621,-0.09402391,-0.4075637,355.7583,9.932138,47.96276
11208,-0.9139771,0.0002755672,-0.09564805,-0.3943313,355.6449,10.08614,46.29063
11209,-0.9205307,0.009628206,-0.09475866,-0.378882,354.8634,9.661942,44.30882
11210,-0.9207771,0.01150614,-0.09630752,-0.3778386,354.6082,9.753527,44.16096
11211,-0.9213524,0.01502088,-0.1003185,-0.3752606,354.0898,10.05023,43.80132
11212,-0.9235075,0.01720142,-0.1040282,-0.368804,353.771,10.40001,42.97129
11213,-0.9318601,0.02539063,-0.1088284,-0.3451791,352.9664,10.76038,39.98798
11214,-0.9406781,0.0282613,-0.1091729,-0.3200118,352.9323,10.87923,36.90198
11215,-0.9463699,0.03338307,-0.1085604,-0.3024639,352.5965,10.76842,34.74947
11216,-0.9479231,0.04184797,-0.1112854,-0.2954764,351.6568,10.8502,33.83174
11217,-0.9493052,0.04306775,-0.1116193,-0.2906993,351.5663,10.89005,33.24627
11218,-0.9508945,0.04775012,-0.1137543,-0.2838659,351.0604,11.0435,32.37743
11219,-0.9537601,0.04925019,-0.1156578,-0.2730193,350.9614,11.31267,31.05108
11220,-0.9542063,0.0531907,-0.1174241,-0.2699496,350.5082,11.42517,30.64126
11221,-0.9547948,0.05679549,-0.1197587,-0.2660813,350.085,11.62321,30.13243
11222,-0.9556862,0.05901179,-0.1210449,-0.261782,349.8534,11.75051,29.59063
11223,-0.9617007,0.07380252,-0.1238631,-0.2331162,348.4805,12.00631,26.03592
11224,-0.9642807,0.07596681,-0.1253807,-0.220616,348.3561,12.27839,24.51689
11225,-0.9652247,0.07799377,-0.1237341,-0.2166751,348.2183,12.0917,24.052
11226,-0.9664279,0.08284084,-0.1251952,-0.2085207,347.741,12.2558,23.03033
11227,-0.967846,0.08596455,-0.1263473,-0.1998014,347.4736,12.4357,21.95833
11228,-0.9687021,0.09304348,-0.1257473,-0.1927356,346.7774,12.3226,21.07186
11229,-0.9686541,0.09571617,-0.1286379,-0.1897371,346.4528,12.64925,20.65676
11230,-0.9700261,0.097553,-0.13065,-0.1801761,346.3295,12.98403,19.48186
11231,-0.9696379,0.1045644,-0.1311891,-0.1779273,345.5542,12.96133,19.14647
11232,-0.9710927,0.108121,-0.1345716,-0.1648623,345.2642,13.49669,17.51725
11233,-0.970831,0.1139131,-0.1352493,-0.161922,344.6342,13.53776,17.10342
11234,-0.9720079,0.1149361,-0.1377726,-0.1516875,344.6191,13.982,15.84229
11235,-0.9771485,0.1246888,-0.1341126,-0.1079235,344.1794,14.14883,10.62949
11236,-0.9779079,0.1292381,-0.1333552,-0.09597035,343.8375,14.22462,9.180002
11237,-0.9775931,0.1332847,-0.1355774,-0.09036536,343.4352,14.56186,8.431422
11238,-0.9774587,0.1372528,-0.135484,-0.08590797,343.0464,14.61009,7.856489
11239,-0.977518,0.1381768,-0.1347398,-0.08491744,342.9609,14.53494,7.740876
11240,-0.977823,0.1433084,-0.1401465,-0.06069718,342.7061,15.59486,4.718037
11241,-0.977473,0.148278,-0.1394928,-0.05569501,342.2169,15.60708,4.065739
11242,-0.9774388,0.1515977,-0.1395164,-0.04654761,341.9803,15.78118,2.935158
11243,-0.9767791,0.1591046,-0.1382259,-0.03849703,341.2486,15.79711,1.889469
11244,-0.9766809,0.1593735,-0.1398355,-0.03377194,341.2911,16.08256,1.294441
11245,-0.9764696,0.1600739,-0.1418512,-0.02759979,341.3102,16.44653,0.5133678
11246,-0.9757267,0.168551,-0.1392374,-0.01269103,340.5822,16.47318,358.653
11247,-0.9746038,0.1726862,-0.1424844,-0.005029172,340.2428,17.05309,357.6002
11248,-0.9747848,0.1756081,-0.135897,0.02210448,340.3452,16.83257,354.4656
11249,-0.9737388,0.1816909,-0.1333671,0.03216505,339.8024,16.81015,353.2012
11250,-0.9722447,0.1868778,-0.1357585,0.03723892,339.3125,17.28067,352.4357
11252,-0.9707276,0.1901619,-0.1358386,0.05544797,339.2601,17.73099,350.1917
11253,-0.9697524,0.1921833,-0.1354279,0.06561467,339.2085,17.93491,348.9419
11254,-0.9663099,0.1995059,-0.1300094,0.09767473,338.8893,18.12626,345.0512
11255,-0.9655253,0.2009155,-0.1312996,0.1007689,338.8067,18.38301,344.6156
11256,-0.9630796,0.204174,-0.1323375,0.115229,338.7294,18.90683,342.7726
11257,-0.9606869,0.2081555,-0.132062,0.1277173,338.5179,19.25803,341.1679
11258,-0.9591291,0.2115547,-0.1304808,0.135244,338.2521,19.3346,340.1992
11259,-0.9572861,0.2150973,-0.1318462,0.1412559,338.0022,19.74218,339.3381
11260,-0.9564549,0.2165094,-0.1294819,0.1468073,337.9049,19.62896,338.6786
11261,-0.9483604,0.2247065,-0.1258032,0.1851847,337.6904,20.35758,333.8466
11262,-0.946889,0.2253566,-0.1230015,0.193614,337.7192,20.24517,332.8605
11263,-0.9402776,0.2305027,-0.1189953,0.2204239,337.6035,20.60608,329.4912
11264,-0.9362088,0.2337054,-0.1167339,0.2350919,337.4985,20.82565,327.6207
11265,-0.9338095,0.2400137,-0.1160111,0.23861,336.8655,21.11043,326.9644
11266,-0.9237461,0.2469022,-0.1088376,0.2718213,336.6104,21.42746,322.7204
11267,-0.9190276,0.2465118,-0.105505,0.2889445,336.9128,21.44865,320.663
11267,-0.919728,0.2456577,-0.1074939,0.2867015,337.0306,21.57684,320.9388
11268,-0.9186783,0.2484658,-0.1091455,0.2870237,336.8047,21.92228,320.7468
11269,-0.9164329,0.2529783,-0.1066643,0.2911626,336.3242,21.98247,320.0862
11270,-0.913466,0.2533982,-0.1050046,0.300572,336.4332,22.05413,318.9171
11271,-0.91222,0.2573849,-0.1017558,0.3020823,335.9141,21.94307,318.6187
11273,-0.911506,0.2596583,-0.1033997,0.3017332,335.7347,22.24986,318.5268
11274,-0.9066544,0.2605404,-0.1044431,0.3149417,336.0052,22.76396,316.7897
11275,-0.9051532,0.2607761,-0.09309661,0.3225318,335.6675,21.68975,316.045
11276,-0.9145356,0.2615057,-0.1066753,0.2895857,335.3843,22.40911,319.91
11277,-0.9116048,0.262299,-0.09433085,0.3021224,335.0879,21.36952,318.5547
11278,-0.9140655,0.2621267,-0.1002625,0.2927825,335.1344,21.78941,319.619
11279,-0.9238547,0.2634943,-0.1099151,0.2549158,334.4802,21.95688,324.118
11280,-0.9279256,0.2601569,-0.1086487,0.243861,334.5437,21.33648,325.678
11281,-0.932217,0.257836,-0.1075112,0.2300731,334.4533,20.71173,327.5281
11282,-0.9375842,0.2543999,-0.111135,0.2094418,334.5013,20.42311,330.1475
11283,-0.9385121,0.2558582,-0.1083299,0.2049303,334.1605,20.02572,330.7263
11284,-0.9457409,0.2551297,-0.1134812,0.1661481,333.5854,19.53186,335.4457
11285,-0.9475112,0.2536337,-0.1158593,0.1564262,333.6154,19.49127,336.64
11286,-0.9510978,0.2533033,-0.1172165,0.1323273,333.2043,18.95914,339.6032
11287,-0.9555202,0.2501594,-0.1245585,0.09427042,332.9621,18.67486,344.2032
11288,-0.9580284,0.2482418,-0.1249888,0.0702529,332.7365,17.97811,347.218
11289,-0.9591877,0.2478346,-0.1258115,0.05204393,332.4615,17.53484,349.4597
11290,-0.9614943,0.2435803,-0.1272646,-0.001096278,332.0513,16.04759,356.1125
11291,-0.9621459,0.2408028,-0.1267267,-0.01515873,332.1462,15.51894,357.9348
11292,-0.9600962,0.2407657,-0.1320684,-0.05296559,331.5555,15.03493,2.484048
11293,-0.9558039,0.2332232,-0.1438313,-0.1065767,331.5436,14.84407,8.941225
11294,-0.9524099,0.2240045,-0.14515,-0.1472043,332.0032,13.79444,14.11761
11295,-0.9482801,0.2278031,-0.1460515,-0.1659515,331.2808,13.2756,16.4399
11296,-0.9399215,0.2224398,-0.1467112,-0.2134109,331.2642,11.90284,22.52515
11297,-0.930337,0.2205772,-0.1511755,-0.2509282,330.9029,11.25808,27.25847
11298,-0.9144145,0.2123551,-0.1606821,-0.304849,330.9005,10.84395,34.05253
11299,-0.9068165,0.2064204,-0.1630079,-0.3293979,331.1996,10.49694,37.22449
11300,-0.8811544,0.1942228,-0.1735683,-0.3946121,331.3626,10.01258,45.68729
11301,-0.8679662,0.1946591,-0.1762464,-0.4215209,330.8893,9.343578,49.37526
11302,-0.858311,0.1928866,-0.174023,-0.4425079,330.9792,8.418717,52.36481
11303,-0.834448,0.1885121,-0.1864104,-0.4831261,330.3483,8.533052,57.87716
11304,-0.8239424,0.1831811,-0.1843819,-0.5035546,330.8201,7.857258,60.81442
11305,-0.7907284,0.1700212,-0.1904534,-0.5563891,331.2614,7.338531,68.38117
11306,-0.7702355,0.1622961,-0.1999468,-0.5834541,331.0967,7.787924,72.27796
11307,-0.7520782,0.1570214,-0.1979244,-0.6087272,331.5007,6.963304,76.20251
11308,-0.7363029,0.1525136,-0.1978558,-0.6288489,331.7425,6.489192,79.36375
11309,-0.7247845,0.1490406,-0.1989785,-0.6425591,331.8517,6.309294,81.53404
11310,-0.6881453,0.1275637,-0.2051181,-0.6841858,332.8551,6.954684,87.98846
11311,-0.6780555,0.1264434,-0.2064449,-0.6939982,332.7408,6.748383,89.69337
11312,-0.6694465,0.119567,-0.2031713,-0.7044621,333.4909,6.645817,91.35276
11312,-0.6668267,0.1189877,-0.2015482,-0.7075045,333.6483,6.434805,91.88281
11313,-0.666574,0.1169352,-0.2042769,-0.7073022,333.5854,6.856174,91.7852
11314,-0.6641678,0.1134357,-0.204545,-0.7100527,333.8223,7.080062,92.17665
11315,-0.6654419,0.1078936,-0.2017807,-0.7105145,334.5115,7.333859,92.09151
11316,-0.6449112,0.1016748,-0.1988947,-0.7308851,335.0466,6.835796,95.63731
11317,-0.6461382,0.1061063,-0.1941233,-0.7304541,335.1203,6.0649,95.67088
11318,-0.6160138,0.09247452,-0.1898463,-0.7589031,336.2917,5.863523,100.6347
11319,-0.6078228,0.08577409,-0.1899664,-0.7662292,336.7099,6.21804,101.8699
11320,-0.6043476,0.0847894,-0.186899,-0.7698336,337.0302,5.944692,102.5247
11321,-0.5962962,0.07146707,-0.1857491,-0.7777022,338.0284,6.83475,103.714
11322,-0.5913227,0.06637827,-0.1836045,-0.7824455,338.5418,6.990221,104.5146
11323,-0.5866996,0.05857202,-0.1817014,-0.78698,339.2238,7.436942,105.2252
11324,-0.586524,0.05198634,-0.1782213,-0.7883682,340.0018,7.772982,105.3311
11325,-0.5839257,0.04908895,-0.1741962,-0.7913765,340.5467,7.663346,105.8402
11326,-0.5866802,0.05232444,-0.1740721,-0.7891563,340.3584,7.422304,105.4572
11327,-0.5957489,0.04901704,-0.1719423,-0.7830178,340.8725,7.792864,104.1546
11328,-0.6195939,0.05501419,-0.1657126,-0.7652557,341.2283,7.351456,100.7921
11329,-0.6264188,0.05451474,-0.1650347,-0.7598628,341.3912,7.512926,99.76414
11330,-0.6305878,0.0525097,-0.1623976,-0.7571188,341.8122,7.578765,99.20483
11331,-0.6341696,0.05587587,-0.161561,-0.754059,341.668,7.301867,98.69203
11332,-0.6372629,0.05390793,-0.1601623,-0.7518896,341.9675,7.436215,98.25266
11333,-0.6396665,0.05346316,-0.1568487,-0.7505779,342.3109,7.260486,97.99136
11334,-0.6409349,0.04892606,-0.1533787,-0.7505223,342.9656,7.401575,97.89638
11335,-0.6425132,0.04826778,-0.1511648,-0.7496642,343.2216,7.31365,97.72235
11336,-0.6437095,0.04672447,-0.1492056,-0.749128,343.5187,7.314519,97.59574
11337,-0.6442518,0.04776281,-0.1474881,-0.7489364,343.5929,7.095669,97.57006
11338,-0.6456113,0.04634535,-0.1459093,-0.7481636,343.849,7.11986,97.40487
11339,-0.646659,0.04575506,-0.1416588,-0.748112,344.2685,6.846829,97.37351
11340,-0.6462717,0.04344013,-0.1410706,-0.7486956,344.4912,6.991674,97.44545
11341,-0.6458664,0.04030764,-0.1397256,-0.7494723,344.8405,7.145995,97.54088
11342,-0.645362,0.04037812,-0.1399246,-0.7498659,344.8132,7.145633,97.61321
11343,-0.6452149,0.04035228,-0.1400169,-0.7499765,344.8058,7.152332,97.63312
11344,-0.6448899,0.03848827,-0.139225,-0.7505013,345.0119,7.243603,97.70233
11345,-0.6444676,0.03730634,-0.1375275,-0.7512364,345.2432,7.200782,97.81534
11346,-0.6441857,0.03754881,-0.1366761,-0.7516214,345.2955,7.105455,97.88481
11347,-0.6336215,0.0351041,-0.1336374,-0.7612048,345.6446,6.871555,99.5861
11348,-0.6272324,0.02798754,-0.1343029,-0.7666543,346.0522,7.433734,100.5133
11349,-0.6268427,0.02727899,-0.1330375,-0.7672192,346.2116,7.390791,100.6053
11350,-0.6277869,0.02742201,-0.1341917,-0.7662405,346.1089,7.485415,100.4308
11351,-0.6322485,0.0248147,-0.1327687,-0.7629015,346.4698,7.685468,99.78703
11352,-0.6287537,0.02609795,-0.1322559,-0.7658304,346.3854,7.469143,100.3345
11353,-0.6265687,0.02489936,-0.1293444,-0.768155,346.7079,7.310236,100.7402
11354,-0.6231762,0.01964143,-0.1290458,-0.7711115,347.0854,7.696927,101.2405
11355,-0.6219689,0.0179795,-0.1275138,-0.7723806,347.3295,7.70722,101.4567
11355,-0.6174148,0.01853949,-0.1295403,-0.7756771,347.0644,7.73636,102.0842
11356,-0.6167045,0.01879212,-0.1290673,-0.7763145,347.0811,7.665655,102.2035
11357,-0.6135288,0.01438144,-0.1270736,-0.7792482,347.5439,7.858765,102.7119
11358,-0.608228,0.01323298,-0.1269504,-0.7834331,347.5838,7.868333,103.4939
11359,-0.6061979,0.01156381,-0.1255535,-0.7852559,347.8071,7.88315,103.8222
11360,-0.606205,0.009330958,-0.1233935,-0.7856224,348.1591,7.924962,103.8676
11361,-0.6023917,0.007165104,-0.1211634,-0.7889186,348.4742,7.899837,104.4732
11362,-0.5965854,0.004124969,-0.1206812,-0.7934136,348.6722,8.058167,105.3189
11363,-0.5928096,0.002654225,-0.1187006,-0.7965425,348.916,7.995767,105.9076
11364,-0.5915649,0.004821211,-0.1149078,-0.7980126,349.0997,7.504995,106.184
11365,-0.5929738,0.002291828,-0.1137934,-0.7971374,349.3893,7.676707,105.9965
11366,-0.5927523,0.002472579,-0.1124936,-0.7974861,349.493,7.563503,106.0585
11367,-0.5921172,-0.0001470745,-0.112142,-0.798011,349.6997,7.771123,106.1483
11368,-0.59092,-0.002510309,-0.1116316,-0.7989655,349.8973,7.936929,106.3236
11369,-0.5908492,-0.005622804,-0.1118593,-0.79897,350.0901,8.239255,106.3176
11370,-0.5940272,-0.01006073,-0.1070756,-0.7972236,350.8643,8.342688,105.9512
11371,-0.5958849,-0.007495582,-0.1095111,-0.7955328,350.485,8.303983,105.6384
11372,-0.5967966,-0.008457124,-0.1080541,-0.7950388,350.6932,8.297898,105.5359
11373,-0.5986096,-0.006595612,-0.1066436,-0.7938831,350.7102,8.046924,105.3106
11374,-0.5995595,-0.006610245,-0.106007,-0.7932512,350.7784,8.01335,105.1868
11375,-0.6010695,-0.006885827,-0.1033663,-0.7924542,351.0514,7.86501,105.0236
11376,-0.6026074,-0.00714618,-0.1022884,-0.7914231,351.1821,7.82805,104.8226
11377,-0.6071762,-0.006953478,-0.1003579,-0.7881733,351.3873,7.720797,104.1994
11378,-0.6078337,-0.0096187,-0.09770998,-0.7879712,351.8195,7.777022,104.1505
11379,-0.6090694,-0.00843212,-0.0982233,-0.7869661,351.7018,7.719737,103.9633
11380,-0.612162,-0.008527398,-0.09728837,-0.7846783,351.8225,7.692474,103.5306
11381,-0.6147673,-0.009922951,-0.0947684,-0.7829315,352.1723,7.660391,103.1963
11382,-0.61625,-0.004354388,-0.09418952,-0.7818859,351.8408,7.131937,103.0032
11382,-0.6255726,-0.00459072,-0.09857994,-0.7738992,351.5563,7.577824,101.5399
11383,-0.6322031,-0.005582362,-0.09508887,-0.7689255,351.9999,7.474316,100.6232
11384,-0.6552491,-0.008455008,-0.09770301,-0.7490202,352.225,8.164234,97.08487
11385,-0.6577747,-0.003546745,-0.09877962,-0.7467011,351.7871,7.853904,96.68111
11386,-0.657398,-0.003582746,-0.09804067,-0.74713,351.8487,7.794892,96.75478
11387,-0.6580474,-0.004700869,-0.09783122,-0.7465793,351.9585,7.88138,96.65816
11388,-0.6601837,-0.006887943,-0.09575853,-0.7449433,352.3238,7.928356,96.37125
11389,-0.6605049,-0.006737292,-0.09585422,-0.7446476,352.3076,7.926296,96.32
11390,-0.6606196,-0.00690335,-0.09515464,-0.7446342,352.3807,7.886687,96.31684
11391,-0.6614664,-0.005071342,-0.09563205,-0.7438355,352.209,7.776443,96.17855
11392,-0.6621703,-0.004132718,-0.0952813,-0.7432597,352.174,7.676072,96.07846
11393,-0.6626281,-0.003778785,-0.09446633,-0.7429576,352.2205,7.586458,96.02524
11394,-0.7040316,0.004108727,-0.09624878,-0.7036043,351.8811,7.53062,89.43001
11395,-0.7076561,0.005524904,-0.09538594,-0.7000671,351.8727,7.38618,88.85678
11396,-0.7126832,0.005445302,-0.0976992,-0.6946279,351.7501,7.646989,87.97762
11398,-0.7224313,0.007550687,-0.1005002,-0.6840583,351.4655,7.838949,86.28858
11399,-0.73091,0.006035209,-0.1048394,-0.6743463,351.3604,8.440499,84.75127
11400,-0.7505007,0.01272428,-0.104138,-0.6524892,351.0834,8.129752,81.3728
11401,-0.7525679,0.01296043,-0.1027994,-0.6503122,351.187,8.019933,81.04317
11402,-0.7637358,0.01556,-0.1047709,-0.63678,350.9556,8.162621,78.994
11403,-0.7935582,0.02441335,-0.109504,-0.5980622,350.2281,8.437064,73.28421
11404,-0.8033177,0.03335494,-0.1055923,-0.5851654,349.7952,7.626297,71.45992
11405,-0.8062081,0.03020003,-0.1061176,-0.5812536,350.0925,7.935415,70.89221
11406,-0.8133174,0.03311878,-0.1074839,-0.5708461,349.829,8.002325,69.41472
11407,-0.8235103,0.03841804,-0.1083499,-0.5555316,349.4171,7.93902,67.26994
11408,-0.8250182,0.03488807,-0.1125719,-0.5526804,349.5138,8.608596,66.84489
11409,-0.8285936,0.03459212,-0.1115051,-0.5475426,349.6633,8.587928,66.13599
11410,-0.8367817,0.03451845,-0.1154007,-0.5341232,349.5693,9.141995,64.2645
11411,-0.8381917,0.0351868,-0.1202172,-0.5307961,349.2451,9.619917,63.78152
11412,-0.8599493,0.04117507,-0.1210265,-0.4941098,349.0228,9.821797,58.81559
11413,-0.8630877,0.04173382,-0.1242508,-0.4877498,348.8577,10.20122,57.94582
11414,-0.8664423,0.0420581,-0.1263136,-0.4812006,348.7876,10.47938,57.06192
11415,-0.8671478,0.03822884,-0.1333326,-0.4783469,348.822,11.44512,56.64142
11416,-0.8787668,0.03788978,-0.1353701,-0.4560792,349.043,11.95434,53.70787
11417,-0.881092,0.03933658,-0.136198,-0.4511981,348.9175,12.02832,53.06183
11418,-0.8856653,0.03945103,-0.1355897,-0.4423304,349.057,12.06815,51.91788
11419,-0.890921,0.03739597,-0.1367342,-0.4314687,349.3606,12.41937,50.52044
11420,-0.8938166,0.03547722,-0.1421983,-0.4238076,349.4001,13.18043,49.50833
11421,-0.8965949,0.0334772,-0.1447848,-0.4171744,349.5818,13.62574,48.65588
11422,-0.9016371,0.03480262,-0.1443659,-0.4061992,349.6278,13.64543,47.26004
11423,-0.9044802,0.03577317,-0.1447588,-0.399601,349.6067,13.71922,46.41818
11424,-0.9086554,0.03323774,-0.145632,-0.3899128,349.9812,14.03035,45.21334
11425,-0.9058578,0.02644587,-0.147137,-0.3963245,350.5294,14.41846,46.05935
11426,-0.9046438,0.0248913,-0.1506301,-0.3978828,350.5085,14.84668,46.2425
11427,-0.9028874,0.02290533,-0.1545303,-0.4004875,350.4948,15.32711,46.55873
11428,-0.9039806,0.02223401,-0.1539711,-0.3982685,350.6281,15.31882,46.29075
11429,-0.9052335,0.01730143,-0.1536247,-0.3957935,351.2032,15.52059,46.03148
11430,-0.9068449,0.01351976,-0.1563295,-0.3911657,351.5572,16.01844,45.47565
11431,-0.9068938,0.01126516,-0.156298,-0.3911365,351.7959,16.11219,45.49719
11432,-0.9072255,0.006538466,-0.1562718,-0.390485,352.3046,16.31821,45.47075
11433,-0.9072369,0.006666124,-0.1590584,-0.3893294,352.1866,16.62297,45.30878
11434,-0.9094005,0.003855675,-0.1588971,-0.3843536,352.5791,16.76544,44.72718
11435,-0.9113308,-0.0002031475,-0.1591594,-0.3796636,353.08,17.00037,44.1981
11435,-0.9131086,0.002584815,-0.1573497,-0.3761213,352.9298,16.71415,43.73488
11436,-0.9137828,0.0007234067,-0.1568879,-0.3746822,353.1721,16.75171,43.58412
11437,-0.9150187,-0.001707733,-0.1576202,-0.3713409,353.4577,16.95485,43.20131
11438,-0.9159969,-0.001948938,-0.1577794,-0.3688518,353.5219,16.99902,42.898
11439,-0.916163,-0.00293605,-0.158301,-0.3682089,353.6158,17.10026,42.8299
11440,-0.9166518,-0.008579895,-0.1580726,-0.3670002,354.2438,17.3131,42.76232
11441,-0.9173329,-0.008516654,-0.1564021,-0.3660143,354.3261,17.13495,42.64836
11442,-0.9176391,-0.009029195,-0.1557394,-0.3655165,354.4174,17.08675,42.59775
11443,-0.9170744,-0.0102645,-0.156537,-0.3665588,354.495,17.21766,42.73958
11444,-0.9164749,-0.01323119,-0.157508,-0.3675463,354.7483,17.43889,42.89986
11445,-0.9263763,-0.008148611,-0.1517235,-0.3445875,354.8671,16.73086,40.05245
11446,-0.9269001,-0.004919082,-0.1524544,-0.3429136,354.5234,16.69668,39.80039
11447,-0.9288784,-0.008270279,-0.1513453,-0.3379515,355.0129,16.72882,39.25184
11448,-0.9299231,-0.007787436,-0.1510107,-0.335229,355.0226,16.68805,38.9171
11449,-0.9332772,-0.00682734,-0.151735,-0.3254591,355.0651,16.78229,37.72171
11450,-0.935816,-0.007301942,-0.1522061,-0.3178498,355.2338,16.8891,36.8121
11451,-0.9388509,-0.006819367,-0.1516808,-0.3090398,355.3571,16.85663,35.75148
11452,-0.9405925,-0.005783826,-0.1519974,-0.3035608,355.3309,16.88253,35.07999
11453,-0.9449677,-0.006631851,-0.1515071,-0.2898924,355.6811,16.91843,33.46679
11454,-0.9457064,-0.00567317,-0.1517514,-0.2873652,355.6134,16.9261,33.15117
11455,-0.9449539,-0.004375651,-0.1496567,-0.2909396,355.4797,16.63502,33.56471
11456,-0.9519213,-0.003982529,-0.1480271,-0.2681751,355.8819,16.5404,30.86833
11457,-0.9529142,-0.0005097836,-0.1485683,-0.264352,355.5507,16.51533,30.3635
11458,-0.9602362,0.002914213,-0.1466362,-0.2375629,355.6834,16.32128,27.17266
11459,-0.9625335,0.003552854,-0.1474777,-0.227524,355.7592,16.44308,25.98594
11460,-0.962675,0.001740672,-0.1493917,-0.2256906,355.941,16.71234,25.79195
11461,-0.9719503,0.008790866,-0.1457323,-0.1843843,355.9383,16.30511,20.90126
11462,-0.9724994,0.01161899,-0.1450296,-0.1818698,355.6786,16.17955,20.57084
11463,-0.972419,0.0137696,-0.1458617,-0.181483,355.4274,16.2345,20.49052
11464,-0.9758347,0.01479997,-0.144544,-0.1632016,355.6376,16.14546,18.36987
11465,-0.977562,0.01847577,-0.1443816,-0.1522672,355.4062,16.11397,17.05613
11466,-0.9827931,0.01995384,-0.1431465,-0.1150161,355.8625,16.11105,12.76408
11467,-0.9837441,0.02080097,-0.1402823,-0.1101629,355.8807,15.79068,12.2076
11468,-0.9832966,0.02513702,-0.1415429,-0.1116326,355.3519,15.88128,12.3053
11469,-0.9862065,0.02430381,-0.1407048,-0.08371587,355.9001,15.91198,9.130812
11470,-0.9866258,0.02915788,-0.1406341,-0.07708106,355.4565,15.8948,8.299801
11471,-0.9873078,0.02408712,-0.1410201,-0.0689659,356.1575,16.0072,7.45105
11472,-0.9894712,0.03202366,-0.1383679,-0.02785102,355.924,15.82667,2.657801
11473,-0.9891706,0.03135485,-0.1410613,-0.02569985,356.0273,16.14826,2.412768
11474,-0.9896023,0.02971728,-0.1392711,-0.02019459,356.3052,15.96305,1.819889
11475,-0.9895002,0.02587994,-0.1407056,-0.02053239,356.7327,16.13165,1.914321
11476,-0.98948,0.02540651,-0.140945,-0.02045706,356.7872,16.16011,1.912562
11477,-0.9892666,0.02611835,-0.1422456,-0.02087633,356.6971,16.30877,1.944443
11478,-0.9900706,0.02216687,-0.138548,-0.008581465,357.3479,15.91779,0.6223472
11479,-0.9899645,0.02212094,-0.1393814,-0.007333647,357.3725,16.0175,0.4791355
11479,-0.9899711,0.02223256,-0.1393264,-0.007158205,357.3627,16.0116,0.4575762
11480,-0.9900342,0.02015986,-0.1392245,-0.006522428,357.6081,16.00083,0.4187056
11481,-0.9899586,0.01705632,-0.1401581,-0.006836263,357.9549,16.10777,0.5018975
11482,-0.9896301,0.01262627,-0.142301,-0.01494661,358.3242,16.34339,1.489909
11483,-0.9890259,0.005637538,-0.1445787,-0.02988579,358.8659,16.60088,3.29614
11484,-0.9891621,0.00279374,-0.1444249,-0.02630623,359.248,16.59453,2.937105
11485,-0.9885057,-0.005625373,-0.1413374,-0.053372,359.7728,16.2619,6.148633
11486,-0.9884121,-0.006454352,-0.142101,-0.05298388,359.8683,16.35533,6.117882
11487,-0.9863667,-0.01040344,-0.1437529,-0.07942028,359.8676,16.57316,9.18754
11488,-0.9843811,-0.01865446,-0.1445623,-0.09872989,0.4687398,16.75632,11.52385
11489,-0.983277,-0.02574057,-0.1459383,-0.1058585,1.130094,17.00782,12.45845
11490,-0.9818268,-0.02852256,-0.1473211,-0.1161861,1.247721,17.21665,13.6865
11491,-0.9795215,-0.03569585,-0.147954,-0.1318076,1.772256,17.42165,15.59929
11492,-0.9754725,-0.03584969,-0.1476817,-0.1592434,1.312537,17.43449,18.74448
11493,-0.970494,-0.04145712,-0.1505238,-0.1837538,1.441091,17.9085,21.67006
11494,-0.9659736,-0.04650944,-0.1477017,-0.2071622,1.642171,17.74294,24.46489
11495,-0.9557512,-0.05064809,-0.1518977,-0.2467827,1.251582,18.38654,29.15859
11496,-0.94742,-0.05699068,-0.146484,-0.2787296,1.508735,18.02554,33.02693
11497,-0.9431991,-0.05863139,-0.1477683,-0.2917232,1.397427,18.2432,34.59714
11498,-0.9262162,-0.06306437,-0.1507956,-0.3397162,0.8232019,18.79723,40.42016
11499,-0.9174118,-0.06535178,-0.1504395,-0.3625641,0.6200119,18.87093,43.23122
11500,-0.9072368,-0.0611891,-0.1428372,-0.3908643,359.9637,17.87898,46.60988
11501,-0.8959942,-0.06260596,-0.1425989,-0.4158615,359.6325,17.91541,49.73732
11502,-0.8864139,-0.06453462,-0.138744,-0.4368705,359.6094,17.59958,52.41244
11503,-0.8675251,-0.06446272,-0.1383877,-0.4733854,358.9013,17.52948,57.07085
11504,-0.8399025,-0.06591353,-0.1344232,-0.5216798,358.3078,17.13984,63.43542
11505,-0.8288094,-0.06062682,-0.1346634,-0.53969,357.429,16.79515,65.76177
11506,-0.8178662,-0.05657592,-0.1327147,-0.5570287,356.8294,16.29268,68.06167
11507,-0.8070323,-0.05226687,-0.1303661,-0.5735607,356.2626,15.72092,70.28693
11508,-0.7909127,-0.05553067,-0.131271,-0.5950979,356.078,15.92523,73.3682
11509,-0.7820066,-0.04996833,-0.1293015,-0.6076595,355.4694,15.29453,75.08948
11510,-0.772024,-0.0501771,-0.1256067,-0.6210349,355.4955,14.89569,77.03894
11511,-0.7506284,-0.04531223,-0.1278984,-0.6466421,354.4115,14.58445,80.77198
11512,-0.7333434,-0.04176119,-0.1210032,-0.667699,354.2414,13.5577,83.94978
11513,-0.7304357,-0.04285017,-0.1208945,-0.6708294,354.2838,13.60763,84.44595
11514,-0.7237812,-0.04092434,-0.1238874,-0.6775824,353.7627,13.66191,85.47572
11515,-0.7177188,-0.03361708,-0.1205959,-0.6849863,353.2834,12.7488,86.57526
11516,-0.7180836,-0.02457839,-0.1178505,-0.6854657,352.7461,11.80524,86.58647
11517,-0.7206072,-0.01611203,-0.1154939,-0.6834669,352.2615,10.9649,86.2257
11518,-0.7205433,-0.0181855,-0.1132311,-0.6838608,352.6077,10.93087,86.29932
11519,-0.7110702,-0.01157293,-0.1071909,-0.6948061,352.3862,9.789058,88.02143
11520,-0.7051032,-0.01096332,-0.1026831,-0.7015452,352.6105,9.295622,89.10857
11521,-0.7026652,-0.01096317,-0.1030138,-0.7039388,352.5522,9.297815,89.49727
11522,-0.7047343,-4.395843E-05,-0.09518272,-0.7030575,352.3122,7.783845,89.33971
11523,-0.7053789,0.0004056692,-0.09196672,-0.7028391,352.5392,7.485507,89.30459
11524,-0.705797,0.004163295,-0.0914166,-0.7024789,352.2811,7.141506,89.24761
11525,-0.7063357,0.002023816,-0.09017178,-0.7021076,352.5605,7.215318,89.18629
11526,-0.7061877,0.00038746,-0.09038815,-0.7022314,352.6752,7.363492,89.20615
11527,-0.7055374,-0.003263682,-0.09113342,-0.7027811,352.9065,7.712974,89.29694
11528,-0.7083625,-0.007051885,-0.08997527,-0.7000554,353.3396,7.948147,88.86089
11529,-0.7099031,-0.008211941,-0.08926979,-0.6985708,353.5081,7.996409,88.6238
11530,-0.7119368,-0.009440064,-0.08786774,-0.6966608,353.7431,7.995431,88.31962
11531,-0.719321,-0.009256154,-0.08923101,-0.6888612,353.7066,8.162407,87.07222
11532,-0.7399209,-0.003347725,-0.08574072,-0.667199,353.7159,7.593496,83.66557
11533,-0.7412825,-0.002960473,-0.08547974,-0.6657213,353.718,7.553987,83.4368
11534,-0.7444151,-0.002121657,-0.08496472,-0.662286,353.7202,7.47473,82.90664
11535,-0.7490961,-0.006029844,-0.08326524,-0.6571801,354.2374,7.663022,82.13453
11536,-0.7517655,-0.004228354,-0.08366382,-0.654088,354.0829,7.586683,81.65838
11537,-0.7589818,-0.006815016,-0.08283687,-0.6457852,354.454,7.768923,80.40921
11538,-0.7625751,-0.007580131,-0.08197784,-0.6416396,354.627,7.778896,79.78973
11539,-0.7662784,-0.008579642,-0.08116013,-0.6373045,354.8192,7.809119,79.14594
11540,-0.7673784,-0.007385522,-0.08039081,-0.6360921,354.7825,7.661977,78.96212
11541,-0.7686853,-0.007046878,-0.08031276,-0.6345259,354.7738,7.641024,78.72798
11542,-0.7682759,-0.0120728,-0.07976907,-0.6350145,355.2529,7.953928,78.8203
11543,-0.7684025,-0.01330084,-0.07853311,-0.634991,355.452,7.933082,78.82364
11544,-0.769062,-0.01490137,-0.07695964,-0.6343492,355.715,7.912673,78.73751
11545,-0.7694654,-0.01327732,-0.07682872,-0.6339118,355.5854,7.785757,78.66517
11546,-0.769857,-0.01539856,-0.07625547,-0.6334574,355.8194,7.890803,78.60833
11547,-0.7709109,-0.0174199,-0.07583427,-0.6321726,356.0422,8.006177,78.42871
11548,-0.7948609,-0.01335153,-0.07601088,-0.6018642,355.9704,7.888574,73.98765
11549,-0.7976807,-0.01324412,-0.0749824,-0.598254,356.0671,7.804333,73.47083
11550,-0.7996076,-0.01118916,-0.07540044,-0.5956656,355.875,7.715792,73.09005
11551,-0.8048353,-0.01177758,-0.07629582,-0.588456,355.938,7.87524,72.06516
11552,-0.8075413,-0.01382136,-0.07488364,-0.5848749,356.2575,7.897644,71.57066
11553,-0.8153937,-0.01436791,-0.07714236,-0.5735642,356.2696,8.197556,69.97923
11554,-0.8170949,-0.01498407,-0.07497457,-0.5714107,356.4915,8.042582,69.685
11555,-0.8179348,-0.01301444,-0.07614413,-0.5701013,356.2427,8.030558,69.48923
11556,-0.8231429,-0.014808,-0.08236963,-0.5616333,356.0926,8.777164,68.31173
11557,-0.829349,-0.01757789,-0.08023787,-0.5526602,356.587,8.788677,67.09491
11558,-0.8407364,-0.01157844,-0.08020833,-0.5353456,356.1922,8.487339,64.69189
11558,-0.8410115,-0.01046163,-0.08005634,-0.5349591,356.0976,8.406116,64.63317
11559,-0.8429749,-0.009098202,-0.08236462,-0.5315325,355.8585,8.564545,64.1562
11560,-0.8543464,-0.006060988,-0.08253312,-0.513073,355.737,8.490864,61.65679
11561,-0.8722266,0.004680231,-0.0847244,-0.4816854,354.8487,8.27185,57.44643
11561,-0.8727878,0.001652867,-0.0882903,-0.4800453,354.9715,8.807769,57.23528
11562,-0.872162,0.0002130717,-0.08900356,-0.481053,355.0663,8.952909,57.37259
11563,-0.8736235,0.002314135,-0.09319967,-0.4775883,354.66,9.284254,56.89475
11564,-0.8985364,0.02132894,-0.09582496,-0.4277793,353.0898,8.921596,50.37706
11565,-0.8982579,0.01504391,-0.1012743,-0.427376,353.4776,9.798491,50.32896
11566,-0.9141517,0.02629113,-0.1026637,-0.3912745,352.6224,9.701856,45.71674
11567,-0.9183719,0.03037272,-0.1085804,-0.3793164,352.0586,10.25914,44.17031
11568,-0.940897,0.04669188,-0.1019846,-0.3195808,351.1963,9.43929,36.79242
11569,-0.9386783,0.04629496,-0.1106493,-0.3232595,350.8831,10.37397,37.17574
11570,-0.9457943,0.05247094,-0.1123689,-0.3001557,350.4034,10.58107,34.32383
11571,-0.9441392,0.05436338,-0.1202475,-0.3019708,349.9053,11.37809,34.46419
11572,-0.9541102,0.06172171,-0.1201035,-0.2672814,349.5148,11.50898,30.23946
11573,-0.9677631,0.07776455,-0.1218272,-0.2062661,348.4178,12.00246,22.84192
11574,-0.9681748,0.08038489,-0.1257136,-0.2009282,348.1019,12.45999,22.14518
11575,-0.9767413,0.09169427,-0.1244055,-0.1486341,347.5197,12.76707,15.90329
11576,-0.9771359,0.1003081,-0.1301056,-0.1349685,346.6353,13.50373,14.13924
11577,-0.9810014,0.1082278,-0.1338196,-0.08952846,346.3315,14.49309,8.682827
11578,-0.9824075,0.11865,-0.1333702,-0.05486645,345.655,14.89462,4.508354
11579,-0.982285,0.1251259,-0.138177,-0.01915428,345.4567,15.99135,0.1805896
11580,-0.9817463,0.1317762,-0.1371412,-0.001232542,344.9846,16.16823,357.9991
11581,-0.9804595,0.1383308,-0.1332664,0.04247509,344.9338,16.42719,352.8517
11582,-0.9765519,0.1460129,-0.1410753,0.07158744,344.6342,17.90438,349.1799
11583,-0.9743438,0.1497508,-0.138384,0.09528259,344.6065,18.01707,346.3746
11584,-0.9633514,0.1646429,-0.1356267,0.1626422,344.1512,19.10562,338.1505
11585,-0.9607774,0.172158,-0.1373255,0.1685531,343.47,19.62071,337.2216
11586,-0.947184,0.1794928,-0.1284245,0.2326633,343.7239,19.90432,329.5239
11587,-0.9345239,0.1868039,-0.12505,0.2759202,343.7316,20.53985,324.1343
11588,-0.9281642,0.1908204,-0.1294131,0.2921496,343.8228,21.48332,321.9674
11589,-0.9151763,0.1955164,-0.1253073,0.3294296,344.0199,21.8743,317.2986
11590,-0.9081342,0.200902,-0.125752,0.3451337,343.8538,22.46688,315.1543
11591,-0.8971683,0.2054509,-0.1247308,0.370569,343.9661,23.03532,311.8267
11592,-0.8868082,0.2069416,-0.1238692,0.3942119,344.373,23.42505,308.8078
11593,-0.8784472,0.2075533,-0.1185924,0.413749,344.5431,23.22657,306.3639
11594,-0.8535632,0.2113775,-0.1135561,0.4624441,345.1777,23.75066,299.9705
11595,-0.8260853,0.2164528,-0.1057037,0.5094684,345.5277,24.08825,293.5699
11596,-0.8356064,0.2131203,-0.1066855,0.4949344,345.4891,23.70838,295.6615
11597,-0.8339575,0.2171396,-0.1139544,0.4943478,345.5518,24.70649,295.503
11598,-0.8085015,0.2210989,-0.1078157,0.534618,345.9814,25.04652,289.9223
11599,-0.8051457,0.2189541,-0.1063589,0.540821,346.2588,24.84237,289.1806
11600,-0.8026972,0.2161335,-0.1072699,0.545396,346.7047,24.78427,288.6776
11601,-0.8008363,0.2166961,-0.1058763,0.5481735,346.6441,24.73811,288.275
11602,-0.7994368,0.2163178,-0.1110355,0.5493438,347.0635,25.21461,288.104
11603,-0.7985091,0.2148656,-0.115859,0.5502663,347.5471,25.57236,288.0205
11604,-0.7968819,0.2159511,-0.1164697,0.5520682,347.5507,25.73922,287.7177
11605,-0.7957282,0.2172838,-0.1197835,0.5525002,347.6761,26.16057,287.5791
11606,-0.7555872,0.2124349,-0.1060192,0.6105074,348.9553,25.31017,279.637
11607,-0.7548679,0.2113501,-0.1056201,0.6118415,349.0567,25.20305,279.495
11608,-0.7534692,0.2073507,-0.1103415,0.6140967,349.8082,25.32125,279.343
11609,-0.7526039,0.2080381,-0.1071685,0.6154856,349.5592,25.1144,279.1151
11610,-0.7469748,0.2073102,-0.1083577,0.6223422,349.9307,25.24474,278.1408
11611,-0.7446215,0.2059884,-0.1107903,0.6251665,350.3144,25.38243,277.7818
11612,-0.7390486,0.2051744,-0.1128676,0.6316421,350.7534,25.57113,276.8584
11613,-0.733285,0.2016785,-0.1134181,0.6393398,351.3296,25.41184,275.8722
11614,-0.7229053,0.2011958,-0.1147862,0.6509628,351.8683,25.61024,274.1439
11614,-0.7188756,0.2052809,-0.1093374,0.6550748,351.2633,25.54065,273.3335
11615,-0.7170758,0.1990122,-0.1098394,0.6588868,351.9134,25.08709,273.0411
11616,-0.7163428,0.1956159,-0.1137287,0.6600405,352.5232,25.1366,273.0157
11617,-0.7181006,0.1953853,-0.1149365,0.6579863,352.5674,25.19947,273.3392
11618,-0.7206569,0.1922043,-0.1219672,0.6548551,353.2646,25.49905,273.952
11619,-0.710795,0.1890699,-0.1143167,0.6677984,353.333,24.69945,272.1115
11620,-0.7150794,0.1902142,-0.1154305,0.6626884,353.1629,24.8458,272.8475
11621,-0.7158954,0.1875821,-0.1202335,0.6617029,353.7158,25.0202,273.1099
11622,-0.7168511,0.1886254,-0.1194293,0.6605162,353.5312,25.03046,273.2469
11623,-0.7172963,0.1866498,-0.1216504,0.6601887,353.8494,25.0497,273.3804
11624,-0.7137212,0.1819048,-0.1236428,0.6650003,354.5364,24.85581,272.8428
11625,-0.716769,0.1844247,-0.125342,0.6606961,354.3326,25.17975,273.3954
11626,-0.7133819,0.1830513,-0.124161,0.6649532,354.4883,24.99524,272.802
11627,-0.7094129,0.1821296,-0.1243297,0.6694061,354.7238,24.96266,272.1553
11628,-0.6960971,0.1784691,-0.1223839,0.6845582,355.3594,24.58805,269.9459
11629,-0.6927974,0.1803586,-0.122269,0.6874248,355.3078,24.75788,269.4157
11630,-0.6946343,0.1792698,-0.1238044,0.6855786,355.4518,24.77932,269.7522
11631,-0.6955923,0.1776411,-0.1242245,0.684955,355.5864,24.67113,269.9173
11632,-0.6949624,0.1776047,-0.1250148,0.6854601,355.6717,24.7359,269.8393
11633,-0.6954614,0.1770585,-0.1256461,0.6849796,355.7479,24.73857,269.9372
11634,-0.6945929,0.1750932,-0.12761,0.6860021,356.0919,24.73839,269.8557
11635,-0.6952422,0.1737719,-0.1281146,0.6855861,356.218,24.66559,269.9742
11636,-0.6960717,0.1739393,-0.1293043,0.6844778,356.2653,24.77241,270.1418
11637,-0.7022811,0.1736645,-0.1348365,0.6770976,356.484,25.1736,271.3066
11638,-0.7050037,0.1765773,-0.1358091,0.67331,356.2104,25.4812,271.7774
11638,-0.7060166,0.1744821,-0.1370991,0.6725329,356.4473,25.41065,271.9815
11639,-0.7059951,0.1727083,-0.1397162,0.6724749,356.7926,25.48252,272.0605
11640,-0.703729,0.1704498,-0.139537,0.6754568,357.0538,25.29127,271.6876
11641,-0.7036613,0.1696761,-0.1409765,0.6754233,357.2286,25.34745,271.7227
11642,-0.7003949,0.1701481,-0.1442441,0.6780047,357.5501,25.66916,271.303
11643,-0.7011981,0.1723098,-0.1438662,0.6767077,357.3098,25.81354,271.4199
11644,-0.7007233,0.1677589,-0.14685,0.6777013,357.9332,25.68767,271.4424
11645,-0.7019944,0.1687287,-0.1465003,0.6762191,357.7786,25.73479,271.6353
11646,-0.7022637,0.16514,-0.1502413,0.6760045,358.3487,25.75152,271.8055
11647,-0.7013199,0.1644404,-0.1493911,0.6773421,358.3799,25.62502,271.6243
11648,-0.7021923,0.1628202,-0.1510262,0.6764663,358.6057,25.62706,271.8209
11649,-0.7021053,0.1609932,-0.1494784,0.6773372,358.6492,25.34776,271.7535
11649,-0.7019042,0.160153,-0.1479719,0.6780752,358.6161,25.15317,271.6698
11650,-0.7000649,0.1600276,-0.1501324,0.6795298,358.8528,25.3266,271.4478
11651,-0.680031,0.1585687,-0.1474443,0.7004814,359.4786,25.00514,268.187
11652,-0.6789318,0.1572201,-0.1474469,0.7018496,359.6269,24.89214,268.0159
11653,-0.6773083,0.1554546,-0.1482551,0.7036391,359.8885,24.80917,267.7908
11654,-0.6681237,0.1544514,-0.1535815,0.711455,0.6960143,25.15223,266.5573
11655,-0.6662087,0.1540405,-0.1563901,0.712727,1.013075,25.34205,266.3635
11656,-0.6693649,0.1543365,-0.1561745,0.7097468,0.8637007,25.35361,266.8399
11658,-0.6699461,0.1518848,-0.1609648,0.7086563,1.411235,25.53577,267.103
11659,-0.6695129,0.1506945,-0.1618306,0.7091225,1.589112,25.50454,267.0682
11660,-0.6694221,0.1474436,-0.1640461,0.7093825,2.025193,25.40969,267.1365
11661,-0.6683248,0.1486306,-0.1633729,0.710324,1.915662,25.4526,266.9428
11662,-0.6688547,0.1455759,-0.1667553,0.7096717,2.403962,25.47205,267.1514
11663,-0.6674873,0.1446917,-0.1663221,0.7112399,2.48914,25.35724,266.9248
11664,-0.6669902,0.1434917,-0.1669816,0.7117946,2.653639,25.30785,266.8735
11665,-0.6647257,0.1424652,-0.1682444,0.7138188,2.911388,25.31619,266.5749
11666,-0.6639261,0.1410487,-0.1703535,0.714344,3.215416,25.36563,266.5338
11667,-0.6879857,0.1334726,-0.1665973,0.6936183,2.720019,24.5104,270.1238
11668,-0.675813,0.1351401,-0.1670419,0.7050613,3.031831,24.64065,268.2355
11669,-0.674858,0.1358381,-0.1662401,0.7060305,2.946204,24.6289,268.0569
11670,-0.6734486,0.1348506,-0.1700386,0.7066607,3.36459,24.85582,267.9846
11671,-0.6448188,0.1380251,-0.1710053,0.7320623,4.150164,25.07042,263.6719
11672,-0.6446657,0.1362201,-0.1678983,0.7332533,4.047939,24.66331,263.5282
11672,-0.6466151,0.1394335,-0.1782511,0.7284737,4.553093,25.78783,264.2292
11673,-0.6472864,0.138656,-0.1785859,0.7279438,4.617345,25.75157,264.3429
11674,-0.6486965,0.1372266,-0.1786363,0.7269462,4.685206,25.64031,264.5555
11675,-0.6496404,0.1353393,-0.1781696,0.7265716,4.764603,25.44499,264.6772
11676,-0.6501662,0.1337199,-0.1785627,0.7263047,4.904864,25.34075,264.7712
11677,-0.6497301,0.1337223,-0.1784826,0.726714,4.913107,25.33175,264.7024
11678,-0.6494154,0.1324047,-0.1819424,0.7263784,5.298623,25.49954,264.7961
11679,-0.6494343,0.1325131,-0.1823603,0.7262369,5.322201,25.54329,264.8163
11680,-0.6493199,0.1322589,-0.1824425,0.726365,5.352507,25.5274,264.8023
11681,-0.6489415,0.1307912,-0.1835551,0.7266886,5.567781,25.48991,264.7907
11682,-0.6483538,0.1307299,-0.1842304,0.7270533,5.645436,25.53605,264.7306
11683,-0.6482232,0.1293001,-0.185313,0.7271503,5.846876,25.50115,264.7554
11684,-0.6453917,0.1288922,-0.1847693,0.7298745,5.931819,25.40057,264.3074
11685,-0.64323,0.1285982,-0.1872614,0.7311983,6.223902,25.56338,264.089
11686,-0.643081,0.1289905,-0.1879037,0.7310954,6.248937,25.64889,264.0944
11687,-0.6430444,0.1285366,-0.1888562,0.7309622,6.360514,25.68764,264.1293
11688,-0.6438447,0.1256836,-0.1914499,0.7300785,6.759699,25.66167,264.3584
11689,-0.6441451,0.1258231,-0.1913942,0.729804,6.734221,25.67161,264.4011
11690,-0.643975,0.1261008,-0.1907341,0.7300791,6.66652,25.63959,264.3472
11691,-0.6429507,0.124629,-0.194126,0.7303406,7.082344,25.78459,264.3408
11692,-0.6440783,0.1253588,-0.1917286,0.7298551,6.798987,25.65868,264.4052
11693,-0.6331491,0.1172509,-0.1901737,0.741086,7.665848,24.72992,262.701
11694,-0.6415513,0.1137788,-0.190674,0.7342409,7.701462,24.54981,263.9695
11695,-0.6535722,0.1087243,-0.1838333,0.7261046,7.171869,23.66116,265.4854
11696,-0.6537683,0.1050065,-0.1845269,0.7262992,7.512567,23.40435,265.5413
11697,-0.6524445,0.1024799,-0.1841237,0.727951,7.72053,23.14281,265.3213
11698,-0.6544944,0.09861118,-0.1848352,0.7264633,8.017238,22.8938,265.6594
11699,-0.6565151,0.0976662,-0.1844338,0.7248681,7.998183,22.80071,265.9497
11700,-0.663994,0.09637567,-0.184267,0.7182406,7.857535,22.75414,267.0886
11701,-0.6691915,0.09436679,-0.1859751,0.7132258,7.989148,22.785,267.9634
11702,-0.6538823,0.0954394,-0.190552,0.725961,8.734406,23.09878,265.8077
11703,-0.6499648,0.09571046,-0.1905057,0.7294471,8.830439,23.07407,265.2104
11704,-0.6564293,0.09516206,-0.1950326,0.7225007,9.02631,23.48408,266.3934
11705,-0.6622509,0.09483376,-0.1951863,0.71717,8.879448,23.53657,267.2936
11706,-0.6622792,0.09353128,-0.1965857,0.7169325,9.090235,23.54806,267.3601
11707,-0.6623476,0.09184742,-0.1982979,0.7166156,9.354176,23.55548,267.4472
11708,-0.6590092,0.09244278,-0.2031671,0.7182509,9.788321,23.98451,267.158
11709,-0.6587782,0.09512258,-0.2085093,0.71658,9.991256,24.66919,267.377
11710,-0.6634125,0.09198987,-0.2095552,0.7123963,10.16702,24.55938,268.1404
11711,-0.6703619,0.09184936,-0.2136964,0.7046365,10.25398,25.00516,269.4237
11712,-0.6680677,0.09057632,-0.2154047,0.7064576,10.56357,25.02127,269.1506
11713,-0.6638579,0.09163937,-0.2165583,0.7099278,10.70839,25.15347,268.5543
11713,-0.6652858,0.09254399,-0.2207835,0.7071671,10.90173,25.62384,268.9906
11714,-0.6643802,0.09032109,-0.2234409,0.7074711,11.31138,25.66518,268.9864
11715,-0.6652024,0.08900937,-0.2247299,0.7064558,11.48462,25.68492,269.1812
11716,-0.6655643,0.08935681,-0.2251392,0.7059405,11.47407,25.75569,269.2591
11717,-0.6646031,0.08877432,-0.2267043,0.7064185,11.67131,25.83432,269.1917
11718,-0.6625552,0.08733863,-0.2322578,0.706717,12.2717,26.18673,269.17
11719,-0.6618689,0.08276165,-0.231731,0.7080826,12.62767,25.75121,269.0334
11720,-0.6671155,0.07902938,-0.230838,0.7038645,12.68048,25.45007,269.8037
11721,-0.6738675,0.07724488,-0.2293362,0.6980982,12.47964,25.27876,270.7855
11722,-0.6691722,0.07738128,-0.2289756,0.7027026,12.60572,25.17952,270.026
11723,-0.6728889,0.07478079,-0.2362301,0.6970108,13.21887,25.69938,271.0105
11724,-0.674196,0.07338369,-0.2383069,0.6951867,13.43756,25.80299,271.335
11725,-0.6722389,0.06982473,-0.2384622,0.6973917,13.81132,25.49566,271.0349
11726,-0.6723403,0.06853381,-0.2378427,0.6976336,13.86872,25.33565,271.0164
11727,-0.6724081,0.06676924,-0.2349089,0.6987325,13.79711,24.92144,270.8632
11728,-0.6767013,0.06875712,-0.2406328,0.6924188,13.89724,25.69511,271.8689
11729,-0.6769935,0.06761205,-0.2422528,0.6916807,14.09777,25.76171,272.0097
11730,-0.6768419,0.0672034,-0.2438881,0.691294,14.25421,25.88082,272.0809
11731,-0.6764432,0.06631655,-0.2468698,0.6907113,14.55521,26.08538,272.1931
11732,-0.6775621,0.06659228,-0.246845,0.6895962,14.48969,26.12657,272.3705
11733,-0.6768743,0.06484577,-0.2485036,0.6898422,14.77783,26.13241,272.3606
11734,-0.6784421,0.06424698,-0.2506623,0.6875736,14.92306,26.32256,272.7423
11735,-0.6799471,0.06346717,-0.252969,0.6853106,15.09475,26.51313,273.1255
11736,-0.6867641,0.06150129,-0.2543741,0.6781347,15.10128,26.63357,274.3186
11737,-0.6972072,0.05131695,-0.248529,0.6704493,15.17066,25.49047,275.6923
11738,-0.6998701,0.05188575,-0.2480537,0.6678019,14.99145,25.54279,276.103
11739,-0.7025641,0.05098978,-0.2505102,0.6641148,15.13463,25.77297,276.7047
11740,-0.7084648,0.0491097,-0.2469438,0.6593062,14.83511,25.4014,277.478
11741,-0.7130294,0.04750499,-0.2481114,0.6540437,14.88065,25.49271,278.3255
11742,-0.7151651,0.04506475,-0.2508491,0.6508324,15.19257,25.63106,278.8681
11743,-0.717382,0.04642779,-0.2499562,0.6486367,14.93058,25.68943,279.1848
11744,-0.7185436,0.04462647,-0.2468844,0.6486539,14.84191,25.27305,279.198
11745,-0.7198604,0.0473606,-0.247501,0.6467623,14.59368,25.56383,279.4513
11746,-0.7279332,0.0449172,-0.2506274,0.6366175,14.6974,25.87108,281.0504
11747,-0.7275621,0.04370376,-0.2527715,0.6362783,14.95567,25.99391,281.129
11748,-0.7319316,0.04445729,-0.2540073,0.6306982,14.79281,26.26856,281.9677
11749,-0.7374436,0.04080859,-0.2494233,0.6263385,14.61121,25.65773,282.6595
11750,-0.7380702,0.0395011,-0.2481465,0.6261913,14.62343,25.44781,282.6954
11751,-0.7472028,0.03192115,-0.2442226,0.6172719,14.70251,24.71245,284.1168
11752,-0.744353,0.03555638,-0.2475744,0.6191779,14.69374,25.24862,283.7986
11753,-0.7461172,0.03726143,-0.2467868,0.6172659,14.42209,25.32444,284.0543
11754,-0.7416557,0.04101139,-0.2492986,0.6213816,14.41754,25.74945,283.3973
11755,-0.7421933,0.0386692,-0.2499488,0.6206284,14.64626,25.66396,283.5482
11756,-0.7461722,0.03843004,-0.251818,0.615092,14.62145,25.9276,284.3837
11757,-0.7496786,0.03467077,-0.2475671,0.6127729,14.56161,25.3034,284.7617
11758,-0.7534749,0.03201538,-0.2443157,0.6095578,14.45405,24.8669,285.2575
11759,-0.7580183,0.02758464,-0.2426311,0.6047956,14.57606,24.49073,286.0097
11760,-0.7607222,0.02974561,-0.2423336,0.6014079,14.25432,24.66575,286.4739
11761,-0.7642611,0.02900043,-0.2434729,0.5964771,14.24828,24.81308,287.2084
11762,-0.7678118,0.02769297,-0.2442115,0.5916579,14.26773,24.88289,287.9293
11763,-0.7708254,0.02741271,-0.2459318,0.5870216,14.26894,25.11384,288.6118
11764,-0.7737126,0.02704102,-0.2456264,0.583357,14.16598,25.12204,289.1412
11765,-0.7771204,0.02625072,-0.2452043,0.5790248,14.07305,25.10251,289.7693
11766,-0.7793921,0.02498543,-0.2448227,0.5761818,14.07418,25.03169,290.1904
11767,-0.7825476,0.02354392,-0.2447902,0.5719639,14.07394,25.00782,290.81
11768,-0.7856253,0.02167287,-0.243618,0.5683078,14.0546,24.83403,291.3467
11769,-0.7872865,0.02037135,-0.2447897,0.5655468,14.17024,24.9167,291.7628
11770,-0.7901034,0.01964909,-0.2448643,0.5615978,14.12161,24.9452,292.329
11771,-0.7901313,0.01993605,-0.2443873,0.5617564,14.06769,24.9121,292.2993
11772,-0.7922729,0.019732,-0.2431693,0.5592703,13.92954,24.81735,292.6423
11773,-0.7934749,0.01883897,-0.2440349,0.557216,14.00838,24.88383,292.9487
11774,-0.7952089,0.01870799,-0.2421805,0.5555551,13.84734,24.71509,293.1695
11775,-0.7930189,0.02056497,-0.2430581,0.5582301,13.81265,24.87394,292.7746
11776,-0.7925367,0.01776394,-0.2436573,0.5587497,14.13041,24.7548,292.7472
11777,-0.7898771,0.01801518,-0.2445531,0.5621064,14.26873,24.80484,292.2791
11778,-0.7894582,0.01720861,-0.2440384,0.5629433,14.33486,24.68921,292.1694
11779,-0.7899787,0.01523119,-0.2434789,0.562512,14.46893,24.51828,292.2537
11780,-0.7933707,0.0152967,-0.2431283,0.557869,14.29979,24.56527,292.9019
11781,-0.7947575,0.01414123,-0.2431291,0.5559217,14.34995,24.52765,293.1904
11781,-0.7959241,0.01285625,-0.2439665,0.5539135,14.46612,24.56858,293.495
11782,-0.7978392,0.01379481,-0.2437166,0.5512393,14.28115,24.64457,293.8527
11783,-0.7983973,0.01188967,-0.241366,0.5515097,14.31461,24.28628,293.8242
11784,-0.8000364,0.008218437,-0.2389956,0.5502323,14.46899,23.84581,294.0335
11785,-0.8006129,0.005043715,-0.2379884,0.5498683,14.69351,23.55887,294.117
11786,-0.8016674,0.0005068183,-0.2357625,0.5493136,14.96343,23.06968,294.2316
11787,-0.8023882,0.0007776022,-0.2366589,0.5478735,14.9556,23.20252,294.4363
11788,-0.8057038,-0.003916591,-0.2339967,0.5441247,15.12692,22.7172,294.9903
11789,-0.8073641,-0.002236605,-0.2363784,0.5406326,15.02255,23.12192,295.4753
11790,-0.8094394,-0.001839221,-0.2368831,0.5372999,14.92367,23.25512,295.9358
11791,-0.8124626,-0.004206061,-0.2359074,0.5331368,14.97374,23.08917,296.5297
11792,-0.8145275,-0.007245451,-0.2349721,0.530359,15.13192,22.86554,296.939
11793,-0.8188273,-0.01069757,-0.2322168,0.5248647,15.14625,22.4789,297.7074
11794,-0.821533,-0.01208185,-0.2299337,0.5216016,15.05338,22.22035,298.1487
11795,-0.8245322,-0.01241112,-0.2304592,0.5166056,14.98581,22.34282,298.8379
11796,-0.8304557,-0.01458132,-0.2327008,0.505946,15.05145,22.64045,300.327
11797,-0.834349,-0.01592951,-0.2273316,0.5019249,14.76104,22.07117,300.8339
11798,-0.8388771,-0.01830713,-0.2245331,0.4955148,14.66895,21.75569,301.6942
11799,-0.8480203,-0.02697486,-0.2192064,0.4817493,14.88949,20.96556,303.5694
11800,-0.852303,-0.02691321,-0.2199414,0.4737946,14.73155,21.17926,304.6296
11801,-0.8551784,-0.02794512,-0.2192616,0.4688427,14.67847,21.13582,305.2864
11802,-0.8566325,-0.02950777,-0.2198341,0.4658145,14.79482,21.16875,305.7071
11803,-0.8573163,-0.03057797,-0.2169467,0.4658411,14.74724,20.80544,305.6851
11804,-0.8591008,-0.03240757,-0.2150244,0.4633144,14.76947,20.54993,306.0157
11805,-0.8617387,-0.03623953,-0.2151196,0.4580577,15.04232,20.45864,306.7439
11806,-0.8628256,-0.03618117,-0.2136304,0.4567112,14.92597,20.32358,306.9037
11807,-0.8664434,-0.03708296,-0.2145023,0.4493212,14.8934,20.4963,307.8866
11808,-0.8667266,-0.03622089,-0.2135308,0.4493081,14.754,20.43275,307.8692
11809,-0.8680021,-0.03724229,-0.2105343,0.4481751,14.67674,20.07856,307.9948
11810,-0.8688209,-0.03810436,-0.2092416,0.44712,14.67429,19.91484,308.1267
11811,-0.8693663,-0.0381889,-0.2098404,0.4457702,14.68362,19.99744,308.3094
11812,-0.8672716,-0.04027334,-0.2093666,0.4498709,14.96516,19.77925,307.7902
11813,-0.8639092,-0.03997901,-0.2078369,0.4570193,15.01354,19.50942,306.8366
11814,-0.864115,-0.04134642,-0.2067214,0.4570145,15.09412,19.32257,306.837
11815,-0.8636498,-0.04132345,-0.2059177,0.458257,15.07625,19.21638,306.6653
11816,-0.8644112,-0.0416045,-0.2051593,0.4571346,15.04026,19.14004,306.8067
11817,-0.8644843,-0.04118422,-0.2043362,0.4574031,14.95938,19.06782,306.7593
11818,-0.8650146,-0.04204421,-0.2026698,0.4570638,14.95164,18.85237,306.7931
11819,-0.8650924,-0.04377674,-0.2016336,0.4572121,15.07721,18.65343,306.7762
11820,-0.8648999,-0.04345682,-0.2018076,0.4575297,15.06042,18.68249,306.7339
11821,-0.8650336,-0.04298042,-0.201488,0.4574628,14.99327,18.67281,306.7356
11822,-0.8644989,-0.04325254,-0.2019575,0.4582405,15.06257,18.69663,306.6406
11823,-0.8640443,-0.04341689,-0.1993091,0.4602373,14.98032,18.37113,306.3515
11824,-0.8634077,-0.04296502,-0.201157,0.4606701,15.04198,18.58405,306.3107
11825,-0.8633234,-0.04298542,-0.2010529,0.4608718,15.04276,18.56848,306.2833
11826,-0.8633651,-0.04324883,-0.2016939,0.4604889,15.09585,18.63051,306.3424
11827,-0.863516,-0.04196437,-0.201484,0.4604164,14.95183,18.67303,306.3399
11828,-0.862877,-0.03996812,-0.2025829,0.4613091,14.82584,18.8749,306.2183
11829,-0.8622794,-0.04061578,-0.2035287,0.4619535,14.95651,18.93311,306.1487
11830,-0.8621383,-0.039846,-0.2039227,0.4621098,14.9025,19.01098,306.126
11831,-0.8618474,-0.03725462,-0.2049268,0.4624243,14.69905,19.24221,306.0735
11832,-0.8618429,-0.03635442,-0.2057425,0.4621421,14.64493,19.3789,306.1111
11833,-0.8607153,-0.03381753,-0.2060097,0.464312,14.44912,19.4987,305.8063
11834,-0.8600022,-0.03140736,-0.2060145,0.4657984,14.23758,19.59616,305.589
11835,-0.8595088,-0.03073423,-0.2068026,0.4664042,14.22556,19.70437,305.5108
11836,-0.8590671,-0.02715176,-0.2066191,0.4675202,13.87754,19.84774,305.3279
11837,-0.8585778,-0.02532364,-0.2071044,0.4683063,13.73674,19.97958,305.2109
11838,-0.8583011,-0.02315687,-0.2093472,0.4679281,13.63112,20.33337,305.259
11839,-0.8587272,-0.01956551,-0.2103467,0.466861,13.29755,20.63672,305.3687
11840,-0.8579507,-0.01812358,-0.2109804,0.4680593,13.21472,20.7592,305.2011
11841,-0.8578011,-0.01603602,-0.2123571,0.4677873,13.0727,21.01492,305.2247
11842,-0.857796,-0.01318298,-0.2128561,0.4676586,12.80917,21.21378,305.2112
11843,-0.8579333,-0.01095007,-0.2119199,0.4678895,12.5387,21.22391,305.1451
11844,-0.8581322,-0.007751614,-0.2122712,0.4674294,12.22477,21.4292,305.1669
11845,-0.8582439,-0.006407559,-0.2128904,0.4669626,12.11194,21.5691,305.215
11846,-0.8578922,-0.002549097,-0.2131342,0.4675345,11.75159,21.78265,305.0898
11847,-0.8576639,-0.001598343,-0.2137309,0.4676853,11.6925,21.89214,305.0616
11848,-0.8596969,-0.00407818,-0.2124652,0.4645033,11.794,21.67365,305.4998
11849,-0.860123,-0.0007467568,-0.2142172,0.4629245,11.51458,22.04715,305.6715
11850,-0.8606807,-0.003000021,-0.2149403,0.4615415,11.74591,22.02893,305.889
11851,-0.8606619,-0.002698854,-0.2154216,0.461354,11.73684,22.09759,305.9128
11852,-0.8613024,-0.001865953,-0.2150511,0.4603345,11.60744,22.11263,306.0298
11853,-0.8622692,-0.0001096576,-0.2126294,0.4596529,11.28331,21.95089,306.0733
11854,-0.8626603,-0.001475513,-0.2127118,0.4588777,11.40618,21.9013,306.194
11855,-0.8632603,-0.001958147,-0.2113471,0.4583778,11.36944,21.73831,306.2548
11856,-0.8636795,-0.002965465,-0.2111739,0.4576621,11.44429,21.67881,306.3603
11857,-0.8641639,-0.003007382,-0.2105536,0.4570328,11.40001,21.61853,306.4372
11858,-0.8645462,-0.003602609,-0.2104511,0.4563522,11.43808,21.58666,306.5327
11859,-0.8649635,-0.004283726,-0.2102356,0.4556544,11.47849,21.5388,306.6307
11860,-0.8656957,-0.006578729,-0.2072896,0.4555862,11.55257,21.11262,306.6473
11861,-0.8658652,-0.007518783,-0.2056506,0.4559924,11.57033,20.88657,306.5941
11862,-0.8658777,-0.007714108,-0.2046877,0.4563982,11.54849,20.76932,306.5365
11863,-0.8658866,-0.009295598,-0.2028971,0.4571508,11.63095,20.49103,306.445
11864,-0.8656572,-0.00993143,-0.2013321,0.4582625,11.63757,20.27897,306.2964
11865,-0.8658969,-0.01127084,-0.201735,0.457601,11.77957,20.26374,306.402
11866,-0.8657209,-0.01153627,-0.2034049,0.4571881,11.88587,20.43352,306.4725
11867,-0.8660008,-0.01106068,-0.2039872,0.4564093,11.8506,20.52916,306.5722
11868,-0.8660729,-0.0102969,-0.201662,0.4573231,11.67061,20.30789,306.4253
11869,-0.8657115,-0.01097418,-0.200124,0.4586653,11.68792,20.09365,306.2473
11870,-0.8651714,-0.0126287,-0.1986531,0.4602783,11.81331,19.83416,306.0458
11871,-0.8646022,-0.01329887,-0.1986614,0.4613241,11.90509,19.78781,305.9178
11872,-0.8648998,-0.01138473,-0.199187,0.4605902,11.723,19.94895,305.9949
11873,-0.8649455,-0.01176561,-0.1988242,0.4606516,11.74349,19.89063,305.9885
11874,-0.8645275,-0.01297666,-0.1977687,0.4618566,11.83646,19.7024,305.8376
11874,-0.8640198,-0.01371166,-0.1969753,0.4631228,11.89635,19.56482,305.6748
11875,-0.8640932,-0.01325433,-0.196565,0.4631732,11.82911,19.54379,305.6597
11876,-0.8641464,-0.01140139,-0.1966949,0.4630685,11.64641,19.65228,305.653
11877,-0.8642057,-0.01056404,-0.1971686,0.4627759,11.58075,19.74833,305.685
11878,-0.8642046,-0.01042813,-0.1962231,0.4631827,11.52517,19.65002,305.623
11879,-0.8640535,-0.00977391,-0.1962204,0.4634799,11.46555,19.67898,305.5767
11880,-0.8641483,-0.009155542,-0.1960478,0.4633888,11.39175,19.69313,305.5798
11881,-0.8639364,-0.009496361,-0.1960738,0.4637661,11.436,19.67389,305.535
11882,-0.8635637,-0.007674828,-0.1974773,0.4638984,11.33085,19.91259,305.5068
11883,-0.8636531,-0.007502824,-0.1964529,0.4641696,11.26427,19.80971,305.4615
11884,-0.8637182,-0.007267356,-0.1966766,0.4639577,11.24783,19.84789,305.4879
11885,-0.8638179,-0.007304803,-0.1965603,0.4638205,11.24223,19.8354,305.5053
11886,-0.8638161,-0.005945548,-0.1960691,0.4640511,11.08376,19.84951,305.4549
11887,-0.8645774,-0.003186569,-0.1970156,0.462256,10.81587,20.11055,305.6601
11888,-0.8643197,-0.002285555,-0.197335,0.462607,10.75023,20.1856,305.6052
11889,-0.8650173,-0.00545679,-0.1876663,0.4652921,10.60748,18.97452,305.226
11890,-0.8639452,-0.006942749,-0.1950489,0.4642269,11.13318,19.68918,305.4366
11890,-0.8662115,-0.00246489,-0.1919235,0.4613426,10.4487,19.62037,305.7322
11891,-0.8670285,-0.003126651,-0.1910893,0.4601486,10.44437,19.51274,305.8892
11892,-0.868374,-0.003241464,-0.1898488,0.4581196,10.3451,19.39927,306.1442
11893,-0.8698126,-0.002140939,-0.1900581,0.4553016,10.18295,19.50812,306.4955
11894,-0.8734684,-0.002688423,-0.190044,0.4482513,10.08281,19.55762,307.4097
11895,-0.8802863,-0.007778391,-0.1870978,0.4359244,10.18432,19.13422,309.031
11896,-0.8828248,-0.009309307,-0.1856553,0.4313535,10.17196,18.95814,309.6219
11897,-0.8858691,-0.01126763,-0.1825047,0.4263811,10.11337,18.58395,310.2545
11898,-0.8893225,-0.01314461,-0.1815751,0.4194798,10.1202,18.47313,311.1448
11899,-0.891053,-0.01599877,-0.180595,0.4161181,10.30041,18.27501,311.5964
11900,-0.8921011,-0.01640067,-0.1796415,0.4142652,10.25914,18.17468,311.8277
11901,-0.9063944,-0.01947778,-0.1796359,0.3818392,9.932807,18.39077,315.9232
11902,-0.9083484,-0.02313519,-0.1755031,0.3789019,10.0802,17.82002,316.2991
11903,-0.9093572,-0.02452201,-0.174134,0.3770222,10.13122,17.63383,316.5374
11904,-0.9115084,-0.02482259,-0.171399,0.3730396,9.96981,17.36456,317.012
11905,-0.9154468,-0.03126225,-0.1705958,0.3631493,10.43624,17.12809,318.3004
11906,-0.9300654,-0.0382085,-0.1660725,0.3254819,10.322,16.78114,322.9509
11907,-0.9328387,-0.03955455,-0.1655975,0.3175296,10.3092,16.76753,323.9272
11908,-0.9471612,-0.05066679,-0.1654079,0.2701094,10.6807,16.91821,329.759
11909,-0.9456679,-0.04933465,-0.1594666,0.2790139,10.50348,16.18535,328.6208
11910,-0.9480442,-0.05305132,-0.1590646,0.2703631,10.75445,16.12856,329.694
11911,-0.9576961,-0.05879075,-0.1542011,0.2357626,10.67962,15.80426,333.8268
11912,-0.9597678,-0.05942702,-0.1526456,0.228065,10.58526,15.69435,334.7289
11913,-0.9754603,-0.07210597,-0.1447967,0.1493719,10.59876,15.39517,344.0245
11914,-0.9758416,-0.07623713,-0.1487136,0.1407321,10.99062,15.89087,345.1258
11915,-0.9782813,-0.07637265,-0.1447357,0.1272188,10.73426,15.57204,346.6533
11916,-0.979642,-0.0781574,-0.1426817,0.117622,10.76012,15.417,347.7676
11917,-0.9820189,-0.08105458,-0.139237,0.09839758,10.75416,15.19584,349.9949
11918,-0.9848504,-0.08609976,-0.1381108,0.05985168,10.72662,15.44927,354.5037
11919,-0.9854631,-0.08710207,-0.136724,0.05081671,10.69422,15.38044,355.5443
11920,-0.9857601,-0.08723104,-0.1362279,0.04593264,10.63154,15.3737,356.1033
11921,-0.9859194,-0.08985974,-0.1369213,0.03377765,10.74502,15.58254,357.5501
11922,-0.9870162,-0.09439772,-0.1299495,-0.001170482,10.72177,15.14764,1.565596
11923,-0.9866631,-0.09301218,-0.1326934,-0.01540037,10.33809,15.60955,3.209266
11923,-0.9867156,-0.09512997,-0.1307448,-0.01577443,10.57996,15.39852,3.266128
11924,-0.9861479,-0.09797639,-0.1300707,-0.0315403,10.66308,15.50571,5.119621
11925,-0.9858568,-0.09916952,-0.1296159,-0.03810005,10.69945,15.53206,5.88973
11926,-0.9857817,-0.09816261,-0.127658,-0.04798037,10.44453,15.39695,6.988773
11927,-0.985651,-0.1000011,-0.1245281,-0.05463268,10.57519,15.11989,7.752525
11928,-0.9834616,-0.1057791,-0.1297748,-0.06908526,10.96028,15.95527,9.577127
11929,-0.9833035,-0.1029999,-0.1248369,-0.08319366,10.47398,15.49138,11.10068
11930,-0.980973,-0.1085754,-0.1225576,-0.1043226,10.80388,15.53654,13.61888
11931,-0.9802372,-0.1096619,-0.1179556,-0.1148733,10.82964,15.13495,14.81087
11932,-0.9786887,-0.1097422,-0.1215276,-0.1239202,10.64291,15.64723,15.89913
11933,-0.9780072,-0.1113879,-0.1188329,-0.1302826,10.77266,15.43549,16.63981
11934,-0.9765818,-0.1110354,-0.1195456,-0.140243,10.56434,15.61661,17.79703
11935,-0.9755169,-0.1119073,-0.1199341,-0.1464899,10.55602,15.74609,18.54395
11936,-0.9752356,-0.1127652,-0.1198635,-0.1477579,10.63337,15.77028,18.70756
11937,-0.9750462,-0.1137167,-0.1186473,-0.1492533,10.73932,15.66713,18.88754
11938,-0.9793926,-0.1073211,-0.1187185,-0.1232002,10.42607,15.2681,15.74067
11939,-0.9803568,-0.1041239,-0.1202311,-0.1166339,10.14332,15.31682,14.93671
11940,-0.9812875,-0.1039301,-0.1222528,-0.1064323,10.25022,15.44442,13.774
11940,-0.982564,-0.0994143,-0.1243575,-0.09602237,9.873856,15.51149,12.51122
11941,-0.9844928,-0.09487852,-0.1300243,-0.06975639,9.710752,15.85279,9.461077
11942,-0.9877446,-0.088052,-0.1268707,-0.02261729,9.683575,14.96891,3.898628
11943,-0.9878933,-0.08123192,-0.131326,-0.01488807,9.008824,15.37657,2.945455
11944,-0.9878122,-0.06621202,-0.1356766,0.03788338,8.110916,15.40777,356.7065
11945,-0.9869348,-0.05971497,-0.1372501,0.05963663,7.714664,15.43831,354.1313
11946,-0.9843389,-0.05441049,-0.142181,0.08888786,7.607899,15.82117,350.7388
11947,-0.9813852,-0.04512179,-0.1421196,0.1210343,7.063333,15.66875,346.9115
11948,-0.9798337,-0.03583229,-0.147227,0.1302544,6.233078,16.31043,345.7496
11949,-0.9761589,-0.02122646,-0.1513636,0.1541182,5.054114,16.86364,342.8058
11950,-0.9699121,-0.01615476,-0.1499484,0.1911162,5.086091,16.6081,338.4488
11951,-0.9681785,-0.0107019,-0.1529596,0.1977864,4.659231,17.03279,337.6062
11952,-0.9604371,0.003644012,-0.1511738,0.2338673,3.652762,17.01877,333.1762
11953,-0.9578139,0.01376561,-0.1520424,0.243488,2.732397,17.35549,331.8908
11954,-0.9547914,0.01986022,-0.156235,0.2521306,2.341672,17.97584,330.7857
11955,-0.9528672,0.02792504,-0.1530981,0.2604332,1.520004,17.84346,329.6657
11956,-0.9505327,0.03571595,-0.1552645,0.2666554,0.854076,18.31558,328.7966
11957,-0.9400982,0.03932041,-0.1543595,0.3014009,1.095453,18.2996,324.6241
11958,-0.937462,0.04425241,-0.1529318,0.3095459,0.6708863,18.30971,323.5621
11959,-0.9339908,0.04924841,-0.1535116,0.3188575,0.3381343,18.55222,322.3562
11960,-0.9313018,0.05389279,-0.1540916,0.32562,-0.001736149,18.7905,321.4564
11961,-0.9299443,0.0528238,-0.1506071,0.3312569,0.08783029,18.36741,320.8012
11962,-0.9290907,0.05605625,-0.1511364,0.3328755,359.797,18.55171,320.5436
11963,-0.9317322,0.05474228,-0.1501446,0.3260908,359.7657,18.39061,321.3837
11964,-0.932057,0.0538694,-0.1518259,0.3245254,359.8925,18.54113,321.5881
11965,-0.932172,0.05299638,-0.1520339,0.3242417,359.9879,18.53058,321.6391
11966,-0.9322003,0.05452952,-0.1520214,0.3239117,359.8177,18.5877,321.6485
11967,-0.9321901,0.05547035,-0.1521446,0.3237236,359.7186,18.63713,321.6524
11968,-0.9322833,0.05533119,-0.1513685,0.3238426,359.7061,18.54673,321.6411
11969,-0.9319756,0.05616239,-0.1531582,0.3237434,359.684,18.77476,321.636
11970,-0.931766,0.05606455,-0.1545481,0.3237034,359.7466,18.92347,321.6425
11971,-0.9318336,0.05657533,-0.1533176,0.3240051,359.6513,18.80815,321.5964
11972,-0.9318472,0.05642234,-0.1514092,0.3248885,359.612,18.59338,321.4943
11973,-0.9311405,0.05814038,-0.1525743,0.3260648,359.4972,18.78777,321.3186
11974,-0.9313136,0.05595492,-0.1519373,0.3262504,359.7087,18.63374,321.3403
11975,-0.9312137,0.05451049,-0.1521721,0.3266701,359.8796,18.60391,321.3185
11976,-0.9310962,0.05652232,-0.1515816,0.3269377,359.6482,18.61688,321.2467
11977,-0.9310447,0.05607568,-0.1507121,0.3275625,359.6744,18.50462,321.1809
11978,-0.9357524,0.05230822,-0.1513553,0.3142018,359.8405,18.42929,322.8527
11979,-0.9370402,0.05086866,-0.1529278,0.3098082,359.967,18.54915,323.4044
11980,-0.9373405,0.05010942,-0.1533819,0.3087978,0.04519494,18.5716,323.5394
11981,-0.939918,0.04977846,-0.1488196,0.3031981,359.8091,18.05583,324.2124
11982,-0.9401662,0.04571834,-0.1473134,0.3038028,0.2029847,17.74485,324.2165
11983,-0.9405019,0.04437064,-0.1453209,0.3039234,0.2791176,17.47702,324.2264
11984,-0.9407254,0.0430723,-0.1441994,0.3039522,0.3793613,17.30718,324.246
11985,-0.9503715,0.04048508,-0.1479773,0.2706614,0.1805811,17.64893,328.2346
11986,-0.9531001,0.04056419,-0.1477872,0.2609864,359.9895,17.63099,329.3707
11987,-0.9525045,0.0386624,-0.1485369,0.2630159,0.2568514,17.6562,329.1669
11988,-0.9550842,0.0369703,-0.1446826,0.2559579,0.1974313,17.17526,330.0249
11989,-0.9552578,0.03652693,-0.1464275,0.2543769,0.269881,17.35784,330.2185
11990,-0.9547832,0.03532041,-0.1447578,0.2572684,0.4031672,17.13388,329.9001
11991,-0.9558791,0.03440441,-0.1401028,0.2558962,0.3398013,16.58608,330.0753
11992,-0.9638036,0.03207885,-0.1425801,0.22299,0.1004079,16.8068,333.9608
11992,-0.9640037,0.03043642,-0.1414137,0.2230978,0.2530482,16.63239,333.976
11993,-0.9662387,0.02933914,-0.1413539,0.2134036,0.2081932,16.59994,335.1216
11994,-0.9701806,0.02604788,-0.1404046,0.1958514,0.2552292,16.41792,337.2109
11995,-0.976069,0.02050247,-0.1389368,0.1660295,0.3501685,16.14308,340.7424
11996,-0.9792068,0.01975773,-0.1440292,0.1414899,0.1182317,16.71793,343.5734
11997,-0.9799179,0.01865068,-0.1395003,0.1412546,0.1637421,16.18071,343.618
11998,-0.984284,0.01628376,-0.138363,0.1085166,359.8839,16.01634,347.4008
11999,-0.984249,0.01463708,-0.1398696,0.1071278,0.06616491,16.16887,347.5859
12000,-0.9872704,0.01252713,-0.1397084,0.07497896,359.7831,16.12539,351.2832
