frame,quat_w,quat_x,quat_y,quat_z,euler_x,euler_y,euler_z
14001,-0.9754648,-0.1666385,-0.1325693,0.05590707,19.87219,14.78526,356.0436
14002,-0.9752815,-0.1666953,-0.1339535,0.05563455,19.8802,14.95849,356.1062
14003,-0.9755155,-0.1657195,-0.1335668,0.05538001,19.76223,14.91569,356.1141
14004,-0.9761425,-0.1638132,-0.1316244,0.05464537,19.52362,14.69354,356.1332
14005,-0.9754899,-0.1629829,-0.1363725,0.05708616,19.48415,15.21746,355.9294
14006,-0.9761289,-0.160952,-0.1345854,0.05615691,19.22845,15.01809,355.973
14007,-0.976263,-0.1574591,-0.1360632,0.06003384,18.89167,15.11816,355.4917
14008,-0.9761151,-0.1563431,-0.1373521,0.06237526,18.80525,15.22795,355.2236
14009,-0.9759367,-0.1551797,-0.1358385,0.07081599,18.7918,14.88339,354.1759
14010,-0.9726695,-0.1458881,-0.142163,0.1114469,18.39034,14.9023,349.353
14011,-0.9723345,-0.1449629,-0.1420484,0.1156455,18.34628,14.8154,348.8402
14012,-0.9725693,-0.1425795,-0.1415623,0.1172188,18.09084,14.74479,348.6152
14013,-0.9719278,-0.1398467,-0.1427908,0.124138,17.89618,14.78494,347.7834
14014,-0.9709428,-0.1381131,-0.143975,0.1321596,17.8337,14.79412,346.8315
14015,-0.9670106,-0.129907,-0.143865,0.165281,17.38549,14.27401,342.795
14016,-0.9631864,-0.1228945,-0.1505096,0.1857849,17.01759,14.80078,340.3915
14017,-0.9597692,-0.1190735,-0.1502731,0.2051403,16.87115,14.49987,338.032
14018,-0.9581085,-0.1131206,-0.1504779,0.2158435,16.36306,14.45541,336.6978
14019,-0.9565357,-0.1135219,-0.1509607,0.2221784,16.51438,14.39526,335.947
14020,-0.9531892,-0.1068206,-0.1529751,0.2379465,16.04786,14.51048,334.0235
14021,-0.9519938,-0.1003674,-0.1554286,0.2438776,15.48044,14.84925,333.2919
14022,-0.9500136,-0.09832174,-0.1575482,0.2509695,15.42005,15.03029,332.4503
14023,-0.9444088,-0.09006936,-0.1557119,0.2751972,14.82263,14.65246,329.4244
14024,-0.9431177,-0.09010579,-0.1542149,0.2804065,14.85931,14.39876,328.771
14025,-0.9424367,-0.08811811,-0.1568006,0.2818903,14.74352,14.72861,328.6112
14026,-0.9396158,-0.08166724,-0.1557655,0.2935811,14.17777,14.62297,327.1257
14027,-0.9372828,-0.07558246,-0.153523,0.3036761,13.5873,14.40936,325.8213
14028,-0.9325379,-0.07503249,-0.1558204,0.3169593,13.81093,14.49459,324.2201
14029,-0.9319543,-0.07155725,-0.1579174,0.3184382,13.52974,14.82522,324.0389
14030,-0.9293678,-0.06742544,-0.1579952,0.3267521,13.21328,14.85634,322.9884
14031,-0.9277422,-0.0655459,-0.1589761,0.3312473,13.117,14.96881,322.4328
14032,-0.9267952,-0.06144513,-0.1585745,0.3348573,12.71454,15.01879,321.9525
14033,-0.9260257,-0.05877142,-0.1610198,0.3362962,12.5416,15.36762,321.7807
14034,-0.9265742,-0.05864381,-0.159702,0.3354349,12.46334,15.2364,321.8713
14035,-0.9262495,-0.05509377,-0.1622497,0.3357107,12.18091,15.64326,321.8343
14036,-0.9239014,-0.0525353,-0.1596269,0.3437521,11.936,15.34086,320.7962
14037,-0.9239389,-0.05304168,-0.1600369,0.343383,12.00063,15.37259,320.8502
14038,-0.9273148,-0.05231445,-0.1613035,0.3336641,11.80997,15.662,322.0507
14039,-0.9308758,-0.05319123,-0.1597016,0.3242474,11.68872,15.56885,323.1944
14040,-0.9317977,-0.05328738,-0.1597962,0.3215254,11.65763,15.60949,323.5284
14041,-0.9333795,-0.05264993,-0.160693,0.3165572,11.53823,15.79172,324.1366
14042,-0.9334958,-0.05342057,-0.1607714,0.3160449,11.61637,15.78109,324.2072
14043,-0.9354842,-0.0519333,-0.1608133,0.3103414,11.36039,15.90308,324.886
14044,-0.9362408,-0.05169149,-0.1596971,0.3086715,11.26688,15.8052,325.0749
14045,-0.9363915,-0.05100721,-0.1594326,0.3084651,11.17955,15.80007,325.0904
14046,-0.936486,-0.05100183,-0.1595309,0.3081278,11.17678,15.81521,325.1322
14047,-0.9364522,-0.05100446,-0.1588164,0.3085988,11.15989,15.72939,325.0681
14048,-0.9361056,-0.05070378,-0.1585986,0.3098096,11.13953,15.70065,324.9161
14049,-0.935986,-0.05162217,-0.1582375,0.3102037,11.23345,15.62558,324.8738
14050,-0.9359443,-0.05255052,-0.1585513,0.3100131,11.34257,15.63278,324.9092
14051,-0.9361305,-0.05118167,-0.1573288,0.3103027,11.15504,15.53682,324.8485
14052,-0.9358861,-0.04977098,-0.1563541,0.3117585,10.99069,15.45697,324.6486
14053,-0.9351718,-0.04939631,-0.157169,0.3135467,11.0081,15.54015,324.4358
14054,-0.935443,-0.04909562,-0.155418,0.3136579,10.91477,15.35272,324.4025
14055,-0.9353287,-0.04887901,-0.1552846,0.3140988,10.89357,15.33996,324.3456
14056,-0.9356091,-0.04868128,-0.1542332,0.3138122,10.82989,15.23209,324.3685
14057,-0.936017,-0.04853451,-0.1535381,0.3129579,10.77544,15.16881,324.4641
14058,-0.9359742,-0.04863558,-0.1525234,0.3135662,10.76001,15.04507,324.3817
14059,-0.9360428,-0.04786742,-0.1522753,0.3136001,10.66807,15.04251,324.368
14060,-0.9360999,-0.04774958,-0.151244,0.3139462,10.62392,14.92728,324.3152
14061,-0.9360833,-0.04754659,-0.1513,0.3139997,10.60467,14.93972,324.3073
14062,-0.9361359,-0.04897615,-0.1516452,0.3134561,10.76404,14.93674,324.3899
14063,-0.9364102,-0.04912989,-0.1500455,0.3133826,10.72263,14.75356,324.3852
14064,-0.9366224,-0.04904302,-0.1509627,0.3123201,10.72917,14.87092,324.522
14065,-0.9366249,-0.04895422,-0.1501198,0.3127325,10.69601,14.77497,324.4631
14066,-0.9366342,-0.04891178,-0.1487014,0.313388,10.65107,14.61051,324.3699
14067,-0.936837,-0.04818375,-0.1471176,0.3136424,10.51921,14.45507,324.3178
14068,-0.9367906,-0.04848149,-0.1477944,0.3134165,10.57232,14.5232,324.3541
14069,-0.9370417,-0.0493442,-0.1490855,0.3119158,10.68908,14.65548,324.5561
14070,-0.9377731,-0.04969458,-0.1479675,0.3101903,10.66117,14.53808,324.7581
14071,-0.9385705,-0.05056057,-0.1480545,0.3075861,10.71876,14.54845,325.0824
14072,-0.9385061,-0.04785145,-0.1468935,0.3087702,10.40066,14.49426,324.9036
14073,-0.9380828,-0.04774834,-0.1465028,0.3102543,10.3983,14.43787,324.7192
14074,-0.9382031,-0.04723983,-0.1458748,0.3102643,10.32087,14.38441,324.7077
14075,-0.9385375,-0.04576451,-0.1447114,0.310019,10.11532,14.30592,324.7137
14076,-0.9385023,-0.04580678,-0.1451483,0.3099149,10.13376,14.35442,324.7306
14077,-0.9388676,-0.04344302,-0.1447797,0.3093207,9.854176,14.39768,324.7776
14078,-0.9389554,-0.04425195,-0.1454124,0.308642,9.954261,14.44861,324.8727
14079,-0.9389377,-0.04304601,-0.1456593,0.3087499,9.833151,14.51485,324.8505
14080,-0.9390402,-0.04074937,-0.1453623,0.30889,9.57465,14.55617,324.8092
14081,-0.9392753,-0.03782325,-0.1442,0.3090919,9.218213,14.52151,324.7468
14082,-0.9393718,-0.03645754,-0.1440582,0.309029,9.063596,14.55164,324.7398
14083,-0.9392056,-0.03608122,-0.1444226,0.309408,9.041298,14.60119,324.6932
14084,-0.939096,-0.03522825,-0.1435946,0.310223,8.931767,14.52979,324.5798
14085,-0.9398221,-0.03352329,-0.1447436,0.307669,8.747373,14.73788,324.8797
14086,-0.9398111,-0.03296596,-0.1449791,0.3076518,8.694715,14.78271,324.8778
14087,-0.9411975,-0.02948864,-0.1460136,0.3032457,8.283153,15.05105,325.3792
14088,-0.9421797,-0.02742648,-0.1482595,0.2992733,8.072241,15.40199,325.8495
14089,-0.9421562,-0.02579543,-0.1480552,0.2995933,7.892756,15.42913,325.7909
14090,-0.942508,-0.02468932,-0.1474954,0.2988548,7.741225,15.40829,325.8627
14091,-0.9491944,-0.02280971,-0.1461155,0.2777771,7.150543,15.47316,328.349
14092,-0.9481474,-0.02283973,-0.1466841,0.2810316,7.22445,15.51211,327.9655
14093,-0.9481513,-0.02185229,-0.1462463,0.2813249,7.107075,15.49083,327.9157
14094,-0.9521729,-0.02058651,-0.1481922,0.2664248,6.786382,15.852,329.6819
14095,-0.9531249,-0.02140818,-0.1492968,0.2623073,6.842047,15.98149,330.187
14096,-0.953901,-0.01845966,-0.1475099,0.2607164,6.438338,15.87379,330.3255
14097,-0.9542112,-0.01803938,-0.1465668,0.2601416,6.35469,15.78314,330.3824
14098,-0.9544136,-0.01727964,-0.1464471,0.259518,6.257391,15.79492,330.4454
14099,-0.9544672,-0.01664621,-0.1458643,0.2596904,6.173276,15.746,330.4134
14100,-0.9549147,-0.01496366,-0.1454284,0.2583888,5.954127,15.75207,330.5424
14101,-0.9551224,-0.01518687,-0.1461069,0.2572229,5.97962,15.82924,330.6867
14102,-0.9554248,-0.01392284,-0.1462945,0.2560619,5.827013,15.89239,330.8077
14103,-0.9547756,-0.01488345,-0.1447513,0.2592858,5.939866,15.67273,330.4317
14105,-0.953477,-0.01217881,-0.1442582,0.2644295,5.711339,15.66386,329.7855
14106,-0.9532529,-0.01096924,-0.1447023,0.265047,5.602062,15.74503,329.6986
14107,-0.9532424,-0.01020286,-0.1440708,0.2654592,5.505508,15.69401,329.6364
14108,-0.9530768,-0.008153886,-0.1445645,0.2658558,5.30222,15.80666,329.5642
14109,-0.947018,-0.003090322,-0.1455585,0.286287,5.117367,15.96319,327.0775
14110,-0.9459552,-0.001922727,-0.1462955,0.2894178,5.06689,16.06612,326.6923
14111,-0.9451023,-0.0002950132,-0.1446059,0.2930371,4.893704,15.91203,326.2313
14112,-0.945121,0.0007259846,-0.1415971,0.2944418,4.704222,15.60396,326.0372
14113,-0.9452746,0.001471117,-0.1420668,0.2937193,4.627325,15.68388,326.1151
14114,-0.9446748,0.001559719,-0.1422016,0.2955774,4.652733,15.69295,325.893
14115,-0.9411625,0.001722455,-0.1392673,0.3079207,4.733678,15.31394,324.4036
14116,-0.9390165,0.005414605,-0.1413665,0.3134237,4.49927,15.64738,323.7027
14117,-0.9370013,0.007430688,-0.1402899,0.3198317,4.347946,15.57082,322.9016
14118,-0.9336698,0.009848997,-0.1374251,0.3305722,4.155661,15.29712,321.5646
14119,-0.9318038,0.01149416,-0.1376008,0.335672,4.06895,15.35614,320.9268
14120,-0.9301829,0.01336838,-0.1391134,0.3394535,3.989576,15.57672,320.4486
14121,-0.9222223,0.01513429,-0.1384956,0.3606885,4.128476,15.48927,317.84
14122,-0.9199657,0.02203998,-0.1378789,0.3662881,3.465914,15.68379,317.0571
14123,-0.916603,0.02226508,-0.1383814,0.3744249,3.601141,15.71721,316.058
14124,-0.912463,0.02781413,-0.1386767,0.3839356,3.194581,15.95364,314.8081
14125,-0.9100299,0.02848445,-0.1370854,0.390182,3.160497,15.79199,314.0233
14126,-0.9054003,0.0322133,-0.1362891,0.4007967,2.918568,15.84098,312.6507
14127,-0.9036039,0.03433079,-0.1345539,0.4052367,2.694438,15.7411,312.0632
14128,-0.8999269,0.03795123,-0.1378784,0.4119236,2.59547,16.24312,311.1805
14129,-0.8981069,0.03944422,-0.1368513,0.4160769,2.46626,16.19434,310.636
14130,-0.8973061,0.04275747,-0.134707,0.4181721,2.058986,16.12214,310.3177
14131,-0.8958192,0.04412168,-0.1352175,0.4210435,1.995146,16.23542,309.9367
14132,-0.8952059,0.04519986,-0.1359782,0.4219877,1.939024,16.36563,309.8018
14133,-0.8949655,0.04518434,-0.1368207,0.4222267,1.986376,16.45283,309.7732
14134,-0.8947023,0.04774478,-0.1363145,0.4226659,1.707453,16.52349,309.675
14135,-0.8933583,0.04770052,-0.1354804,0.4257708,1.727147,16.42813,309.2848
14136,-0.8930183,0.04942054,-0.1349121,0.4264677,1.535964,16.45201,309.1677
14137,-0.8918593,0.04947716,-0.1350527,0.4288356,1.580272,16.46556,308.8691
14138,-0.8908073,0.04926695,-0.1349303,0.4310789,1.636387,16.43844,308.5899
14139,-0.8910916,0.04602732,-0.1304556,0.4322254,1.761739,15.80789,308.493
14142,-0.8976669,0.04277587,-0.1281861,0.4194435,1.761362,15.4351,310.1491
14143,-0.8980929,0.04227704,-0.1281276,0.4185992,1.795417,15.40651,310.2626
14144,-0.9072578,0.03536975,-0.1284949,0.3989003,2.196935,15.16302,312.8245
14145,-0.9108816,0.03536351,-0.1287881,0.3904584,2.071627,15.21304,313.8709
14146,-0.9141219,0.03219587,-0.1284014,0.3832207,2.266655,15.04801,314.8103
14147,-0.9173459,0.02877158,-0.1269693,0.3762016,2.449862,14.76353,315.7206
14148,-0.9202324,0.02728282,-0.1261215,0.3694882,2.463773,14.6265,316.5637
14149,-0.925373,0.02479164,-0.1269235,0.3563157,2.554324,14.64454,318.2098
14150,-0.9262836,0.02468376,-0.127395,0.3537798,2.545412,14.69795,318.5211
14151,-0.938917,0.01851034,-0.1276671,0.319051,2.676988,14.58546,322.8064
14152,-0.9396132,0.01786387,-0.1256777,0.3178258,2.654717,14.34724,322.9578
14153,-0.9405571,0.01785395,-0.1276419,0.3142315,2.672839,14.5724,323.3938
14154,-0.9500988,0.01212491,-0.1252566,0.2854402,2.778033,14.19497,326.902
14155,-0.9590019,0.006664127,-0.1307239,0.251361,3.034425,14.74016,331.0181
14156,-0.9638932,0.005314872,-0.1297436,0.2324833,2.870603,14.64957,333.2485
14157,-0.9660698,0.0009200126,-0.130527,0.2228702,3.233402,14.65565,334.4344
14158,-0.971682,-0.001492038,-0.1292372,0.1978125,3.097142,14.53261,337.3812
14159,-0.978035,-0.005318396,-0.1352745,0.1584938,3.054365,15.26564,341.9995
14160,-0.9816464,-0.009629931,-0.1353264,0.1340313,3.163321,15.27817,344.8745
14161,-0.9830304,-0.009266894,-0.1358801,0.1228894,2.958679,15.3803,346.1483
14162,-0.9869663,-0.01447653,-0.1381756,0.08121271,2.924439,15.70894,350.9955
14163,-0.9875844,-0.01739039,-0.1427661,0.06318676,3.003147,16.27061,353.1077
14164,-0.9888136,-0.01813828,-0.1409274,0.04536951,2.78902,16.10417,355.1405
14165,-0.9894398,-0.02556094,-0.1400034,0.0274694,3.340727,16.02846,357.2899
14166,-0.9896637,-0.02411645,-0.1409106,0.01133961,2.919342,16.184,359.1022
14167,-0.9898171,-0.03006476,-0.1381296,-0.01668746,3.147532,15.95392,2.372907
14168,-0.9894293,-0.03306635,-0.1388223,-0.02578631,3.340757,16.07441,3.457643
14169,-0.9892479,-0.03358538,-0.1380823,-0.03455318,3.262246,16.01943,4.460075
14170,-0.9869391,-0.03913509,-0.1393434,-0.07073466,3.298338,16.32281,8.672001
14171,-0.9861302,-0.0405019,-0.1377863,-0.08319775,3.264949,16.1971,10.10972
14172,-0.9843671,-0.04189003,-0.1406014,-0.09745742,3.15659,16.58305,11.76844
14173,-0.9840114,-0.04363616,-0.1387962,-0.1027293,3.288295,16.41452,12.39441
14174,-0.9812522,-0.04469921,-0.1407205,-0.1238705,3.030076,16.71676,14.8349
14175,-0.9792668,-0.04800742,-0.14147,-0.1368149,3.17086,16.89718,16.3779
14176,-0.9772053,-0.05057003,-0.1413706,-0.1500905,3.233072,16.9742,17.9464
14177,-0.9728692,-0.05166282,-0.1396306,-0.1770876,2.927291,16.87957,21.06719
14178,-0.9673208,-0.05511382,-0.1386299,-0.205024,2.853396,16.92738,24.35821
14179,-0.9660636,-0.05677041,-0.1384893,-0.2105211,2.945028,16.96977,25.02643
14180,-0.9630187,-0.05822632,-0.1384775,-0.2236714,2.877409,17.0454,26.58273
14181,-0.9564415,-0.06284295,-0.140825,-0.2478686,2.888875,17.51273,29.503
14182,-0.953728,-0.06237216,-0.1406686,-0.2583122,2.653703,17.50954,30.7181
14183,-0.943938,-0.06468104,-0.1410524,-0.2913789,2.287305,17.71155,34.6657
14184,-0.9370044,-0.07258596,-0.1424475,-0.3105847,2.725024,18.20328,37.1138
14185,-0.9275614,-0.07342224,-0.1469203,-0.3356391,2.153848,18.78812,40.1418
14186,-0.9230895,-0.07446413,-0.1442716,-0.3486354,2.113415,18.57161,41.72701
14187,-0.9173173,-0.07949698,-0.1415972,-0.3635375,2.458521,18.53428,43.63857
14188,-0.9146889,-0.08025892,-0.1418331,-0.3698463,2.402026,18.60933,44.42461
14189,-0.9060143,-0.08647284,-0.1439678,-0.3885021,2.569296,19.17131,46.85362
14190,-0.896517,-0.08466378,-0.1426371,-0.4107847,1.983907,18.99619,49.56652
14191,-0.8906926,-0.0872357,-0.1428358,-0.4226758,1.985918,19.17094,51.10852
14192,-0.8822354,-0.09208374,-0.1413561,-0.4395452,2.19005,19.30581,53.33913
14193,-0.8760071,-0.09098049,-0.1404031,-0.4523508,1.855346,19.17597,54.9351
14194,-0.8710772,-0.09340142,-0.1405769,-0.4612365,1.893471,19.34453,56.12531
14195,-0.86658,-0.09442835,-0.141471,-0.4691573,1.771589,19.509,57.16588
14196,-0.8667099,-0.09518595,-0.1412705,-0.4688245,1.864448,19.53053,57.14098
14197,-0.8677912,-0.0929749,-0.1412303,-0.4672775,1.683484,19.39934,56.88983
14198,-0.8657591,-0.09729443,-0.1404928,-0.4703796,2.080134,19.57358,57.39061
14199,-0.8643118,-0.09554921,-0.139592,-0.4736556,1.887181,19.39002,57.76923
14200,-0.8620355,-0.09741569,-0.1400013,-0.4772889,1.966169,19.54579,58.28324
14201,-0.8598257,-0.09957747,-0.1405522,-0.4806549,2.070222,19.73352,58.77174
14202,-0.857811,-0.101659,-0.1414753,-0.4835398,2.154284,19.95437,59.1981
14203,-0.855817,-0.1045582,-0.1405125,-0.486725,2.417656,20.03494,59.68312
14204,-0.8521935,-0.1063185,-0.1423091,-0.492149,2.357433,20.33406,60.43642
14205,-0.8483397,-0.1063783,-0.1393279,-0.4995909,2.365611,20.05844,61.40646
14206,-0.8399051,-0.109223,-0.139859,-0.5129029,2.292773,20.31958,63.23305
14207,-0.8341776,-0.1099057,-0.1405553,-0.521836,2.101401,20.45286,64.43683
14208,-0.8270061,-0.1137458,-0.1366303,-0.5333433,2.429794,20.34254,66.07262
14209,-0.8274762,-0.1131105,-0.1368065,-0.5327038,2.374896,20.31708,65.96999
14210,-0.821327,-0.1141171,-0.1378382,-0.5416642,2.18527,20.50576,67.20493
14210,-0.8183178,-0.1118698,-0.1356801,-0.547204,1.98287,20.16327,67.89339
14211,-0.8125076,-0.1099422,-0.1343612,-0.5564993,1.668338,19.9286,69.10885
14212,-0.8091787,-0.115178,-0.135415,-0.560024,1.990156,20.38733,69.73129
14213,-0.8080682,-0.1116417,-0.1323595,-0.5630658,1.797895,19.86477,70.05279
14214,-0.8009429,-0.1058844,-0.1287131,-0.5750757,1.236259,19.15004,71.56512
14215,-0.7916431,-0.1061263,-0.1259229,-0.5883723,1.137352,18.92434,73.43119
14216,-0.7835884,-0.1070356,-0.1216083,-0.5997868,1.252903,18.60579,75.06873
14217,-0.7765731,-0.1046857,-0.1233002,-0.6089109,0.7124609,18.60345,76.31667
14218,-0.7753302,-0.1048532,-0.1216009,-0.6108046,0.8046279,18.46242,76.5928
14219,-0.7686815,-0.1015793,-0.1183631,-0.6203231,0.5338699,17.939,77.89106
14220,-0.757831,-0.0970962,-0.1147662,-0.6348963,0.08226027,17.29185,79.92377
14221,-0.7595855,-0.09331962,-0.1127903,-0.6337191,359.932,16.83549,79.66615
14222,-0.7553467,-0.09191486,-0.1090286,-0.6396219,359.9645,16.39695,80.51024
14223,-0.7478716,-0.09094495,-0.1067207,-0.6488667,359.8588,16.11999,81.87097
14224,-0.7436868,-0.09089473,-0.1072665,-0.6535764,359.7124,16.16247,82.5793
14225,-0.741079,-0.08989432,-0.1042539,-0.6571546,359.7832,15.82331,83.10013
14226,-0.7366264,-0.0914025,-0.1034254,-0.6620653,359.8688,15.86676,83.87887
14227,-0.7384667,-0.08814928,-0.1031467,-0.660498,359.6525,15.59231,83.57247
14228,-0.7428931,-0.08799499,-0.1018827,-0.6557338,359.8353,15.47272,82.84576
14229,-0.7439698,-0.08764049,-0.1020661,-0.654531,359.8163,15.46183,82.6565
14230,-0.74269,-0.08775344,-0.09961373,-0.6563445,359.9763,15.25748,82.93343
14231,-0.7414156,-0.08662131,-0.09905013,-0.6580189,359.8906,15.12181,83.16468
14232,-0.7421104,-0.08140704,-0.09408772,-0.6586294,359.8217,14.2931,83.15632
14233,-0.7380924,-0.08292511,-0.09346241,-0.6630294,359.9127,14.35515,83.85579
14234,-0.7367792,-0.08487311,-0.09120393,-0.6645563,0.2203143,14.312,84.12698
14235,-0.7361286,-0.08390373,-0.08995518,-0.6655698,0.2168629,14.13022,84.26343
14236,-0.736656,-0.08514577,-0.09072599,-0.6647234,0.2767915,14.29221,84.1579
14237,-0.737649,-0.08564559,-0.09002137,-0.6636528,0.3934463,14.27002,84.00383
14238,-0.738354,-0.08549511,-0.08970279,-0.662931,0.4192839,14.23066,83.89048
14239,-0.7404686,-0.08430365,-0.08917096,-0.6607934,0.4011441,14.09185,83.54097
14240,-0.7422139,-0.08551526,-0.08904749,-0.6586928,0.5518439,14.17312,83.24482
14241,-0.7442454,-0.08117086,-0.08320445,-0.6577137,0.6516196,13.33465,83.01231
14242,-0.744621,-0.08135161,-0.08323145,-0.6572627,0.6728041,13.35044,82.9472
14243,-0.745644,-0.08367398,-0.08427754,-0.6556762,0.8173196,13.61709,82.75065
14244,-0.7452452,-0.08202931,-0.08240926,-0.6565742,0.8049357,13.33061,82.8553
14245,-0.7269176,-0.08669019,-0.08258432,-0.6762068,0.8219411,13.72897,85.95927
14246,-0.7262643,-0.08936819,-0.08137983,-0.676706,1.127048,13.83961,86.09065
14247,-0.723639,-0.08780712,-0.07873666,-0.6800274,1.145712,13.49868,86.57641
14248,-0.7233497,-0.08756486,-0.07895097,-0.6803414,1.103172,13.49789,86.62063
14249,-0.7223082,-0.08987936,-0.07896611,-0.6811439,1.275889,13.68454,86.79301
14250,-0.7230395,-0.09129515,-0.07901043,-0.6801739,1.406084,13.79922,86.67068
14251,-0.7226509,-0.08977625,-0.07959986,-0.6807202,1.225268,13.72871,86.72469
14252,-0.7223095,-0.08975932,-0.0793184,-0.6811176,1.238699,13.70444,86.78645
14253,-0.7237892,-0.0924271,-0.07835329,-0.6792991,1.56694,13.83244,86.55775
14254,-0.7227648,-0.08671525,-0.0707764,-0.6819695,1.651193,12.7487,86.85752
14255,-0.7194877,-0.08908784,-0.07371277,-0.6848119,1.560726,13.18949,87.35147
14256,-0.7177604,-0.0921472,-0.07381058,-0.6862078,1.775332,13.44621,87.63441
14257,-0.7162219,-0.09050465,-0.07197019,-0.6882265,1.752334,13.16612,87.91834
14258,-0.7140701,-0.08947787,-0.07019061,-0.6907758,1.765849,12.94212,88.30039
14259,-0.7145048,-0.09037864,-0.07013577,-0.6902144,1.852954,13.00897,88.22997
14260,-0.7152177,-0.09042832,-0.06987798,-0.6894953,1.890576,12.98983,88.11715
14261,-0.7150345,-0.09004629,-0.06929377,-0.689794,1.901168,12.91143,88.1565
14262,-0.7227045,-0.08581531,-0.06215501,-0.6829866,2.242909,11.95946,86.99803
14263,-0.723774,-0.08509299,-0.06199861,-0.6819581,2.213043,11.88566,86.82269
14264,-0.723645,-0.0865503,-0.06282425,-0.681836,2.26903,12.0705,86.83217
14265,-0.7257321,-0.08628482,-0.06100088,-0.6798139,2.424383,11.8904,86.51021
14266,-0.7268064,-0.08528069,-0.06153992,-0.6787434,2.31684,11.85236,86.32358
14267,-0.7276642,-0.08415923,-0.06152713,-0.677965,2.238131,11.75994,86.18057
14268,-0.7296733,-0.08402422,-0.05841044,-0.6760955,2.50109,11.48126,85.88618
14269,-0.7295982,-0.08370855,-0.06143752,-0.6759475,2.240271,11.71067,85.85786
14270,-0.7300456,-0.08237553,-0.06238946,-0.6755409,2.06209,11.68445,85.76971
14271,-0.7302177,-0.08251387,-0.06226051,-0.6753499,2.086653,11.68396,85.7426
14272,-0.7300663,-0.08574197,-0.0620431,-0.6751313,2.37388,11.91982,85.77029
14273,-0.7288136,-0.08756271,-0.06322601,-0.6761406,2.414841,12.16669,85.96326
14274,-0.7294061,-0.08722654,-0.06337881,-0.6755307,2.385252,12.15098,85.86179
14275,-0.7308294,-0.08720097,-0.06257451,-0.6740689,2.470156,12.07641,85.63414
14276,-0.7319556,-0.08735201,-0.05946243,-0.6731085,2.741288,11.82229,85.48734
14277,-0.7327518,-0.08690616,-0.06212321,-0.6720587,2.513824,12.00834,85.31673
14278,-0.7328135,-0.08595327,-0.06227934,-0.6720995,2.422018,11.94669,85.30441
14279,-0.7327462,-0.08661196,-0.06149492,-0.6721606,2.536754,11.93238,85.32654
14280,-0.7322462,-0.08785322,-0.05960986,-0.6727141,2.777618,11.87282,85.43622
14281,-0.7316698,-0.08734435,-0.05890137,-0.6734694,2.778668,11.77565,85.54298
14282,-0.7299374,-0.08780533,-0.05855799,-0.6753168,2.814034,11.79008,85.83881
14283,-0.7314603,-0.08819425,-0.05869704,-0.673604,2.862775,11.82604,85.58069
14284,-0.7322224,-0.09096077,-0.05676782,-0.6725727,3.258795,11.8776,85.47628
14285,-0.7326503,-0.09000269,-0.05581161,-0.6723156,3.258158,11.72003,85.41651
14286,-0.7323735,-0.08967388,-0.05602291,-0.6726434,3.209247,11.71331,85.46069
14287,-0.7325732,-0.08873254,-0.05667064,-0.6724966,3.083114,11.69307,85.41917
14288,-0.7325848,-0.08864406,-0.05638027,-0.6725202,3.09805,11.66165,85.42094
14289,-0.732751,-0.08826095,-0.05714503,-0.6723248,3.009788,11.69523,85.38327
14290,-0.7329773,-0.08899403,-0.05592799,-0.6720838,3.169191,11.64923,85.36023
14291,-0.7312775,-0.09237531,-0.05496746,-0.6735567,3.500461,11.84213,85.65754
14292,-0.7252987,-0.09121612,-0.05210206,-0.6803726,3.521337,11.54156,86.69482
14293,-0.7275949,-0.09002775,-0.05135542,-0.6781324,3.517644,11.37355,86.31999
14294,-0.7276628,-0.08943608,-0.05261326,-0.6780412,3.371551,11.43144,86.29414
14295,-0.7272289,-0.0957472,-0.05552104,-0.677413,3.671672,12.17549,86.32942
14296,-0.7309931,-0.09558097,-0.05444098,-0.6734611,3.807831,12.05163,85.71059
14297,-0.7336547,-0.09296075,-0.05380207,-0.6709802,3.681031,11.7777,85.27014
14298,-0.7342038,-0.09287873,-0.05310395,-0.6704464,3.737023,11.70953,85.18557
14299,-0.7357045,-0.09555647,-0.05364075,-0.6683791,3.95069,11.95572,84.92342
14300,-0.7395583,-0.09846833,-0.05743235,-0.6633695,3.982305,12.48081,84.21862
14301,-0.7414434,-0.09758317,-0.05835223,-0.6613127,3.871938,12.47942,83.88471
14302,-0.7414169,-0.099372,-0.05781791,-0.6611228,4.065836,12.57259,83.89497
14303,-0.7411937,-0.09909499,-0.05597413,-0.6615732,4.176847,12.39574,83.9566
14304,-0.7423791,-0.1010988,-0.05597377,-0.6599391,4.371824,12.5433,83.75179
14305,-0.7432109,-0.09855208,-0.05696455,-0.6593029,4.093033,12.4257,83.59827
14306,-0.7443131,-0.09892941,-0.05837867,-0.6578776,4.040229,12.5688,83.39024
14307,-0.7326223,-0.1018132,-0.05541375,-0.6706923,4.292607,12.61378,85.42087
14308,-0.7323376,-0.1007856,-0.05536652,-0.6711621,4.203454,12.53081,85.47007
14309,-0.7307364,-0.1008103,-0.05588841,-0.6728582,4.135848,12.58624,85.73371
14310,-0.7296268,-0.1044068,-0.05507496,-0.6735805,4.48288,12.80887,85.92891
14311,-0.729887,-0.1061878,-0.05540583,-0.6729929,4.613554,12.97552,85.88019
14312,-0.7303551,-0.1070567,-0.0562357,-0.6722782,4.63264,13.11044,85.7906
14313,-0.7322732,-0.1085466,-0.05298451,-0.6702136,5.045668,12.94203,85.50533
14314,-0.7326075,-0.1092882,-0.05233559,-0.6697787,5.165001,12.94351,85.45586
14315,-0.7324682,-0.1085358,-0.05228683,-0.6700571,5.101921,12.88121,85.48045
14316,-0.7330275,-0.1076138,-0.0527356,-0.6695588,4.999586,12.84219,85.38114
14317,-0.7343742,-0.1062883,-0.05237001,-0.6683224,4.939898,12.69755,85.15793
14318,-0.7366386,-0.104973,-0.04981324,-0.6662304,5.064669,12.36255,84.8025
14319,-0.737731,-0.1052689,-0.04779053,-0.6651223,5.264125,12.20665,84.63755
14320,-0.7373524,-0.1048128,-0.04786918,-0.6656084,5.212144,12.1806,84.70168
14321,-0.7374302,-0.1047222,-0.04617563,-0.665656,5.334867,12.02997,84.70575
14322,-0.7393032,-0.1045692,-0.04600945,-0.6636109,5.367977,11.9892,84.38745
14323,-0.742193,-0.1017451,-0.04496297,-0.6608905,5.25553,11.65842,83.90426
14324,-0.7445824,-0.102152,-0.04494196,-0.6581357,5.334222,11.66924,83.49234
14325,-0.7422683,-0.106192,-0.04494724,-0.6601068,5.641627,12.00102,83.88753
14326,-0.7408662,-0.1053258,-0.04460487,-0.6618415,5.567703,11.91642,84.13258
14327,-0.7399167,-0.1064503,-0.04472327,-0.6627154,5.638473,12.02177,84.2934
14328,-0.7404375,-0.1072837,-0.04278615,-0.6621269,5.866681,11.91811,84.22144
14329,-0.7400904,-0.1052726,-0.04217944,-0.6628763,5.733579,11.71328,84.28827
14330,-0.7403176,-0.1055388,-0.04268655,-0.6625476,5.721939,11.775,84.24446
14331,-0.7417823,-0.1040583,-0.04327774,-0.6611037,5.57537,11.69788,83.98878
14332,-0.7420555,-0.1058072,-0.04363844,-0.6604955,5.70368,11.86183,83.93687
14333,-0.7440423,-0.1047982,-0.04145065,-0.6585592,5.817098,11.58067,83.61511
14334,-0.7449794,-0.1054664,-0.0409857,-0.6574214,5.926398,11.58444,83.45652
14335,-0.746195,-0.1052143,-0.04309916,-0.6559464,5.766772,11.73468,83.2276
14336,-0.747583,-0.1060843,-0.04369977,-0.6541837,5.821999,11.84086,82.98033
14337,-0.7489629,-0.1049472,-0.04375374,-0.6527836,5.743757,11.74624,82.74107
14338,-0.7486575,-0.1101908,-0.04158151,-0.6524116,6.357616,11.96505,82.80746
14339,-0.7505109,-0.103827,-0.04186898,-0.6513068,5.814467,11.48534,82.4893
14340,-0.7511644,-0.1028787,-0.04312941,-0.6506212,5.649102,11.51557,82.36503
14341,-0.7529109,-0.1038671,-0.04311094,-0.648443,5.767698,11.57421,82.05826
14342,-0.753939,-0.1043922,-0.04320213,-0.6471567,5.825188,11.61295,81.8763
14343,-0.7544103,-0.1033614,-0.0426254,-0.6468112,5.785967,11.48075,81.79993
14344,-0.7546781,-0.1040205,-0.04262242,-0.6463932,5.848724,11.52813,81.75201
14345,-0.7552465,-0.1043214,-0.04338276,-0.6456299,5.828912,11.61159,81.64479
14346,-0.7559631,-0.1040192,-0.04424843,-0.6447805,5.751168,11.65725,81.51102
14347,-0.7565861,-0.1063353,-0.04422155,-0.643673,5.968124,11.82457,81.3982
14348,-0.7586514,-0.1107982,-0.04678199,-0.6402995,6.211879,12.36436,81.00205
14349,-0.7498243,-0.1088943,-0.04564589,-0.6510164,5.962104,12.20324,82.56859
14350,-0.7464792,-0.1106347,-0.04496354,-0.6546046,6.102438,12.30882,83.15516
14351,-0.7478213,-0.1126629,-0.04237932,-0.6528971,6.497786,12.23136,82.94313
14352,-0.756828,-0.1099951,-0.04227725,-0.6429037,6.438369,11.93076,81.36736
14353,-0.7592224,-0.108027,-0.04249394,-0.6403951,6.292678,11.77767,80.94416
14354,-0.7572876,-0.1102414,-0.04185838,-0.6423476,6.499444,11.90856,81.28925
14355,-0.7579073,-0.1108279,-0.04182804,-0.6415173,6.564848,11.94406,81.17882
14356,-0.7579354,-0.1108155,-0.04147884,-0.6415089,6.590004,11.91256,81.1768
14357,-0.7578688,-0.1087826,-0.04165298,-0.641924,6.396588,11.77481,81.19029
14358,-0.7578732,-0.1083492,-0.04176763,-0.6419846,6.349992,11.75199,81.18919
14359,-0.7550874,-0.1109165,-0.03978691,-0.6449478,6.671828,11.80263,81.6941
14360,-0.7556118,-0.1102397,-0.03873026,-0.644514,6.7001,11.65463,81.61092
14361,-0.7567309,-0.1071078,-0.03921068,-0.6436994,6.408927,11.44777,81.41415
14362,-0.7576708,-0.109071,-0.0386216,-0.6422982,6.642078,11.53575,81.24937
14363,-0.761562,-0.1116567,-0.0398193,-0.6371583,6.853123,11.79415,80.54353
14364,-0.7656153,-0.1068147,-0.03936937,-0.6331462,6.528925,11.35098,79.82948
14366,-0.766932,-0.1051562,-0.03824145,-0.631898,6.486314,11.11549,79.60407
14367,-0.7671139,-0.103334,-0.03759754,-0.6320165,6.373738,10.92197,79.57941
14368,-0.7678602,-0.1029103,-0.03693554,-0.631218,6.396754,10.82498,79.4504
14369,-0.7686561,-0.1026548,-0.03598878,-0.630345,6.456095,10.71483,79.31377
14370,-0.7624608,-0.1078876,-0.03706318,-0.6368989,6.736833,11.26189,80.41036
14371,-0.7587148,-0.1085857,-0.03652468,-0.6412699,6.772469,11.30649,81.08054
14372,-0.7573285,-0.1092286,-0.03619677,-0.6428162,6.829085,11.34105,81.32771
14373,-0.7536452,-0.1117745,-0.0363993,-0.6466844,6.972845,11.59053,81.97272
14374,-0.7539505,-0.1095155,-0.03663078,-0.6467018,6.762851,11.43539,81.92066
14375,-0.7536238,-0.1105113,-0.03700635,-0.646892,6.816485,11.54692,81.97396
14376,-0.7535288,-0.112427,-0.03643045,-0.646705,7.025693,11.64413,81.99198
14377,-0.7544725,-0.1115982,-0.03494456,-0.6458298,7.080225,11.44277,81.83743
14378,-0.7545373,-0.113217,-0.03435928,-0.6455036,7.267091,11.51463,81.82738
14379,-0.7679203,-0.1118531,-0.03676724,-0.6296315,7.208984,11.47225,79.42297
14380,-0.769707,-0.1089096,-0.03633988,-0.6279885,7.008401,11.19688,79.10847
14381,-0.770852,-0.1081901,-0.03664067,-0.6266897,6.942451,11.15775,78.90002
14382,-0.7719582,-0.1083182,-0.03754282,-0.6252508,6.908655,11.23477,78.69212
14383,-0.7853779,-0.1056555,-0.04174614,-0.608503,6.612489,11.2714,76.18958
14384,-0.7862381,-0.1074215,-0.0421761,-0.6070517,6.760045,11.42698,76.02034
14385,-0.7854263,-0.1088715,-0.0410454,-0.607921,6.956534,11.43795,76.17738
14386,-0.7850062,-0.1093198,-0.04131734,-0.6083646,6.97068,11.49924,76.2527
14387,-0.7876672,-0.1073334,-0.04409042,-0.6050755,6.645722,11.57761,75.73647
14388,-0.7874653,-0.1090815,-0.04297701,-0.6051056,6.879664,11.60396,75.77881
14389,-0.7868131,-0.1096145,-0.04218909,-0.6059126,6.97097,11.57831,75.90624
14390,-0.7854272,-0.11032,-0.04140383,-0.6076344,7.064112,11.57385,76.17043
14391,-0.7860296,-0.1078422,-0.04277208,-0.6072054,6.753119,11.51297,76.0535
14392,-0.785941,-0.105335,-0.04360691,-0.6077005,6.463735,11.4099,76.06979
14393,-0.7869141,-0.1025323,-0.0414907,-0.6070685,6.37255,11.00925,75.91188
14394,-0.7879392,-0.09790525,-0.03822255,-0.606717,6.194632,10.37484,75.75582
14395,-0.7891787,-0.09514526,-0.03651804,-0.6056492,6.081266,10.01268,75.54154
14396,-0.7898924,-0.09474963,-0.03590664,-0.6048168,6.099195,9.922298,75.41216
14397,-0.7900555,-0.09440422,-0.03547829,-0.604683,6.099932,9.857492,75.38509
14398,-0.790651,-0.09438369,-0.03424981,-0.6039784,6.192938,9.738857,75.28053
14399,-0.7899629,-0.09283584,-0.03496784,-0.6050765,5.990139,9.701329,75.40983
14400,-0.7901204,-0.09156191,-0.03518927,-0.6050521,5.860524,9.629784,75.38185
14401,-0.7905218,-0.09113693,-0.03466338,-0.6046221,5.864429,9.548315,75.31057
14402,-0.7904743,-0.09208885,-0.03411666,-0.6045711,5.988904,9.566501,75.32061
14403,-0.7899328,-0.09229982,-0.03409559,-0.6052474,6.001171,9.584813,75.42234
14404,-0.7897604,-0.09044641,-0.03488743,-0.605707,5.773655,9.527042,75.45437
14405,-0.7898633,-0.08945188,-0.03551805,-0.6056839,5.640368,9.512808,75.4332
14406,-0.7894113,-0.09009299,-0.03533068,-0.6061889,5.705008,9.545394,75.51803
14407,-0.7888426,-0.09340665,-0.03438091,-0.6064822,6.065392,9.699708,75.62311
14409,-0.7992439,-0.09306097,-0.04435772,-0.5920991,5.522032,10.48349,73.57086
14410,-0.7993691,-0.09192348,-0.04507449,-0.5920538,5.370085,10.46921,73.54344
14411,-0.7999875,-0.09205136,-0.0450981,-0.5911961,5.391248,10.47467,73.42384
14412,-0.8009905,-0.0924346,-0.04498026,-0.5897855,5.452532,10.48125,73.23043
14413,-0.8011664,-0.09225239,-0.04480371,-0.5895886,5.450601,10.45088,73.19852
14414,-0.7978694,-0.09222934,-0.0437049,-0.594128,5.46521,10.37865,73.84264
14415,-0.7959702,-0.08975455,-0.04365751,-0.5970508,5.206892,10.21884,74.21243
14416,-0.7960571,-0.09117669,-0.04316375,-0.5967554,5.373468,10.27225,74.19665
14417,-0.7958502,-0.0932357,-0.04319948,-0.5967105,5.557701,10.42104,74.23069
14418,-0.7944723,-0.09514681,-0.04335177,-0.5982322,5.699676,10.58133,74.48723
14419,-0.7930022,-0.09676558,-0.04315874,-0.5999346,5.836252,10.69131,74.76419
14420,-0.7934664,-0.09640428,-0.04349124,-0.5993546,5.788335,10.6917,74.67414
14421,-0.7939663,-0.09586006,-0.04538435,-0.5986391,5.617196,10.82092,74.56397
14422,-0.8070164,-0.09704651,-0.0518758,-0.5801859,5.534264,11.3767,71.97844
14423,-0.8090464,-0.0965004,-0.05117941,-0.5775052,5.568392,11.256,71.5884
14424,-0.8192747,-0.09837897,-0.05620968,-0.5620955,5.624494,11.75222,69.48653
14425,-0.8252681,-0.09653388,-0.05998138,-0.5531873,5.334536,11.92899,68.22659
14426,-0.8310372,-0.09901252,-0.06223026,-0.5437841,5.559912,12.24615,66.99387
14427,-0.8434479,-0.09843004,-0.06639415,-0.5239267,5.535925,12.48291,64.30074
14428,-0.8551144,-0.1003521,-0.0724014,-0.5034551,5.665655,13.06006,61.6246
14429,-0.8607379,-0.09882064,-0.07637477,-0.4934893,5.436188,13.29977,60.28838
14430,-0.8706242,-0.09815314,-0.08046025,-0.4752957,5.418178,13.55934,57.90708
14431,-0.8840772,-0.09403726,-0.08578804,-0.4496723,5.112946,13.72147,54.53452
14432,-0.8867035,-0.0931689,-0.0878275,-0.4442557,5.002006,13.85393,53.8316
14433,-0.8936489,-0.09269872,-0.08881059,-0.4300132,5.123383,13.85177,52.01537
14434,-0.9083008,-0.08873272,-0.09445509,-0.397737,4.936718,14.06801,47.90588
14435,-0.9111253,-0.08985536,-0.09723452,-0.3902849,5.039393,14.37598,47.01216
14436,-0.9229321,-0.08219245,-0.09886646,-0.3628584,4.586672,14.05897,43.49123
14437,-0.9300199,-0.07876475,-0.1017209,-0.344256,4.385661,14.13162,41.16893
14438,-0.9403394,-0.07386223,-0.1096274,-0.3135093,4.023907,14.66168,37.39467
14439,-0.9430071,-0.07327827,-0.1098483,-0.3054528,4.076994,14.63027,36.41927
14440,-0.9509994,-0.07140346,-0.114128,-0.2783463,4.14467,14.92145,33.17126
14441,-0.9545339,-0.06751528,-0.1159827,-0.2661856,3.850047,14.9481,31.66907
14442,-0.9580102,-0.06364038,-0.1159109,-0.2544232,3.609467,14.77219,30.21403
14443,-0.9614397,-0.06020942,-0.1214965,-0.2392641,3.304127,15.24054,28.39171
14444,-0.9656575,-0.05246716,-0.1270354,-0.220488,2.59702,15.59039,26.07923
14444,-0.9655811,-0.05395072,-0.125746,-0.2212025,2.783201,15.48696,26.18472
14445,-0.9685255,-0.04755416,-0.1253166,-0.209745,2.266397,15.24213,24.74198
14446,-0.9705436,-0.0476408,-0.1277948,-0.1986053,2.390701,15.49872,23.45528
14447,-0.9696546,-0.0447844,-0.1246904,-0.2054675,2.040798,15.09272,24.19813
14448,-0.9726774,-0.03679435,-0.1257212,-0.1916747,1.339864,14.9958,22.47197
14449,-0.973496,-0.03230865,-0.1268964,-0.1875076,0.8776103,15.02336,21.92048
14450,-0.9750856,-0.02493265,-0.1269032,-0.1802284,0.1650018,14.86077,20.96549
14451,-0.9766013,-0.01902692,-0.1268622,-0.1726094,359.62,14.73576,19.99732
14452,-0.975374,-0.01981073,-0.1241921,-0.1811891,359.6357,14.44506,21.00088
14453,-0.9758694,-0.01396666,-0.1251573,-0.1783805,359.0034,14.43579,20.59141
14454,-0.9750674,-0.008789405,-0.1266956,-0.1819743,358.3399,14.49985,20.9315
14455,-0.9745965,-0.006005138,-0.1277626,-0.1838546,357.9785,14.56029,21.10797
14456,-0.974489,-0.0004251972,-0.1274698,-0.1847228,357.3483,14.41003,21.13182
14457,-0.9748623,-0.0009384006,-0.1272275,-0.1829102,357.4373,14.39766,20.92959
14458,-0.9745666,0.001292594,-0.1276575,-0.1841793,357.1602,14.39768,21.04499
14459,-0.9734476,0.003903024,-0.1283389,-0.1895092,356.7759,14.40515,21.62536
14460,-0.9731607,0.003030613,-0.1286158,-0.1908066,356.8483,14.4508,21.78672
14461,-0.9712594,0.003831901,-0.1279035,-0.2007025,356.6299,14.32042,22.92723
14462,-0.9714035,0.002318248,-0.1296947,-0.1988694,356.7847,14.56307,22.72893
14463,-0.9712166,0.002694681,-0.1306171,-0.199174,356.7171,14.65847,22.75634
14464,-0.9704428,0.002598479,-0.1308353,-0.2027715,356.6691,14.6735,23.17502
14465,-0.9679028,0.001435272,-0.1335018,-0.2129307,356.5813,14.96814,24.3647
14466,-0.9666615,0.004488699,-0.1346424,-0.2177545,356.1402,15.00716,24.88102
14467,-0.9657233,0.002326153,-0.1366351,-0.2206899,356.2846,15.2737,25.24637
14468,-0.9643067,0.002950877,-0.1360517,-0.227143,356.1297,15.16782,25.99339
14469,-0.958942,0.001779042,-0.1351762,-0.249308,355.9393,15.01165,28.61131
14470,-0.9571807,0.002994739,-0.1347388,-0.2562065,355.7117,14.89948,29.40892
14471,-0.955619,0.008955002,-0.1342776,-0.2620722,354.9804,14.64993,30.02623
14472,-0.953432,0.009714432,-0.134352,-0.269857,354.7768,14.59556,30.93765
14473,-0.9507254,0.007988542,-0.1346838,-0.2791377,354.8145,14.6355,32.05864
14474,-0.9475527,0.01207063,-0.1329958,-0.2903627,354.2545,14.25681,33.35461
14475,-0.9397091,0.01331224,-0.1317689,-0.3152883,353.7936,13.9258,36.33625
14476,-0.933098,0.01368676,-0.1332625,-0.3337395,353.4257,13.95408,38.55561
14477,-0.9273998,0.01688242,-0.1348032,-0.3485296,352.8031,13.8958,40.31567
14478,-0.922469,0.0140107,-0.1349117,-0.3614601,352.9128,13.92275,41.92802
14479,-0.9208468,0.02147461,-0.1324833,-0.3660988,352.1515,13.3223,42.44432
14480,-0.9161283,0.02510895,-0.130953,-0.3780607,351.6614,12.90381,43.90454
14481,-0.9102452,0.02578345,-0.1310213,-0.391947,351.3936,12.75589,45.62914
14482,-0.9031072,0.02930409,-0.1312795,-0.4078045,350.793,12.47426,47.59541
14483,-0.8998324,0.03012027,-0.1293447,-0.4155291,350.6945,12.15258,48.58083
14484,-0.8944821,0.02972487,-0.1288186,-0.4271111,350.6064,11.99623,50.05933
14485,-0.8866314,0.02816087,-0.1326298,-0.4421552,350.3736,12.31509,51.96909
14486,-0.8852687,0.02826983,-0.1319299,-0.4450784,350.358,12.20492,52.34966
14487,-0.8783324,0.03184031,-0.1319878,-0.4583643,349.809,11.88324,54.05288
14488,-0.8724614,0.0291706,-0.1328661,-0.4693685,349.8849,11.98676,55.4942
14489,-0.8706421,0.03016537,-0.1336606,-0.4724483,349.6989,11.98079,55.88853
14490,-0.8713176,0.03153938,-0.133494,-0.4711587,349.5862,11.90616,55.71509
14491,-0.8708792,0.03136159,-0.1334563,-0.4719911,349.595,11.90181,55.82525
14492,-0.8700291,0.03410929,-0.1333718,-0.47339,349.3024,11.73083,55.99982
14493,-0.8696203,0.03433898,-0.1341136,-0.4739144,349.2315,11.78888,56.06285
14494,-0.87018,0.03489958,-0.1323692,-0.4733365,349.2777,11.58597,55.99722
14495,-0.8603086,0.03067271,-0.1332965,-0.4910809,349.4149,11.69346,58.35015
14496,-0.8576341,0.0298471,-0.1338005,-0.4956517,349.4069,11.73482,58.95806
14497,-0.8548332,0.03052631,-0.1334415,-0.5005215,349.2939,11.60027,59.60896
14498,-0.8545973,0.03098083,-0.1341044,-0.5007192,349.2077,11.63952,59.62991
14499,-0.8533915,0.03118294,-0.1344252,-0.5026733,349.1425,11.63613,59.88913
14500,-0.8525742,0.02822563,-0.1389448,-0.5030061,349.1692,12.25765,59.91352
14501,-0.8527133,0.02726994,-0.140313,-0.5024429,349.1927,12.45756,59.8326
14502,-0.8523111,0.02720857,-0.1409168,-0.5029593,349.1563,12.51586,59.89813
14503,-0.8521992,0.02650701,-0.141493,-0.5030246,349.1915,12.61314,59.90582
14504,-0.8497385,0.02390336,-0.1418371,-0.5072036,349.3678,12.74359,60.47475
14505,-0.836696,0.02028388,-0.1433575,-0.5281827,349.3167,12.84531,63.32008
14506,-0.8336385,0.01855713,-0.1432951,-0.5330752,349.4138,12.88072,63.99591
14507,-0.8327307,0.01669131,-0.144149,-0.5343242,349.5229,13.06201,64.17001
14508,-0.8291672,0.01676303,-0.1460671,-0.5393192,349.3183,13.1852,64.8447
14509,-0.8253589,0.01519641,-0.1436507,-0.5458173,349.5196,12.96051,65.76033
14510,-0.8239585,0.01680079,-0.1435254,-0.5479148,349.3409,12.82281,66.04493
14511,-0.80812,0.01039493,-0.1435726,-0.5711576,349.5833,12.93603,69.31913
14512,-0.8008536,0.006492794,-0.1440544,-0.58124,349.7549,13.10882,70.76221
14513,-0.7966613,0.00653708,-0.1436201,-0.5870786,349.6857,12.99054,71.59731
14514,-0.7911043,0.006153166,-0.143935,-0.5944737,349.5797,12.95087,72.65997
14515,-0.7850145,0.002297759,-0.1455267,-0.6021371,349.6965,13.26254,73.77821
14516,-0.7791188,-0.0018318,-0.1494825,-0.6087904,349.6796,13.82911,74.75204
14517,-0.7782941,0.002009779,-0.14483,-0.6109653,349.6244,13.10237,75.06947
14518,-0.776123,0.0007408857,-0.1449988,-0.6136839,349.6817,13.17048,75.4728
14519,-0.7705308,-0.0006555319,-0.1447633,-0.620746,349.7052,13.15384,76.5203
14520,-0.7676663,-0.002264768,-0.1444347,-0.6243573,349.8119,13.19002,77.06323
14521,-0.7603213,-0.00298667,-0.1444377,-0.6332775,349.7236,13.12424,78.39708
14522,-0.7578796,-0.005710542,-0.1451726,-0.6360118,349.8627,13.35098,78.81716
14523,-0.7560785,-0.006915599,-0.1454046,-0.638087,349.9153,13.43187,79.13435
14524,-0.7523364,-0.009089082,-0.1446477,-0.6426387,350.0821,13.46248,79.83382
14525,-0.7460583,-0.009731978,-0.1442165,-0.6500032,350.04,13.37514,80.95726
14526,-0.7436591,-0.01339874,-0.1422541,-0.6531122,350.4512,13.43237,81.45484
14527,-0.7358789,-0.009305477,-0.1417643,-0.6620412,349.9788,12.96686,82.81123
14528,-0.7299469,-0.01356393,-0.1420901,-0.668434,350.2032,13.23277,83.82342
14529,-0.7239691,-0.01372856,-0.1390322,-0.6755372,350.3305,12.88688,84.94138
14530,-0.7199485,-0.01208264,-0.138025,-0.6800569,350.1929,12.61311,85.64925
14531,-0.7145522,-0.01560244,-0.1375826,-0.6857425,350.4217,12.77369,86.5681
14532,-0.7077492,-0.01568231,-0.1355253,-0.6931653,350.463,12.50764,87.75961
14533,-0.7054154,-0.01606217,-0.1367388,-0.695294,350.3583,12.61128,88.10409
14534,-0.7083541,-0.0151431,-0.1344767,-0.6927636,350.5104,12.38207,87.69326
14535,-0.7107759,-0.01333559,-0.1315678,-0.6908762,350.6284,12.01901,87.38447
14536,-0.7129976,-0.008317441,-0.1273668,-0.6894513,350.5745,11.28772,87.1427
14537,-0.7136115,-0.008961827,-0.1271666,-0.6888449,350.6534,11.32943,87.04745
14538,-0.7155005,-0.007541865,-0.1251718,-0.6872658,350.7199,11.06955,86.79262
14539,-0.7016833,-0.01390457,-0.1259779,-0.7011255,350.9591,11.46446,89.04503
14539,-0.7020308,-0.01316762,-0.1268921,-0.7006268,350.8326,11.4878,88.96122
14540,-0.6994323,-0.01299646,-0.1268399,-0.7032335,350.7806,11.43594,89.38542
14541,-0.6988258,-0.01325387,-0.1223417,-0.7046272,351.1478,11.06693,89.6144
14542,-0.7001927,-0.009021789,-0.1213688,-0.7035046,350.9015,10.66022,89.41972
14543,-0.7024386,-0.01251736,-0.1209896,-0.7012739,351.2509,10.93758,89.06567
14544,-0.7048293,-0.01270607,-0.1219145,-0.6987067,351.2308,11.06112,88.64939
14545,-0.7073955,-0.01240635,-0.1223342,-0.6960403,351.2139,11.10503,88.21706
14546,-0.7069204,-0.01484308,-0.1207181,-0.6967571,351.5332,11.15529,88.34197
14547,-0.7071384,-0.0151315,-0.120056,-0.6966442,351.6122,11.12434,88.32508
14548,-0.7069093,-0.01422277,-0.1189939,-0.6970778,351.6171,10.95836,88.39205
14549,-0.7153134,-0.01254129,-0.1175658,-0.6887292,351.7206,10.80233,87.04642
14550,-0.7185766,-0.01065525,-0.1186641,-0.6851666,351.5297,10.78834,86.47191
14551,-0.7239807,-0.01240194,-0.117502,-0.6796261,351.8505,10.88879,85.60203
14552,-0.7290641,-0.01008278,-0.1177859,-0.674159,351.7142,10.79507,84.73434
14553,-0.7361344,-0.008708626,-0.1175232,-0.6664975,351.7301,10.75293,83.53585
14554,-0.7401983,-0.007196546,-0.118793,-0.6617727,351.5716,10.80165,82.7982
14555,-0.7471861,-0.004833996,-0.1178601,-0.6540633,351.5497,10.62923,81.60828
14556,-0.7506917,-0.005836636,-0.1186321,-0.6498881,351.6377,10.81825,80.97352
14557,-0.7607816,-0.005641311,-0.1215075,-0.6375072,351.5851,11.19591,79.0973
14558,-0.7685325,-0.001206189,-0.1203942,-0.6283804,351.4048,10.87627,77.7216
14559,-0.7817397,0.001575649,-0.1209423,-0.6117626,351.3476,10.91295,75.26297
14560,-0.7898667,0.00488463,-0.1217395,-0.6010544,351.1377,10.87674,73.69374
14561,-0.7996114,0.01201317,-0.121385,-0.5879991,350.6793,10.50973,71.79913
14562,-0.8011432,0.01200834,-0.120956,-0.5859992,350.735,10.49257,71.51492
14563,-0.8172851,0.02038082,-0.1199732,-0.5632373,350.3017,10.11686,68.28534
14564,-0.8239167,0.0205074,-0.1223333,-0.5529697,350.2653,10.45822,66.84184
14565,-0.8313956,0.02385461,-0.1249762,-0.5409191,349.929,10.65242,65.15601
14566,-0.8354163,0.02456331,-0.124302,-0.5348135,349.9796,10.61592,64.31947
14567,-0.8507293,0.03335029,-0.1224721,-0.5100472,349.5325,10.2132,60.95084
14568,-0.8545051,0.03252241,-0.1236161,-0.5034703,349.627,10.45592,60.06108
14569,-0.8599566,0.0372833,-0.1256183,-0.4932593,349.1611,10.51706,58.67543
14570,-0.8638294,0.03791639,-0.1277871,-0.485831,349.0663,10.79707,57.67178
14571,-0.8783756,0.04157174,-0.1324514,-0.4573674,348.8026,11.44542,53.88602
14572,-0.8956274,0.05139235,-0.138523,-0.4195497,347.9778,12.09914,48.922
14573,-0.8968335,0.04688817,-0.1402921,-0.4169045,348.4,12.53131,48.58599
14574,-0.9022226,0.05392535,-0.1421601,-0.4035805,347.7574,12.58867,46.84419
14575,-0.9102925,0.05836664,-0.1441253,-0.3836522,347.476,12.88009,44.28773
14576,-0.9168218,0.06314117,-0.1450736,-0.3666123,347.1647,13.02331,42.11915
14577,-0.9288691,0.06805357,-0.1476735,-0.3328113,347.0135,13.59473,37.87043
14578,-0.9455295,0.07745402,-0.1456674,-0.2806353,346.8072,13.78516,31.46026
14579,-0.9479021,0.08267003,-0.1479146,-0.2697568,346.3183,14.04608,30.07748
14580,-0.9539434,0.08249141,-0.149784,-0.2464793,346.631,14.59194,27.25508
14581,-0.9623654,0.09189355,-0.146883,-0.2093654,346.2094,14.56517,22.77646
14582,-0.9626833,0.094694,-0.1468923,-0.2066318,345.9348,14.54969,22.42406
14583,-0.9628375,0.09758164,-0.1511232,-0.2014546,345.5935,15.0623,21.72052
14584,-0.970277,0.1066121,-0.1443982,-0.1623139,345.2997,14.70929,17.08601
14585,-0.9716113,0.1080513,-0.1450205,-0.1525307,345.2733,14.90974,15.9063
14586,-0.9725481,0.1154325,-0.1465701,-0.139079,344.6154,15.21173,14.21022
14587,-0.9737527,0.1191417,-0.1429653,-0.1310421,344.3656,14.87422,13.2756
14588,-0.9733857,0.1211892,-0.1447135,-0.1299677,344.1248,15.07865,13.09603
14589,-0.9720712,0.1259238,-0.1467355,-0.133003,343.5101,15.22309,13.36349
14590,-0.9711332,0.1298559,-0.1462469,-0.1365643,343.0128,15.06553,13.7467
14591,-0.9703239,0.127957,-0.1469369,-0.1432066,343.1178,15.05203,14.54457
14592,-0.9675841,0.1300198,-0.1460138,-0.1598626,342.6448,14.62462,16.51918
14593,-0.9632661,0.1289865,-0.1474348,-0.183695,342.3824,14.37665,19.354
14594,-0.9581789,0.1308839,-0.1520038,-0.2041017,341.7678,14.50351,21.71027
14595,-0.9483807,0.1319041,-0.1526738,-0.2446758,341.0404,13.76543,26.62356
14596,-0.9460993,0.1302023,-0.1532424,-0.2538906,341.084,13.68773,27.75256
14597,-0.9300358,0.1256888,-0.1588571,-0.3065948,340.6584,13.38416,34.19965
14598,-0.923075,0.1283388,-0.1603765,-0.3251791,340.0479,13.07281,36.50332
14599,-0.9051723,0.1261846,-0.1670249,-0.3699235,339.3897,12.90339,42.10168
14600,-0.8844286,0.1214381,-0.172791,-0.4161518,338.9845,12.65889,48.03974
14601,-0.8795978,0.1175543,-0.1706615,-0.4282097,339.3316,12.31452,49.66198
14602,-0.8475775,0.1078036,-0.1801226,-0.4873878,339.0028,12.38586,57.49699
14603,-0.831791,0.1121011,-0.1823185,-0.5121692,338.0841,11.72144,60.96762
14604,-0.8049332,0.1007307,-0.1850235,-0.5547093,338.4427,11.54328,66.93961
14605,-0.7829638,0.1055283,-0.1894362,-0.5830485,337.2848,10.84679,71.16279
14606,-0.7564416,0.1016843,-0.1894989,-0.6176946,337.1735,10.06447,76.43194
14607,-0.7186198,0.08306584,-0.1933944,-0.6627853,337.9297,10.43476,83.33051
14608,-0.6725027,0.07064825,-0.2002378,-0.708981,337.7312,10.53152,90.94672
14609,-0.6485232,0.06374896,-0.2019793,-0.7311349,337.7881,10.50291,94.78608
14610,-0.637092,0.06974298,-0.1963013,-0.7421023,337.6529,9.12077,96.90282
14611,-0.6112288,0.06419516,-0.1960375,-0.7640994,337.7864,8.794559,100.9552
14612,-0.5865639,0.04886851,-0.1955251,-0.7844263,338.6491,9.436909,104.6417
14613,-0.5827904,0.05026785,-0.1942622,-0.7874584,338.6208,9.099103,105.2694
14614,-0.5673076,0.04421851,-0.1886784,-0.8003795,339.3781,8.806872,107.7368
14615,-0.5622135,0.04152584,-0.1824331,-0.8055494,340.0859,8.454368,108.6888
14616,-0.5230747,0.03276283,-0.1706905,-0.8343766,341.3906,7.511764,114.5999
14617,-0.5181521,0.03390884,-0.168709,-0.8377984,341.4684,7.150164,115.361
14618,-0.5461911,0.03207913,-0.1663298,-0.8203541,342.0648,7.796518,111.4565
14619,-0.5497005,0.02954555,-0.1627848,-0.8188148,342.5986,7.865266,111.0447
14620,-0.5604814,0.02336401,-0.1561392,-0.8129795,343.7358,8.207009,109.6593
14621,-0.5659231,0.01909354,-0.1500789,-0.8104586,344.6404,8.283009,109.0299
14622,-0.5338726,0.008334845,-0.1399436,-0.8338624,345.9785,8.029667,113.7529
14623,-0.5306354,0.004974604,-0.1392106,-0.8360753,346.2279,8.253251,114.1971
14624,-0.5367574,0.0002319515,-0.1331896,-0.8331579,347.1626,8.409678,113.4694
14625,-0.5447549,-0.002807677,-0.1282238,-0.8287298,347.9089,8.489592,112.4624
14626,-0.5504168,-0.002982616,-0.1244163,-0.8255622,348.3377,8.330166,111.7636
14627,-0.5713047,-0.001971126,-0.1193969,-0.8120047,348.9509,8.178772,108.9492
14628,-0.5726842,-0.001289338,-0.1176211,-0.8112932,349.0838,8.009237,108.7977
14629,-0.56919,-0.00359413,-0.1164426,-0.8139109,349.3123,8.097028,109.3091
14630,-0.5664464,-0.01161587,-0.1116164,-0.8164222,350.2649,8.484444,109.7691
14631,-0.5670202,-0.01248801,-0.1095349,-0.8162932,350.5223,8.430285,109.73
14632,-0.5716537,-0.0163337,-0.1053219,-0.8135432,351.2169,8.553672,109.1526
14633,-0.5733989,-0.01619035,-0.1039748,-0.8124905,351.3505,8.465941,108.9351
14634,-0.5745488,-0.01699272,-0.102218,-0.8118845,351.5786,8.43178,108.8061
14635,-0.5895119,-0.01690671,-0.09903106,-0.8014879,352.021,8.352761,106.7458
14636,-0.590928,-0.02127096,-0.09669469,-0.800626,352.5481,8.603912,106.5779
14637,-0.5926033,-0.02278459,-0.09572545,-0.7994615,352.7584,8.690125,106.3534
14638,-0.5923393,-0.0234133,-0.09338722,-0.7999156,353.0117,8.580543,106.435
14639,-0.5921726,-0.02575892,-0.09339046,-0.7999666,353.1707,8.795252,106.453
14640,-0.591798,-0.02649993,-0.09307101,-0.8002567,353.2466,8.837811,106.5109
14641,-0.5924165,-0.02813473,-0.09042668,-0.8000463,353.6065,8.807255,106.4689
14642,-0.5957536,-0.02612314,-0.08856973,-0.7978413,353.673,8.517869,106.0305
14643,-0.5974855,-0.02577496,-0.08551547,-0.7968903,353.9445,8.283545,105.8381
14644,-0.6010702,-0.02628252,-0.08278009,-0.794463,354.2645,8.162729,105.37
14645,-0.6021301,-0.02527714,-0.08304754,-0.7936648,354.1812,8.097599,105.2147
14646,-0.6027646,-0.02601406,-0.08309224,-0.7931544,354.235,8.172592,105.1211
14647,-0.6073328,-0.0273312,-0.08007368,-0.7899293,354.6461,8.109047,104.5108
14648,-0.6090147,-0.02705359,-0.07886121,-0.7887649,354.7527,8.008323,104.2881
14649,-0.6098953,-0.02759644,-0.07734367,-0.7882159,354.9362,7.954525,104.1847
14650,-0.6118618,-0.02911413,-0.07828668,-0.7865423,354.9788,8.172029,103.8814
14651,-0.6134368,-0.02871341,-0.07830527,-0.7853274,354.9651,8.147176,103.6528
14652,-0.5996987,-0.02944583,-0.07192409,-0.796443,355.4546,7.677069,105.7375
14653,-0.6032962,-0.02901384,-0.07117927,-0.7938045,355.5266,7.605422,105.2324
14654,-0.6161444,-0.02616182,-0.07278854,-0.7838262,355.304,7.536016,103.3507
14655,-0.6218062,-0.02296567,-0.07123405,-0.7795868,355.2674,7.170393,102.5509
14656,-0.6236447,-0.01957774,-0.06990525,-0.7783299,355.1585,6.781843,102.3054
14657,-0.6215808,-0.02207357,-0.06752127,-0.7801225,355.5316,6.819444,102.6398
14658,-0.6207977,-0.02497578,-0.0650391,-0.7808691,355.9536,6.895398,102.7861
14659,-0.6211234,-0.02394676,-0.06435865,-0.7806986,355.9434,6.755599,102.749
14660,-0.6235054,-0.0232707,-0.06426618,-0.7788257,355.9237,6.700732,102.4018
14661,-0.6511421,-0.02357936,-0.07311651,-0.7550576,355.4283,7.541461,98.15128
14662,-0.6561437,-0.02481845,-0.07244036,-0.750741,355.6299,7.626385,97.40202
14663,-0.6891182,-0.01844734,-0.07576615,-0.7204412,355.1961,7.554308,92.22868
14665,-0.7016883,-0.01602224,-0.08259225,-0.7074996,354.5842,8.001604,90.0935
14666,-0.7432339,-0.002744973,-0.0810504,-0.6640986,354.0552,7.168963,83.19048
14667,-0.7474662,-0.002089798,-0.08445129,-0.6589067,353.7903,7.45597,82.38866
14668,-0.7513558,-0.0013192,-0.08721587,-0.6541072,353.5628,7.679324,81.65116
14670,-0.7576985,-0.002210051,-0.09559286,-0.6455619,353.1037,8.556873,80.3457
14671,-0.78528,0.009406149,-0.09828803,-0.6112174,352.2458,8.290215,75.22752
14672,-0.8119886,0.0222719,-0.0977658,-0.5749961,351.4543,7.73849,70.0281
14673,-0.8226864,0.02512991,-0.1006815,-0.5589445,351.1471,8.002995,67.76494
14674,-0.8330486,0.02973452,-0.1019377,-0.5429132,350.7799,8.010353,65.53911
14675,-0.8567797,0.04019684,-0.1057222,-0.5031261,349.906,8.217153,60.11848
14676,-0.85865,0.04097711,-0.1096371,-0.49902,349.6423,8.616755,59.54514
14677,-0.8558691,0.04166198,-0.1122979,-0.5031321,349.3788,8.796274,60.07998
14678,-0.861003,0.04502004,-0.1183962,-0.4925744,348.8042,9.359139,58.62785
14679,-0.8930573,0.07391393,-0.1218097,-0.4267879,346.3499,9.14682,49.98878
14680,-0.9008167,0.0781022,-0.1189378,-0.4102235,346.2141,8.897007,47.89048
14681,-0.9039234,0.07633609,-0.1251989,-0.4017721,346.1957,9.782503,46.74094
14682,-0.922352,0.09146456,-0.1216412,-0.3551123,345.2195,9.490711,40.88037
14683,-0.924991,0.09371176,-0.1208821,-0.347847,345.0805,9.436962,39.97958
14684,-0.9299262,0.09838437,-0.1327799,-0.3285234,344.3225,10.91498,37.40733
14685,-0.9423635,0.1125318,-0.1291167,-0.2874312,343.3625,10.7466,32.34869
14686,-0.944046,0.1151441,-0.1306752,-0.2800773,343.1061,10.97888,31.41357
14687,-0.9469149,0.1183665,-0.1344178,-0.266971,342.7863,11.55668,29.73527
14688,-0.9481156,0.1229911,-0.1368683,-0.2592627,342.2906,11.85866,28.7335
14689,-0.958988,0.1360544,-0.1343293,-0.2092542,341.5083,12.21771,22.62212
14690,-0.9605993,0.1401949,-0.1319586,-0.200453,341.2012,12.03049,21.57544
14691,-0.9604114,0.1434861,-0.1350216,-0.1969542,340.8042,12.40223,21.07305
14692,-0.9607224,0.143394,-0.1374069,-0.1938299,340.8046,12.75028,20.64839
14693,-0.9620276,0.1455024,-0.1366306,-0.1861828,340.6808,12.77707,19.72272
14694,-0.9664102,0.1523169,-0.1376186,-0.1546362,340.308,13.44315,15.8382
14695,-0.9670801,0.157264,-0.1382096,-0.1446462,339.8697,13.6657,14.57649
14696,-0.9686272,0.1618862,-0.1363814,-0.1302094,339.5658,13.70708,12.83039
14697,-0.9695657,0.1639402,-0.1367404,-0.1198677,339.4709,13.95568,11.55605
14698,-0.9696361,0.1670521,-0.1367729,-0.1148605,339.1833,14.04641,10.91858
14699,-0.9701971,0.1697349,-0.1363116,-0.1064283,339,14.15915,9.883142
14700,-0.9709994,0.1725216,-0.1362346,-0.09400487,338.8599,14.4113,8.356453
14703,-0.9720569,0.1804403,-0.1364504,-0.06267484,338.4138,15.12699,4.478264
14704,-0.9716051,0.1843565,-0.1348341,-0.06177686,337.9817,14.95464,4.350839
14705,-0.9717942,0.1841026,-0.1360886,-0.05658821,338.0856,15.22689,3.700392
14706,-0.9720246,0.1865127,-0.1358401,-0.04392073,338.0052,15.4941,2.145481
14707,-0.9719402,0.1891055,-0.1342845,-0.0392314,337.7818,15.42289,1.576769
14708,-0.9718393,0.186988,-0.1383713,-0.03764885,338.0459,15.9499,1.323949
14709,-0.9717181,0.1899227,-0.1369232,-0.03075105,337.8196,15.94726,0.4797213
14710,-0.9718169,0.1956556,-0.1314379,0.003883928,337.712,16.12518,356.3452
14711,-0.9718626,0.1961382,-0.1303224,0.005402051,337.6768,16.02899,356.1804
14712,-0.9704089,0.2016711,-0.1322334,0.01223633,337.1593,16.48907,355.202
14713,-0.9703078,0.2039746,-0.1275041,0.0252979,337.0837,16.25085,353.6978
14714,-0.9703104,0.2034575,-0.1280048,0.02678986,337.1714,16.34067,353.5163
14715,-0.9701434,0.2043538,-0.125095,0.03758724,337.2258,16.25449,352.2676
14716,-0.9685429,0.2089014,-0.1236558,0.05472029,336.9754,16.56523,350.1361
14717,-0.9686059,0.2095073,-0.120452,0.05831684,336.9328,16.27083,349.7673
14718,-0.967148,0.2130286,-0.1243861,0.06141507,336.6228,16.89521,349.2133
14719,-0.9666475,0.2137018,-0.1249551,0.06565559,336.6254,17.08223,348.6699
14720,-0.9649647,0.2161452,-0.1237535,0.08251989,336.6267,17.40043,346.5984
14721,-0.9636334,0.2200811,-0.1212923,0.09090281,336.2903,17.39833,345.5429
14722,-0.9599444,0.2255001,-0.1163698,0.1188049,336.091,17.63776,342.1268
14723,-0.9588632,0.2279382,-0.1173004,0.1219275,335.8882,17.89961,341.6536
14724,-0.9587356,0.2271315,-0.1190052,0.1227812,336.0277,18.10566,341.5294
14725,-0.9564215,0.2316173,-0.115905,0.1348239,335.6824,18.16953,340.0058
14726,-0.9518724,0.2382857,-0.1157415,0.1541525,335.2947,18.86919,337.4338
14727,-0.949715,0.2419534,-0.1140137,0.1627919,335.0105,19.01651,336.2956
14728,-0.9408989,0.2500219,-0.09840691,0.2061903,334.5382,18.62053,331.0366
14729,-0.9408776,0.2523122,-0.1014858,0.2019622,334.2912,18.96948,331.4037
14730,-0.9355912,0.2539447,-0.09648028,0.2255497,334.4274,19.09484,328.52
14731,-0.9346798,0.2568637,-0.09782517,0.2254443,334.1471,19.38447,328.3889
14732,-0.9316632,0.2604104,-0.09866446,0.2333574,333.9483,19.87185,327.2351
14733,-0.9248134,0.2659056,-0.09355921,0.2554628,333.6391,20.16697,324.3468
14734,-0.9184251,0.2671585,-0.09070894,0.2772972,333.8691,20.52525,321.5869
14735,-0.9122169,0.2697779,-0.08494666,0.2964194,333.7792,20.55074,319.1621
14736,-0.9084359,0.272258,-0.08039868,0.3068482,333.5563,20.47211,317.8137
14737,-0.9013535,0.2747703,-0.07703945,0.3257733,333.568,20.79452,315.3229
14738,-0.8892635,0.2773054,-0.06873757,0.3571939,333.6349,20.94958,311.2726
14739,-0.8840709,0.2803673,-0.0617094,0.3687884,333.2426,20.71909,309.7342
14740,-0.8811999,0.2804043,-0.06358904,0.3752556,333.4832,21.12673,308.835
14741,-0.8727437,0.280747,-0.05719894,0.3952571,333.588,21.05576,306.2753
14742,-0.8706269,0.2828343,-0.05701983,0.3984499,333.4456,21.28244,305.7395
14743,-0.8696119,0.2834967,-0.05654329,0.4002595,333.3974,21.33376,305.4699
14744,-0.8674139,0.2830508,-0.05517298,0.4055016,333.4935,21.31395,304.814
14745,-0.8612307,0.2830292,-0.04927647,0.419223,333.5004,21.10047,303.0668
14746,-0.8565499,0.2812993,-0.0444923,0.4303645,333.6664,20.80589,301.728
14747,-0.8481077,0.2796721,-0.03879192,0.4483215,333.9215,20.63706,299.4481
14748,-0.8409574,0.2810731,-0.03770038,0.4608334,334.024,21.02046,297.6552
14749,-0.8336924,0.2793715,-0.03333169,0.4751818,334.2693,20.88065,295.8164
14750,-0.8323631,0.2796422,-0.03231078,0.4774181,334.2353,20.86782,295.5023
14751,-0.8283104,0.2801026,-0.02993479,0.4843022,334.2129,20.87864,294.5414
14752,-0.8251992,0.2760423,-0.02494097,0.4921635,334.4671,20.28817,293.7318
14753,-0.8247105,0.2759628,-0.02409098,0.4930689,334.4422,20.22454,293.6194
14754,-0.8232529,0.2717302,-0.02421206,0.4978265,334.957,20.03684,293.1832
14755,-0.7975345,0.274488,-0.01385686,0.5370318,334.9794,20.4715,287.5013
14756,-0.7944508,0.2721167,-0.01194331,0.5428241,335.2033,20.26307,286.8135
14757,-0.7922882,0.274116,-0.01154524,0.544983,335.0534,20.46884,286.3808
14758,-0.7866857,0.274339,-0.0104596,0.5529507,335.161,20.63746,285.2021
14759,-0.7931911,0.2742915,-0.01550627,0.5434813,335.2742,20.813,286.5532
14760,-0.786763,0.2745495,-0.01255807,0.5526925,335.2835,20.84512,285.209
14761,-0.7832933,0.2740361,-0.01368243,0.557825,335.5414,21.0644,284.4714
14761,-0.7831011,0.2776987,-0.01139909,0.5563329,335.0233,21.1345,284.4863
14762,-0.7770736,0.2753599,-0.008388728,0.5659181,335.2629,20.94706,283.2279
14763,-0.7781988,0.2763913,-0.01070654,0.5638261,335.2852,21.18898,283.4581
14764,-0.7533045,0.2847262,-0.01227912,0.5927165,335.5175,23.02899,278.5457
14765,-0.7540271,0.28027,-0.008467048,0.5939867,335.6315,22.30486,278.6664
14766,-0.7532369,0.2827731,-0.01130852,0.5937555,335.6342,22.78859,278.5219
14767,-0.7570448,0.2863616,-0.01369193,0.5871055,335.3232,23.13236,279.2849
14768,-0.7530338,0.2846236,-0.01217768,0.5931115,335.53,23.02274,278.4926
14769,-0.7483094,0.2865737,-0.01193172,0.5981358,335.5047,23.35022,277.5915
14770,-0.7447515,0.291124,-0.01414725,0.6003266,335.3771,24.0593,276.9315
14771,-0.7184091,0.2870367,-0.007611006,0.6335933,336.2482,24.16312,272.0248
14772,-0.7367181,0.2925168,-0.01559997,0.6094564,335.6701,24.61575,275.4154
14773,-0.7378008,0.2934399,-0.0178082,0.6076397,335.7098,24.83946,275.6246
14774,-0.7434974,0.3025761,-0.02774492,0.5957263,335.3627,26.23149,276.7677
14775,-0.7475175,0.3071705,-0.03158846,0.5881038,335.0343,26.78402,277.5785
14776,-0.7469283,0.307091,-0.03442225,0.5887347,335.2778,27.04471,277.4752
14777,-0.7471837,0.3072507,-0.03485727,0.5883015,335.2833,27.08519,277.5273
14778,-0.7466302,0.3094389,-0.03370172,0.5879245,335.011,27.19079,277.4284
14779,-0.739967,0.3034981,-0.03153846,0.5994526,335.7106,26.77003,276.1148
14780,-0.7295048,0.2960318,-0.0216746,0.6162128,336.0963,25.69982,274.0956
14781,-0.7256775,0.2964527,-0.02147868,0.6205213,336.1964,25.86091,273.3923
14782,-0.7127401,0.2959772,-0.01983377,0.6356146,336.6282,26.14764,271.0476
14783,-0.7064469,0.2931896,-0.01347962,0.6440426,336.6165,25.60694,269.9063
14784,-0.705848,0.2951542,-0.01739278,0.6437081,336.7791,26.1166,269.8159
14785,-0.6795446,0.2918548,-0.01175407,0.6729798,337.6145,26.23899,265.2752
14786,-0.6741151,0.2908113,-0.01184076,0.678865,337.9136,26.31721,264.373
14787,-0.6736198,0.2896759,-0.01362976,0.6798078,338.1776,26.36125,264.3063
14788,-0.6726045,0.2906499,-0.01131952,0.6804396,337.9398,26.30913,264.1197
14789,-0.672685,0.2911769,-0.0110817,0.6801385,337.8727,26.33806,264.1297
14790,-0.6693239,0.2864723,-0.01271966,0.6854033,338.5278,26.12192,263.6028
14791,-0.6660342,0.2864032,-0.01065809,0.6886642,338.4798,26.05872,263.0499
14792,-0.6637906,0.2842743,-0.01127854,0.6916959,338.7896,25.96998,262.6967
14793,-0.6629294,0.2819377,-0.01176867,0.6934676,339.054,25.81108,262.5698
14794,-0.662283,0.2791924,-0.01096117,0.6952071,339.233,25.5116,262.4706
14795,-0.6666968,0.2775074,-0.0148825,0.6915807,339.5468,25.52106,263.2216
14796,-0.6674498,0.2796845,-0.009900182,0.6900648,338.919,25.33128,263.3023
14797,-0.6664486,0.2759699,-0.01131877,0.692502,339.3803,25.11903,263.1619
14798,-0.6658113,0.2758523,-0.01151276,0.6931584,339.4288,25.14043,263.06
14799,-0.6651778,0.2748817,-0.01214004,0.6941408,339.5838,25.11425,262.965
14800,-0.6652943,0.2746209,-0.0119741,0.6941353,339.587,25.07432,262.9837
14801,-0.6638972,0.2730118,-0.01409999,0.6960649,339.9479,25.12053,262.7786
14802,-0.6633512,0.2733437,-0.01455742,0.6964457,339.9787,25.20026,262.6926
14803,-0.6630864,0.2725507,-0.01611757,0.6969742,340.1851,25.24888,262.6649
14804,-0.6632275,0.2724476,-0.01591974,0.6968848,340.1718,25.22083,262.6865
14805,-0.662921,0.2723739,-0.0162361,0.6971978,340.2154,25.24558,262.6398
14806,-0.6631099,0.2722788,-0.01761132,0.6970219,340.3331,25.33345,262.6817
14807,-0.6622235,0.2714723,-0.01816884,0.6981639,340.4773,25.32282,262.5467
14808,-0.6602915,0.2668052,-0.01861292,0.701772,340.9608,24.97013,262.2584
14809,-0.6593348,0.2665069,-0.01954651,0.7027587,341.0973,25.03534,262.1147
14810,-0.6579143,0.2657291,-0.02047211,0.7043563,341.2878,25.06638,261.8996
14811,-0.6571373,0.2650094,-0.0207901,0.7053429,341.3995,25.04174,261.7818
14812,-0.6559424,0.2639498,-0.02090693,0.7068473,341.5356,24.98065,261.5974
14813,-0.6542437,0.2620946,-0.02015477,0.7091301,341.6776,24.79358,261.329
14814,-0.6521717,0.2613438,-0.02103809,0.7112869,341.8833,24.83745,261.0134
14815,-0.6491299,0.2576205,-0.02125505,0.7154093,342.2992,24.57551,260.5534
14816,-0.6481168,0.2565742,-0.02132937,0.7167004,342.4218,24.50607,260.4001
14817,-0.6473905,0.2553724,-0.02279428,0.7177401,342.6667,24.51548,260.3065
14818,-0.6423469,0.2535774,-0.0207344,0.7229517,342.7951,24.3122,259.5098
14819,-0.6360875,0.2523966,-0.02302033,0.7288064,343.2894,24.50013,258.5746
14820,-0.6308272,0.2491915,-0.02647051,0.7343433,344.0072,24.54833,257.8264
14821,-0.628149,0.2468103,-0.02917325,0.7373347,344.5114,24.5641,257.4649
14822,-0.6276664,0.2468046,-0.02919021,0.737747,344.5289,24.57418,257.3923
14823,-0.6269718,0.2455444,-0.03147733,0.7386634,344.847,24.62695,257.3226
14824,-0.6258309,0.2437939,-0.03547275,0.7400284,345.3659,24.75983,257.2125
14825,-0.6238948,0.2407978,-0.03873709,0.7424764,345.9397,24.73648,256.9819
14826,-0.6227772,0.240381,-0.03801101,0.7435864,345.9435,24.66608,256.8064
14827,-0.623134,0.2397546,-0.03928196,0.7434236,346.0903,24.68836,256.8808
14828,-0.6223642,0.2385826,-0.04345268,0.7442131,346.5678,24.87927,256.8336
14829,-0.6218166,0.2362133,-0.04251212,0.7454799,346.6806,24.5981,256.7477
14830,-0.6215206,0.2347297,-0.04644752,0.7459604,347.1451,24.73495,256.7709
14831,-0.6212902,0.2337027,-0.04765293,0.7463986,347.3345,24.72484,256.7601
14832,-0.620892,0.2330824,-0.04894531,0.7468401,347.5065,24.76188,256.7245
14833,-0.6198553,0.22974,-0.05064908,0.7486213,347.9376,24.5792,256.6122
14834,-0.6202067,0.2289355,-0.05400592,0.748342,348.2791,24.73089,256.724
14835,-0.6180433,0.2263646,-0.05645934,0.750729,348.7532,24.68862,256.4575
14836,-0.6168337,0.2249098,-0.05601335,0.752193,348.8605,24.53675,256.2771
14837,-0.6172107,0.2261864,-0.05655587,0.75146,348.8014,24.6899,256.3375
14838,-0.5882756,0.2246954,-0.05547562,0.7748331,349.7236,24.84807,252.1439
14839,-0.5868684,0.2241176,-0.0579159,0.7758883,350.0271,24.96958,251.993
14840,-0.5877289,0.2230618,-0.06062311,0.7753343,350.3172,25.03573,252.172
14841,-0.5875179,0.2217694,-0.06367257,0.7756203,350.6877,25.11451,252.2079
14842,-0.5876795,0.2214396,-0.06181613,0.7757424,350.5397,24.95807,252.1948
14843,-0.5886624,0.2205313,-0.06616887,0.7748963,350.962,25.14789,252.4255
14844,-0.5883644,0.218014,-0.06898066,0.7755896,351.3996,25.09492,252.4506
14845,-0.5881813,0.2164162,-0.07016784,0.7760692,351.6237,25.02176,252.455
14846,-0.587954,0.2129244,-0.07308275,0.7769378,352.1362,24.88215,252.4964
14847,-0.6012737,0.2118025,-0.0743044,0.7668693,351.9094,24.73162,254.4208
14848,-0.5997808,0.2108845,-0.07639632,0.7680849,352.206,24.80123,254.2548
14849,-0.5974374,0.2097051,-0.07906371,0.769962,352.5986,24.89193,253.9823
14850,-0.5957595,0.207263,-0.08152834,0.7716644,353.0425,24.8416,253.8054
14851,-0.5958855,0.204796,-0.08510968,0.771839,353.5297,24.85019,253.9117
14852,-0.5948606,0.2031406,-0.08431867,0.7731528,353.6098,24.64685,253.7517
14853,-0.5942739,0.2023283,-0.08560121,0.7736758,353.7987,24.66145,253.7001
14854,-0.5934543,0.201425,-0.0906274,0.7739681,354.3306,24.92432,253.7058
14855,-0.5904009,0.2010547,-0.09160715,0.7762809,354.5383,24.97587,253.2992
14856,-0.5829493,0.1957123,-0.09467915,0.7828813,355.4151,24.71868,252.3391
14857,-0.5822555,0.1948582,-0.09648284,0.7833901,355.6559,24.76255,252.2892
14858,-0.5811117,0.1941345,-0.09590124,0.7844898,355.6895,24.65994,252.1159
14859,-0.5778255,0.1929733,-0.1020137,0.7864301,356.4135,24.97603,251.8182
14860,-0.579055,0.191335,-0.1013593,0.7860106,356.4312,24.77023,251.9743
14861,-0.5771297,0.1895609,-0.1036632,0.7875544,356.8172,24.76386,251.77
14862,-0.5854115,0.1891337,-0.1069585,0.7810773,356.8841,24.91722,253.014
14863,-0.5835001,0.1870056,-0.1080406,0.782869,357.1872,24.79611,252.7785
14864,-0.5824481,0.1875032,-0.1091535,0.7833788,357.2829,24.92289,252.6616
14865,-0.5810424,0.1812666,-0.1109622,0.7856333,357.92,24.45878,252.5212
14866,-0.5814654,0.1805726,-0.1126357,0.785242,358.1031,24.50679,252.6273
14867,-0.5809323,0.1809816,-0.1142702,0.7853062,358.2349,24.65897,252.5987
14868,-0.5808116,0.1800018,-0.1161801,0.7853405,358.475,24.69771,252.6369
14869,-0.5879453,0.1711425,-0.1249023,0.78066,359.6429,24.46187,253.8922
14870,-0.5913199,0.1696456,-0.1235727,0.7786469,359.5307,24.22643,254.3268
14871,-0.5890715,0.1694553,-0.1252129,0.7801293,359.7549,24.32528,254.0597
14872,-0.588347,0.1709893,-0.1270167,0.7800496,359.8256,24.59629,254.0123
14873,-0.5876236,0.1695257,-0.1298554,0.7804469,0.1980033,24.65959,253.9978
14874,-0.5852677,0.1637447,-0.1312971,0.7832054,0.8019562,24.21862,253.7115
14875,-0.5846448,0.1628763,-0.1351991,0.7831877,1.221813,24.4127,253.7465
14876,-0.5851489,0.1638633,-0.1343954,0.7827436,1.067215,24.44882,253.792
14877,-0.5843048,0.1630638,-0.1345673,0.7835113,1.163873,24.38502,253.6791
14878,-0.5830966,0.1622305,-0.1398185,0.7836649,1.716246,24.67756,253.6786
14879,-0.5831807,0.1596002,-0.1409923,0.783932,2.000327,24.51505,253.727
14880,-0.6017599,0.1554736,-0.1442951,0.7699949,2.011348,24.41509,256.4513
14881,-0.5984608,0.1555505,-0.1467442,0.7720848,2.316308,24.59349,256.0651
14882,-0.5983263,0.154834,-0.1466953,0.7723423,2.367876,24.52356,256.0439
14883,-0.5974756,0.1539297,-0.1479175,0.7729483,2.563505,24.52743,255.9641
14884,-0.5972348,0.1537817,-0.1498832,0.7727852,2.749391,24.65741,255.9972
14885,-0.5932641,0.1497248,-0.1496291,0.7766798,3.139955,24.25083,255.4233
14886,-0.5871923,0.1499569,-0.1538849,0.7804087,3.673984,24.55897,254.7167
14887,-0.5936705,0.1512725,-0.1553009,0.7749541,3.502385,24.81169,255.6801
14888,-0.5947284,0.1488574,-0.1559648,0.7744771,3.699456,24.64252,255.8503
14889,-0.6077449,0.1455267,-0.1589987,0.7643218,3.793815,24.62217,257.8076
14890,-0.607085,0.1423164,-0.1619658,0.7648274,4.298666,24.55194,257.8177
14891,-0.6059771,0.1403363,-0.1579842,0.766902,4.142408,24.06566,257.5123
14892,-0.6096739,0.1395926,-0.162851,0.7630802,4.492282,24.38595,258.2184
14893,-0.612427,0.1381016,-0.163852,0.7609295,4.600366,24.34272,258.6498
14894,-0.6085722,0.1372846,-0.167593,0.7633516,5.092824,24.53297,258.2343
14895,-0.6094496,0.1378342,-0.1691088,0.7622174,5.151485,24.70421,258.4187
14896,-0.6077975,0.1353478,-0.1697158,0.7638453,5.43665,24.51565,258.2011
14897,-0.6061089,0.1315891,-0.1721168,0.7653053,5.96547,24.34861,258.0453
14898,-0.6012204,0.1345306,-0.1715337,0.7687731,5.852966,24.53638,257.3283
14899,-0.6022897,0.1333587,-0.1767844,0.7669485,6.345745,24.83983,257.6844
14900,-0.6007827,0.1312384,-0.178333,0.7681369,6.67727,24.75488,257.5269
14901,-0.6008193,0.1297521,-0.178499,0.768322,6.798289,24.63301,257.536
14902,-0.6003697,0.1278912,-0.1806912,0.768473,7.131589,24.62951,257.5562
14903,-0.6074293,0.125938,-0.1803784,0.7633041,7.028915,24.4883,258.552
14904,-0.6076959,0.1249052,-0.1839525,0.7624079,7.393607,24.67705,258.7343
14905,-0.6040848,0.1238033,-0.1839596,0.7654497,7.587974,24.54593,258.2133
14906,-0.5997968,0.1223738,-0.188494,0.7679443,8.20452,24.73049,257.7842
14907,-0.5989661,0.1222557,-0.19087,0.7680247,8.437569,24.89754,257.7657
14908,-0.5979527,0.1205057,-0.1920366,0.7687997,8.694272,24.82011,257.6664
14909,-0.5977511,0.1206511,-0.1942189,0.7683853,8.872213,25.0026,257.7318
14910,-0.5972691,0.1186914,-0.1957154,0.7686857,9.155002,24.93774,257.723
14911,-0.6090232,0.1113969,-0.1963589,0.7603451,9.376105,24.46308,259.4252
14912,-0.6059504,0.112114,-0.1987174,0.7620802,9.613791,24.68126,259.0863
14913,-0.6055371,0.1108556,-0.2012734,0.7619219,9.930578,24.76899,259.1376
14914,-0.6050278,0.1104815,-0.2011318,0.762418,9.962543,24.71798,259.0567
14915,-0.6046294,0.1092546,-0.2055455,0.7617336,10.42945,24.95934,259.1962
14916,-0.6038013,0.107733,-0.2069885,0.7622162,10.68687,24.92948,259.1389
14917,-0.6029108,0.1057129,-0.2064176,0.7633579,10.81685,24.69061,258.9785
14918,-0.6034715,0.1033356,-0.2117388,0.7617813,11.41285,24.91832,259.3011
14919,-0.6113362,0.1011188,-0.2123042,0.7556256,11.37385,24.87597,260.4654
14920,-0.6113686,0.09953111,-0.2134708,0.7554815,11.58644,24.83233,260.5218
14921,-0.6111451,0.09826007,-0.2150504,0.7553809,11.81706,24.84766,260.5617
14922,-0.6120716,0.09767011,-0.2197705,0.7533458,12.21403,25.2031,260.9261
14923,-0.6111501,0.09316257,-0.2198548,0.754639,12.58862,24.79795,260.7833
14924,-0.612289,0.09257418,-0.2189578,0.754049,12.52382,24.6882,260.9045
14925,-0.6225795,0.09366345,-0.2208801,0.7448719,12.26473,25.10308,262.5197
14926,-0.625392,0.08863562,-0.2232378,0.7424241,12.74488,24.91103,263.0454
14927,-0.6264709,0.08633071,-0.2230472,0.7418432,12.87146,24.71201,263.1917
14928,-0.6290275,0.08352068,-0.225033,0.7393978,13.16194,24.68212,263.6694
14929,-0.6302264,0.08278307,-0.2256805,0.7382615,13.23104,24.69455,263.8809
14930,-0.6314461,0.08191118,-0.2274132,0.7367834,13.39503,24.79082,264.152
14931,-0.6325724,0.08023626,-0.2285406,0.7356519,13.57642,24.76476,264.3771
14932,-0.6326265,0.07692704,-0.2297294,0.7355886,13.92434,24.58643,264.4415
14933,-0.6336485,0.07693145,-0.2298548,0.7346687,13.90066,24.61577,264.6023
14933,-0.6426337,0.07429403,-0.2306396,0.7268479,13.87427,24.61941,266.0039
14934,-0.6425184,0.06903887,-0.2328569,0.726761,14.46243,24.37176,266.0979
14935,-0.6419451,0.07158604,-0.2329182,0.7270015,14.28558,24.58174,266.0171
14936,-0.6275382,0.07392076,-0.2330383,0.7392056,14.58111,24.52792,263.8442
14937,-0.6239612,0.07463306,-0.2366084,0.7410257,14.92352,24.83754,263.5004
14938,-0.622923,0.07353622,-0.2415268,0.7404218,15.42927,25.1584,263.6112
14939,-0.622712,0.0707925,-0.2408388,0.7410904,15.59287,24.85631,263.535
14940,-0.6229941,0.06900066,-0.243503,0.7401513,15.93127,24.94462,263.721
14941,-0.6235111,0.06804255,-0.2450822,0.7392827,16.11222,25.01385,263.8852
14942,-0.6241351,0.06689051,-0.2459101,0.7385861,16.24553,25.00179,264.0233
14943,-0.6233863,0.06454334,-0.2480063,0.7387265,16.61545,24.97328,264.024
14944,-0.6225932,0.06149971,-0.2497393,0.739071,17.01198,24.85142,263.9963
14945,-0.6227107,0.05997765,-0.250935,0.7386919,17.2193,24.83159,264.0794
14946,-0.6226569,0.05949005,-0.2520212,0.7384069,17.3438,24.88733,264.1333
14947,-0.6215515,0.05852181,-0.2545561,0.7385461,17.65316,25.01091,264.1122
14948,-0.6212364,0.05686718,-0.2558582,0.7384905,17.89308,24.98084,264.1373
14949,-0.6209123,0.05619496,-0.2601572,0.7373117,18.29138,25.31143,264.3442
14950,-0.6197001,0.05254635,-0.2639721,0.7372446,18.91094,25.32381,264.3839
14951,-0.6201558,0.0522103,-0.2638286,0.7369366,18.91062,25.29261,264.4434
14952,-0.6193523,0.05192548,-0.2675591,0.7362871,19.24937,25.59743,264.5523
14953,-0.619202,0.04713297,-0.2675543,0.7367376,19.62515,25.18277,264.5165
14954,-0.6359381,0.04062918,-0.2675427,0.7227399,19.57572,25.05497,267.0794
14955,-0.6341753,0.03942138,-0.269743,0.7235376,19.89748,25.12008,266.9445
14956,-0.6299574,0.03811947,-0.2764104,0.7247742,20.64906,25.54448,266.7224
14957,-0.6290336,0.03694472,-0.2772817,0.7253047,20.83933,25.50567,266.6346
14958,-0.6277403,0.03657138,-0.2777485,0.7262648,20.94817,25.48455,266.4642
14959,-0.6278374,0.03468394,-0.2798656,0.7254603,21.25449,25.53517,266.6173
14960,-0.6292713,0.03277582,-0.2793812,0.7244928,21.31957,25.36752,266.8045
14961,-0.6316748,0.02986029,-0.2865811,0.719699,22.01074,25.90468,267.6685
14962,-0.6313035,0.02800116,-0.2864374,0.7201567,22.16066,25.72497,267.5977
14963,-0.631254,0.02822101,-0.2863401,0.7202302,22.13761,25.73209,267.5835
14964,-0.6322395,0.02316082,-0.288929,0.7185102,22.70028,25.60086,267.9136
14965,-0.6325663,0.02366996,-0.2881414,0.7185224,22.58952,25.57354,267.9101
14965,-0.6319842,0.02286202,-0.2912301,0.7178152,22.90484,25.80088,268.0364
14966,-0.6313854,0.01969105,-0.2933106,0.7175889,23.33382,25.73136,268.0876
14967,-0.631755,0.01837569,-0.2939197,0.717049,23.47144,25.69622,268.1886
14968,-0.6313781,0.01905885,-0.2922406,0.7180488,23.3046,25.56991,268.0086
14968,-0.6309012,0.01915821,-0.2957096,0.7170443,23.57192,25.91717,268.1844
14969,-0.6338381,0.01614168,-0.2971322,0.7139338,23.81614,25.9076,268.7521
14969,-0.6597958,0.07191375,-0.2346605,0.7102342,13.79395,25.0897,268.8667
14970,-0.657586,0.06985539,-0.2353285,0.712265,14.08498,24.94109,268.5583
14971,-0.656132,0.0679892,-0.23652,0.7133911,14.37355,24.86909,268.397
14972,-0.6566063,0.06764477,-0.2408968,0.7115203,14.71279,25.25183,268.716
14973,-0.6581167,0.06628239,-0.242032,0.709866,14.85522,25.27375,269.0156
14974,-0.6560836,0.06231052,-0.241696,0.7122184,15.21957,24.87604,268.6772
14931,-0.6196775,0.08368486,-0.2313832,0.745291,13.95622,25.08878,262.6042
14932,-0.6200385,0.081698,-0.2329425,0.7447252,14.21992,25.05756,262.7352
14933,-0.6205469,0.07860184,-0.2348636,0.7440313,14.59231,24.96514,262.9055
14934,-0.620818,0.07786763,-0.2352639,0.7437558,14.67137,24.94136,262.9656
14935,-0.622653,0.07666579,-0.2360912,0.7420826,14.7692,24.94348,263.2814
14936,-0.6228189,0.07666835,-0.2357937,0.7420378,14.74009,24.92062,263.2902
14937,-0.6220303,0.07376608,-0.23786,0.7423339,15.15158,24.83658,263.2769
14938,-0.6215948,0.07301271,-0.2413215,0.7416556,15.4969,25.06923,263.3994
14939,-0.6214993,0.07005557,-0.2417289,0.7418883,15.75906,24.84785,263.4003
14940,-0.6219232,0.06753421,-0.2437575,0.7411027,16.09891,24.81927,263.5706
14941,-0.6224126,0.06750304,-0.2444092,0.7404797,16.13674,24.88477,263.6806
14942,-0.6230233,0.06646022,-0.2457246,0.7396246,16.30052,24.92528,263.8441
14943,-0.6226764,0.06408367,-0.2483272,0.7392572,16.69928,24.94778,263.9341
14944,-0.6236759,0.0610598,-0.2492451,0.7383611,16.9719,24.79211,264.1304
14945,-0.6234607,0.06007284,-0.2512847,0.7379324,17.21488,24.88793,264.2135
14946,-0.6241137,0.06046715,-0.2517098,0.7372029,17.19625,24.97471,264.338
14947,-0.6230506,0.05970544,-0.2551794,0.7369714,17.56099,25.20301,264.379
14948,-0.6229963,0.05639285,-0.2560914,0.7369618,17.89021,25.00154,264.4169
14949,-0.623215,0.055466,-0.2602872,0.7353756,18.28134,25.31457,264.7001
14950,-0.6236249,0.05198529,-0.2634898,0.7341409,18.78625,25.32514,264.9503
14951,-0.6242092,0.05090949,-0.2635933,0.7336824,18.85844,25.25715,265.0434
14952,-0.6245394,0.04957321,-0.2651195,0.7329426,19.06944,25.29449,265.1855
14953,-0.6243321,0.04691735,-0.2680729,0.7322195,19.51127,25.34192,265.3329
14954,-0.6241584,0.04552636,-0.2710213,0.7313694,19.85263,25.4992,265.4908
14955,-0.6235442,0.04055357,-0.2716224,0.7319627,20.30766,25.11836,265.4236
14956,-0.637418,0.03444159,-0.2751626,0.7188866,20.59219,25.31716,267.798
14957,-0.6389348,0.03340206,-0.274034,0.7180196,20.53871,25.16157,267.9599
14958,-0.639429,0.03263411,-0.2768493,0.7165335,20.794,25.38793,268.2242
14959,-0.6384501,0.02896604,-0.2796217,0.7164874,21.32785,25.33175,268.2537
14960,-0.6393077,0.02875462,-0.2814094,0.71503,21.44858,25.51627,268.5108
14961,-0.6445088,0.02522689,-0.2836121,0.709603,21.71475,25.59721,269.4853
14962,-0.6497374,0.02491704,-0.2823619,0.7053314,21.46534,25.59698,270.2323
14963,-0.6500132,0.02302167,-0.2848439,0.7041427,21.79043,25.70359,270.4508
14964,-0.6506846,0.02102381,-0.286688,0.7028354,22.06321,25.75059,270.69
14965,-0.6504723,0.01783964,-0.2886998,0.7022964,22.47606,25.69461,270.8013
14966,-0.6492946,0.01557958,-0.2894101,0.7031471,22.75331,25.54999,270.6638
14967,-0.6506567,0.01573384,-0.2904242,0.7014644,22.76608,25.70914,270.957
14968,-0.6498244,0.01461992,-0.2965126,0.6997107,23.32494,26.22769,271.2719
14969,-0.6490961,0.0133903,-0.2961773,0.7005528,23.42775,26.07112,271.1299
14970,-0.6483718,0.01233214,-0.2974119,0.7007198,23.62902,26.09269,271.1057
14971,-0.6471558,0.01066837,-0.2992286,0.7010978,23.93931,26.11119,271.0467
14972,-0.6448448,0.007746726,-0.30358,0.7013946,24.57399,26.26143,271.0063
14973,-0.6448113,0.007203817,-0.3034198,0.7015007,24.60802,26.19976,270.9888
14974,-0.6438788,0.005457193,-0.3036944,0.7022537,24.80387,26.05748,270.8597
14975,-0.6428647,0.003224015,-0.3061633,0.7021245,25.20032,26.10723,270.8879
14976,-0.6429262,0.003494263,-0.306402,0.7019628,25.19324,26.15659,270.9164
14977,-0.6413864,-0.0009886026,-0.3096931,0.7019349,25.8513,26.09746,270.9279
14978,-0.6398995,-0.001985908,-0.3098185,0.7032335,25.9949,25.978,270.696
14979,-0.6400992,-0.001927853,-0.3094952,0.7031943,25.95968,25.95487,270.7028
14980,-0.639811,-0.002004772,-0.3113013,0.7026589,26.1066,26.13378,270.7997
14981,-0.6388956,-0.002528876,-0.3137858,0.7023849,26.36118,26.32873,270.8504
14981,-0.6373338,-0.003236234,-0.3187968,0.7015441,26.83515,26.76381,271.005
14982,-0.6359503,-0.005437642,-0.3192629,0.7025732,27.09886,26.5874,270.8189
14983,-0.6352713,-0.005164504,-0.3198892,0.7029046,27.14635,26.65306,270.7596
14984,-0.6344897,-0.005911291,-0.3216916,0.702782,27.36513,26.76307,270.7823
14985,-0.6363647,-0.00634712,-0.3228559,0.7005453,27.41477,26.92827,271.1872
14986,-0.6349201,-0.00932467,-0.3241525,0.7012238,27.80396,26.77977,271.0621
14987,-0.634178,-0.009754896,-0.3242652,0.701837,27.87443,26.72935,270.9502
14988,-0.6338686,-0.0100877,-0.323935,0.7022644,27.88929,26.65385,270.8717
14988,-0.632401,-0.01217189,-0.3267382,0.7022557,28.31395,26.74373,270.8707
14989,-0.6311872,-0.01210877,-0.3288171,0.7023785,28.50229,26.93522,270.8499
14990,-0.6568881,-0.01821736,-0.3269798,0.6791543,27.90928,27.26567,274.9881
14991,-0.6595888,-0.0221453,-0.3264845,0.6766537,28.10231,27.01844,275.4186
14992,-0.6730953,-0.02502573,-0.3284455,0.6621479,27.9466,27.58098,277.9295
14993,-0.6691648,-0.03173125,-0.3274594,0.6663197,28.61047,26.81016,277.1995
14994,-0.6691794,-0.0306465,-0.3243994,0.667851,28.31488,26.53026,276.9203
14995,-0.6705361,-0.03181836,-0.3241574,0.6665516,28.34672,26.4714,277.1402
14996,-0.6843049,-0.03502864,-0.3212782,0.6536668,27.90184,26.46977,279.311
14997,-0.688262,-0.03831318,-0.3225333,0.648691,28.11143,26.55131,280.1518
14998,-0.6920404,-0.03682259,-0.321726,0.6451487,27.78063,26.71832,280.7388
14999,-0.6965228,-0.03738999,-0.3222693,0.6400006,27.68375,26.93149,281.5963
15000,-0.7000606,-0.03923959,-0.3219298,0.6361892,27.68154,26.91179,282.2205
15001,-0.7078567,-0.03962564,-0.3196664,0.6286353,27.25849,26.93934,283.432
15002,-0.7122649,-0.03846496,-0.3154916,0.6258309,26.72336,26.69682,283.8434
15003,-0.7211303,-0.04364315,-0.3075098,0.6192771,26.34738,25.75993,284.818
15003,-0.7206786,-0.04562816,-0.3099836,0.618426,26.69047,25.90734,284.9797
