frame,quat_w,quat_x,quat_y,quat_z,euler_x,euler_y,euler_z
15001,-0.7383378,-0.05565324,-0.3072161,0.5978113,26.71137,25.68138,288.2031
15002,-0.740126,-0.05611545,-0.3068715,0.5957304,26.65969,25.68806,288.5231
15003,-0.7520315,-0.05809416,-0.3044997,0.5816818,26.20736,25.79375,290.6594
15004,-0.7534592,-0.05433422,-0.3034623,0.5807391,25.74343,25.95209,290.7808
15005,-0.7550178,-0.05605285,-0.302967,0.5788068,25.80823,25.85542,291.0722
15006,-0.7579945,-0.05720352,-0.3012103,0.5757121,25.69247,25.69866,291.5205
15007,-0.7608122,-0.05739325,-0.2992309,0.5730026,25.48349,25.56454,291.9033
15008,-0.7580628,-0.05462089,-0.2978867,0.5775993,25.27291,25.44604,291.185
15009,-0.7617078,-0.05426936,-0.2969069,0.5733259,25.03195,25.50073,291.8149
15010,-0.759496,-0.05505514,-0.2950796,0.5771161,25.10122,25.13768,291.223
15011,-0.7587317,-0.05528611,-0.2935518,0.5788755,25.07187,24.90573,290.9385
15012,-0.7649413,-0.05620028,-0.2927709,0.5709569,24.85346,25.01752,292.1218
15013,-0.7642879,-0.06160145,-0.2916469,0.5718492,25.32285,24.53516,291.9847
15014,-0.7720987,-0.06113572,-0.2880266,0.5631756,24.76041,24.45427,293.232
15015,-0.7779561,-0.06442679,-0.2869631,0.5552349,24.76556,24.38852,294.4011
15016,-0.7835345,-0.06725729,-0.2853065,0.5478598,24.70919,24.26978,295.4691
15017,-0.7884507,-0.06732801,-0.2844308,0.5412131,24.45919,24.3731,296.4266
15018,-0.7918584,-0.06836188,-0.2841507,0.5362325,24.39391,24.43268,297.1485
15019,-0.7952083,-0.06886275,-0.2826453,0.5319902,24.22051,24.36654,297.7401
15020,-0.7985155,-0.07030705,-0.2804273,0.5280063,24.10545,24.16078,298.2848
15021,-0.8023914,-0.07217301,-0.2787863,0.5227212,24.0339,24.03188,299.0236
15022,-0.8098928,-0.07526222,-0.2768351,0.5116363,23.90281,23.96895,300.5814
15023,-0.8177228,-0.0768009,-0.2756974,0.499422,23.6396,24.10754,302.2886
15024,-0.8244891,-0.07906346,-0.2703748,0.4907793,23.31354,23.63916,303.4175
15025,-0.8292614,-0.08132182,-0.2681911,0.4835142,23.21749,23.47989,304.3991
15026,-0.8381518,-0.08472362,-0.2644411,0.469462,22.97395,23.27037,306.2845
15027,-0.8418195,-0.08620176,-0.2648908,0.4623224,22.9584,23.4397,307.274
15028,-0.8457336,-0.08733146,-0.263747,0.4555717,22.83195,23.43508,308.1764
15029,-0.8502584,-0.08699633,-0.2613762,0.4485253,22.48282,23.36434,309.0818
15030,-0.8538741,-0.08921954,-0.2583456,0.4429407,22.40977,23.06248,309.7934
15031,-0.8560598,-0.08901936,-0.2569535,0.4395589,22.22868,22.99894,310.2194
15032,-0.8444583,-0.08634038,-0.2631061,0.4584875,22.77314,23.33259,307.7639
15033,-0.8520111,-0.08926199,-0.2602979,0.4453701,22.57933,23.22014,309.5027
15034,-0.8584623,-0.09251483,-0.2554843,0.4349843,22.4021,22.79271,310.8287
15035,-0.8641051,-0.09386063,-0.2528615,0.4249396,22.15495,22.68753,312.1255
15036,-0.8679128,-0.09633249,-0.2515052,0.417364,22.15756,22.61625,313.1204
15037,-0.872259,-0.09782058,-0.2470297,0.4105752,21.93152,22.20837,313.9427
15038,-0.8750901,-0.09869424,-0.244868,0.4056065,21.8003,22.04558,314.5608
15039,-0.8773935,-0.1030928,-0.242669,0.4008294,22.05173,21.73255,315.1783
15040,-0.8802107,-0.1047212,-0.2409798,0.3952106,22.01374,21.61104,315.8923
15041,-0.8802693,-0.1033719,-0.2368298,0.3979344,21.74496,21.11966,315.4497
15041,-0.8804137,-0.10582,-0.2367291,0.3970309,21.98156,21.03278,315.5827
15042,-0.8889618,-0.1093914,-0.2343266,0.3779835,21.81635,21.08047,318.0372
15043,-0.8961704,-0.1141452,-0.227588,0.3633915,21.71525,20.47378,319.8232
15044,-0.8958645,-0.1124708,-0.2289029,0.3638417,21.59762,20.67568,319.7778
15045,-0.8963524,-0.1151595,-0.2277972,0.3624904,21.81405,20.48379,319.9507
15046,-0.8986583,-0.1172076,-0.2257037,0.3573984,21.83848,20.28967,320.5784
15047,-0.9003798,-0.1174178,-0.2249757,0.3534336,21.74455,20.29204,321.0733
15048,-0.9044973,-0.1168777,-0.2224638,0.3445785,21.3918,20.22484,322.1489
15049,-0.906082,-0.1180676,-0.2220336,0.3402597,21.41103,20.23584,322.6992
15050,-0.9076965,-0.119341,-0.2206318,0.3364022,21.4133,20.11985,323.1717
15051,-0.9096009,-0.120572,-0.2197901,0.3313323,21.40708,20.09953,323.8077
15052,-0.9119554,-0.121059,-0.2196714,0.3246948,21.31242,20.22375,324.6481
15053,-0.9137348,-0.1233323,-0.2172117,0.3204635,21.38315,19.96231,325.1526
15054,-0.9173297,-0.1265934,-0.2113387,0.3127563,21.37378,19.34995,326.0327
15055,-0.9263989,-0.1266509,-0.2098951,0.2858128,20.77137,19.78536,329.3693
15056,-0.9291912,-0.1264696,-0.2087255,0.2775663,20.54232,19.83158,330.3651
15057,-0.9296167,-0.1268706,-0.2063839,0.2777093,20.51861,19.54024,330.3048
15058,-0.9303847,-0.1291666,-0.2040761,0.275778,20.66532,19.25117,330.5211
15059,-0.932568,-0.1277769,-0.202266,0.2703307,20.3454,19.18833,331.1432
15060,-0.9342244,-0.128057,-0.2012381,0.2651971,20.24306,19.16953,331.7581
15061,-0.9339046,-0.1286918,-0.1974386,0.268847,20.27542,18.6248,331.2394
15062,-0.9359753,-0.1288042,-0.1952054,0.263163,20.11202,18.47849,331.8965
15063,-0.9372565,-0.1308096,-0.1923951,0.2596605,20.18906,18.17237,332.2917
15064,-0.9390666,-0.1320566,-0.1907289,0.2536483,20.16813,18.074,333.0098
15065,-0.9405699,-0.1337626,-0.1895002,0.2480439,20.22055,18.00939,333.6901
15066,-0.9439882,-0.1337635,-0.1858731,0.2375816,19.92942,17.79848,334.8982
15067,-0.9451758,-0.1359351,-0.1846446,0.2325316,20.04979,17.71393,335.513
15068,-0.9465864,-0.135888,-0.1840828,0.2272056,19.93225,17.75958,336.1508
15069,-0.9482421,-0.1361282,-0.1830681,0.2208898,19.81845,17.7653,336.9018
15070,-0.9493581,-0.1357624,-0.1816437,0.2174709,19.68073,17.67243,337.2847
15071,-0.9517472,-0.1380494,-0.1781263,0.2083046,19.6933,17.39999,338.352
15072,-0.9532427,-0.1395897,-0.1767991,0.2014579,19.71616,17.35614,339.1721
15073,-0.9559971,-0.1396327,-0.1754355,0.1891949,19.47283,17.44207,340.6267
15074,-0.957356,-0.1403724,-0.1743862,0.1826328,19.41876,17.43799,341.4054
15075,-0.9590346,-0.1434609,-0.1704763,0.1749554,19.56156,17.08205,342.2886
15076,-0.9614351,-0.1440634,-0.1688697,0.162393,19.38181,17.13484,343.7731
15077,-0.9631963,-0.1447695,-0.1668759,0.1531254,19.26809,17.07225,344.8528
15078,-0.9640309,-0.1445404,-0.1637928,0.1514089,19.16455,16.7379,344.9937
15079,-0.9652529,-0.1452665,-0.1622413,0.1444388,19.10532,16.68172,345.8058
15080,-0.9658765,-0.1463376,-0.1617817,0.1396236,19.13925,16.71148,346.386
15081,-0.9666783,-0.1488992,-0.1606981,0.1324334,19.29541,16.70186,347.2572
15082,-0.9674674,-0.1478568,-0.1579762,0.1311067,19.11811,16.4085,347.3468
15083,-0.9679474,-0.147202,-0.1568646,0.129627,19.00407,16.30894,347.4926
15084,-0.9682648,-0.145922,-0.1572681,0.1282063,18.83887,16.39505,347.653
15085,-0.9695638,-0.1448538,-0.1534398,0.124177,18.60229,16.02059,348.0437
15086,-0.9697165,-0.146592,-0.1530086,0.1214454,18.75183,16.00866,348.3833
15087,-0.9718032,-0.1502082,-0.1507472,0.1015458,18.81788,16.0997,350.7545
15088,-0.9723288,-0.1498693,-0.1503144,0.0975794,18.71008,16.12531,351.2121
15089,-0.9726509,-0.1503274,-0.1488557,0.09588535,18.7221,15.98039,351.3909
15090,-0.9732473,-0.1503905,-0.1488695,0.08950137,18.62557,16.10396,352.1494
15091,-0.9740011,-0.1503715,-0.1464669,0.0851934,18.53477,15.89668,352.6126
15092,-0.9740475,-0.1523865,-0.1463664,0.08116033,18.70052,15.95686,353.118
15093,-0.9745145,-0.1531084,-0.1446784,0.0771215,18.70697,15.82957,353.5739
15094,-0.9746615,-0.1531475,-0.1440438,0.07637088,18.6953,15.76744,353.6509
15095,-0.9750787,-0.1504854,-0.1441122,0.07620643,18.38707,15.7828,353.6326
15096,-0.9750777,-0.1507006,-0.1440299,0.07594979,18.40716,15.7774,353.6646
15097,-0.9751989,-0.1509935,-0.1432036,0.0753723,18.4263,15.68843,353.7212
15098,-0.9757161,-0.1496244,-0.141747,0.07415214,18.24033,15.53816,353.8174
15099,-0.9755421,-0.1499979,-0.1424462,0.07434724,18.29078,15.61802,353.8133
15100,-0.9756094,-0.1498701,-0.1421706,0.07424878,18.27278,15.58692,353.8177
15101,-0.9759054,-0.1489628,-0.1416828,0.07310887,18.14746,15.55079,353.93
15102,-0.9757774,-0.1491163,-0.1423717,0.07316678,18.17029,15.63227,353.9386
15103,-0.9760095,-0.148164,-0.1429582,0.07082255,18.0272,15.74718,354.2128
15103,-0.9769906,-0.150444,-0.1407118,0.05528494,18.0305,15.76271,356.0389
15104,-0.9772426,-0.150395,-0.1392105,0.05476126,18.01051,15.59189,356.0714
15105,-0.9775329,-0.1488144,-0.1397928,0.05236214,17.79316,15.70395,356.341
15106,-0.9775261,-0.1489029,-0.1398454,0.05209755,17.79933,15.71516,356.3746
15107,-0.9775106,-0.1487061,-0.1400439,0.05241754,17.78254,15.73296,356.3375
15108,-0.977753,-0.1477771,-0.1395391,0.05186412,17.66512,15.68127,356.3789
15109,-0.9777626,-0.1476105,-0.13994,0.05107427,17.63491,15.74335,356.4769
15110,-0.9778275,-0.147478,-0.1396842,0.05091001,17.61617,15.71544,356.4894
15111,-0.9779156,-0.1475334,-0.1390025,0.0509237,17.6203,15.63349,356.476
15112,-0.9779974,-0.146929,-0.1392977,0.05029155,17.54191,15.67942,356.5466
15113,-0.9781857,-0.1461703,-0.138849,0.05007972,17.44982,15.62842,356.5515
15114,-0.9781917,-0.1453311,-0.1398673,0.0495689,17.34889,15.75839,356.6172
15115,-0.9782856,-0.1452798,-0.1391462,0.04989621,17.34569,15.66616,356.5648
15116,-0.9782181,-0.1454844,-0.1394739,0.04970694,17.36733,15.70902,356.5962
15117,-0.9782036,-0.1454212,-0.1396583,0.0496596,17.35996,15.73187,356.6042
15118,-0.9782987,-0.1447028,-0.1400058,0.04890136,17.26659,15.78584,356.6885
15119,-0.9787635,-0.1428242,-0.1406947,0.0427611,16.95465,15.97147,357.3925
15120,-0.9797697,-0.1479417,-0.1340544,0.01392858,17.07553,15.69325,0.7415048
15121,-0.9796122,-0.1470474,-0.1362832,0.01280611,16.95314,15.97409,0.8979291
15122,-0.9799814,-0.1460039,-0.1347697,0.01250998,16.83007,15.79208,0.888037
15123,-0.9797149,-0.146979,-0.1357076,0.01181649,16.92994,15.92177,1.002559
15124,-0.979804,-0.1467531,-0.1354454,0.01011803,16.87708,15.91808,1.193188
15125,-0.9802139,-0.1490531,-0.1289671,-0.01820394,16.70909,15.64299,4.439222
15126,-0.9808455,-0.1468227,-0.1270654,-0.01548627,16.50417,15.35015,4.048465
15127,-0.9808799,-0.1474641,-0.1260239,-0.01571653,16.57844,15.23556,4.068521
15128,-0.9806899,-0.1485752,-0.125822,-0.0184855,16.66412,15.26818,4.408885
15129,-0.9800063,-0.1503906,-0.1222333,-0.0450505,16.48439,15.30632,7.494204
15130,-0.9797868,-0.1506182,-0.1220542,-0.04934609,16.4454,15.35953,7.99909
15131,-0.9795113,-0.1503788,-0.1222153,-0.05484098,16.33127,15.46657,8.641665
15132,-0.9776608,-0.1542819,-0.1161339,-0.0830034,16.403,15.27262,11.91963
15133,-0.9768238,-0.1557235,-0.1142691,-0.09223983,16.4482,15.23157,13.00292
15134,-0.9763981,-0.1542381,-0.1140618,-0.09923458,16.17415,15.29518,13.79251
15135,-0.9739299,-0.1578308,-0.1093704,-0.1207829,16.32061,15.17158,16.32706
15136,-0.9723347,-0.1588204,-0.1080041,-0.1329524,16.26822,15.23538,17.76236
15137,-0.9686725,-0.1607236,-0.1020981,-0.1594297,16.18991,15.03042,20.84245
15138,-0.9657165,-0.1632213,-0.09847888,-0.1762172,16.29265,14.95705,22.83536
15139,-0.9629027,-0.1633016,-0.09803143,-0.191157,16.08172,15.15631,24.61035
15140,-0.9563468,-0.1669808,-0.08923662,-0.2226097,16.23951,14.78591,28.32801
15141,-0.9543922,-0.1688756,-0.08828831,-0.2298296,16.36555,14.86502,29.22883
15142,-0.9539839,-0.1664911,-0.08718371,-0.2336547,16.07634,14.71924,29.61445
15143,-0.9468122,-0.1660072,-0.08297598,-0.2628758,15.70774,14.70753,33.07366
15143,-0.9465625,-0.1678689,-0.08278656,-0.2626517,15.92083,14.75441,33.09094
15144,-0.9417841,-0.1682419,-0.08101571,-0.2795961,15.759,14.85136,35.13686
15145,-0.9301597,-0.1711645,-0.07193795,-0.3167502,15.83381,14.58493,39.64984
15146,-0.9281846,-0.1694787,-0.06364313,-0.3251155,15.85669,13.73184,40.52908
15147,-0.927755,-0.1702488,-0.067918,-0.3250742,15.76792,14.23888,40.60146
15148,-0.9138992,-0.1738788,-0.05946645,-0.3619646,15.94806,14.12028,45.20152
15149,-0.9107288,-0.1772162,-0.05778271,-0.3685497,16.27215,14.22425,46.10779
15150,-0.9089633,-0.1769617,-0.0568057,-0.3731533,16.21897,14.18719,46.67059
15151,-0.9070426,-0.1762182,-0.05761743,-0.3780228,16.02838,14.32184,47.27601
15152,-0.9059219,-0.1763202,-0.05598,-0.3808976,16.07047,14.20157,47.62386
15153,-0.9028862,-0.1773948,-0.0534429,-0.3879071,16.19294,14.11112,48.51706
15154,-0.8992654,-0.1786925,-0.05398151,-0.3955716,16.18125,14.37664,49.54203
15155,-0.8955778,-0.1785909,-0.05090073,-0.4042956,16.18419,14.19951,50.62128
15156,-0.8922404,-0.1793835,-0.04863703,-0.4115378,16.26465,14.13525,51.55214
15157,-0.8899752,-0.1779593,-0.04827687,-0.4170662,16.05079,14.11561,52.21822
15158,-0.8866471,-0.1788156,-0.0466443,-0.4239179,16.11379,14.11699,53.11446
15159,-0.888728,-0.1786941,-0.04759109,-0.4194835,16.1226,14.12927,52.54618
15160,-0.88123,-0.1792888,-0.04537272,-0.4350065,16.05229,14.21282,54.5594
15161,-0.8865495,-0.1764387,-0.0462614,-0.4251581,15.87303,13.96055,53.19724
15162,-0.8855388,-0.1750887,-0.04212728,-0.4282412,15.90329,13.50372,53.51107
15163,-0.8847566,-0.1714264,-0.0398939,-0.431541,15.59939,13.11497,53.80591
15164,-0.8828919,-0.1704174,-0.03703016,-0.4359916,15.58279,12.83558,54.3259
15165,-0.8808508,-0.1704,-0.03693333,-0.4401157,15.5265,12.89719,54.86346
15166,-0.8812817,-0.1691138,-0.03739217,-0.4397101,15.37826,12.86167,54.77692
15167,-0.8822404,-0.1673121,-0.03630725,-0.4385664,15.27027,12.62293,54.56333
15168,-0.8827381,-0.1650254,-0.03652412,-0.4384133,15.0299,12.50885,54.47934
15169,-0.8840435,-0.1610015,-0.03549859,-0.4373622,14.69142,12.15036,54.21806
15170,-0.8845609,-0.1625023,-0.03642282,-0.4356816,14.81796,12.30541,54.05041
15171,-0.8854586,-0.1605406,-0.03528124,-0.4346782,14.69255,12.05656,53.85357
15172,-0.8770047,-0.1584745,-0.03018934,-0.4525896,14.51532,11.70518,56.08896
15173,-0.8764918,-0.1610342,-0.03151765,-0.4525892,14.70019,11.99446,56.17321
15174,-0.8770428,-0.1565808,-0.03074157,-0.4531373,14.28798,11.65858,56.11386
15175,-0.8774338,-0.1559113,-0.03018913,-0.4526481,14.25711,11.55408,56.02617
15176,-0.8779413,-0.1537948,-0.03034475,-0.4523777,14.03951,11.44069,55.93485
15177,-0.8780401,-0.1531021,-0.03016046,-0.4524332,13.97912,11.38179,55.92189
15178,-0.877265,-0.1503145,-0.02953824,-0.454906,13.70111,11.19256,56.1669
15179,-0.8798394,-0.1511975,-0.02960345,-0.4496061,13.85345,11.16793,55.49591
15180,-0.8807349,-0.1504335,-0.03116989,-0.4480006,13.71284,11.25985,55.28007
15181,-0.8824743,-0.1490339,-0.0328308,-0.4449162,13.52226,11.30273,54.85595
15182,-0.8823307,-0.1491647,-0.03223112,-0.4452009,13.56371,11.25266,54.89107
15183,-0.8828835,-0.1481556,-0.03109476,-0.4445221,13.53054,11.06663,54.76635
15184,-0.8960243,-0.1413147,-0.03585953,-0.4193862,12.89499,10.80821,51.3891
15184,-0.8962405,-0.142704,-0.03582987,-0.4184553,13.05038,10.86666,51.30244
15185,-0.8970727,-0.1429691,-0.03635162,-0.4165323,13.07487,10.90775,51.06688
15186,-0.8965558,-0.1438739,-0.03755686,-0.4172262,13.09949,11.09325,51.18891
15187,-0.8963671,-0.1438318,-0.03777924,-0.417626,13.07915,11.12016,51.24125
15188,-0.8965727,-0.143018,-0.03716299,-0.4175192,13.02755,11.00996,51.20218
15189,-0.8965541,-0.1434927,-0.03724691,-0.4173887,13.07374,11.04249,51.19766
15190,-0.8963704,-0.1433015,-0.03862402,-0.4177237,12.98137,11.18162,51.24878
15191,-0.8956568,-0.1428029,-0.03920949,-0.4193674,12.8805,11.23975,51.45295
15192,-0.8866923,-0.1443997,-0.03381005,-0.4379297,13.08894,11.03478,53.83855
15193,-0.8871692,-0.1425534,-0.03482249,-0.4374892,12.8541,11.02938,53.74474
15194,-0.8872404,-0.1425744,-0.0351052,-0.4373153,12.84365,11.05738,53.72519
15195,-0.8869714,-0.1433127,-0.03591573,-0.4375538,12.87345,11.18648,53.78136
15196,-0.8871211,-0.1430505,-0.03598982,-0.4373302,12.84576,11.17617,53.74654
15197,-0.887167,-0.142378,-0.03593841,-0.4374607,12.77851,11.13488,53.74642
15198,-0.8874382,-0.1418334,-0.03615144,-0.4370698,12.71698,11.12078,53.68426
15199,-0.8876098,-0.1415241,-0.03691524,-0.4367575,12.64974,11.17823,53.64283
15200,-0.8879824,-0.141564,-0.03781524,-0.4359094,12.6177,11.26185,53.54178
15201,-0.8900384,-0.1413468,-0.0385997,-0.4316978,12.6081,11.27171,52.99901
15202,-0.8905628,-0.1406277,-0.03956068,-0.4307633,12.49727,11.31877,52.86924
15203,-0.890792,-0.1399544,-0.03936517,-0.4305264,12.44164,11.25788,52.8207
15204,-0.8912432,-0.1394342,-0.03849497,-0.4298396,12.4417,11.12898,52.71217
15205,-0.8917146,-0.1381231,-0.03866857,-0.4292689,12.3061,11.06702,52.60883
15206,-0.8917059,-0.1375518,-0.03936684,-0.429407,12.21043,11.11028,52.61898
15207,-0.8924946,-0.1358617,-0.03944954,-0.4282977,12.04731,11.01128,52.43709
15208,-0.8927482,-0.1369067,-0.04006228,-0.4273785,12.13424,11.11985,52.34855
15209,-0.8938729,-0.1347454,-0.04046577,-0.4256732,11.91382,11.0214,52.08226
15210,-0.8939292,-0.1346062,-0.04089826,-0.4255577,11.87912,11.05744,52.06779
15211,-0.8940028,-0.134578,-0.04128912,-0.4253739,11.85875,11.09428,52.04679
15212,-0.8939933,-0.134167,-0.04203996,-0.4254505,11.77781,11.15136,52.05327
15213,-0.8937036,-0.1347615,-0.04275054,-0.4258001,11.79832,11.26234,52.11781
15214,-0.8933322,-0.1351848,-0.04296565,-0.4264233,11.82287,11.31599,52.20949
15215,-0.8932579,-0.1352244,-0.04251379,-0.4266114,11.84746,11.2735,52.23086
15216,-0.8934836,-0.1344809,-0.04298928,-0.4263262,11.75095,11.27889,52.18074
15217,-0.8938822,-0.133555,-0.04330271,-0.4257495,11.64765,11.25382,52.08775
15218,-0.8938434,-0.1328552,-0.04366902,-0.4260126,11.55429,11.25749,52.10825
15219,-0.8940331,-0.1315397,-0.04358715,-0.4260311,11.42369,11.17797,52.0797
15220,-0.8940682,-0.1303912,-0.04418933,-0.4262484,11.27311,11.1814,52.08611
15221,-0.8940321,-0.1307476,-0.04445043,-0.4261878,11.2971,11.22712,52.08852
15222,-0.8940063,-0.13119,-0.0446105,-0.4260893,11.33547,11.26649,52.08727
15223,-0.8939751,-0.1312535,-0.04405579,-0.4261928,11.36872,11.2134,52.09762
15224,-0.8939257,-0.1302778,-0.044453,-0.4265544,11.24438,11.20658,52.12483
15225,-0.8941089,-0.1290857,-0.04493165,-0.4264826,11.0992,11.19119,52.09232
15226,-0.8941529,-0.1285024,-0.04540733,-0.4265164,11.01509,11.20969,52.08714
15227,-0.8943617,-0.127023,-0.04548299,-0.4265134,10.86006,11.13785,52.05419
15228,-0.8963493,-0.1246174,-0.04744411,-0.4228211,10.56091,11.16973,51.54347
15229,-0.896564,-0.1240541,-0.04755875,-0.4225185,10.50119,11.14821,51.49335
15230,-0.8965627,-0.124117,-0.04776037,-0.42248,10.49804,11.17215,51.4913
15231,-0.8966238,-0.1245596,-0.04791936,-0.422202,10.53889,11.20904,51.46667
15232,-0.8969138,-0.1245154,-0.04751328,-0.4216446,10.56155,11.15778,51.39155
15233,-0.8970823,-0.1238591,-0.04752716,-0.4214777,10.49562,11.12247,51.35603
15234,-0.8974417,-0.1225942,-0.0475567,-0.4210789,10.3693,11.05398,51.27796
15235,-0.8977386,-0.1211262,-0.04816604,-0.4208016,10.19172,11.03694,51.21552
15236,-0.8978342,-0.1209921,-0.04814804,-0.4206386,10.18085,11.02616,51.19175
15237,-0.897682,-0.120749,-0.04845136,-0.420998,10.13643,11.04905,51.23454
15238,-0.8981701,-0.1200089,-0.04693958,-0.4203395,10.14359,10.8448,51.12411
15239,-0.8979332,-0.1177071,-0.04754597,-0.4214268,9.864104,10.7991,51.21877
15240,-0.8979356,-0.1153569,-0.04843628,-0.4219698,9.572113,10.7744,51.24554
15241,-0.8980309,-0.1158179,-0.04821479,-0.4216661,9.634064,10.77225,51.21481
15242,-0.8971539,-0.1166167,-0.04969862,-0.423138,9.624331,10.98467,51.42892
15243,-0.8969306,-0.1168025,-0.04930627,-0.4236059,9.657288,10.95856,51.48977
15244,-0.8968576,-0.1161308,-0.04912779,-0.4239654,9.593012,10.90834,51.52046
15245,-0.8967783,-0.1157784,-0.04906455,-0.4242367,9.556789,10.88602,51.54734
15246,-0.8965498,-0.1138472,-0.04904622,-0.4252435,9.347743,10.79274,51.63597
15247,-0.8967743,-0.1133641,-0.04892841,-0.4249125,9.308107,10.7516,51.58319
15248,-0.8965304,-0.1125464,-0.05016342,-0.4255001,9.155444,10.84307,51.64949
15249,-0.8957368,-0.1108457,-0.05064663,-0.4275557,8.932377,10.82413,51.88038
15250,-0.8957106,-0.1110535,-0.05077124,-0.427542,8.947532,10.84793,51.88358
15251,-0.8962597,-0.1089954,-0.05039224,-0.4269652,8.762843,10.69435,51.76668
15252,-0.8969603,-0.1037324,-0.04998171,-0.4268534,8.245681,10.37453,51.64836
15252,-0.8967588,-0.1059265,-0.04980394,-0.4267586,8.480483,10.47003,51.67705
15253,-0.8969755,-0.1054,-0.05013388,-0.4263949,8.41423,10.47336,51.62256
15254,-0.8970771,-0.1052065,-0.05061045,-0.4261725,8.37313,10.51073,51.59332
15255,-0.8972591,-0.1042848,-0.05050471,-0.4260284,8.285633,10.45023,51.55678
15256,-0.8973155,-0.1037454,-0.05050075,-0.4260418,8.23039,10.42178,51.54824
15257,-0.8974475,-0.1034274,-0.05081117,-0.4258041,8.18502,10.43532,51.51376
15258,-0.8972991,-0.10367,-0.05094871,-0.4260414,8.200263,10.46442,51.54934
15259,-0.8971168,-0.1034555,-0.05083919,-0.4264903,8.178554,10.44589,51.6018
15260,-0.8970035,-0.1031055,-0.05119607,-0.4267705,8.121574,10.46722,51.63289
15261,-0.8972548,-0.1017533,-0.051743,-0.4265007,7.958765,10.45109,51.57623
15262,-0.8974831,-0.1009626,-0.05201462,-0.4261753,7.867907,10.4353,51.52158
15263,-0.8975187,-0.1002618,-0.05217561,-0.4262461,7.787202,10.41617,51.51848
15264,-0.8979096,-0.09872036,-0.05235213,-0.4257608,7.625926,10.35033,51.4294
15265,-0.897718,-0.0981514,-0.05328584,-0.4261802,7.51616,10.42136,51.47729
15266,-0.8975572,-0.09647483,-0.05339357,-0.4268875,7.330769,10.35136,51.5374
15267,-0.8977803,-0.09453793,-0.05489376,-0.4266614,7.059872,10.40504,51.48153
15268,-0.8980008,-0.09339564,-0.05504698,-0.4264289,6.937784,10.36012,51.4325
15269,-0.8981687,-0.09209089,-0.05543974,-0.4263085,6.785776,10.33267,51.39619
15270,-0.8983701,-0.09142956,-0.05538452,-0.4260336,6.723831,10.29081,51.34952
15271,-0.898167,-0.09075692,-0.05625954,-0.4264907,6.606013,10.35041,51.39997
15272,-0.8996918,-0.08980866,-0.05641228,-0.4234466,6.535859,10.29563,50.99818
15273,-0.9078228,-0.08548276,-0.06091538,-0.4060048,6.069947,10.42967,48.74568
15274,-0.9083743,-0.08539015,-0.06081828,-0.4048038,6.078646,10.40702,48.59298
15275,-0.9083667,-0.08489789,-0.06173512,-0.4047855,5.98441,10.47918,48.58661
15276,-0.9095664,-0.08260161,-0.06187415,-0.4025391,5.76507,10.36791,48.26815
15277,-0.9095137,-0.08244137,-0.06205198,-0.4026636,5.738651,10.37963,48.28191
15278,-0.9092487,-0.08200552,-0.06442055,-0.402979,5.578335,10.60945,48.3242
15279,-0.908607,-0.08196166,-0.06733054,-0.4039584,5.425097,10.91898,48.45789
15280,-0.9089947,-0.08161505,-0.06733415,-0.4031549,5.398549,10.89784,48.35158
15281,-0.9199094,-0.0803678,-0.07657433,-0.3760906,5.178819,11.66326,45.00216
15282,-0.9236938,-0.07931753,-0.08032611,-0.3661234,5.031975,11.96255,43.77122
15283,-0.9310969,-0.0770043,-0.07967064,-0.3475366,5.049709,11.69328,41.4541
15284,-0.9303398,-0.07785402,-0.08041036,-0.3492005,5.088978,11.8177,41.67401
15285,-0.9306212,-0.07714565,-0.0818527,-0.3482714,4.966475,11.93838,41.55488
15286,-0.9320301,-0.07750861,-0.08359057,-0.3439842,4.989491,12.11865,41.04515
15287,-0.9385987,-0.07323508,-0.08726218,-0.3256602,4.625415,12.25125,38.76656
15288,-0.9389721,-0.07327145,-0.08842102,-0.3242602,4.60333,12.37205,38.60241
15289,-0.944227,-0.07140154,-0.09286514,-0.3077555,4.455168,12.70813,36.60144
15290,-0.9455128,-0.07191012,-0.09397471,-0.3033207,4.529647,12.82804,36.08197
15291,-0.9467064,-0.07215781,-0.09622845,-0.2987982,4.537913,13.06345,35.55318
15292,-0.9518671,-0.06993286,-0.09830561,-0.2817705,4.458346,13.13495,33.49302
15293,-0.9530926,-0.06921796,-0.100146,-0.2771177,4.383841,13.2931,32.93533
15294,-0.9547774,-0.06724547,-0.1036967,-0.2704172,4.147604,13.59154,32.12141
15295,-0.9563299,-0.06834706,-0.1038741,-0.2645224,4.345503,13.62177,31.44231
15296,-0.9629685,-0.06273154,-0.1075417,-0.2391475,3.978396,13.75056,28.37371
15297,-0.9639343,-0.06306985,-0.11071,-0.2336584,4.005586,14.09337,27.74679
15298,-0.9655366,-0.06091487,-0.1130428,-0.2263846,3.81004,14.2657,26.86796
15299,-0.9675572,-0.05992701,-0.1121374,-0.2183283,3.841698,14.10584,25.90703
15300,-0.9680182,-0.0591179,-0.1136472,-0.2157088,3.751255,14.2443,25.59346
15301,-0.9735684,-0.05657253,-0.1183577,-0.1869642,3.778366,14.60542,22.22586
15302,-0.9745001,-0.05446033,-0.1192766,-0.1820909,3.595079,14.64333,21.63005
15303,-0.9752862,-0.05270524,-0.1200949,-0.1778102,3.44539,14.68205,21.10891
15304,-0.9776911,-0.04992075,-0.1213432,-0.1640247,3.313975,14.7187,19.47549
15305,-0.9790176,-0.0502025,-0.1230364,-0.1544875,3.456063,14.8855,18.38611
15306,-0.9816012,-0.04628024,-0.1250099,-0.1367113,3.249092,14.98044,16.28489
15307,-0.9835691,-0.04148901,-0.1266804,-0.1217484,2.910063,15.04841,14.49707
15308,-0.9846886,-0.0398984,-0.1292466,-0.1099632,2.874604,15.28626,13.12983
15309,-0.9856259,-0.04029775,-0.1287944,-0.1016363,3.052826,15.21549,12.18274
15311,-0.9879111,-0.03458237,-0.1292293,-0.07832991,2.756049,15.1326,9.43297
15315,-0.9903364,-0.02382501,-0.1344543,-0.02425735,2.330663,15.52669,3.124035
15316,-0.9902861,-0.02228405,-0.1351697,-0.02379249,2.160742,15.60268,3.048704
15317,-0.9902503,-0.02052996,-0.1375697,-0.007583817,2.210618,15.84116,1.185176
15318,-0.9899838,-0.01793269,-0.1398208,0.007799212,2.159824,16.06678,359.4021
15319,-0.9901021,-0.0169661,-0.1390862,0.008063478,2.053885,15.98122,359.3551
15320,-0.9899491,-0.01484667,-0.1391305,0.02056748,2.012529,15.96339,357.9018
15321,-0.9892861,-0.01268562,-0.1393654,0.04158961,2.102752,15.95452,355.4801
15322,-0.9890368,-0.01064118,-0.1398526,0.04620026,1.946798,16.01057,354.9249
15323,-0.9874901,-0.005511075,-0.143567,0.06497397,1.692792,16.43631,352.7156
15324,-0.9876913,-0.006324435,-0.1428078,0.06350014,1.755232,16.3455,352.895
15325,-0.9876137,-0.006518226,-0.1416785,0.06711169,1.827561,16.20735,352.4853
15326,-0.9864684,-0.004611921,-0.1411868,0.0832174,1.868026,16.13686,350.6208
15327,-0.9862044,-0.005018137,-0.1386752,0.09025002,2.001674,15.83004,349.8209
15328,-0.9860334,-0.001065955,-0.1386455,0.09227403,1.586659,15.86229,349.5286
15329,-0.9845331,-0.001730625,-0.1389824,0.106656,1.894218,15.86942,347.8984
15330,-0.9838829,-0.000746917,-0.1410576,0.1098949,1.860879,16.11406,347.517
15331,-0.9832398,0.001095321,-0.1417362,0.1146709,1.739314,16.20656,346.9435
15332,-0.9822216,0.001606394,-0.1411257,0.1237823,1.821285,16.12724,345.8926
15333,-0.9815705,0.003457926,-0.140842,0.1291164,1.695149,16.11147,345.2525
15334,-0.9809179,0.003109187,-0.1407446,0.1340944,1.813509,16.08663,344.6878
15335,-0.9801731,0.003951535,-0.141469,0.1386792,1.804614,16.17442,344.1504
15336,-0.9792726,0.005648851,-0.1394603,0.1467798,1.712045,15.95726,343.1912
15337,-0.9787268,0.006978907,-0.1387009,0.1510206,1.617818,15.8856,342.6823
15338,-0.9779465,0.008790635,-0.1388144,0.1558016,1.493381,15.9226,342.1049
15339,-0.9762446,0.009022862,-0.1398447,0.1652532,1.639028,16.02998,341.0155
15340,-0.9753943,0.008891657,-0.140285,0.1698441,1.736753,16.07014,340.4896
15341,-0.9751636,0.0106298,-0.1395546,0.1716616,1.557533,16.01735,340.2517
15342,-0.9749576,0.0104617,-0.1399002,0.1725584,1.597755,16.0521,340.1516
15343,-0.9747539,0.01062652,-0.1398037,0.1737731,1.597142,16.04242,340.0088
15344,-0.9736404,0.01116679,-0.1375136,0.1816308,1.616444,15.77987,339.0901
15345,-0.9735343,0.01318915,-0.1370815,0.1823891,1.393809,15.77132,338.9706
15346,-0.9733391,0.01340079,-0.1373443,0.1832159,1.389001,15.80448,338.8722
15347,-0.9716551,0.01323165,-0.1368372,0.1923202,1.542584,15.73002,337.8214
15348,-0.9714675,0.01377234,-0.1354683,0.1941901,1.481515,15.58363,337.5946
15349,-0.9713324,0.01630156,-0.1354302,0.1946958,1.207135,15.6347,337.4972
15350,-0.9696594,0.01725108,-0.1366065,0.2019949,1.245267,15.78075,336.638
15351,-0.9687495,0.01666334,-0.136889,0.206175,1.384459,15.79361,336.1625
15352,-0.9695342,0.01629231,-0.1355264,0.2033979,1.348847,15.63435,336.4888
15353,-0.9688259,0.01654899,-0.1363396,0.2061898,1.384256,15.72867,336.1618
15354,-0.9678227,0.01879871,-0.1367688,0.2103817,1.212451,15.8254,335.6406
15355,-0.9671071,0.01854359,-0.1373146,0.2133188,1.30166,15.87728,335.304
15356,-0.9666489,0.02179936,-0.1366093,0.2155291,0.9592858,15.87512,334.995
15357,-0.9658434,0.01935706,-0.1360733,0.2196726,1.283038,15.74899,334.5506
15358,-0.9660172,0.02026691,-0.1361241,0.2187927,1.169463,15.77864,334.6389
15359,-0.9653518,0.01988944,-0.1366289,0.221434,1.266795,15.82291,334.3378
15360,-0.9651911,0.02059594,-0.1363175,0.2222606,1.194015,15.80471,334.2302
15361,-0.9649165,0.02112453,-0.1359782,0.2236069,1.148543,15.77837,334.0646
15362,-0.9642749,0.02046273,-0.1344961,0.2273022,1.24222,15.58978,333.6424
15363,-0.9632981,0.02005219,-0.133258,0.2321579,1.331751,15.43332,333.0803
15364,-0.9626273,0.02145147,-0.133205,0.2348296,1.218282,15.46138,332.7467
15365,-0.9611714,0.02047566,-0.1322308,0.2413407,1.40183,15.31676,331.9985
15366,-0.9603871,0.02505506,-0.1335873,0.2432765,0.9667516,15.59406,331.7031
15367,-0.9587472,0.02283563,-0.1341981,0.2495462,1.32881,15.59248,331.0031
15368,-0.9600112,0.02409069,-0.133108,0.2451133,1.088594,15.5113,331.5024
15369,-0.9600791,0.02336951,-0.1313385,0.2458705,1.129452,15.29173,331.4229
15370,-0.9602176,0.02249777,-0.1304408,0.2458889,1.2,15.16647,331.4329
15371,-0.9598585,0.02247911,-0.1312239,0.2468739,1.239863,15.25251,331.3185
15372,-0.9593576,0.02346238,-0.1313811,0.2486402,1.164078,15.29594,331.0966
15373,-0.9590684,0.02436296,-0.1306406,0.2500552,1.065948,15.23722,330.9161
15374,-0.9585424,0.02378461,-0.1304041,0.2522413,1.156851,15.19162,330.6679
15375,-0.9583625,0.02303029,-0.1283258,0.2540541,1.206777,14.93508,330.4639
15376,-0.9569679,0.02621546,-0.1280947,0.2590694,0.9280112,14.99782,329.8262
15377,-0.9565402,0.0262909,-0.1275961,0.2608813,0.9327155,14.94272,329.6113
15378,-0.9564669,0.02720102,-0.1263217,0.2616757,0.8065725,14.82728,329.5032
15379,-0.9535698,0.02771036,-0.1323653,0.2691028,1.053857,15.5095,328.6248
15380,-0.953495,0.0283089,-0.1302549,0.2703327,0.9419587,15.29186,328.4685
15381,-0.952907,0.02730042,-0.130073,0.272588,1.081989,15.23777,328.2174
15382,-0.9514859,0.02665317,-0.1278948,0.2785805,1.176808,14.96831,327.5162
15383,-0.9506677,0.02702888,-0.1294459,0.2806139,1.218066,15.15009,327.2714
15384,-0.9502705,0.02752723,-0.128491,0.2823448,1.1598,15.05819,327.0578
15385,-0.9491023,0.0283767,-0.1290862,0.2858961,1.142882,15.14778,326.6244
15386,-0.9478757,0.03016575,-0.12926,0.2896786,1.014242,15.22217,326.1484
15387,-0.9468771,0.03033765,-0.1272056,0.2938067,0.9910183,14.99659,325.6532
15388,-0.9460056,0.03251536,-0.1275813,0.2962083,0.8057106,15.11003,325.3347
15389,-0.9459229,0.03357281,-0.1302671,0.2951839,0.7672658,15.44358,325.442
15390,-0.9466913,0.03415705,-0.1314338,0.2921202,0.6942459,15.59466,325.7978
15391,-0.947063,0.0346192,-0.1295319,0.2917102,0.5728768,15.40026,325.8382
15392,-0.9470222,0.03728917,-0.1280659,0.2921605,0.2408861,15.32855,325.742
15393,-0.9430021,0.04097816,-0.126207,0.3051879,359.9856,15.25046,324.1313
15394,-0.9426131,0.04143743,-0.1270538,0.3059755,359.9789,15.35999,324.0299
15395,-0.9419545,0.0429226,-0.1260754,0.3081955,359.8195,15.30594,323.7409
15396,-0.9395198,0.04543445,-0.1258508,0.3152777,359.6552,15.37481,322.8527
15397,-0.9379663,0.04984298,-0.1288656,0.3180076,359.3387,15.87039,322.4504
15398,-0.9374899,0.05110575,-0.1296997,0.3188714,359.249,16.00971,322.3246
15399,-0.9317812,0.05366234,-0.1275943,0.335595,359.177,15.89205,320.2706
15400,-0.9312294,0.05635743,-0.1287255,0.3362524,358.946,16.12259,320.143
15401,-0.9311789,0.05804847,-0.1269416,0.3367822,358.7048,15.99661,320.0506
15402,-0.9302688,0.05896516,-0.1286121,0.3385001,358.7029,16.21715,319.825
15403,-0.9298883,0.06088185,-0.1262058,0.3401079,358.4311,16.03538,319.5989
15404,-0.9293841,0.06330092,-0.1239059,0.3418856,358.1124,15.88718,319.3432
15405,-0.9159849,0.07127541,-0.1246864,0.3746265,357.8708,16.38078,315.2056
15406,-0.9163561,0.07049213,-0.1244816,0.3739342,357.9314,16.32234,315.3058
15407,-0.9164547,0.06909783,-0.1248236,0.3738388,358.0904,16.29656,315.3437
15408,-0.915221,0.07152103,-0.1250991,0.3763052,357.8931,16.43966,314.9943
15409,-0.914152,0.07437649,-0.1259044,0.3780775,357.6628,16.65871,314.7195
15410,-0.9040149,0.07890794,-0.1238283,0.4014935,357.522,16.70931,311.7419
15411,-0.9026539,0.08106728,-0.1238139,0.4041219,357.3474,16.8193,311.3712
15412,-0.899333,0.08191636,-0.1206714,0.4122238,357.2572,16.55344,310.3507
15413,-0.8902329,0.08349496,-0.1189832,0.4316909,357.3674,16.51304,307.8787
15413,-0.8897841,0.08587258,-0.1195783,0.4319855,357.1625,16.69885,307.7908
15414,-0.8909169,0.08764252,-0.1217216,0.4286841,357.0305,17.00302,308.1649
15415,-0.8854321,0.08999372,-0.1189643,0.4401804,356.8681,16.87772,306.668
15416,-0.8831623,0.09193908,-0.1195448,0.444163,356.7783,17.05504,306.119
15417,-0.8756617,0.0963463,-0.1204024,0.4576433,356.6445,17.43127,304.3
15418,-0.8724541,0.09638909,-0.1201243,0.4637924,356.7459,17.42744,303.5113
15419,-0.8685744,0.1010874,-0.1209896,0.4698101,356.45,17.80313,302.6261
15420,-0.8619342,0.1058312,-0.1204084,0.4810108,356.1811,18.06337,301.0645
15421,-0.8588034,0.1055481,-0.1216216,0.486338,356.3885,18.19079,300.3761
15422,-0.8551059,0.1080286,-0.1205302,0.4925407,356.2146,18.25414,299.5078
15423,-0.8543918,0.1086017,-0.116402,0.4946423,355.9618,17.88493,299.2277
15424,-0.8509623,0.1094424,-0.1179347,0.4999771,356.0817,18.11227,298.5031
15425,-0.8466103,0.1092901,-0.1190929,0.5070738,356.3148,18.24822,297.5693
15426,-0.8459089,0.1107393,-0.117754,0.508241,356.1206,18.20989,297.3813
15427,-0.8449613,0.110388,-0.1164085,0.5102,356.1144,18.06368,297.1338
15428,-0.8430315,0.1103881,-0.1162435,0.5134198,356.1722,18.06142,296.7072
15429,-0.8376158,0.1113425,-0.1155125,0.5221682,356.222,18.08719,295.5198
15430,-0.8358575,0.1118645,-0.115265,0.5249216,356.216,18.10793,295.1389
15431,-0.8303847,0.1132555,-0.116022,0.5330791,356.308,18.30564,294.0067
15432,-0.8249039,0.1156819,-0.1152267,0.5411783,356.2079,18.42137,292.8511
15433,-0.8218776,0.1130166,-0.1150251,0.5463641,356.5556,18.24827,292.2167
15434,-0.8229429,0.1126739,-0.1150671,0.5448204,356.5564,18.22359,292.4353
15435,-0.8231386,0.1120611,-0.1119952,0.5452912,356.4257,17.88964,292.392
15436,-0.8240515,0.1102725,-0.1136461,0.5439336,356.6688,17.92564,292.619
15437,-0.8241038,0.1108599,-0.113507,0.5437638,356.6016,17.95009,292.6275
15438,-0.8214546,0.1121026,-0.1127255,0.5476664,356.5199,17.97225,292.0665
15438,-0.8187505,0.1106185,-0.1132346,0.5518961,356.7811,17.9392,291.5262
15439,-0.8185434,0.109963,-0.1119483,0.5525961,356.7729,17.77522,291.4489
15440,-0.8180113,0.1115588,-0.113818,0.5526823,356.7495,18.06048,291.3941
15441,-0.8183047,0.1105963,-0.1143715,0.5523272,356.8665,18.04809,291.4663
15442,-0.8178504,0.1114402,-0.114922,0.552716,356.8331,18.1583,291.3909
15443,-0.8188891,0.1119422,-0.1160322,0.5508413,356.8181,18.29102,291.6326
15444,-0.8191673,0.111582,-0.1161355,0.5504789,356.8501,18.27569,291.6912
15445,-0.8193008,0.1113399,-0.1168189,0.5501846,356.9104,18.32409,291.7365
15446,-0.8195704,0.1112266,-0.117752,0.5496068,356.9687,18.40402,291.8169
15447,-0.8200046,0.110515,-0.1186286,0.5489137,357.076,18.43871,291.9283
15448,-0.8203663,0.112704,-0.1188239,0.5478849,356.8636,18.59845,292.012
15449,-0.8201532,0.1127412,-0.1189128,0.5481771,356.8724,18.6105,291.9712
15450,-0.8202226,0.1128807,-0.119263,0.5479683,356.8776,18.65261,291.9955
15451,-0.8199297,0.1131666,-0.1189013,0.5484262,356.838,18.63843,291.9262
15452,-0.8198783,0.1114564,-0.1199262,0.54863,357.0668,18.62451,291.9412
15453,-0.8200712,0.1108691,-0.1197923,0.54849,357.1093,18.5724,291.9755
15454,-0.8197631,0.1107471,-0.1198007,0.548973,357.1318,18.56677,291.9128
15455,-0.8200494,0.1111448,-0.1188712,0.5486671,357.028,18.50276,291.9456
15456,-0.8201786,0.1103996,-0.1183001,0.5487479,357.0617,18.39899,291.9543
15457,-0.8202299,0.1099861,-0.1190973,0.5485816,357.1479,18.4477,291.9864
15458,-0.820288,0.1093463,-0.1186555,0.5487185,357.1814,18.36354,291.9845
15459,-0.8260693,0.1045379,-0.1194355,0.5407557,357.5045,18.10006,293.1839
15460,-0.8277117,0.1021639,-0.1203446,0.5384915,357.7354,18.02861,293.5464
15461,-0.830361,0.1048903,-0.1192014,0.5341251,357.3143,18.08035,294.0708
15462,-0.8336632,0.09740467,-0.1148617,0.5313425,357.6879,17.1733,294.6273
15463,-0.8334855,0.09772877,-0.1153506,0.5314559,357.6902,17.24175,294.6041
15464,-0.8355981,0.0983558,-0.1143729,0.5282243,357.5044,17.17717,295.0249
15465,-0.8401127,0.09547789,-0.1148642,0.5214412,357.6712,17.02637,295.9973
15466,-0.8458121,0.09270269,-0.1151263,0.5125955,357.7769,16.85835,297.2355
15467,-0.8496783,0.09002818,-0.1144893,0.5067881,357.8827,16.61886,298.063
15468,-0.8536302,0.08697163,-0.1137885,0.5008031,358.0222,16.35247,298.9177
15469,-0.857857,0.08558266,-0.1129235,0.493969,357.9785,16.1688,299.8447
15470,-0.8622011,0.08035424,-0.1120858,0.4874315,358.3213,15.76735,300.8056
15471,-0.8522278,0.08068593,-0.1078546,0.5055345,358.3682,15.39786,298.4272
15472,-0.8545503,0.07973099,-0.1063957,0.5020626,358.3133,15.18962,298.9052
15474,-0.8601275,0.07259479,-0.1070875,0.4933996,358.8994,14.827,300.1766
15475,-0.8615836,0.06985997,-0.1058581,0.4915156,359.065,14.54375,300.473
15476,-0.8624671,0.06797718,-0.1032203,0.4907905,359.0868,14.17027,300.6021
15477,-0.8630673,0.06576063,-0.1029165,0.490101,359.2762,14.01203,300.7301
15478,-0.8630729,0.06469946,-0.1023369,0.4903535,359.3515,13.89333,300.715
15479,-0.8622076,0.06294069,-0.1017983,0.4922131,359.5231,13.7397,300.5006
15480,-0.8602351,0.0607665,-0.09950316,0.496389,359.6698,13.3868,299.988
15481,-0.859333,0.05752783,-0.09829369,0.4985738,359.9508,13.0792,299.7509
15482,-0.8605742,0.05614965,-0.09778118,0.4966872,0.02815703,12.94841,300.0197
15483,-0.8613441,0.05239125,-0.09656987,0.4959999,0.3176212,12.61127,300.1646
15484,-0.8632851,0.05374694,-0.09991404,0.4918002,0.3138466,13.02507,300.6968
15485,-0.8711334,0.04418591,-0.09470052,0.479798,0.7958972,11.97086,302.3937
15486,-0.8721763,0.04401265,-0.09369093,0.4781145,0.7343457,11.8607,302.6144
15487,-0.8720988,0.04477747,-0.09368658,0.4781858,0.6588264,11.90242,302.5953
15488,-0.8717884,0.04428941,-0.0923973,0.4790474,0.6476506,11.74453,302.489
15489,-0.8686569,0.04236856,-0.09703365,0.4839677,1.164033,12.10074,301.8751
15490,-0.8682919,0.04240009,-0.09720129,0.4845861,1.178856,12.11858,301.7941
15491,-0.8677567,0.04129392,-0.09762225,0.4855545,1.325696,12.09784,301.682
15492,-0.867808,0.04252678,-0.09758985,0.4853627,1.198875,12.16376,301.6914
15493,-0.8698591,0.04257542,-0.097875,0.4816151,1.15785,12.20019,302.1797
15494,-0.8701961,0.03845221,-0.09858382,0.4812083,1.602015,12.04402,302.2849
15495,-0.8713028,0.03730913,-0.0979805,0.4794157,1.657894,11.92323,302.5314
15496,-0.8711058,0.03718397,-0.0978224,0.4798156,1.667031,11.8996,302.4807
15497,-0.8712803,0.03754741,-0.09718648,0.4795996,1.592601,11.85573,302.5039
15498,-0.8714303,0.03793377,-0.09739491,0.4792542,1.560963,11.89871,302.5444
15499,-0.8719152,0.03646643,-0.09775081,0.4784129,1.715647,11.85555,302.6717
15500,-0.8719159,0.0362304,-0.09734133,0.478513,1.717897,11.80095,302.661
15501,-0.8721107,0.03625768,-0.09785277,0.4780516,1.73724,11.8551,302.7213
15502,-0.87401,0.03688364,-0.101391,0.4737787,1.810871,12.25651,303.2724
15503,-0.8754474,0.03651631,-0.1003559,0.4713674,1.757698,12.13623,303.5881
15504,-0.8782192,0.03403601,-0.1009429,0.4662437,1.968256,12.07321,304.2808
15505,-0.8803619,0.03225628,-0.1057769,0.4612308,2.337212,12.4847,304.9547
15506,-0.884742,0.03209518,-0.1046641,0.4530421,2.180203,12.38253,306.0061
15507,-0.8851094,0.02899417,-0.1063739,0.4521343,2.571411,12.40026,306.1614
15508,-0.8847946,0.03018834,-0.1053979,0.4529002,2.409913,12.3595,306.0479
15509,-0.8835011,0.03044376,-0.1053406,0.4554147,2.41591,12.36017,305.7225
15510,-0.8827292,0.03065556,-0.1054845,0.4568618,2.422188,12.38213,305.5346
15511,-0.8826016,0.02964424,-0.1060846,0.457036,2.558583,12.3904,305.525
15512,-0.8825436,0.02944551,-0.1069811,0.4569519,2.624864,12.47231,305.5396
15513,-0.8810729,0.02955173,-0.1080978,0.459513,2.709393,12.58492,305.2113
15514,-0.8812778,0.02906424,-0.1080844,0.4591544,2.752835,12.55905,305.2631
15515,-0.8808949,0.02929354,-0.108749,0.4597171,2.772968,12.63754,305.1892
15516,-0.8811523,0.02967186,-0.1078025,0.4594225,2.680295,12.56121,305.221
15517,-0.8810856,0.02978374,-0.1078683,0.4595276,2.673981,12.57352,305.2063
15518,-0.8837391,0.02717906,-0.108615,0.4543889,2.904337,12.53014,305.8975
15519,-0.8869712,0.02753901,-0.108202,0.4481251,2.758334,12.52568,306.6942
15520,-0.8876038,0.02570248,-0.1157088,0.445096,3.289196,13.21842,307.1175
15521,-0.8875725,0.02551746,-0.1153311,0.4452671,3.29111,13.16931,307.097
15522,-0.8873303,0.02507792,-0.1159773,0.4456069,3.374134,13.21268,307.0604
15523,-0.8872633,0.02515072,-0.1161115,0.4457011,3.375038,13.22993,307.0478
15524,-0.8865606,0.02523178,-0.1163083,0.4470415,3.396778,13.24942,306.8763
15525,-0.886673,0.0252196,-0.1155573,0.4470142,3.358795,13.17121,306.8782
15526,-0.8865943,0.02496585,-0.1151437,0.4472909,3.367278,13.11446,306.8448
15527,-0.886094,0.02474096,-0.1147424,0.4483967,3.38555,13.05739,306.7053
15528,-0.8856684,0.02497578,-0.1141285,0.4493799,3.34417,13.00232,306.5756
15529,-0.8864075,0.022155,-0.1164497,0.4474714,3.723354,13.10579,306.8572
15530,-0.886686,0.02078746,-0.11606,0.4470862,3.836743,12.99754,306.9208
15531,-0.8873074,0.01890574,-0.1168554,0.4457277,4.049651,12.99042,307.1171
15532,-0.8875822,0.0190527,-0.1166523,0.445227,4.016963,12.97902,307.1788
15533,-0.887553,0.01962502,-0.1162442,0.4453674,3.939683,12.96505,307.1535
15534,-0.8877026,0.02056921,-0.1147674,0.4454096,3.768098,12.85962,307.1339
15535,-0.8874078,0.01970474,-0.1162779,0.445644,3.937302,12.97137,307.1174
15536,-0.8871969,0.02010483,-0.115981,0.4461234,3.888201,12.95882,307.0511
15537,-0.8873324,0.01998734,-0.1154146,0.4460059,3.869279,12.89469,307.0659
15538,-0.8874044,0.01975732,-0.1154884,0.4458536,3.894319,12.89134,307.088
15539,-0.8871862,0.01982638,-0.1157872,0.4462075,3.907784,12.92426,307.0428
15540,-0.8871771,0.01974533,-0.1161146,0.4461438,3.931995,12.95435,307.0527
15541,-0.8870336,0.01981676,-0.1165214,0.4463201,3.948251,12.99935,307.0305
15542,-0.8873638,0.02010944,-0.1158961,0.4458131,3.878861,12.95157,307.0904
15543,-0.8874173,0.01978955,-0.1163541,0.4456015,3.931969,12.98375,307.1221
15544,-0.8874588,0.01920867,-0.1165194,0.4455013,3.998205,12.97192,307.1417
15545,-0.8870904,0.01904693,-0.1166822,0.4461984,4.033178,12.97753,307.055
15546,-0.8874714,0.01845796,-0.1172985,0.4453033,4.11192,13.01561,307.1773
15547,-0.8875057,0.01737107,-0.122622,0.4438422,4.474523,13.52019,307.3913
15548,-0.8875685,0.017179,-0.1222937,0.4438148,4.476855,13.47656,307.3959
15549,-0.8876654,0.01653524,-0.1221871,0.4436747,4.534945,13.43384,307.4206
15550,-0.8876493,0.01661409,-0.1213232,0.4439408,4.486584,13.34674,307.3831
15551,-0.8877045,0.0167613,-0.1211471,0.4438732,4.461531,13.33619,307.3896
15552,-0.8877215,0.01770079,-0.1202249,0.4440534,4.321091,13.28682,307.3535
15553,-0.8877409,0.01775193,-0.1193962,0.4442361,4.276057,13.20252,307.3272
15554,-0.8877521,0.01673405,-0.1206282,0.4439203,4.438402,13.2807,307.3823
15555,-0.8884628,0.01578958,-0.1207835,0.4424884,4.521528,13.25647,307.5756
15556,-0.8884442,0.0156239,-0.120327,0.4426561,4.517582,13.19989,307.5546
15557,-0.8885903,0.01464836,-0.1202533,0.4424162,4.609901,13.14456,307.5953
15558,-0.8888882,0.01535399,-0.1200654,0.4418444,4.519847,13.16321,307.6601
15559,-0.889514,0.0144628,-0.1201927,0.4405786,4.598851,13.13828,307.8312
15560,-0.8894752,0.01396294,-0.1198174,0.4407753,4.633729,13.07331,307.8102
15561,-0.8895437,0.01454157,-0.1187716,0.4409015,4.523183,12.99277,307.7848
15562,-0.8896006,0.01480459,-0.1186929,0.4407989,4.490802,12.99821,307.7948
15563,-0.8895149,0.0149328,-0.1194134,0.440773,4.513989,13.07968,307.799
15564,-0.8897392,0.0147457,-0.1191958,0.4403853,4.516402,13.04963,307.8497
15565,-0.8899891,0.01438674,-0.1192473,0.439878,4.548354,13.03963,307.9182
15566,-0.8900216,0.0152839,-0.1197977,0.4396325,4.480966,13.14279,307.9417
15567,-0.8898574,0.01468854,-0.1206484,0.4397523,4.586811,13.20111,307.9355
15568,-0.8898274,0.01553468,-0.1206884,0.4397731,4.502616,13.24729,307.9238
15569,-0.8903004,0.01674877,-0.1202761,0.4388833,4.344399,13.26909,308.0226
15570,-0.8902953,0.01825523,-0.1201875,0.4388577,4.185474,13.33492,308.0089
15571,-0.8900198,0.01822984,-0.1206347,0.439295,4.217259,13.37819,307.9549
15572,-0.8913198,0.01900083,-0.1238555,0.4357156,4.247211,13.7686,308.4102
15573,-0.8915193,0.01830769,-0.1235912,0.435412,4.30024,13.70824,308.456
15574,-0.8920453,0.020272,-0.1267303,0.4333402,4.224666,14.14233,308.7049
15575,-0.8916957,0.01951639,-0.1255523,0.434436,4.260057,13.97707,308.5716
15576,-0.8918986,0.01977006,-0.1253272,0.434073,4.217137,13.96771,308.6139
15577,-0.8919414,0.01970614,-0.1262073,0.4337326,4.262553,14.05808,308.6604
15578,-0.8924562,0.01954,-0.1274242,0.4323233,4.318439,14.18371,308.8446
15579,-0.8925222,0.01963094,-0.127555,0.4321443,4.31284,14.20268,308.8666
15580,-0.8924509,0.01979104,-0.1280354,0.4321418,4.320406,14.26079,308.8664
15581,-0.8921369,0.02060945,-0.1297497,0.4322408,4.323823,14.47971,308.8491
15582,-0.8923175,0.02043895,-0.1282248,0.4323311,4.266464,14.31142,308.8351
15583,-0.8922365,0.02049112,-0.1284994,0.4324145,4.276179,14.34231,308.8248
15584,-0.8921695,0.02026725,-0.1286241,0.4325261,4.307137,14.34387,308.8138
15585,-0.8921709,0.02036001,-0.1289157,0.432432,4.31072,14.37935,308.8254
15586,-0.8920902,0.02013452,-0.1290375,0.4325725,4.342165,14.38039,308.8108
15587,-0.8920538,0.02051117,-0.1289323,0.4326614,4.299725,14.38742,308.7946
15588,-0.8919964,0.0206227,-0.1293915,0.4326375,4.310901,14.44102,308.7976
15589,-0.8919604,0.02048142,-0.1292753,0.4327531,4.32141,14.42141,308.7844
15590,-0.8919466,0.02018477,-0.1295907,0.4327014,4.366765,14.4401,308.7955
15591,-0.8920172,0.01990364,-0.1298996,0.432476,4.407417,14.45972,308.8285
15592,-0.8918815,0.02094327,-0.1303264,0.4325782,4.323914,14.5548,308.804
15593,-0.8918567,0.02050766,-0.13048,0.4326039,4.376641,14.54941,308.8066
15594,-0.8915715,0.02073462,-0.1312011,0.4329627,4.395318,14.63426,308.7606
15595,-0.893321,0.01751268,-0.1292579,0.4300735,4.582353,14.28764,309.1593
15596,-0.8930911,0.01795872,-0.1283773,0.4307958,4.504149,14.21355,309.0598
15597,-0.8934415,0.0179712,-0.1277525,0.4302543,4.463253,14.15137,309.1262
15598,-0.8937089,0.01829593,-0.1278509,0.4296558,4.425412,14.18036,309.1983
15599,-0.8938362,0.01716731,-0.1276147,0.4295077,4.527263,14.1015,309.2296
15600,-0.894118,0.01725748,-0.1290306,0.4284934,4.572301,14.25929,309.3614
15601,-0.8950275,0.01790304,-0.1284634,0.4267346,4.450176,14.23963,309.574
15602,-0.8957587,0.01725972,-0.129308,0.4249682,4.530081,14.30592,309.8074
15603,-0.9026679,0.01148944,-0.1301734,0.4100165,4.933775,14.20178,311.7573
15604,-0.9041886,0.009206831,-0.1298801,0.4068039,5.107349,14.08311,312.1843
15605,-0.9044442,0.007892877,-0.1292454,0.4064653,5.209067,13.95755,312.2389
15606,-0.9046648,0.008069232,-0.1290869,0.4060213,5.176505,13.95127,312.2919
15607,-0.9050803,0.008441404,-0.1284046,0.4053033,5.094883,13.89981,312.3749
15608,-0.9049411,0.008271962,-0.1277276,0.4058314,5.088848,13.81733,312.3082
15609,-0.9049303,0.007831424,-0.1277528,0.405856,5.136261,13.79976,312.3101
15610,-0.9050731,0.007592976,-0.1275598,0.4056029,5.148239,13.7698,312.3436
15611,-0.9050774,0.007485256,-0.1273628,0.4056572,5.151051,13.74367,312.3372
15612,-0.9050567,0.007331133,-0.1275191,0.4056572,5.174414,13.75323,312.3395
15613,-0.9048052,0.007169813,-0.1279659,0.4060803,5.218507,13.79091,312.29
15614,-0.9050514,0.006930172,-0.1281725,0.4054701,5.243915,13.80534,312.3698
15615,-0.905501,0.00602369,-0.1290192,0.40421,5.358821,13.86121,312.5405
15616,-0.9057454,0.005501375,-0.128602,0.4038029,5.387666,13.79553,312.5953
15617,-0.9056858,0.004969746,-0.1279412,0.4041533,5.417571,13.69916,312.5546
15618,-0.9055798,0.004707009,-0.1274498,0.4045488,5.427966,13.63273,312.5059
15619,-0.9177013,-0.004291847,-0.1228118,0.3777874,5.777797,12.90297,315.9032
15619,-0.9179347,-0.004327193,-0.1227822,0.3772291,5.772468,12.90174,315.9724
15620,-0.9180753,-0.003772214,-0.1231907,0.3767596,5.724941,12.97194,316.0269
15621,-0.9183099,-0.004004017,-0.1225001,0.3764104,5.714664,12.89002,316.0692
15622,-0.9184668,-0.004115343,-0.1223752,0.3760667,5.716259,12.874,316.1121
15623,-0.9187527,-0.004531056,-0.1221464,0.3754377,5.741621,12.83575,316.1927
15624,-0.9189146,-0.004768103,-0.1219079,0.3751159,5.751962,12.80211,316.2337
15625,-0.9345782,-0.0136303,-0.123541,0.3333399,6.190783,12.89303,321.4402
15626,-0.9394343,-0.0205292,-0.1351297,0.3142959,7.094896,14.05457,323.8795
15626,-0.9373928,-0.01731868,-0.1295448,0.3228205,6.667551,13.48936,322.7839
15627,-0.9413074,-0.01838684,-0.1281229,0.3117483,6.574757,13.37143,324.1232
15628,-0.9442006,-0.02181789,-0.1278246,0.302771,6.811547,13.28497,325.2358
15629,-0.9464713,-0.02248727,-0.1293672,0.2948742,6.826382,13.49005,326.1993
15630,-0.9476463,-0.02315224,-0.128421,0.2914425,6.819099,13.38765,326.6114
15631,-0.9483331,-0.02472413,-0.1293367,0.2886611,6.98228,13.45968,326.9657
15632,-0.9504158,-0.02601141,-0.1267878,0.2827688,6.958279,13.17764,327.667
15633,-0.9545636,-0.03254068,-0.1307089,0.2658284,7.563018,13.54904,329.7766
15634,-0.9580407,-0.03486695,-0.1305827,0.2527659,7.632672,13.57157,331.3497
15635,-0.9598531,-0.03804393,-0.1257544,0.2478324,7.779734,12.98064,331.9315
15636,-0.9622402,-0.03734618,-0.1283301,0.2371303,7.627602,13.37383,333.2078
15637,-0.9638811,-0.03912371,-0.1297279,0.2292885,7.7535,13.54949,334.1608
15638,-0.9656656,-0.04294785,-0.1271439,0.2224412,8.019528,13.21976,334.9872
15639,-0.9721483,-0.04649197,-0.1282274,0.1905891,8.0057,13.52499,338.7666
15640,-0.9731128,-0.05063169,-0.1269146,0.1854201,8.372358,13.3375,339.4046
15641,-0.9737079,-0.05097481,-0.1280906,0.1813491,8.3794,13.50023,339.8931
15642,-0.9742903,-0.05165181,-0.129433,0.1770245,8.422606,13.67851,340.4159
15643,-0.9744854,-0.05230939,-0.128981,0.1760857,8.47471,13.62287,340.5289
15644,-0.9746363,-0.05412196,-0.1287331,0.1748799,8.657297,13.57276,340.6874
15645,-0.9748194,-0.05454694,-0.1300229,0.1727605,8.700671,13.73208,340.9501
15646,-0.9749838,-0.05395827,-0.1303393,0.1717763,8.626653,13.78717,341.0608
15647,-0.9748158,-0.0565335,-0.1307259,0.1716067,8.921806,13.78906,341.1128
15648,-0.9749311,-0.05663652,-0.1302609,0.1712713,8.919887,13.73681,341.149
15649,-0.9751946,-0.05563433,-0.130493,0.1699174,8.792396,13.79256,341.2975
15650,-0.9756972,-0.05456053,-0.1302893,0.1675201,8.633952,13.80808,341.5628
15651,-0.9764757,-0.05572928,-0.12757,0.1646674,8.676179,13.50063,341.8849
15652,-0.9784385,-0.05948576,-0.1301663,0.1489178,8.926914,13.88113,343.7809
15652,-0.97853,-0.05803766,-0.1317892,0.1474531,8.768854,14.10216,343.948
15652,-0.9785727,-0.05862143,-0.1322327,0.1465393,8.828952,14.15318,344.0649
15653,-0.9787608,-0.05948656,-0.1322282,0.1449291,8.903669,14.15486,344.262
15654,-0.9792995,-0.05952901,-0.1313905,0.1420048,8.853563,14.08339,344.5943
15655,-0.9796236,-0.0587054,-0.1313377,0.14015,8.733129,14.10462,344.7989
15656,-0.9796254,-0.05892261,-0.1309865,0.1403741,8.755508,14.05916,344.7725
15657,-0.979674,-0.05865436,-0.1311823,0.1399635,8.722314,14.08896,344.8185
15658,-0.9797572,-0.05731097,-0.1316459,0.1395028,8.570809,14.16437,344.8596
15659,-0.9799144,-0.05547558,-0.1324012,0.138421,8.359101,14.2851,344.9687
15660,-0.979826,-0.05630513,-0.132946,0.1381892,8.457852,14.33907,345.0103
15661,-0.9790421,-0.05756185,-0.1325962,0.1434637,8.670763,14.23675,344.4119
15662,-0.978964,-0.05568048,-0.1323706,0.1449393,8.475691,14.2241,344.2161
15663,-0.9788672,-0.056592,-0.1325313,0.1450933,8.583516,14.22863,344.2107
15664,-0.9788901,-0.0550552,-0.1341699,0.1440193,8.420218,14.44832,344.33
15665,-0.9789083,-0.05453377,-0.133876,0.1443679,8.361711,14.41869,344.2807
15666,-0.9789138,-0.05460098,-0.1342429,0.1439634,8.369213,14.4635,344.3315
15667,-0.9788789,-0.05475162,-0.1341633,0.1442178,8.388698,14.45009,344.3032
15668,-0.9787626,-0.05498677,-0.1340187,0.1450493,8.425114,14.42317,344.2086
15669,-0.9786236,-0.05553835,-0.1332579,0.1464708,8.495925,14.31558,344.0443
15670,-0.9786815,-0.05466618,-0.1333807,0.1463012,8.396873,14.34349,344.0543
15671,-0.9787194,-0.05517339,-0.1333613,0.1458733,8.447681,14.33771,344.1099
15672,-0.9786649,-0.05502858,-0.1337228,0.1459641,8.438427,14.38071,344.1006
15673,-0.9786799,-0.05552061,-0.1340072,0.1454146,8.49059,14.41131,344.1728
15674,-0.9787141,-0.05583024,-0.1336369,0.1454061,8.519554,14.36428,344.1744
15675,-0.9788101,-0.05618169,-0.1335037,0.1447453,8.547569,14.34963,344.2542
15677,-0.9763312,-0.05212454,-0.1365866,0.1593883,8.355939,14.64177,342.5316
15677,-0.9761345,-0.05314674,-0.1363001,0.1604974,8.482556,14.58339,342.4131
15677,-0.9761761,-0.05225998,-0.1358376,0.1609262,8.380686,14.54047,342.3486
15677,-0.9757868,-0.05254206,-0.1353511,0.1635839,8.442813,14.45758,342.0393
15677,-0.9750767,-0.05072658,-0.1346656,0.1688716,8.30294,14.3643,341.3971
15678,-0.9749025,-0.05013314,-0.133736,0.1707824,8.246335,14.25162,341.1603
15679,-0.9744428,-0.05098687,-0.133231,0.1735256,8.372347,14.15602,340.847
15680,-0.9737353,-0.05039543,-0.1334887,0.1774284,8.366985,14.16331,340.3876
15681,-0.9706599,-0.0464645,-0.135259,0.1933024,8.192203,14.3083,338.5043
15682,-0.9652082,-0.04156322,-0.129989,0.2230439,7.944907,13.57066,334.9234
15683,-0.9647666,-0.03851285,-0.1300935,0.2254284,7.640983,13.63579,334.6112
15684,-0.9570294,-0.03248324,-0.1318234,0.2562464,7.454187,13.74959,330.9211
15685,-0.951425,-0.02945225,-0.1315007,0.2768228,7.403027,13.64387,328.4415
15686,-0.9548042,0.01592517,-0.1228337,0.2701987,2.061269,14.08302,328.6528
15686,-0.9512548,-0.02498035,-0.1287588,0.2791266,6.857785,13.45515,328.1034
15687,-0.9497145,-0.02209774,-0.1302144,0.2838985,6.656024,13.67293,327.5129
15688,-0.9301662,-0.01001506,-0.1312438,0.3427327,6.234297,13.81005,320.3017
15689,-0.9291825,-0.007296622,-0.1292647,0.346204,5.915621,13.67581,319.8402
15690,-0.9292582,-0.004879609,-0.1293916,0.3459961,5.658947,13.78392,319.8404
15691,-0.9244053,0.0008111298,-0.1296717,0.3586914,5.251324,13.96524,318.2287
15692,-0.9184237,0.006696403,-0.1292208,0.3738385,4.836644,14.07736,316.3006
15693,-0.9101738,0.01202235,-0.1301378,0.3930696,4.612796,14.30879,313.8639
15694,-0.9089986,0.01380278,-0.1294684,0.3959407,4.440866,14.30272,313.4836
15695,-0.9078962,0.0167979,-0.1285847,0.3986332,4.129718,14.3307,313.1094
15696,-0.8903128,0.0273633,-0.1287295,0.4359168,3.641128,14.68988,308.2947
15697,-0.8837264,0.03098659,-0.1292546,0.4487326,3.510657,14.87687,306.618
15698,-0.8818999,0.03476179,-0.1277755,0.4524577,3.113446,14.90436,306.0873
15699,-0.8816992,0.03605889,-0.1284806,0.4525473,3.02094,15.04395,306.0591
15700,-0.8811847,0.03674026,-0.1277575,0.4536978,2.933491,15.00083,305.9009
15701,-0.8811883,0.03639862,-0.1281762,0.4536005,2.988383,15.02664,305.919
15702,-0.8793252,0.03737096,-0.1261905,0.4576755,2.853712,14.85954,305.3796
15703,-0.8662323,0.04162064,-0.1259576,0.4817096,2.822599,14.98873,302.2148
15704,-0.8627015,0.04481636,-0.1267581,0.4875142,2.651818,15.22958,301.4128
15705,-0.8591429,0.04729053,-0.1293447,0.4928562,2.65019,15.61392,300.6811
15706,-0.8543223,0.0494584,-0.1278783,0.5013329,2.505331,15.56582,299.532
15707,-0.8570414,0.04809244,-0.1273305,0.4969451,2.528602,15.44498,300.1294
15708,-0.8572853,0.04656628,-0.1267017,0.4968302,2.639823,15.29507,300.1666
15709,-0.857559,0.0462295,-0.12695,0.4963257,2.678294,15.30233,300.2383
15710,-0.8573321,0.04525205,-0.1264283,0.4969404,2.754843,15.19233,300.1712
15711,-0.8569608,0.04476285,-0.1252543,0.4979216,2.752036,15.04349,300.0475
15712,-0.8569347,0.04402182,-0.1244942,0.4982231,2.785908,14.92394,300.0174
15713,-0.8571388,0.04204224,-0.1242945,0.4980929,2.966284,14.79131,300.0624
15714,-0.8571069,0.03896046,-0.1243673,0.4983802,3.277834,14.6219,300.0674
15715,-0.8573664,0.03825429,-0.124372,0.4979872,3.340829,14.58363,300.1287
15716,-0.8575666,0.03704202,-0.1241977,0.4977777,3.446339,14.49797,300.1721
15717,-0.8576068,0.03650244,-0.1236637,0.4978811,3.470244,14.41324,300.1646
15718,-0.8585612,0.03653429,-0.1235857,0.4962507,3.435513,14.41357,300.3785
15719,-0.858487,0.0365461,-0.1235028,0.4963988,3.43204,14.40534,300.3587
15720,-0.8753607,0.02723394,-0.1234827,0.4666414,3.874155,14.01371,304.3535
15721,-0.8773417,0.02704018,-0.1267919,0.4620217,3.997577,14.36331,304.9599
15722,-0.8780403,0.02579212,-0.1246327,0.4613532,3.997124,14.07876,305.0557
15723,-0.8766528,0.0261959,-0.1246797,0.463949,4.000238,14.09332,304.7166
15724,-0.8758607,0.02572918,-0.1252594,0.4653131,4.10011,14.12205,304.5479
15725,-0.8761997,0.02523661,-0.1248932,0.4647999,4.121751,14.06078,304.6191
15726,-0.8763095,0.02433421,-0.124731,0.4646845,4.201975,13.99703,304.6443
15727,-0.8797319,0.02231078,-0.1250598,0.4581858,4.321116,13.95553,305.5059
15728,-0.880114,0.02134919,-0.1264845,0.4571053,4.47672,14.05778,305.6602
15729,-0.8817647,0.01947258,-0.1262683,0.4540576,4.607288,13.95386,306.0724
15730,-0.8864989,0.01862398,-0.1276041,0.4443988,4.61121,14.09812,307.3216
15731,-0.8998372,0.0108965,-0.1260755,0.4174678,4.913678,13.70148,310.814
15732,-0.9017004,0.01189595,-0.1254178,0.4136005,4.720353,13.69905,311.2865
15733,-0.9034972,0.01068756,-0.1249007,0.4098521,4.765007,13.60745,311.768
15734,-0.9078985,0.008220777,-0.1283873,0.3989605,5.020699,13.92242,313.1689
15735,-0.9113841,0.006716043,-0.1274771,0.391259,5.020452,13.7999,314.14
15736,-0.9144602,0.004324555,-0.1272504,0.384124,5.155011,13.71024,315.0499
15737,-0.9159093,0.002479881,-0.1291083,0.3800462,5.370257,13.85342,315.582
15738,-0.9179125,0.00302501,-0.1277777,0.3756336,5.189023,13.75819,316.1151
15739,-0.9198241,0.0002779961,-0.128161,0.370808,5.424548,13.71184,316.7411
15740,-0.9332653,-0.006183162,-0.126587,0.3360856,5.545094,13.48635,321.0464
15741,-0.9348059,-0.00508976,-0.1269652,0.3316505,5.378343,13.59364,321.5742
15742,-0.9355202,-0.005489081,-0.1266514,0.3297446,5.381998,13.55526,321.8079
15743,-0.9427804,-0.0100712,-0.1291063,0.3072381,5.642588,13.79239,324.5829
15744,-0.9483936,-0.01347193,-0.126808,0.2903239,5.692193,13.52434,326.6345
15745,-0.9508079,-0.01460852,-0.1261151,0.2825704,5.684616,13.45674,327.5684
15746,-0.9547343,-0.01642301,-0.1265421,0.2687,5.702489,13.53035,329.2396
15747,-0.9586506,-0.01973508,-0.1258677,0.2544738,5.848486,13.44385,330.9573
15748,-0.9651114,-0.02319074,-0.1303307,0.2259119,5.949381,14.02792,334.3836
15749,-0.9650487,-0.02257206,-0.1293151,0.2268247,5.867597,13.92263,334.2636
15750,-0.9657274,-0.02374233,-0.1270448,0.2250925,5.914881,13.64757,334.4678
15751,-0.9683791,-0.02270707,-0.1281924,0.2128216,5.655239,13.87353,335.8988
15752,-0.9745673,-0.02861751,-0.1294925,0.1806419,5.886773,14.0839,339.7259
15753,-0.9774212,-0.03105299,-0.1322324,0.1618592,5.941314,14.46466,341.9491
15754,-0.9789553,-0.03138601,-0.1305898,0.1536491,5.830217,14.31883,342.8931
15755,-0.979318,-0.03024087,-0.1304861,0.1516422,5.670376,14.33641,343.1096
15756,-0.980112,-0.02957157,-0.1318464,0.1453368,5.525638,14.53783,343.836
15756,-0.9801767,-0.03262272,-0.1345497,0.141725,5.859542,14.82424,344.308
15757,-0.9835763,-0.03651583,-0.1334536,0.1159076,5.898632,14.79794,347.3248
15758,-0.9847029,-0.03661156,-0.1329411,0.1065201,5.763633,14.79171,348.4008
15759,-0.9871089,-0.04283777,-0.1356444,0.07335997,5.996793,15.24489,352.3027
15760,-0.9878739,-0.0420315,-0.1342791,0.06563351,5.777756,15.13598,353.1661
15761,-0.9885674,-0.04521191,-0.1362985,0.04597053,5.849828,15.46874,355.4702
15762,-0.9885679,-0.04700445,-0.1362053,0.04441058,6.029014,15.46181,355.6747
15763,-0.9886697,-0.04621892,-0.1366088,0.0416444,5.898614,15.52684,355.9809
15763,-0.9891602,-0.04701301,-0.1367986,0.02526182,5.734469,15.64078,357.8624
15764,-0.9890561,-0.04853599,-0.1379935,0.01923578,5.815099,15.81318,358.5799
15765,-0.9891381,-0.04888581,-0.1373229,0.01893066,5.849103,15.73711,358.6162
15765,-0.9891791,-0.05158835,-0.1373348,0.001605926,5.883226,15.84105,0.6331806
15766,-0.9891688,-0.05214229,-0.1371819,-0.002764335,5.877195,15.84977,1.139071
15767,-0.9884777,-0.05582673,-0.1365405,-0.03394256,5.802395,15.96999,4.747931
15768,-0.9876835,-0.05610746,-0.1387909,-0.04550238,5.635653,16.29754,6.083085
15769,-0.9878284,-0.05718559,-0.1380011,-0.04336639,5.797327,16.20231,5.853317
15770,-0.9875866,-0.05715589,-0.1382766,-0.04780991,5.720213,16.25899,6.360923
15771,-0.9873259,-0.05759237,-0.1373881,-0.05472993,5.663531,16.1981,7.152189
15772,-0.9853488,-0.06162413,-0.1366264,-0.08138529,5.693323,16.29986,10.2593
15773,-0.9840662,-0.06314764,-0.1362371,-0.09521475,5.64355,16.35109,11.8645
15774,-0.9836603,-0.06204532,-0.1364906,-0.0996653,5.443049,16.38919,12.35544
15774,-0.9834146,-0.06296315,-0.1366931,-0.101225,5.518332,16.43396,12.55124
15775,-0.9822161,-0.06505615,-0.1362066,-0.1116568,5.588412,16.46585,13.78012
15776,-0.9801785,-0.06714986,-0.1398642,-0.1232041,5.576459,16.98447,15.16178
15777,-0.9791133,-0.06971332,-0.1380009,-0.1320342,5.743363,16.86408,16.21219
15778,-0.9780406,-0.06953775,-0.1375615,-0.1402793,5.591047,16.85618,17.15347
15779,-0.9768053,-0.07025978,-0.137462,-0.1483896,5.53561,16.90314,18.09903
15780,-0.9754177,-0.0715767,-0.1370554,-0.1570128,5.543156,16.93048,19.11452
15781,-0.9741896,-0.0731502,-0.1390871,-0.162045,5.59221,17.22416,19.73564
15782,-0.97321,-0.07234812,-0.1383572,-0.1687762,5.400502,17.15946,20.4924
15783,-0.9723477,-0.07317305,-0.138448,-0.173257,5.412477,17.21235,21.0261
15784,-0.9711302,-0.07466231,-0.1397502,-0.1783305,5.461115,17.42273,21.64821
15785,-0.9693764,-0.0746325,-0.1408404,-0.1868249,5.282645,17.59127,22.63532
15786,-0.9665813,-0.07486363,-0.1350398,-0.2046468,5.132119,17.0298,24.67739
15787,-0.9644881,-0.07901709,-0.1375029,-0.2112156,5.413136,17.45501,25.53627
15788,-0.9631859,-0.07936132,-0.1362014,-0.2177711,5.368327,17.35239,26.29989
15789,-0.9605342,-0.08065305,-0.1365216,-0.2285415,5.30965,17.48293,27.58425
15790,-0.9569692,-0.0835179,-0.1358247,-0.2424593,5.392855,17.56547,29.26855
15791,-0.9546109,-0.08488466,-0.1371257,-0.2504181,5.358439,17.79741,30.2374
15792,-0.9533558,-0.08643962,-0.1371537,-0.2546169,5.449716,17.87358,30.76406
15793,-0.9528105,-0.08414334,-0.1375885,-0.25718,5.139175,17.86073,31.0184
15794,-0.9514134,-0.08494122,-0.1375583,-0.2620598,5.136651,17.90887,31.60956
15795,-0.9506899,-0.08777721,-0.1371348,-0.263966,5.42254,17.96682,31.89327
15796,-0.9433279,-0.08841845,-0.13367,-0.2905978,5.113372,17.74557,35.04228
15797,-0.9417542,-0.08979055,-0.1343387,-0.2949408,5.15655,17.89281,35.59158
15798,-0.9399713,-0.09006088,-0.1331511,-0.3010211,5.114521,17.80354,36.31639
15799,-0.9381114,-0.09105799,-0.1342727,-0.3059845,5.087348,17.99095,36.93549
15800,-0.9356145,-0.0912212,-0.135638,-0.3129006,4.922794,18.18264,37.77151
15801,-0.9305238,-0.09243187,-0.1344142,-0.3278945,4.811208,18.17171,39.59235
15802,-0.9274315,-0.0940367,-0.1358737,-0.3355092,4.775485,18.43479,40.55175
15803,-0.9215257,-0.0933779,-0.1326811,-0.3527986,4.501248,18.14276,42.61692
15804,-0.9195,-0.09832907,-0.1348647,-0.3558974,4.866312,18.61194,43.11627
15805,-0.9170182,-0.1014586,-0.1354092,-0.3611763,5.063836,18.83806,43.83551
15805,-0.9160805,-0.0978699,-0.136229,-0.3642249,4.593017,18.77911,44.1245
15806,-0.9123405,-0.1002689,-0.13474,-0.3733982,4.722816,18.77367,45.29729
15806,-0.912496,-0.09863266,-0.1346961,-0.37347,4.553727,18.69339,45.2669
15807,-0.9094307,-0.09888662,-0.1346599,-0.3808202,4.433311,18.73579,46.17431
15808,-0.9022567,-0.09832615,-0.1350398,-0.397529,4.017797,18.82321,48.22226
15809,-0.8879343,-0.1056385,-0.1352347,-0.426761,4.138884,19.34088,52.04553
15810,-0.8820026,-0.1030772,-0.1341578,-0.4398278,3.658876,19.14719,53.62539
15811,-0.8748683,-0.1031154,-0.1349961,-0.4535956,3.322578,19.28748,55.37578
15812,-0.8618096,-0.1070003,-0.1323759,-0.4778198,3.320664,19.32797,58.5769
15813,-0.8523229,-0.1077476,-0.131235,-0.4946852,3.085803,19.3168,60.78674
15814,-0.8481066,-0.1066656,-0.1301977,-0.5023806,2.872299,19.17346,61.76645
15815,-0.8352659,-0.1067616,-0.1273141,-0.5241416,2.572722,18.96109,64.64744
15816,-0.8228111,-0.1071178,-0.1260336,-0.5437125,2.24791,18.91322,67.28782
15817,-0.8160025,-0.1091439,-0.1242029,-0.5538965,2.32296,18.89741,68.7234
15818,-0.8085922,-0.108652,-0.1243491,-0.5647218,2.020952,18.90581,70.19752
15819,-0.7935963,-0.1084385,-0.1207502,-0.5864006,1.747605,18.60118,73.20877
15820,-0.7713982,-0.1124936,-0.1184179,-0.6150345,1.598332,18.73517,77.39428
15821,-0.7550102,-0.1128618,-0.1180335,-0.635051,1.175162,18.76253,80.3296
15822,-0.7420974,-0.1138765,-0.1155222,-0.650368,1.074418,18.64096,82.63845
15823,-0.7336591,-0.1136183,-0.1156619,-0.659892,0.8059172,18.64454,84.07209
15823,-0.7335056,-0.1150191,-0.1149561,-0.6599435,0.9743837,18.69319,84.11654
15824,-0.7183802,-0.1150964,-0.1117819,-0.6768957,0.8042641,18.44845,86.72456
15825,-0.7112688,-0.1166018,-0.1091904,-0.6845278,0.9387046,18.36106,87.95661
15826,-0.7073742,-0.1144676,-0.1060729,-0.6893966,0.8990179,17.93461,88.66706
15827,-0.6960862,-0.1157303,-0.1055538,-0.7006633,0.7563894,18.00813,90.49538
15828,-0.6941861,-0.1148718,-0.1037473,-0.7029557,0.7807003,17.79233,90.84146
15829,-0.6944986,-0.115613,-0.1025848,-0.7026961,0.9405098,17.75892,90.81925
15830,-0.6937622,-0.1150697,-0.1012005,-0.7037127,0.987252,17.60271,90.96878
15830,-0.6901045,-0.1089197,-0.09471378,-0.7091697,0.9165207,16.57358,91.69472
15831,-0.6839509,-0.1081465,-0.09071106,-0.7157425,1.036093,16.19692,92.74973
15832,-0.6795877,-0.1075111,-0.08828565,-0.720283,1.085538,15.95735,93.48248
15833,-0.6787077,-0.1093727,-0.08641383,-0.7210593,1.366355,15.96833,93.65771
15834,-0.6761346,-0.1067416,-0.08369946,-0.7241843,1.324552,15.53678,94.11119
15835,-0.6716669,-0.1068684,-0.07919478,-0.7288149,1.611551,15.2044,94.88853
15836,-0.6702229,-0.1081083,-0.07876292,-0.7300071,1.714446,15.27992,95.11963
15837,-0.6712182,-0.1087994,-0.07547975,-0.7293366,2.060568,15.08179,95.02525
15838,-0.6740891,-0.1080818,-0.07345885,-0.7269982,2.229629,14.85538,94.61597
15839,-0.6766242,-0.1069815,-0.07166529,-0.724982,2.341784,14.6143,94.25237
15840,-0.6771992,-0.107868,-0.06960326,-0.7245145,2.592895,14.5267,94.19714
15841,-0.679408,-0.1069956,-0.06874698,-0.7226553,2.638064,14.3781,93.86633
15842,-0.6804603,-0.1083203,-0.06726271,-0.7216069,2.885538,14.37003,93.7258
15843,-0.6752893,-0.1123908,-0.06350991,-0.7261677,3.414268,14.44479,94.59111
15844,-0.6734382,-0.1120719,-0.06475174,-0.7278243,3.249911,14.52209,94.85951
15845,-0.6735806,-0.1127254,-0.06304178,-0.7277418,3.445728,14.44487,94.86356
15846,-0.6745366,-0.1139679,-0.06215525,-0.7267384,3.635554,14.47779,94.72885
15847,-0.6752211,-0.1137937,-0.0612087,-0.72621,3.713712,14.38621,94.63625
15847,-0.6755309,-0.1138461,-0.06009352,-0.7260069,3.816227,14.30265,94.60418
15848,-0.6764646,-0.1137668,-0.05778047,-0.7253374,4.019602,14.11159,94.49126
15849,-0.6772966,-0.1141972,-0.05550215,-0.7246709,4.258083,13.96681,94.39254
15850,-0.6765647,-0.1166717,-0.05616683,-0.7249093,4.383975,14.23343,94.49895
15851,-0.6749308,-0.1193284,-0.05589643,-0.7260199,4.583565,14.44911,94.75835
15852,-0.6749652,-0.1216746,-0.05512908,-0.725657,4.832472,14.5902,94.76453
15853,-0.675532,-0.1222896,-0.05268091,-0.725208,5.095253,14.44982,94.70854
15854,-0.6766726,-0.1214008,-0.05167353,-0.7243658,5.131171,14.28814,94.54289
15855,-0.6787948,-0.1216172,-0.04899585,-0.7225279,5.411293,14.08401,94.244
15856,-0.6797628,-0.1217392,-0.0473918,-0.7217038,5.572309,13.96268,94.11119
15857,-0.6796504,-0.1219803,-0.04686436,-0.7218033,5.632892,13.94308,94.13498
15858,-0.6795667,-0.1229972,-0.04620898,-0.7217518,5.766047,13.97941,94.15613
15859,-0.6787293,-0.1253809,-0.0443306,-0.7222472,6.094238,14.04361,94.30969
15860,-0.6782841,-0.1239998,-0.04534602,-0.7228407,5.89227,14.00804,94.36738
15861,-0.6779745,-0.124308,-0.04521179,-0.7230865,5.921813,14.02641,94.41754
15861,-0.6792336,-0.1255051,-0.04315412,-0.7218228,6.211293,13.95882,94.24339
15862,-0.6811126,-0.1256782,-0.04308653,-0.7200238,6.266625,13.95246,93.94908
15863,-0.681976,-0.1264862,-0.04199901,-0.7191287,6.437291,13.92916,93.82505
15864,-0.6826683,-0.1258069,-0.04117596,-0.7186385,6.464494,13.80128,93.72399
15864,-0.6845788,-0.1260796,-0.03780991,-0.7169564,6.800154,13.54461,93.45524
15865,-0.6856537,-0.1248794,-0.03775811,-0.7161416,6.728668,13.429,93.28494
15866,-0.6874499,-0.1256068,-0.03836745,-0.7142575,6.770246,13.52166,92.99482
15867,-0.6879302,-0.1266584,-0.03725794,-0.7136678,6.954708,13.51888,92.92931
15868,-0.6882458,-0.1263021,-0.03699598,-0.7134402,6.953568,13.46524,92.88136
15869,-0.6888899,-0.1262107,-0.03495583,-0.7129377,7.125776,13.29105,92.79686
15870,-0.6891383,-0.1255446,-0.03539219,-0.7127934,7.041059,13.26679,92.7532
15871,-0.6897408,-0.1255719,-0.03446728,-0.712251,7.130253,13.19048,92.66516
15871,-0.6900709,-0.1272889,-0.03361669,-0.711667,7.344156,13.26486,92.62045
15872,-0.6909414,-0.126188,-0.03311828,-0.7110416,7.312443,13.12416,92.48508
15873,-0.6922684,-0.1256456,-0.03315392,-0.7098442,7.290068,13.06804,92.27246
15874,-0.6943603,-0.1283711,-0.03230771,-0.7073479,7.617894,13.20813,91.94498
15875,-0.6965083,-0.1248161,-0.0310716,-0.7059262,7.469731,12.79033,91.60792
15876,-0.6993632,-0.1254493,-0.03051209,-0.7030096,7.618053,12.76853,91.15158
15877,-0.7008049,-0.1251812,-0.02919245,-0.7016766,7.729009,12.62538,90.92753
15878,-0.7021149,-0.1253229,-0.02868772,-0.7003613,7.804802,12.58247,90.71848
15879,-0.702024,-0.1255659,-0.02966005,-0.7003684,7.744428,12.6815,90.72659
15880,-0.7014813,-0.1263643,-0.03018835,-0.7007459,7.757212,12.79588,90.81106
15881,-0.702453,-0.1270711,-0.02964583,-0.6996671,7.876516,12.80037,90.65721
15882,-0.7116152,-0.1272323,-0.02928239,-0.6903322,8.085563,12.68102,89.16043
15883,-0.7105106,-0.1277099,-0.02988821,-0.691355,8.056623,12.78194,89.33816
15884,-0.7103826,-0.1282394,-0.03037831,-0.691367,8.059013,12.86653,89.35577
15885,-0.7100427,-0.1295124,-0.0293068,-0.6915253,8.243815,12.88795,89.41881
15886,-0.710508,-0.1289262,-0.0295234,-0.6911473,8.186531,12.85203,89.34086
15887,-0.7266295,-0.12881,-0.03404835,-0.673987,8.122959,13.02491,86.62389
15888,-0.7279075,-0.1271178,-0.03662044,-0.6727933,7.803959,13.08862,86.39006
15888,-0.7283072,-0.1278496,-0.03548095,-0.6722829,7.96228,13.04762,86.33071
15889,-0.7282792,-0.1296697,-0.03478217,-0.6720011,8.170779,13.13495,86.33924
15890,-0.7275426,-0.1308057,-0.03338885,-0.6726491,8.361342,13.11868,86.47294
15891,-0.727006,-0.1309404,-0.03347406,-0.6731988,8.355782,13.14306,86.56291
15892,-0.727021,-0.1319695,-0.03287801,-0.6730111,8.489879,13.17568,86.56378
15893,-0.727143,-0.1321151,-0.03288043,-0.6728504,8.504436,13.18601,86.54302
15894,-0.7268956,-0.1330237,-0.03220311,-0.6729716,8.629543,13.20555,86.58879
15895,-0.7279541,-0.1321215,-0.03161409,-0.6720324,8.619122,13.07117,86.41442
15896,-0.7287393,-0.1315729,-0.03318921,-0.6712125,8.465314,13.14861,86.27123
15897,-0.7292726,-0.1338405,-0.03243029,-0.6702213,8.727864,13.25954,86.18409
15898,-0.7298269,-0.1353099,-0.03397509,-0.6692457,8.744601,13.49829,86.07801
15899,-0.7305802,-0.1355307,-0.03493202,-0.668329,8.704591,13.58604,85.94291
15900,-0.73085,-0.1362618,-0.03461862,-0.6679016,8.796776,13.61461,85.89862
15901,-0.7312412,-0.136478,-0.03573012,-0.6673706,8.737413,13.71956,85.82369
15902,-0.7594208,-0.1448112,-0.04254863,-0.6328504,9.560644,14.56062,80.83533
15902,-0.7594512,-0.1346205,-0.04386091,-0.6349705,8.55592,13.90155,80.8424
15903,-0.761083,-0.1344096,-0.04203859,-0.6331822,8.705602,13.70547,80.56565
15904,-0.7587095,-0.1350355,-0.04165497,-0.6359169,8.73863,13.75143,80.99227
15905,-0.7589353,-0.1352643,-0.04145545,-0.6356118,8.778474,13.74842,80.953
15906,-0.7582619,-0.1347644,-0.04185271,-0.6364951,8.690402,13.75401,81.07119
15907,-0.7586778,-0.1351338,-0.04097512,-0.6359779,8.796616,13.70034,81.00307
15908,-0.7604474,-0.1349151,-0.0400838,-0.6339645,8.880163,13.58225,80.69371
15909,-0.7613124,-0.1343758,-0.04002041,-0.6330444,8.855006,13.52414,80.54023
15910,-0.7613584,-0.1343046,-0.03961739,-0.6330293,8.879098,13.48305,80.53513
15911,-0.7577571,-0.1377181,-0.04184124,-0.6364648,8.943059,13.98419,81.15501
15912,-0.7575574,-0.1382051,-0.04190394,-0.6365929,8.977407,14.02939,81.18907
15913,-0.7575608,-0.1384103,-0.04231492,-0.6365169,8.965522,14.08054,81.18468
15914,-0.7598304,-0.1371014,-0.04105061,-0.6341735,8.991102,13.84018,80.7919
15915,-0.7611835,-0.1369585,-0.04045853,-0.6326177,9.05088,13.75902,80.55401
15916,-0.7636919,-0.1347007,-0.04037258,-0.6300799,8.908892,13.54651,80.10851
15918,-0.7714869,-0.13709,-0.04321331,-0.619796,9.088472,13.86417,78.66258
15919,-0.772674,-0.136951,-0.04213327,-0.6184208,9.17931,13.74134,78.45347
15920,-0.7742082,-0.1371343,-0.0418267,-0.6164791,9.251616,13.7053,78.17274
15921,-0.7748089,-0.1369738,-0.04317418,-0.6156667,9.154385,13.8041,78.0521
15922,-0.7746443,-0.1374973,-0.04389191,-0.6157063,9.147345,13.90862,78.07517
15923,-0.7745874,-0.138355,-0.0440408,-0.6155752,9.213589,13.98576,78.08183
15924,-0.7940607,-0.1355667,-0.04845816,-0.5905432,9.094486,13.89194,74.38664
15925,-0.7956662,-0.1359881,-0.05021349,-0.5881338,9.052404,14.05717,74.05989
15926,-0.7961191,-0.1359573,-0.05064166,-0.5874908,9.031268,14.0872,73.96861
15927,-0.8007625,-0.1360169,-0.05056173,-0.581139,9.152785,14.01338,73.06646
15928,-0.8039467,-0.1365682,-0.05059397,-0.5765927,9.279044,14.0049,72.43857
15929,-0.806781,-0.1346107,-0.05361024,-0.5728092,8.962375,14.1045,71.85998
15930,-0.8216389,-0.1345084,-0.05835345,-0.5508283,9.018254,14.30762,68.81015
15931,-0.8232353,-0.1337424,-0.05768877,-0.5486974,9.02675,14.16899,68.49213
15932,-0.8259674,-0.1316877,-0.05713639,-0.5451347,8.931025,13.93855,67.94317
15933,-0.8256681,-0.1324932,-0.05762789,-0.5453411,8.971145,14.04236,67.99542
15934,-0.824782,-0.1334471,-0.05929711,-0.5462697,8.93681,14.27666,68.15606
15935,-0.8374292,-0.1324797,-0.06142905,-0.5266765,9.043148,14.21045,65.4628
15936,-0.8481648,-0.1332031,-0.067112,-0.5083007,9.075171,14.62066,63.03469
15937,-0.8507212,-0.1323601,-0.07155791,-0.5036206,8.808189,14.9582,62.40902
15937,-0.8516216,-0.1344165,-0.06951374,-0.5018374,9.159002,14.86726,62.2169
15938,-0.8636603,-0.1308687,-0.07345089,-0.4812166,8.937715,14.82889,59.41702
15939,-0.8676354,-0.1287451,-0.07356912,-0.4745746,8.834421,14.64685,58.49269
15940,-0.8787402,-0.1250618,-0.07752445,-0.4540542,8.591759,14.63454,55.75705
15941,-0.8810565,-0.1248361,-0.08028659,-0.4491208,8.502849,14.85807,55.13137
15942,-0.8819125,-0.1262715,-0.08089995,-0.4469243,8.650603,14.98117,54.88836
15943,-0.8918515,-0.1257914,-0.08310172,-0.4264638,8.829505,14.98606,52.2758
15944,-0.8932179,-0.1233607,-0.08406755,-0.424119,8.572841,14.93361,51.92439
15945,-0.8960366,-0.1213264,-0.084153,-0.4187084,8.450485,14.78422,51.19067
15946,-0.9109842,-0.1219708,-0.09315023,-0.3828237,8.679476,15.43538,46.76575
15947,-0.9156848,-0.1179909,-0.09644544,-0.3718843,8.299742,15.49674,45.33805
15948,-0.9170073,-0.1183642,-0.09629726,-0.3685301,8.401265,15.46883,44.9318
15949,-0.9197628,-0.1183221,-0.1010549,-0.3603116,8.327662,15.90531,43.95031
15950,-0.9234433,-0.1161182,-0.1012626,-0.351447,8.237709,15.74997,42.8133
15951,-0.925035,-0.1141726,-0.1005137,-0.3480975,8.120197,15.55315,42.35415
15952,-0.9336196,-0.1194225,-0.09871832,-0.3230285,9.161201,15.35881,39.40869
15952,-0.9354459,-0.1122684,-0.1050749,-0.3182706,8.230597,15.71406,38.71783
15952,-0.9355683,-0.1094915,-0.1055082,-0.3187344,7.909881,15.65144,38.71528
15952,-0.9360999,-0.1104059,-0.1031224,-0.3176371,8.116767,15.41848,38.58675
15953,-0.9433776,-0.1094197,-0.1087109,-0.2936804,8.198068,15.79288,35.72246
15954,-0.9446781,-0.1076537,-0.1082508,-0.290303,8.079387,15.64675,35.27667
15955,-0.9477383,-0.1054191,-0.1102527,-0.2802202,7.933831,15.70314,34.0388
15956,-0.9523753,-0.1050945,-0.1149899,-0.2621334,8.041677,16.07211,31.91543
15957,-0.9556479,-0.1040002,-0.1152551,-0.2502748,8.110594,15.9677,30.49063
15958,-0.9590389,-0.1018593,-0.1157678,-0.237628,8.068369,15.85268,28.95781
15959,-0.9639418,-0.09786278,-0.1182719,-0.2173733,7.888729,15.85149,26.51577
15960,-0.9672101,-0.1008595,-0.1225943,-0.1982498,8.423919,16.26988,24.37331
15961,-0.9685143,-0.09898527,-0.1227396,-0.1926578,8.305074,16.18947,23.68419
15962,-0.969183,-0.0974808,-0.1229842,-0.1898868,8.177907,16.15509,23.33302
15963,-0.9752325,-0.09542863,-0.1233502,-0.1568434,8.478418,15.87348,19.45705
15964,-0.9747236,-0.095461,-0.1277308,-0.1564799,8.402231,16.37398,19.45158
15965,-0.9755327,-0.09781161,-0.1291606,-0.1486157,8.768715,16.52283,18.59967
15966,-0.9768289,-0.0981487,-0.1292637,-0.1395103,8.956335,16.4619,17.55414
15967,-0.9772786,-0.1001901,-0.1306111,-0.1335266,9.261875,16.60479,16.91486
15968,-0.9820853,-0.09362563,-0.1321336,-0.09635113,9.116027,16.32739,12.51702
15969,-0.9826701,-0.09418374,-0.1356637,-0.08416915,9.338428,16.63502,11.15948
15970,-0.9836076,-0.09622614,-0.1367961,-0.06740481,9.837599,16.63592,9.282259
15971,-0.9842211,-0.09666037,-0.1339936,-0.06333551,9.979584,16.2747,8.794403
15972,-0.9836051,-0.09966796,-0.1362155,-0.06350496,10.29795,16.57186,8.891865
15973,-0.983664,-0.09993482,-0.1361396,-0.06232359,10.34851,16.55422,8.760152
15974,-0.9838762,-0.09799827,-0.1366616,-0.06089113,10.14811,16.57763,8.565146
15975,-0.9839562,-0.0995932,-0.1370168,-0.05601661,10.40706,16.58822,8.037889
15976,-0.9845196,-0.0988142,-0.1344561,-0.05365358,10.37797,16.25615,7.724925
15977,-0.9847333,-0.09669875,-0.1345789,-0.05327693,10.14297,16.24372,7.644919
15978,-0.9850574,-0.09306642,-0.1345775,-0.05375702,9.722853,16.2094,7.635194
15979,-0.9851986,-0.09140887,-0.1348236,-0.05339543,9.538704,16.21718,7.566621
15980,-0.9851863,-0.09081626,-0.1351935,-0.05369426,9.463755,16.25688,7.593957
15981,-0.9852538,-0.08958705,-0.135474,-0.05381592,9.320136,16.27782,7.588732
15982,-0.9850369,-0.08804686,-0.136382,-0.05787976,9.071754,16.40393,8.035809
15983,-0.9849192,-0.08437879,-0.1383005,-0.0607246,8.593091,16.61185,8.312952
15984,-0.9851544,-0.08104366,-0.1383607,-0.06131252,8.204957,16.58714,8.320623
15985,-0.9852315,-0.08086709,-0.1372197,-0.06285036,8.169209,16.46487,8.484075
15986,-0.9851661,-0.07746845,-0.1387422,-0.06478447,7.73907,16.61928,8.656723
15987,-0.9843253,-0.07860547,-0.1347975,-0.08218573,7.619277,16.30608,10.63878
15988,-0.9833384,-0.07863202,-0.1364376,-0.09081703,7.46162,16.5603,11.64066
15989,-0.9832113,-0.07759252,-0.1373884,-0.09164967,7.31917,16.66184,11.72405
15990,-0.9822851,-0.07830313,-0.1335965,-0.105531,7.217417,16.33271,13.30108
15991,-0.9821139,-0.07649876,-0.1349094,-0.1067705,6.975925,16.46482,13.41958
15992,-0.9816686,-0.07877001,-0.1335424,-0.1108546,7.183326,16.37154,13.92026
15993,-0.9808463,-0.07815126,-0.1347942,-0.1168914,6.995777,16.54783,14.61079
15994,-0.9804172,-0.07992397,-0.1341541,-0.119988,7.153264,16.52583,14.99499
15995,-0.9791348,-0.08010869,-0.1353393,-0.1286902,7.009892,16.72632,16.00701
15996,-0.9766236,-0.08119914,-0.1370817,-0.1442974,6.836756,17.05403,17.83568
15997,-0.9741763,-0.08227034,-0.1307144,-0.1646996,6.73252,16.48319,20.16826
15998,-0.9715108,-0.08249591,-0.1318439,-0.1788254,6.496195,16.70992,21.81436
15999,-0.964678,-0.08408907,-0.1309092,-0.2125752,6.118301,16.85631,25.76143
16000,-0.9611356,-0.08740584,-0.1344004,-0.2247562,6.177163,17.4205,27.27084
