frame,quat_w,quat_x,quat_y,quat_z,euler_x,euler_y,euler_z
7200,-0.7542016,-0.2930161,0.07725787,-0.58254,32.14056,15.39949,79.82531
7202,-0.7492398,-0.2971498,0.08452526,-0.5858306,32.97738,15.30993,80.60017
7204,-0.741324,-0.2956803,0.08901489,-0.5958929,32.9889,15.23482,82.12177
7205,-0.7356855,-0.2925865,0.09501085,-0.6034345,33.0362,14.74136,83.11334
7207,-0.7290853,-0.2935234,0.09612423,-0.610769,33.05382,15.10286,84.41233
7209,-0.7204059,-0.2911777,0.1113456,-0.6195427,33.88301,13.96642,85.66407
7211,-0.7153536,-0.2836273,0.1220047,-0.6268491,33.96904,12.60815,86.31991
7213,-0.7161129,-0.2812777,0.1240132,-0.6266466,33.9368,12.17048,86.10246
7215,-0.7176658,-0.283367,0.1272715,-0.6232663,34.42825,11.93301,85.65546
7217,-0.7162102,-0.2839004,0.1292103,-0.6242982,34.61061,11.87731,85.86789
7219,-0.7172967,-0.2810079,0.1327946,-0.623607,34.66348,11.21503,85.51644
7221,-0.7187005,-0.2825756,0.1323016,-0.6213832,34.79168,11.30624,85.24556
7223,-0.7273136,-0.2876096,0.1234737,-0.6107782,34.6941,12.0554,83.82353
7225,-0.7246742,-0.2932623,0.1240494,-0.6111109,35.21562,12.63021,84.30433
7227,-0.7270548,-0.2978734,0.1181868,-0.6072025,35.21647,13.43959,84.01722
7229,-0.7315825,-0.295936,0.1187155,-0.6025908,35.17509,12.93399,83.07082
7231,-0.7175593,-0.300893,0.1223703,-0.6161151,35.63401,13.89324,85.78539
7233,-0.7336252,-0.30395,0.1133766,-0.5971218,35.54695,13.98558,82.78977
7235,-0.7493077,-0.3114451,0.1023901,-0.575375,35.77203,14.63179,79.78466
7237,-0.7861168,-0.3081896,0.09064397,-0.5280373,35.46973,12.98213,71.94663
7239,-0.7939271,-0.311093,0.0801647,-0.5162119,35.22116,13.72955,70.4408
7241,-0.80722,-0.3124314,0.07362428,-0.4953404,35.26365,13.50352,67.37945
7243,-0.827105,-0.3123413,0.06245878,-0.4630759,35.06633,13.13193,62.65206
7245,-0.8554898,-0.3187459,0.0379183,-0.4063258,35.18245,13.74178,55.18767
7247,-0.8693159,-0.3151815,0.02224886,-0.380073,34.39515,14.09139,51.61213
7249,-0.8924356,-0.3163246,-0.002817303,-0.3216983,34.24868,14.61357,44.17039
7251,-0.9072217,-0.3116243,-0.02092892,-0.2817826,33.61639,14.86186,39.02192
7253,-0.9098525,-0.3159464,-0.02748549,-0.2675648,34.07108,15.3366,37.49943
7255,-0.9170954,-0.3167956,-0.0481706,-0.237184,33.9323,16.7151,34.13339
7257,-0.9198453,-0.3236821,-0.05832914,-0.2138043,34.7874,17.40893,31.66206
7259,-0.9224626,-0.3230084,-0.06578541,-0.2009992,34.71403,17.79525,30.18727
7261,-0.9241022,-0.3262283,-0.06402078,-0.1884459,35.36671,17.21007,28.57608
7263,-0.9278517,-0.3223737,-0.07616806,-0.1713625,34.89856,17.88145,26.58986
7265,-0.9298239,-0.3252594,-0.08470553,-0.1498632,35.41394,18.23422,24.17791
7267,-0.931903,-0.3221341,-0.08764294,-0.1417927,35.13755,18.14713,23.09216
7269,-0.9332186,-0.3242966,-0.09213683,-0.1242811,35.61792,18.10154,21.03006
7271,-0.9340627,-0.3231307,-0.09331104,-0.1200267,35.53844,18.03186,20.46659
7273,-0.9354753,-0.3225054,-0.0907653,-0.1124184,35.66072,17.35291,19.32514
7275,-0.9373041,-0.3189133,-0.09398615,-0.104509,35.32352,17.316,18.27587
7277,-0.9399025,-0.3143207,-0.09149656,-0.097028,34.96711,16.51796,17.02333
7279,-0.9420889,-0.3073152,-0.09289753,-0.09693369,34.12683,16.46438,16.83456
7281,-0.9424958,-0.3072619,-0.09427413,-0.09167452,34.18737,16.43524,16.19687
7283,-0.944872,-0.2995433,-0.09408695,-0.09294374,33.26899,16.2154,16.11013
7285,-0.9455438,-0.2977304,-0.09101278,-0.09497481,33.07569,15.83621,16.20139
7287,-0.9470277,-0.2922736,-0.09325016,-0.09496918,32.40297,15.95865,16.1176
7289,-0.9477113,-0.2897719,-0.09268072,-0.09636279,32.09863,15.86029,16.20125
7291,-0.9492836,-0.2857771,-0.09110311,-0.09430077,31.69415,15.46364,15.76032
7293,-0.9501212,-0.2817203,-0.09465888,-0.09456989,31.16021,15.81131,15.80303
7295,-0.9506396,-0.2806044,-0.0931536,-0.09417102,31.06181,15.57228,15.66697
7297,-0.9502764,-0.2799662,-0.09866843,-0.09411886,30.8984,16.2576,15.83383
7299,-0.952894,-0.2743691,-0.1031568,-0.07793255,30.45163,16.12065,13.76575
7301,-0.9528049,-0.2729419,-0.113522,-0.06912725,30.29324,17.11204,12.96351
7303,-0.9537816,-0.2748546,-0.1059324,-0.05944794,30.77764,15.85681,11.5234
7305,-0.9542808,-0.2740094,-0.106781,-0.05352403,30.76601,15.74248,10.77706
7307,-0.9544712,-0.2731346,-0.1147112,-0.03498112,30.88876,16.10724,8.675231
7309,-0.9535151,-0.277927,-0.1132092,-0.02737688,31.5886,15.74227,7.768061
7311,-0.9527077,-0.2789031,-0.1165981,-0.03108516,31.61287,16.33428,8.390723
7313,-0.9524044,-0.280838,-0.1088865,-0.04690222,31.64997,15.9377,10.18303
7315,-0.94911,-0.284795,-0.1069404,-0.08152287,31.54495,17.01849,14.65833
7317,-0.94366,-0.2903542,-0.09179422,-0.1295156,31.61532,16.96313,20.46488
7319,-0.9387316,-0.294268,-0.08317095,-0.1589718,31.73785,17.07465,24.11052
7321,-0.9258681,-0.2992029,-0.07961169,-0.2165826,31.30273,18.91829,31.67738
7323,-0.9110715,-0.3014579,-0.05401731,-0.2759604,31.29778,18.05356,38.79891
7325,-0.9004649,-0.305902,-0.04558206,-0.3057932,31.53576,18.41017,42.75439
7327,-0.8860017,-0.311568,-0.03992668,-0.3410757,31.65904,19.43965,47.67028
7329,-0.8719879,-0.3145954,-0.03699556,-0.3732266,31.40146,20.53118,52.17247
7331,-0.8620031,-0.3164819,-0.03170103,-0.3946963,31.37198,20.89255,55.13216
7333,-0.8615337,-0.3171721,-0.02643663,-0.3955538,31.70829,20.39474,55.17112
7335,-0.8565834,-0.314948,-0.02243546,-0.4081292,31.41582,20.25973,56.70508
7337,-0.8528233,-0.3208689,-0.0221079,-0.411396,31.94459,20.82796,57.52707
7339,-0.870094,-0.3152688,-0.0303455,-0.3776524,31.71584,19.999,52.65977
7341,-0.8757843,-0.315432,-0.03685179,-0.3635197,31.71593,20.21054,50.88106
7343,-0.8994609,-0.3134386,-0.05162132,-0.3001032,32.19944,19.39399,42.5495
7345,-0.9024044,-0.3151202,-0.05231777,-0.2891862,32.57972,19.16854,41.18719
7347,-0.9140515,-0.3094257,-0.06518111,-0.2540024,32.17788,19.05635,36.60302
7349,-0.9188018,-0.3045914,-0.07217565,-0.2404539,31.66881,19.14392,34.80774
7351,-0.9285697,-0.3051365,-0.07478312,-0.1976306,32.48793,17.91674,29.28982
7353,-0.9358813,-0.3032036,-0.08351973,-0.1588034,32.75164,17.48057,24.43431
7355,-0.9402957,-0.3002213,-0.09121528,-0.1318751,32.7201,17.33811,21.09268
7357,-0.94232,-0.3023058,-0.0945484,-0.1081905,33.31756,16.94879,18.20475
7359,-0.9439013,-0.2992691,-0.1053864,-0.0915544,33.07003,17.62584,16.3509
7361,-0.9436338,-0.3006543,-0.1004697,-0.09522665,33.24912,17.1695,16.68665
7363,-0.9444616,-0.3002228,-0.1010366,-0.08746566,33.32746,16.93398,15.68463
7365,-0.9456197,-0.2986574,-0.1078349,-0.07056011,33.34061,17.13169,13.6999
7367,-0.9462507,-0.297549,-0.1043612,-0.07199307,33.23576,16.69942,13.71801
7369,-0.9459562,-0.3000062,-0.1056713,-0.06321973,33.65731,16.60401,12.70123
7371,-0.9460429,-0.2984109,-0.107684,-0.06601471,33.39457,16.93149,13.09595
7373,-0.9460394,-0.2980932,-0.1068057,-0.06886753,33.31933,16.91615,13.42292
7376,-0.9460373,-0.2993931,-0.1040001,-0.06753865,33.5336,16.53389,13.18004
7378,-0.947935,-0.2953654,-0.1084385,-0.0491919,33.31939,16.3081,10.85163
7380,-0.947571,-0.2967314,-0.1115003,-0.04034274,33.59726,16.40538,9.8594
7382,-0.948648,-0.2927998,-0.1147909,-0.03403427,33.21035,16.50692,9.063186
7384,-0.9495908,-0.2895686,-0.1182006,-0.02135685,33.01746,16.40772,7.470234
7386,-0.9487387,-0.2926348,-0.1189229,-0.01082484,33.55198,16.16292,6.209461
7388,-0.9503289,-0.2880313,-0.1166029,-0.01779868,32.90845,16.03314,6.909629
7390,-0.949919,-0.2888006,-0.1193593,0.001206145,33.29585,15.69188,4.573629
7392,-0.9493326,-0.2895055,-0.1222697,0.002099738,33.37988,16.0546,4.588943
7394,-0.950334,-0.2859829,-0.1227399,0.003751099,32.98909,15.99608,4.312551
7396,-0.9492927,-0.2892618,-0.1227209,0.01052786,33.48866,15.78751,3.506516
7398,-0.9499336,-0.2884094,-0.1197127,0.01073325,33.40195,15.36818,3.341566
7400,-0.950107,-0.2878644,-0.1195984,0.01128274,33.34661,15.324,3.253962
7402,-0.9502178,-0.2864912,-0.1222154,0.008513406,33.12988,15.75504,3.686735
7405,-0.9501464,-0.2869094,-0.1216624,0.0101584,33.20824,15.62586,3.46088
7408,-0.9507569,-0.285154,-0.12106,0.009657517,32.99476,15.53908,3.464064
7412,-0.9504749,-0.2858627,-0.1217121,0.008136079,33.05141,15.69322,3.702042
7417,-0.9505589,-0.2855035,-0.121912,0.0079339,33.00487,15.72177,3.728137
7420,-0.9504513,-0.284786,-0.1246399,0.002115026,32.81153,16.28829,4.570395
7423,-0.9506403,-0.2865581,-0.1183479,-0.01270466,32.80763,16.04412,6.28293
7428,-0.9513305,-0.2854526,-0.1153911,-0.01312251,32.68983,15.6507,6.19672
7432,-0.9517839,-0.283013,-0.1183689,-0.0001258403,32.5955,15.51746,4.577638
7435,-0.9517881,-0.2822553,-0.1200545,0.004307181,32.56993,15.56281,4.05362
7438,-0.9529481,-0.2771443,-0.1213837,0.0186249,32.19009,15.13927,2.152399
7441,-0.9523357,-0.2768469,-0.1243791,0.03070036,32.33979,15.0863,0.7048714
7445,-0.952578,-0.2736631,-0.1279001,0.03668001,32.05639,15.2968,0.008242816
7448,-0.9513344,-0.2722592,-0.1317137,0.05907173,32.24768,14.96814,357.2435
7451,-0.9513974,-0.2768972,-0.1302634,0.03467777,32.40585,15.71405,0.4176677
7451,-0.9524421,-0.2757556,-0.1271956,0.02518701,32.1197,15.64518,1.500079
7453,-0.9538478,-0.2742436,-0.1207787,0.01943064,31.86144,14.99507,1.968728
7455,-0.9540208,-0.2732176,-0.1221139,0.01688202,31.69742,15.24841,2.324948
7457,-0.9537891,-0.2738005,-0.1227635,0.01577279,31.74694,15.38044,2.503001
7459,-0.9540888,-0.2728335,-0.1231075,0.0110137,31.55564,15.58225,3.105203
7461,-0.954496,-0.2715445,-0.1226021,0.01303387,31.43777,15.42741,2.801569
7463,-0.9549371,-0.2708832,-0.1206889,0.01231751,31.35412,15.19487,2.809682
7465,-0.9544176,-0.2728639,-0.1205637,0.009837702,31.54879,15.29277,3.162671
7467,-0.9538828,-0.2743562,-0.1214819,0.008865193,31.70603,15.46785,3.352146
7469,-0.9532486,-0.2751741,-0.1247639,0.005495176,31.73491,16.02879,3.923004
7471,-0.9536582,-0.2744574,-0.1232234,0.005032718,31.64922,15.83342,3.909468
7473,-0.9531823,-0.2755725,-0.1243009,-0.007251695,31.56994,16.42833,5.545364
7475,-0.9543505,-0.2732166,-0.1206987,6.537139E-05,31.43322,15.66182,4.424825
7478,-0.9540156,-0.2746353,-0.1201234,0.0001620054,31.60443,15.60523,4.422307
7481,-0.9535545,-0.2756286,-0.1210683,-0.01026034,31.54509,16.11477,5.812454
7483,-0.9538193,-0.2764206,-0.1146605,-0.02595003,31.4235,15.85096,7.602238
7485,-0.9535023,-0.2775203,-0.1128279,-0.03295466,31.4528,15.8824,8.457688
7487,-0.951244,-0.2846057,-0.1109813,-0.04263566,32.14037,16.14182,9.811069
7487,-0.9530537,-0.2791454,-0.109381,-0.04245527,31.51982,15.80603,9.588214
7489,-0.9535343,-0.2774561,-0.1107321,-0.03910256,31.36365,15.8263,9.165897
7491,-0.9540529,-0.2750128,-0.1129764,-0.03724781,31.08689,16.00044,8.948826
7493,-0.9538493,-0.2756868,-0.1132271,-0.03671741,31.17224,16.02847,8.907023
7495,-0.9528383,-0.2788962,-0.113682,-0.03731836,31.53377,16.17648,9.081242
7497,-0.9528881,-0.2785399,-0.1141154,-0.03738392,31.48683,16.22741,9.096313
7499,-0.9530467,-0.2776179,-0.1149411,-0.03766838,31.36622,16.32475,9.139035
7501,-0.9537067,-0.2758157,-0.1145371,-0.03536461,31.19775,16.15349,8.784781
7503,-0.9539099,-0.2752326,-0.1143765,-0.03494351,31.13798,16.10589,8.710727
7505,-0.9540176,-0.2738535,-0.1162935,-0.03647886,30.93316,16.37831,8.940038
7507,-0.9540544,-0.2744317,-0.1151479,-0.03476148,31.04026,16.18281,8.695139
7509,-0.9537648,-0.2749378,-0.1165828,-0.03391964,31.10065,16.34969,8.651938
7512,-0.953583,-0.2759347,-0.1158093,-0.03358021,31.23005,16.25836,8.605973
7514,-0.9536714,-0.2752398,-0.1166824,-0.03375471,31.13788,16.36312,8.642111
7516,-0.9534414,-0.2754689,-0.1177902,-0.03452144,31.14157,16.53804,8.785372
7518,-0.9530315,-0.2768708,-0.1181338,-0.03344033,31.321,16.57433,8.695764
7520,-0.9532433,-0.2761343,-0.118385,-0.03259484,31.24701,16.56184,8.578197
7527,-0.9530803,-0.2768411,-0.1184419,-0.03112159,31.35448,16.53232,8.410324
7534,-0.9519385,-0.2777164,-0.1231656,-0.03894933,31.27481,17.43791,9.602028
7541,-0.9513911,-0.2793463,-0.1160657,-0.05787629,31.2049,17.21807,11.8042
7546,-0.9524026,-0.2788895,-0.1062639,-0.06211308,31.20016,16.08974,11.98255
7550,-0.9516954,-0.2792892,-0.1079195,-0.06802053,31.12555,16.51956,12.80669
7555,-0.9512789,-0.2782927,-0.1097279,-0.07470874,30.86871,16.95739,13.69462
7558,-0.9511656,-0.2790942,-0.1040815,-0.08097849,30.93551,16.47113,14.31947
7563,-0.9518065,-0.2771117,-0.1035027,-0.0809983,30.71356,16.3432,14.245
7566,-0.9516802,-0.2778315,-0.1046461,-0.07850953,30.82263,16.42373,13.98815
7570,-0.9516551,-0.278249,-0.1038538,-0.07838861,30.8847,16.32923,13.95696
7575,-0.9515121,-0.278369,-0.1054478,-0.0775651,30.88955,16.50856,13.91109
7581,-0.950398,-0.2790195,-0.1101324,-0.08223478,30.81353,17.28828,14.68845
7587,-0.951919,-0.2790417,-0.1122106,-0.05826756,31.20982,16.72633,11.70792
7593,-0.9533147,-0.2750242,-0.1126309,-0.05354771,30.81761,16.5199,11.01229
7598,-0.9535038,-0.2742292,-0.1177602,-0.04197079,30.86868,16.76511,9.700207
7610,-0.9523486,-0.2754241,-0.121483,-0.04915013,30.84102,17.51949,10.77625
7618,-0.9506344,-0.2778538,-0.1193901,-0.06955267,30.77493,18.0099,13.36369
7625,-0.9499449,-0.2773543,-0.1169882,-0.08362573,30.48922,18.16541,15.05117
7632,-0.9494511,-0.2782393,-0.1135559,-0.09072322,30.51374,17.99277,15.86183
7639,-0.9494929,-0.2764843,-0.1127587,-0.09646442,30.2176,18.03075,16.50782
7645,-0.9504296,-0.2772681,-0.1135296,-0.08317078,30.54154,17.7051,14.87203
7650,-0.9511927,-0.2750666,-0.1143409,-0.08060435,30.32139,17.6596,14.50778
7656,-0.9520103,-0.2746588,-0.1152283,-0.07043789,30.44581,17.41978,13.23746
7662,-0.9515893,-0.274828,-0.1164869,-0.07333834,30.39515,17.6833,13.65333
7669,-0.9532446,-0.2724572,-0.1133291,-0.06518091,30.30897,16.94236,12.44327
7675,-0.9538684,-0.2711891,-0.113628,-0.06066689,30.2365,16.79767,11.84679
7681,-0.9545901,-0.2712465,-0.1069109,-0.06126317,30.31536,15.95859,11.6934
7689,-0.9554244,-0.2681415,-0.1084408,-0.05920386,29.96941,16.01248,11.40375
7694,-0.9573518,-0.2590139,-0.1132993,-0.0596052,28.84411,16.43401,11.37887
7699,-0.9577135,-0.2582803,-0.1132621,-0.05699026,28.80351,16.33014,11.03103
7702,-0.9587181,-0.2554229,-0.1115073,-0.05643695,28.50078,16.02752,10.83349
7705,-0.9607865,-0.2476317,-0.1091653,-0.06042466,27.55822,15.68635,11.06689
7709,-0.9610121,-0.2426623,-0.1147034,-0.0664377,26.81824,16.44907,11.85656
7713,-0.9633515,-0.2355475,-0.1159839,-0.0549477,26.17305,16.13134,10.30249
7716,-0.9644383,-0.2306258,-0.1180761,-0.05223862,25.62711,16.22006,9.91345
7720,-0.9647292,-0.2277515,-0.1209073,-0.05299295,25.25341,16.53648,10.01729
7722,-0.9665849,-0.2195251,-0.1323701,0.0008418784,25.12549,16.39326,3.577193
7725,-0.9674632,-0.2161368,-0.1314611,0.004234724,24.7918,16.15127,3.070832
7729,-0.970116,-0.2068928,-0.1267684,-0.0003190339,23.66192,15.58574,3.321889
7731,-0.9706335,-0.2029569,-0.1291369,0.001680762,23.23028,15.78712,3.066354
7733,-0.9719104,-0.1993035,-0.1251585,-0.001911566,22.76372,15.34691,3.332646
7735,-0.9724801,-0.195674,-0.126444,0.002514206,22.40889,15.3641,2.764794
7738,-0.9749663,-0.1838353,-0.1250596,0.002403736,21.04295,15.08995,2.535832
7740,-0.9763074,-0.1768045,-0.1247063,0.003532581,20.2497,14.96409,2.272383
7742,-0.9763308,-0.1749525,-0.1271385,0.002432071,20.01349,15.26644,2.423834
7744,-0.9772655,-0.1693822,-0.127523,0.0001667142,19.33587,15.31272,2.604263
7746,-0.9789759,-0.1594079,-0.1272599,0.0007044971,18.19742,15.19174,2.364492
7748,-0.9800642,-0.1526667,-0.1271494,0.0003855377,17.41824,15.13435,2.28652
7750,-0.9805511,-0.149856,-0.1267251,-0.001911454,17.06152,15.10335,2.501792
7752,-0.9808214,-0.1467741,-0.1282279,-0.00212279,16.7008,15.26391,2.501542
7754,-0.9813604,-0.1426926,-0.128699,-0.002719529,16.22235,15.30058,2.510977
7756,-0.9818133,-0.1376724,-0.1306374,-0.004791699,15.60984,15.52845,2.700622
7758,-0.9826114,-0.1315715,-0.1309409,-0.004281722,14.91857,15.5138,2.542829
7760,-0.9829675,-0.1272334,-0.1322936,-0.009223673,14.34099,15.71595,3.064693
7762,-0.9840542,-0.1211183,-0.1297499,-0.01152768,13.61417,15.40363,3.192017
7764,-0.9850593,-0.1116994,-0.1300424,-0.01645038,12.46144,15.43493,3.608774
7766,-0.9851671,-0.1098915,-0.1311385,-0.01313376,12.30281,15.51047,3.209418
7768,-0.9852983,-0.1083972,-0.1314818,-0.01224431,12.14505,15.5301,3.086189
7770,-0.985721,-0.1048154,-0.1309913,-0.01446199,11.7036,15.47516,3.276762
7772,-0.9860996,-0.09667563,-0.134453,-0.01355969,10.77877,15.81901,3.077477
7774,-0.9863498,-0.09475464,-0.134008,-0.01332559,10.56501,15.75266,3.013681
7776,-0.9865658,-0.09005979,-0.1357052,-0.01270057,10.03518,15.91718,2.881598
7778,-0.9864399,-0.09078974,-0.1362161,-0.01179133,10.13132,15.97212,2.794688
7780,-0.9866552,-0.08677921,-0.1375589,-0.007655613,9.737594,16.06707,2.26671
7782,-0.9869922,-0.08808628,-0.1343305,-0.006539166,9.911342,15.68529,2.127748
7784,-0.9874032,-0.08753824,-0.1317002,-0.005229529,9.87467,15.36236,1.94195
7786,-0.9875445,-0.08606967,-0.1316439,-0.004216928,9.722998,15.33927,1.801764
7786,-0.9885339,-0.07872347,-0.1287368,-0.005506407,8.871785,14.97994,1.807008
7788,-0.9885081,-0.07930055,-0.1285973,-0.005101144,8.943852,14.96253,1.768193
7790,-0.9889114,-0.07394286,-0.1286608,-0.005762357,8.323561,14.9537,1.762003
7792,-0.9890934,-0.06920869,-0.1298228,-0.007119955,7.762033,15.08093,1.853884
7794,-0.9897156,-0.06521277,-0.1273204,-0.0004453622,7.410119,14.72636,1.010444
7796,-0.9887735,-0.05564723,-0.1386674,-0.001426497,6.295104,16.02427,1.052274
7798,-0.9889022,-0.04883234,-0.1402615,-0.003838144,5.480335,16.20412,1.225504
7800,-0.989521,-0.03875921,-0.1383752,0.01408412,4.623279,15.88151,359.0143
7802,-0.9894451,-0.03301822,-0.141096,0.0005457494,3.755185,16.24696,0.4729947
7804,-0.9896396,-0.02475506,-0.1412412,0.007191255,2.924992,16.23418,359.5846
7806,-0.9897677,-0.01782742,-0.1414675,0.00540945,2.110138,16.26241,359.6752
7808,-0.9900954,-0.01537399,-0.1390627,0.01168877,1.93091,15.97199,358.9182
7810,-0.990132,-0.01206873,-0.1393726,0.008265605,1.501508,16.01504,359.2546
7812,-0.9903183,-0.008285884,-0.1383302,0.008109549,1.06891,15.89618,359.2109
7814,-0.9903641,-0.006709332,-0.13809,0.008081537,0.8893418,15.86927,359.1889
7816,-0.9904034,-0.002111183,-0.1381578,0.003069989,0.2882065,15.88184,359.685
7818,-0.9904531,0.001935976,-0.1378093,0.002801906,359.8245,15.84282,359.6514
7820,-0.9905469,0.002088053,-0.1371362,0.00248558,359.8021,15.76495,359.6851
7823,-0.9904422,0.01175015,-0.1374274,4.400499E-06,358.6664,15.80128,359.8144
7825,-0.9902957,0.01337037,-0.1383255,-0.00141288,358.4601,15.90406,359.9484
7827,-0.990028,0.01727967,-0.1397331,-0.004553184,357.9663,16.06313,0.2400193
7829,-0.9900019,0.02419835,-0.1388758,-0.004937927,357.1751,15.96618,0.1753082
7831,-0.9899411,0.02522025,-0.1389722,-0.008211803,357.0069,15.96855,0.5306357
7833,-0.9895422,0.03194591,-0.1403447,-0.009438532,356.223,16.12621,0.5577212
7835,-0.9896228,0.03523278,-0.1388857,-0.01078033,355.8293,15.9535,0.6635537
7837,-0.9890147,0.04269576,-0.1410563,-0.01141428,354.9702,16.2073,0.6058274
7839,-0.9881837,0.05783299,-0.141388,-0.0125653,353.2318,16.25614,0.4892765
7841,-0.9876624,0.0665251,-0.1415264,-0.008245353,352.3141,16.31917,359.853
7843,-0.9874283,0.0719593,-0.1405988,-0.006273724,351.728,16.24046,359.5458
7845,-0.985943,0.08722633,-0.142407,-0.005326848,350.0076,16.51056,359.1657
7847,-0.985126,0.094519,-0.1435014,0.0005106479,349.2759,16.72976,358.3592
7849,-0.9843662,0.1056158,-0.1394138,0.02079389,348.3384,16.5432,355.8786
7851,-0.9841293,0.1112525,-0.1367888,0.02003148,347.6729,16.26927,355.8992
7853,-0.9836984,0.1164074,-0.1337577,0.0299339,347.2315,16.07961,354.7032
7855,-0.9806641,0.1297682,-0.1333629,0.06060351,346.2106,16.59032,350.9074
7857,-0.979049,0.1346186,-0.1345431,0.07238124,345.8702,16.96357,349.426
7859,-0.9775616,0.1438081,-0.1319126,0.07931902,344.9159,16.90204,348.4685
7861,-0.973096,0.1566896,-0.1302769,0.1075211,343.9228,17.39334,344.9144
7863,-0.9688979,0.1632531,-0.1287474,0.1342001,343.6326,17.79978,341.6483
7864,-0.9616323,0.1733204,-0.1205297,0.175203,343.0758,17.80548,336.6786
7865,-0.962393,0.178813,-0.1160325,0.1684108,342.2361,17.32327,337.421
7865,-0.9623622,0.1815079,-0.1199178,0.1628916,341.9236,17.75783,337.9391
7866,-0.9584779,0.1862407,-0.1189626,0.1802293,341.6915,18.11451,335.7583
7867,-0.9553283,0.1947172,-0.1217829,0.1860164,340.9296,18.83506,334.7713
7868,-0.9513346,0.1955936,-0.1171366,0.2073275,341.1205,18.73911,332.2683
7869,-0.9468033,0.2022759,-0.113011,0.2233306,340.5762,18.82718,330.2048
7870,-0.9403131,0.2116742,-0.1091301,0.2430969,339.8169,19.16607,327.5674
7871,-0.9373099,0.2140799,-0.1103225,0.2518909,339.773,19.59338,326.3875
7872,-0.9253918,0.2201876,-0.09972352,0.2919295,339.5558,19.52231,321.4289
7873,-0.9160863,0.2250823,-0.1015761,0.3159215,339.6222,20.50204,318.2221
7874,-0.9160442,0.227177,-0.0977402,0.3157537,339.2381,20.17764,318.2289
7875,-0.9128088,0.234173,-0.09867758,0.3196969,338.6283,20.74655,317.4395
7875,-0.9062116,0.2360856,-0.09057719,0.3388805,338.5002,20.39052,315.0821
7876,-0.8908443,0.2403715,-0.08118662,0.3768645,338.4647,20.50422,310.1992
7877,-0.8806698,0.2420538,-0.07800117,0.3996831,338.6547,20.80844,307.2155
7878,-0.8762994,0.2425231,-0.07427317,0.409592,338.6415,20.67658,305.9557
7879,-0.8707457,0.2438458,-0.06980413,0.4212703,338.5406,20.57122,304.4253
7880,-0.862635,0.2453942,-0.06950194,0.4368203,338.7369,21.02134,302.2973
7881,-0.8479044,0.243453,-0.05447608,0.4677835,338.7841,20.0856,298.4301
7882,-0.8452279,0.2428166,-0.05191419,0.4732176,338.8177,19.91222,297.7538
7883,-0.8382151,0.2431069,-0.05038738,0.4855469,338.9845,20.08365,296.0734
7884,-0.8258713,0.2420556,-0.04520154,0.5072501,339.2705,20.02271,293.1849
7885,-0.8173112,0.2432074,-0.04058391,0.5207741,339.1893,19.99642,291.2827
7886,-0.8079921,0.2416181,-0.03609768,0.5361592,339.4061,19.82168,289.2296
7887,-0.805734,0.2424096,-0.03500241,0.5392637,339.3362,19.85889,288.7567
7887,-0.8056277,0.2420484,-0.03679955,0.539465,339.4945,20.00635,288.7311
7888,-0.8000977,0.2375232,-0.03315148,0.5498433,339.902,19.54983,287.5074
7889,-0.793902,0.2393829,-0.03346419,0.5579389,339.9554,19.93211,286.245
7890,-0.7915171,0.2370389,-0.03291178,0.5623435,340.2312,19.79486,285.7324
7891,-0.7870851,0.2372869,-0.02795991,0.5686916,340.0178,19.5122,284.8317
7892,-0.7830895,0.2367337,-0.02728075,0.5744423,340.1582,19.54629,284.0243
7893,-0.7744473,0.2345358,-0.02511501,0.5870211,340.5013,19.47373,282.2991
7894,-0.7731255,0.234587,-0.02272689,0.5888375,340.3687,19.30681,282.0406
7895,-0.769898,0.2347576,-0.02107581,0.5930445,340.3374,19.27768,281.415
7896,-0.7662896,0.2348196,-0.01704261,0.597804,340.1534,19.04125,280.7212
7897,-0.7694441,0.2373193,-0.02259925,0.5925578,340.2191,19.62397,281.3451
7898,-0.7702966,0.2408917,-0.02593407,0.5898661,340.0914,20.16619,281.5377
7898,-0.7625882,0.2393887,-0.02175203,0.6005658,340.1851,19.93151,280.0409
7899,-0.7617056,0.2391784,-0.02197182,0.6017606,340.2496,19.96295,279.8716
7900,-0.754784,0.2389419,-0.02177221,0.6105194,340.4813,20.14619,278.5634
7901,-0.7542881,0.2401492,-0.02149165,0.6106686,340.3645,20.2328,278.476
7902,-0.7528224,0.2401129,-0.0205113,0.6125224,340.3425,20.19076,278.2005
7903,-0.7623951,0.2391111,-0.02103481,0.600947,340.165,19.85296,280.0019
7904,-0.7657459,0.2379145,-0.02462098,0.5970124,340.4295,19.969,280.6384
7905,-0.7549034,0.2383434,-0.02102369,0.6106321,340.4775,20.03005,278.5818
7906,-0.7537416,0.2334839,-0.01796976,0.6140327,340.737,19.41658,278.3383
7907,-0.7542509,0.2332343,-0.01536685,0.6135727,340.5504,19.15454,278.4316
7908,-0.7516607,0.226405,-0.009648234,0.6193982,340.8279,18.1976,277.9216
7909,-0.7510897,0.2259021,-0.006611079,0.6203135,340.6618,17.9112,277.8184
7910,-0.7499385,0.2256433,-0.005417019,0.6218103,340.628,17.8224,277.6064
7911,-0.7517089,0.2242786,-0.006467968,0.6201543,340.7821,17.75149,277.9264
7912,-0.7495552,0.2218199,-0.003104687,0.6236613,340.8125,17.3305,277.5251
7913,-0.749999,0.2202072,-0.0005713403,0.6237067,340.7556,16.96903,277.608
7914,-0.7506162,0.2177879,-0.001659095,0.6238118,341.0417,16.85409,277.7083
7915,-0.7492253,0.2185333,0.001560509,0.625222,340.7669,16.67487,277.4658
7916,-0.7487741,0.2187756,0.00118798,0.6256784,340.785,16.74026,277.3821
7917,-0.7494836,0.2181744,0.00190258,0.6250366,340.7668,16.60882,277.5133
7918,-0.7482367,0.2193933,0.002123415,0.6261022,340.672,16.72427,277.2891
7919,-0.7486016,0.2198237,0.001520157,0.6255166,340.6692,16.7996,277.3558
7920,-0.7448751,0.2198039,-0.002067327,0.629955,341.0436,17.2217,276.6599
7921,-0.7379652,0.2198228,-1.493096E-05,0.6380326,341.0693,17.25177,275.4102
7922,-0.7337987,0.2204952,0.00427556,0.6425754,340.7863,17.06403,274.6746
7923,-0.7333721,0.2191405,0.005784482,0.6435136,340.7999,16.83807,274.5999
7924,-0.7296177,0.2206433,0.007093102,0.6472437,340.6613,16.96153,273.9369
7925,-0.7234761,0.222849,0.004674375,0.653375,340.8186,17.52753,272.845
7926,-0.72225,0.2220678,0.00648731,0.65498,340.7752,17.34688,272.6329
7927,-0.7196586,0.2217485,0.005238086,0.6579452,340.9702,17.49907,272.1746
7928,-0.7146051,0.223081,0.006565511,0.6629716,340.8808,17.64571,271.2982
7929,-0.710388,0.2220603,0.007602274,0.6678177,340.9949,17.59382,270.5707
7930,-0.7102941,0.2220752,0.007529855,0.6679133,341.002,17.60365,270.5544
7931,-0.7120364,0.2231779,0.006403834,0.6656988,340.9528,17.7402,270.8531
7932,-0.7106227,0.2240488,0.003232956,0.6669389,341.1713,18.11321,270.6047
7933,-0.7116992,0.2245501,0.003851354,0.6656177,341.0495,18.0751,270.7913
7934,-0.7003997,0.2227743,0.005504161,0.6780722,341.3657,18.10088,268.8619
7935,-0.6985447,0.2234089,0.003873974,0.6797859,341.4949,18.33631,268.5473
7935,-0.700588,0.2253039,0.004167914,0.6770504,341.2564,18.42138,268.8916
7935,-0.7007821,0.2261924,0.003096312,0.676559,341.2637,18.57884,268.9236
7935,-0.6994948,0.2257956,0.002279133,0.6780254,341.399,18.64491,268.7059
7935,-0.6989937,0.225902,0.002098322,0.6785071,341.4184,18.68208,268.6212
7936,-0.698318,0.2247321,0.002971679,0.6795872,341.4636,18.52908,268.508
7937,-0.6963309,0.2254031,0.002983242,0.6814015,341.4594,18.63956,268.1729
7938,-0.6837509,0.2228438,0.007365793,0.6948175,341.6407,18.40103,266.0814
7939,-0.6796622,0.2240323,0.005801111,0.6984521,341.7818,18.73339,265.4077
7940,-0.6753017,0.2249318,0.006348193,0.7023768,341.7773,18.88263,264.6929
7941,-0.6845248,0.2178289,0.008485347,0.6956322,341.9393,17.85112,266.2182
7942,-0.7048594,0.2187399,-0.000185132,0.6747787,342.0545,18.09371,269.6178
7943,-0.6994187,0.2136846,0.00571537,0.6819968,342.1392,17.32692,268.7019
7944,-0.701538,0.2134197,0.003910065,0.6799127,342.2562,17.39447,269.058
7945,-0.6908339,0.2099049,0.01051596,0.6917934,342.2678,16.83721,267.2755
7946,-0.6909978,0.2077017,0.01278403,0.6922564,342.2573,16.46185,267.3089
7947,-0.6904873,0.205888,0.0183548,0.6931816,341.9545,15.87523,267.2402
7948,-0.6828693,0.2025067,0.01882753,0.7016597,342.3626,15.73671,265.9884
7949,-0.6898664,0.2020496,0.01580581,0.6949896,342.4977,15.76016,267.135
7950,-0.6936224,0.2025453,0.01517251,0.6911101,342.4251,15.75898,267.7567
7951,-0.6924636,0.202881,0.01152924,0.6922432,342.7263,16.10699,267.5558
7951,-0.6757924,0.2011952,0.02159664,0.7087729,342.3894,15.58108,264.8427
7952,-0.6771826,0.2002619,0.0202052,0.7077506,342.5527,15.57244,265.0672
7953,-0.6729145,0.2012431,0.02052218,0.7115239,342.5398,15.73909,264.3733
7954,-0.6693518,0.2010505,0.02166733,0.7148968,342.5348,15.72053,263.8014
7955,-0.6680909,0.1999427,0.02088267,0.7164088,342.7177,15.71214,263.5999
7956,-0.6675559,0.1995983,0.02101329,0.7169995,342.7454,15.68419,263.5153
7957,-0.6676691,0.1982347,0.01992202,0.7173035,342.9449,15.6431,263.5352
7958,-0.6666057,0.1977293,0.0199419,0.7184305,343.0062,15.62146,263.3662
7959,-0.6631649,0.1966687,0.02114448,0.7218634,343.0598,15.51545,262.822
7960,-0.6553696,0.1980118,0.02148113,0.7285745,343.0916,15.7917,261.5824
7961,-0.6536469,0.1984811,0.02224872,0.72997,343.025,15.81664,261.3102
7962,-0.6535386,0.1987641,0.02045205,0.7300425,343.1623,15.97879,261.2902
7963,-0.6545142,0.1987502,0.01861203,0.729221,343.3028,16.09252,261.4424
7964,-0.6527103,0.2013257,0.01387301,0.7302363,343.5562,16.71956,261.1501
7965,-0.6510408,0.2028962,0.01572612,0.7312537,343.3104,16.76278,260.8817
7966,-0.6321059,0.2025592,0.01506332,0.7477869,343.823,17.19372,257.9542
7967,-0.6315727,0.2022457,0.01404434,0.7483418,343.9494,17.2485,257.8762
7968,-0.6312752,0.2016439,0.01008809,0.7488189,344.3539,17.48061,257.8435
7969,-0.6393614,0.2022375,0.007504016,0.7417957,344.3513,17.55507,259.0858
7970,-0.6394815,0.2015536,0.005156249,0.7418983,344.6075,17.65899,259.1144
7971,-0.6420478,0.2021288,0.003191978,0.7395326,344.6762,17.80223,259.5138
7972,-0.6430686,0.1999836,-0.0002856553,0.7392359,345.1207,17.83689,259.6928
7973,-0.6409887,0.196262,0.001356542,0.7420331,345.3084,17.41633,259.3803
7974,-0.6404319,0.1966726,0.0009666979,0.7424057,345.3244,17.49304,259.295
7975,-0.6412473,0.1957212,0.0003311336,0.7419536,345.4335,17.43591,259.4262
7976,-0.6515415,0.1912479,-0.0009688437,0.7341096,345.6533,16.92596,261.0341
7977,-0.6550357,0.1900216,0.0004262924,0.7313138,345.5482,16.64469,261.5764
7978,-0.6550729,0.1889486,0.002527028,0.7315542,345.4486,16.39116,261.5791
7979,-0.662828,0.1812264,0.002677381,0.7265047,345.8693,15.53815,262.8141
7980,-0.6690631,0.1817869,0.001305401,0.7206292,345.8102,15.5718,263.7999
7981,-0.6741196,0.1804057,0.002083778,0.7162489,345.7464,15.29212,264.6056
7982,-0.6768978,0.1767278,0.003127098,0.7145398,345.8937,14.83555,265.0551
7983,-0.6644748,0.177636,0.005739212,0.7258691,345.8535,14.95618,263.077
7984,-0.6620893,0.1747304,0.00924322,0.7287124,345.8273,14.47911,262.7055
7985,-0.6581295,0.174661,0.01164943,0.7322729,345.7023,14.36817,262.0837
7986,-0.6537356,0.1735237,0.01127729,0.7364728,345.9075,14.3781,261.4018
7987,-0.6531434,0.1733708,0.01226991,0.7370183,345.8443,14.30171,261.3096
7988,-0.6532048,0.171523,0.01157007,0.7374074,346.046,14.18667,261.325
7989,-0.6544657,0.1723821,0.01163417,0.736087,345.9503,14.23527,261.5184
7990,-0.6543932,0.1719861,0.01077554,0.736257,346.0568,14.26515,261.5088
7991,-0.6528139,0.1712815,0.009754211,0.7378358,346.2301,14.30729,261.2663
7992,-0.6510715,0.1725049,0.009155989,0.739097,346.222,14.49377,260.9933
7993,-0.6427094,0.1708188,0.01621318,0.7466478,345.89,13.97682,259.705
7994,-0.6396819,0.1696883,0.01262015,0.7495691,346.3487,14.19166,259.2475
7995,-0.6388374,0.1691023,0.01103112,0.7504463,346.549,14.26879,259.1227
7996,-0.6380296,0.1685523,0.01017374,0.751269,346.6812,14.29504,259.0028
7997,-0.6358067,0.1702194,0.008903414,0.7527922,346.7113,14.57797,258.6615
7998,-0.6352978,0.1703613,0.008078575,0.7531989,346.7836,14.65926,258.5855
7999,-0.6356751,0.1706559,0.00468424,0.7528426,347.055,14.92439,258.6506
8000,-0.6356822,0.1683792,0.002652913,0.753359,347.4044,14.86249,258.6658
8001,-0.6513151,0.1693954,0.0005820692,0.7396579,347.2016,14.84447,261.0578
8002,-0.6472788,0.1692432,0.002045035,0.7432246,347.1655,14.79151,260.4328
8003,-0.6640223,0.1691496,-0.003432572,0.7283207,347.3122,14.90577,263.0455
8004,-0.6624753,0.1690072,-0.006025255,0.7297443,347.5767,15.11474,262.8129
8005,-0.6564202,0.1696878,-0.004904956,0.7350472,347.5515,15.19218,261.8651
8006,-0.6571835,0.1684947,-0.008967608,0.7346014,347.9779,15.37616,262.0036
8007,-0.6572738,0.1692948,-0.01197013,0.7342937,348.1724,15.66985,262.0309
8008,-0.6577792,0.1683055,-0.01251876,0.7340594,348.2854,15.61477,262.1143
8009,-0.6696627,0.169922,-0.01908296,0.7227132,348.4632,16.06689,264.0024
8010,-0.6717389,0.1680269,-0.01996177,0.7212042,348.6415,15.93574,264.3375
8011,-0.6716982,0.1657786,-0.02402723,0.7216383,349.1623,16.04986,264.3621
8012,-0.6702679,0.1655572,-0.02390277,0.7230219,349.2006,16.04186,264.1371
8013,-0.6940263,0.1670137,-0.0319657,0.69958,349.2165,16.44216,267.9808
8014,-0.6942719,0.1656362,-0.03183493,0.6996697,349.3129,16.31136,268.0203
8015,-0.7026206,0.1628446,-0.03601065,0.6917437,349.6876,16.28569,269.4144
8016,-0.7104605,0.1634326,-0.03767884,0.6834589,349.5883,16.35416,270.7193
8017,-0.7143812,0.1579566,-0.03662181,0.6807116,349.8734,15.75954,271.3599
8018,-0.747708,0.159815,-0.04611051,0.6428577,349.6474,16.19889,277.1468
8019,-0.7461876,0.1613291,-0.04764378,0.644133,349.666,16.47138,276.8967
8020,-0.7505177,0.1595644,-0.05214593,0.6391738,350.0464,16.65242,277.7013
8021,-0.7460166,0.1581589,-0.04927102,0.6449941,350.0715,16.36509,276.8765
8022,-0.7552698,0.1583631,-0.04972434,0.6340476,349.8539,16.27892,278.5183
8023,-0.7546529,0.1607548,-0.0492554,0.6342168,349.6215,16.43195,278.4095
8024,-0.7560765,0.1622218,-0.04945138,0.6321292,349.468,16.53876,278.6694
8025,-0.8066725,0.154916,-0.06340882,0.5667982,349.7436,16.40501,288.3311
8026,-0.7927081,0.1573977,-0.05926839,0.5859413,349.6253,16.44197,285.5561
8027,-0.790732,0.160059,-0.05559987,0.5882456,349.1805,16.33402,285.1497
8028,-0.7959087,0.1560991,-0.05709311,0.5821538,349.5133,16.09675,286.1472
8029,-0.8353063,0.1496565,-0.07086107,0.5242565,349.8795,16.23929,294.3258
8030,-0.831548,0.1488598,-0.06583598,0.5310693,349.7676,15.77891,293.4496
8031,-0.831436,0.1484426,-0.06534994,0.5314211,349.7826,15.70789,293.4167
8032,-0.8568796,0.1444119,-0.07073703,0.4897948,349.7354,15.48364,299.096
8033,-0.8590842,0.1404252,-0.0670808,0.4876017,349.8715,14.84421,299.5201
8034,-0.8653375,0.1393528,-0.06933308,0.4764082,349.9148,14.87657,301.0103
8035,-0.866307,0.1428782,-0.0722611,0.4731559,349.6785,15.3486,301.3209
8036,-0.8627273,0.143034,-0.06662732,0.4804204,349.4683,14.87553,300.3977
8037,-0.86275,0.1416821,-0.06515706,0.4809817,349.5257,14.65133,300.3705
8038,-0.8619491,0.1415389,-0.06359228,0.4826663,349.4781,14.50534,300.1621
8039,-0.8607709,0.1436825,-0.06277585,0.4842396,349.248,14.57474,299.8999
8040,-0.8597502,0.1450147,-0.06011671,0.4859905,348.9935,14.41246,299.6478
8041,-0.8595493,0.1470355,-0.05940586,0.4858257,348.7525,14.46504,299.617
8042,-0.8593098,0.1462151,-0.05936247,0.4865017,348.8412,14.41815,299.551
8043,-0.8590529,0.1503537,-0.06438673,0.4850531,348.7049,15.16194,299.5906
8044,-0.8368687,0.1578042,-0.06477961,0.5201465,348.654,16.14206,294.6608
8044,-0.8356462,0.1577637,-0.05814144,0.5229013,348.2955,15.52911,294.3265
8045,-0.8371342,0.1561575,-0.05688849,0.521138,348.3369,15.27458,294.6241
8046,-0.8251572,0.1554842,-0.05003268,0.5407745,348.3177,14.83505,291.9955
8046,-0.824605,0.1588667,-0.05767033,0.5398723,348.4785,15.79101,291.971
8047,-0.8164368,0.164086,-0.05127677,0.5512509,347.7957,15.70906,290.2563
8048,-0.8103139,0.1649632,-0.05027071,0.5600459,347.8169,15.80585,289.0022
8049,-0.7790223,0.1693721,-0.04428861,0.6020598,347.8448,16.21291,282.8657
8052,-0.7680585,0.1748109,-0.03751823,0.6149145,347.1506,16.23766,280.7972
8053,-0.7517521,0.1812643,-0.03600249,0.6330213,346.8824,16.93084,277.8404
8054,-0.7421072,0.1783285,-0.03223312,0.6453193,347.1102,16.5699,276.0963
8055,-0.7351079,0.1844798,-0.03136781,0.6516133,346.6826,17.12484,274.8773
8056,-0.7280611,0.1833038,-0.03317732,0.6597167,347.1066,17.31787,273.6671
8057,-0.7227522,0.1859313,-0.03444141,0.664735,347.1161,17.73681,272.7702
8058,-0.7173243,0.187863,-0.03277662,0.6701337,346.9626,17.86142,271.8386
8059,-0.6895741,0.1869552,-0.02763769,0.6991221,347.3383,17.87799,267.2126
8059,-0.7012385,0.1844198,-0.02880421,0.6880583,347.3493,17.54771,269.1268
8060,-0.7004805,0.1867705,-0.02965605,0.6881603,347.2415,17.82811,269.0074
8061,-0.699133,0.186667,-0.02938375,0.6895688,347.2624,17.82182,268.784
8062,-0.6918228,0.1886342,-0.03161183,0.6962752,347.4682,18.29446,267.6067
8063,-0.6887976,0.1876858,-0.03221622,0.6994956,347.6733,18.31223,267.1227
8064,-0.6883196,0.1872362,-0.03621683,0.6998909,348.0498,18.59385,267.0817
8065,-0.687531,0.1865576,-0.03562146,0.700877,348.0771,18.50187,266.9497
8066,-0.6887169,0.1845652,-0.03648707,0.7001954,348.2799,18.37864,267.1505
8067,-0.6851549,0.1824054,-0.03826094,0.70415,348.6928,18.38698,266.5975
8068,-0.6837385,0.1826543,-0.03580227,0.7055901,348.5068,18.23969,266.3468
8069,-0.6850281,0.1819192,-0.0419285,0.7041903,349.0362,18.63192,266.6156
8070,-0.6856564,0.1803941,-0.04277587,0.7039201,349.2132,18.55703,266.7266
8071,-0.6893347,0.1759975,-0.04344809,0.7013952,349.5316,18.17865,267.327
8072,-0.6913334,0.1733808,-0.04230511,0.7001483,349.6018,17.83693,267.6379
8073,-0.6924021,0.1727828,-0.04183203,0.699268,349.5856,17.7335,267.8056
8074,-0.684406,0.1708049,-0.04014081,0.7076743,349.8057,17.54487,266.5076
8075,-0.6830655,0.1644826,-0.03777811,0.7105913,350.1531,16.83619,266.2763
8076,-0.6912143,0.1657743,-0.03903744,0.7022947,349.9598,16.93412,267.5905
8077,-0.6929277,0.1660226,-0.0441173,0.7002438,350.3112,17.33163,267.9181
8078,-0.69201,0.1633632,-0.04145789,0.7019373,350.3345,16.90878,267.7439
8079,-0.7006673,0.1611553,-0.04353347,0.6936853,350.4775,16.77196,269.1668
8080,-0.7043069,0.1655176,-0.04897094,0.6885912,350.4616,17.52318,269.8195
8081,-0.703984,0.1621273,-0.04907033,0.68972,350.7594,17.25249,269.7679
8082,-0.7166305,0.1611745,-0.05270565,0.6765249,350.811,17.3036,271.8968
8083,-0.7193649,0.1615318,-0.05377927,0.6734461,350.7951,17.38478,272.3663
8084,-0.7283912,0.1595263,-0.05839333,0.6637679,351.0904,17.48576,273.9426
8085,-0.7445251,0.1582243,-0.06293339,0.6455131,351.1206,17.55355,276.775
8086,-0.7463714,0.157466,-0.06276849,0.6435795,351.1259,17.4559,277.0941
8087,-0.772271,0.1571997,-0.07062691,0.6114717,351.0003,17.76349,281.8476
8088,-0.7683868,0.1561505,-0.06896204,0.6168007,351.0892,17.59306,281.1089
8089,-0.7634044,0.1582032,-0.06907836,0.6224258,351.0511,17.82648,280.211
8090,-0.7884937,0.1558958,-0.0781748,0.5897993,351.1626,18.1114,284.9952
8091,-0.7964118,0.1553209,-0.07930437,0.5790637,351.0511,18.05756,286.5341
8092,-0.8001428,0.1573908,-0.08130279,0.5730529,350.8692,18.32937,287.3043
8093,-0.8049909,0.1591499,-0.08172306,0.5656699,350.5741,18.41457,288.277
8094,-0.807156,0.1557175,-0.08385277,0.563223,350.9718,18.34091,288.7259
8095,-0.8061647,0.1556824,-0.08302793,0.5647723,350.954,18.27748,288.5142
8096,-0.8183715,0.1542237,-0.08508107,0.5470324,350.8314,18.17814,291.0095
8097,-0.8197547,0.1543159,-0.08347622,0.5451794,350.678,18.01122,291.2675
8098,-0.8217918,0.1518307,-0.08065486,0.5432318,350.6818,17.54772,291.6266
8099,-0.8225685,0.1574481,-0.08263004,0.5401515,350.2263,18.09157,291.8573
8100,-0.8215024,0.1565663,-0.07542074,0.5430769,349.9027,17.37333,291.5178
8101,-0.8230217,0.1587845,-0.08221883,0.5391319,350.0544,18.13302,291.9543
8102,-0.8227021,0.1641849,-0.08082947,0.5382112,349.4471,18.36433,291.9041
8103,-0.8225027,0.167358,-0.08042115,0.5375994,349.1151,18.53941,291.8798
8104,-0.8221391,0.168049,-0.08120778,0.5378217,349.1074,18.66627,291.8212
8105,-0.8226938,0.1702185,-0.08338144,0.5359555,349.0065,19.00372,291.9888
8106,-0.8227009,0.1712068,-0.08281603,0.5357172,348.8737,19.01567,291.989
8107,-0.8220294,0.1758812,-0.08418003,0.5350209,348.5167,19.46727,291.9073
8108,-0.8214953,0.1753186,-0.08360922,0.5361143,348.5567,19.38714,291.7814
8109,-0.8405616,0.1740835,-0.09188375,0.5046865,348.4683,19.69332,296.0293
8110,-0.8400531,0.175428,-0.08988529,0.5054272,348.2363,19.59646,295.8941
8111,-0.8391222,0.1770103,-0.09047684,0.5063155,348.1443,19.77364,295.714
8112,-0.8363899,0.1776945,-0.08567876,0.5114059,347.9005,19.41786,295.0354
8113,-0.8341208,0.1778522,-0.08733442,0.514766,348.0659,19.6372,294.5669
8114,-0.8323826,0.180994,-0.08801261,0.5163665,347.8531,19.94238,294.2301
8115,-0.8326963,0.1796361,-0.08532417,0.5167859,347.8204,19.59154,294.2405
8116,-0.8463374,0.1804443,-0.08690929,0.4935585,347.3119,19.47342,297.3152
8117,-0.8589318,0.1738421,-0.0888615,0.4734118,347.6137,18.95407,300.2006
8118,-0.859859,0.1773047,-0.08935988,0.4703408,347.2408,19.18229,300.4781
8119,-0.8615925,0.1776854,-0.08614433,0.4676169,346.9607,18.84124,300.8469
8120,-0.8663523,0.1683863,-0.08208761,0.4629704,347.5402,17.77867,301.8044
8121,-0.8639034,0.173257,-0.08239722,0.4656863,347.1375,18.15273,301.2831
8122,-0.8809049,0.1686258,-0.08654958,0.4336833,347.1725,17.84186,305.5547
